
Importing C:\git\AERO_2019-2020\BSPD-2019-2020\Altium\PDNAnalyzer_Output\UVM AERO BSPD\b\odb.tgz... [Fri Feb  7 00:33:25 2020]
============================================================
Reading ODB++ database ...

file not found: odb/misc/info.Z
Reading file odb/matrix/matrix...
Reading file odb/steps/pcb/profile...
Reading file odb/symbols/rect40x20_90_offset-10x0/features...
Reading file odb/steps/pcb/eda/data...
Origin of ODB++ database:  Altium Designer file - Version 1.0.0.30000
WARNING: Ignoring I(152 time(s))
eda data: 56 packages, 67 nets.
Reading file odb/steps/pcb/layers/top_solder/features...
326 SWHs on layer TOP_SOLDER

Reading file odb/steps/pcb/layers/top_layer/features...
1139 SWHs on layer TOP_LAYER

Reading file odb/steps/pcb/layers/bottom_layer/features...
295 SWHs on layer BOTTOM_LAYER

Reading file odb/steps/pcb/layers/bottom_solder/features...
71 SWHs on layer BOTTOM_SOLDER

Added substrate layer SUBSTRATE-1 below etch layer TOP_LAYER
Reading file odb/steps/pcb/layers/top_solder/attrlist...
Reading file odb/steps/pcb/layers/top_layer/attrlist...
Reading file odb/steps/pcb/layers/bottom_layer/attrlist...
Reading file odb/steps/pcb/layers/bottom_solder/attrlist...
WARNING: material values were set to default due to missing information for the following layers:  'TOP_SOLDER', 'TOP_LAYER', 'BOTTOM_LAYER', 'BOTTOM_SOLDER'
parsing drills TOP_LAYER-BOTTOM_LAYER
Reading file odb/steps/pcb/layers/drill/features...
Reading file odb/steps/pcb/layers/comp_+_top/components...
INFO: 168 duplicate vertices ignored
========================================
INFO: Created CSV file (C:\git\AERO_2019-2020\BSPD-2019-2020\Altium\PDNAnalyzer_Output\UVM AERO BSPD\b\Results\tmp\design.csv) with component properties extracted from ODB++ file.
========================================
========================================
Lumped-element import (C:\git\AERO_2019-2020\BSPD-2019-2020\Altium\PDNAnalyzer_Output\UVM AERO BSPD\b\Results\tmp\design.csv)...
Detected ' ; ' as separator.

Value-string translations:
	3339H-1-103LF ->  3.339 kOhms (R)
	744231261 ->  744.231261 mH (L)
WARNING: unphysical value: 0.744231261 H
WARNING: unable to interpret: CAP_0603_10UF_25V_20%_X5R
WARNING: unable to interpret: CAP_0603_0.1UF_16V_10%_X7R
WARNING: unable to interpret: CAP_0603_1PF_50V_0.05PF_MLO
WARNING: unable to interpret: CAP_0603_1UF_50V_10%_X7R
WARNING: unable to interpret: CAP_0805_4.7UF_35V_10%_X7R
WARNING: unable to interpret: CAP_47uF_10V_1206(3216)
WARNING: unable to interpret: UUD1V331MNL1GS
WARNING: unable to interpret: SRN3015-220M
WARNING: unable to interpret: ACP3225-102-2P-T000
WARNING: unable to interpret: RES_0805_2_1%
WARNING: unable to interpret: RR0816P-301-D
WARNING: unable to interpret: RR0816P-272-D
WARNING: unable to interpret: RT0603DRE072KL
WARNING: unable to interpret: RES_0603_620_1%
WARNING: unable to interpret: RT0805BRE071ML
WARNING: unable to interpret: RES_0603_49.9K_0.1%
WARNING: unable to interpret: ERA6AEB6813V
WARNING: unable to interpret: RES_0603_200_1%
WARNING: unable to interpret: RES_0603_330K_1%
WARNING: unable to interpret: RES_0603_47K_1%
WARNING: unable to interpret: RES_0805_523K_0.1%
WARNING: unable to interpret: RES_0603_62.6K_0.1%
WARNING: unable to interpret: RES_0603_100K_0.1%
WARNING: unable to interpret: RES_0603_10K_1%
WARNING: unable to interpret: RR0816P-183-D
========================================
WARNING: There were some warnings while importing the auto-generated CSV-file 'C:\git\AERO_2019-2020\BSPD-2019-2020\Altium\PDNAnalyzer_Output\UVM AERO BSPD\b\Results\tmp\design.csv'. Please review the auto-generated file under Parts Editor->Load (csv).
========================================
Unifying library padstacks...
Finished reading database.
============================================================
