Removed Parameter ComponentLink1Description: from Part R4
Removed Parameter ComponentLink1Description: from Part R11
Removed Parameter ComponentLink1URL: from Part C10
Removed Parameter ComponentLink1URL: from Part C11
Removed Parameter ComponentLink1URL: from Part C12
Removed Parameter ComponentLink1URL: from Part C13
Removed Parameter ComponentLink1URL: from Part C14
Removed Parameter ComponentLink1URL: from Part R4
Removed Parameter ComponentLink1URL: from Part R11
Removed Parameter ComponentLink2Description: from Part R4
Removed Parameter ComponentLink2Description: from Part R11
Removed Parameter ComponentLink2URL: from Part C10
Removed Parameter ComponentLink2URL: from Part C11
Removed Parameter ComponentLink2URL: from Part C12
Removed Parameter ComponentLink2URL: from Part C13
Removed Parameter ComponentLink2URL: from Part C14
Removed Parameter ComponentLink2URL: from Part R4
Removed Parameter ComponentLink2URL: from Part R11
Removed Parameter ComponentLink3Description: from Part R4
Removed Parameter ComponentLink3Description: from Part R11
Removed Parameter ComponentLink3URL: from Part C10
Removed Parameter ComponentLink3URL: from Part C11
Removed Parameter ComponentLink3URL: from Part C12
Removed Parameter ComponentLink3URL: from Part C13
Removed Parameter ComponentLink3URL: from Part C14
Removed Parameter ComponentLink3URL: from Part R4
Removed Parameter ComponentLink3URL: from Part R11
Removed Parameter ComponentLink4Description: from Part C10
Removed Parameter ComponentLink4Description: from Part C11
Removed Parameter ComponentLink4Description: from Part C12
Removed Parameter ComponentLink4Description: from Part C13
Removed Parameter ComponentLink4Description: from Part C14
Removed Parameter ComponentLink4Description: from Part R4
Removed Parameter ComponentLink4Description: from Part R11
Removed Parameter ComponentLink4URL: from Part C10
Removed Parameter ComponentLink4URL: from Part C11
Removed Parameter ComponentLink4URL: from Part C12
Removed Parameter ComponentLink4URL: from Part C13
Removed Parameter ComponentLink4URL: from Part C14
Removed Parameter ComponentLink4URL: from Part R4
Removed Parameter ComponentLink4URL: from Part R11
Removed Parameter EEE: from Part FB2
Removed Parameter Features: from Part C10
Removed Parameter Features: from Part C11
Removed Parameter Features: from Part C12
Removed Parameter Features: from Part C13
Removed Parameter Features: from Part C14
Removed Parameter Grade: from Part FB2
Removed Parameter Temperature Coefficient: from Part C10
Removed Parameter Temperature Coefficient: from Part C11
Removed Parameter Temperature Coefficient: from Part C12
Removed Parameter Temperature Coefficient: from Part C13
Removed Parameter Temperature Coefficient: from Part C14
Removed Parameter Temperature Coefficient: from Part R4
Removed Parameter Temperature Coefficient: from Part R11
Added Parameter ComponentLink1Description= to Part R2
Added Parameter ComponentLink1URL= to Part R2
Added Parameter ComponentLink2Description= to Part R2
Added Parameter ComponentLink2URL= to Part R2
Added Parameter ComponentLink3Description= to Part R2
Added Parameter ComponentLink3URL= to Part R2
Added Parameter ComponentLink4Description= to Part R2
Added Parameter ComponentLink4URL= to Part R2
Added Parameter Temperature Coefficient= to Part R2
