Replace Part C10 cap in C:\git\AERO_2019-2020\BSPD-2019-2020\Altium\Comparator.SchDoc with cap from Passive Components.DbLib
Replace Part C11 cap in C:\git\AERO_2019-2020\BSPD-2019-2020\Altium\Comparator.SchDoc with cap from Passive Components.DbLib
Replace Part C12 cap in C:\git\AERO_2019-2020\BSPD-2019-2020\Altium\Comparator.SchDoc with cap from Passive Components.DbLib
Replace Part C13 cap in C:\git\AERO_2019-2020\BSPD-2019-2020\Altium\Comparator.SchDoc with cap from Passive Components.DbLib
Replace Part C14 cap in C:\git\AERO_2019-2020\BSPD-2019-2020\Altium\Comparator.SchDoc with cap from Passive Components.DbLib
Replace Part FB2 Ferrite Bead in C:\git\AERO_2019-2020\BSPD-2019-2020\Altium\Comparator.SchDoc with Ferrite Bead from Passive Components.DbLib
Replace Part R2 res in C:\git\AERO_2019-2020\BSPD-2019-2020\Altium\Comparator.SchDoc with res from Passive Components.DbLib
Update Managed Component R3 From CMP-2001-01491-1[RT0805BRE071ML] To CMP-2001-01491-1[RT0805BRE071ML] in Comparator.SchDoc
Replace Part R4 res in C:\git\AERO_2019-2020\BSPD-2019-2020\Altium\Comparator.SchDoc with res from Passive Components.DbLib
Replace Part R5 3339H-1-103LF in C:\git\AERO_2019-2020\BSPD-2019-2020\Altium\Comparator.SchDoc with 3339H-1-103LF from bspd parts.SchLib
Replace Part R10 3339H-1-103LF in C:\git\AERO_2019-2020\BSPD-2019-2020\Altium\Comparator.SchDoc with 3339H-1-103LF from bspd parts.SchLib
Replace Part R11 res in C:\git\AERO_2019-2020\BSPD-2019-2020\Altium\Comparator.SchDoc with res from Passive Components.DbLib
Update Managed Component R12 From CMP-2000-02599-1[RR0816P-301-D] To CMP-2000-02599-1[RR0816P-301-D] in Comparator.SchDoc
Update Managed Component R13 From CMP-2000-02514-1[RR0816P-183-D] To CMP-2000-02514-1[RR0816P-183-D] in Comparator.SchDoc
Update Managed Component R14 From CMP-2000-02599-1[RR0816P-301-D] To CMP-2000-02599-1[RR0816P-301-D] in Comparator.SchDoc
Replace Part R15 3339H-1-103LF in C:\git\AERO_2019-2020\BSPD-2019-2020\Altium\Comparator.SchDoc with 3339H-1-103LF from bspd parts.SchLib
Update Managed Component R16 From CMP-2000-02579-1[RR0816P-272-D] To CMP-2000-02579-1[RR0816P-272-D] in Comparator.SchDoc
Update Managed Component R17 From CMP-2000-04621-1[RT0603DRE072KL] To CMP-2000-04621-1[RT0603DRE072KL] in Comparator.SchDoc
Update Managed Component R18 From CMP-2000-02579-1[RR0816P-272-D] To CMP-2000-02579-1[RR0816P-272-D] in Comparator.SchDoc
Replace Part SW1 CL-SA-12C-02 in C:\git\AERO_2019-2020\BSPD-2019-2020\Altium\Comparator.SchDoc with CL-SA-12C-02 from bspd parts.SchLib
Replace Part SW3 DS04-254-2-06BK-SMT-TR in C:\git\AERO_2019-2020\BSPD-2019-2020\Altium\Comparator.SchDoc with DS04-254-2-06BK-SMT-TR from bspd parts.SchLib
Replace Part TP1 5004 in C:\git\AERO_2019-2020\BSPD-2019-2020\Altium\Comparator.SchDoc with 5004 from bspd parts.SchLib
Replace Part TP2 5115 in C:\git\AERO_2019-2020\BSPD-2019-2020\Altium\Comparator.SchDoc with 5115 from bspd parts.SchLib
Replace Part TP3 5004 in C:\git\AERO_2019-2020\BSPD-2019-2020\Altium\Comparator.SchDoc with 5004 from bspd parts.SchLib
Replace Part TP4 5002 in C:\git\AERO_2019-2020\BSPD-2019-2020\Altium\Comparator.SchDoc with 5002 from bspd parts.SchLib
Replace Part TP5 5002 in C:\git\AERO_2019-2020\BSPD-2019-2020\Altium\Comparator.SchDoc with 5002 from bspd parts.SchLib
Replace Part TP6 5000 in C:\git\AERO_2019-2020\BSPD-2019-2020\Altium\Comparator.SchDoc with 5000 from bspd parts.SchLib
Replace Part TP7 5001 in C:\git\AERO_2019-2020\BSPD-2019-2020\Altium\Comparator.SchDoc with 5001 from bspd parts.SchLib
Replace Part TP8 5116 in C:\git\AERO_2019-2020\BSPD-2019-2020\Altium\Comparator.SchDoc with 5116 from bspd parts.SchLib
Replace Part TP9 TP_SMD in C:\git\AERO_2019-2020\BSPD-2019-2020\Altium\Comparator.SchDoc with TP_SMD from bspd parts.SchLib
Replace Part TP10 TP_SMD in C:\git\AERO_2019-2020\BSPD-2019-2020\Altium\Comparator.SchDoc with TP_SMD from bspd parts.SchLib
Replace Part TP11 TP_SMD in C:\git\AERO_2019-2020\BSPD-2019-2020\Altium\Comparator.SchDoc with TP_SMD from bspd parts.SchLib
Replace Part TP12 5002 in C:\git\AERO_2019-2020\BSPD-2019-2020\Altium\Comparator.SchDoc with 5002 from bspd parts.SchLib
Replace Part TP13 5115 in C:\git\AERO_2019-2020\BSPD-2019-2020\Altium\Comparator.SchDoc with 5115 from bspd parts.SchLib
Replace Part TP21 TP_SMD in C:\git\AERO_2019-2020\BSPD-2019-2020\Altium\Comparator.SchDoc with TP_SMD from bspd parts.SchLib
Replace Part TP22 TP_SMD in C:\git\AERO_2019-2020\BSPD-2019-2020\Altium\Comparator.SchDoc with TP_SMD from bspd parts.SchLib
Replace Part TP23 TP_SMD in C:\git\AERO_2019-2020\BSPD-2019-2020\Altium\Comparator.SchDoc with TP_SMD from bspd parts.SchLib
Replace Part TP24 TP_SMD in C:\git\AERO_2019-2020\BSPD-2019-2020\Altium\Comparator.SchDoc with TP_SMD from bspd parts.SchLib
Replace Part TP25 TP_SMD in C:\git\AERO_2019-2020\BSPD-2019-2020\Altium\Comparator.SchDoc with TP_SMD from bspd parts.SchLib
Replace Part TP26 TP_SMD in C:\git\AERO_2019-2020\BSPD-2019-2020\Altium\Comparator.SchDoc with TP_SMD from bspd parts.SchLib
Replace Part TP27 TP_SMD in C:\git\AERO_2019-2020\BSPD-2019-2020\Altium\Comparator.SchDoc with TP_SMD from bspd parts.SchLib
Replace Part TP28 TP_SMD in C:\git\AERO_2019-2020\BSPD-2019-2020\Altium\Comparator.SchDoc with TP_SMD from bspd parts.SchLib
Replace Part TP29 TP_SMD in C:\git\AERO_2019-2020\BSPD-2019-2020\Altium\Comparator.SchDoc with TP_SMD from bspd parts.SchLib
Update Managed Component U1 From CMP-1310-00381-1[NCS2003SN2T1G] To CMP-1310-00381-1[NCS2003SN2T1G] in Comparator.SchDoc
Update Managed Component U2 From CMP-1310-00381-1[NCS2003SN2T1G] To CMP-1310-00381-1[NCS2003SN2T1G] in Comparator.SchDoc
Replace Part U3 LMV7231SQE/NOPB in C:\git\AERO_2019-2020\BSPD-2019-2020\Altium\Comparator.SchDoc with LMV7231SQE/NOPB from bspd parts.SchLib
Update Managed Component U4 From CMP-0859-00134-3[SN74LVC1G04DBVR] To CMP-0859-00134-3[SN74LVC1G04DBVR] in Comparator.SchDoc
Update Managed Component U4 From CMP-0859-00134-3[SN74LVC1G04DBVR] To CMP-0859-00134-3[SN74LVC1G04DBVR] in Comparator.SchDoc
