Change Component Parameter Comment in C10 Old= New=CAP 0603 0.1UF 16V 10% X7R
Change Component Parameter Comment in C11 Old= New=CAP 0603 0.1UF 16V 10% X7R
Change Component Parameter Comment in C12 Old= New=CAP 0603 0.1UF 16V 10% X7R
Change Component Parameter Comment in C13 Old= New=CAP 0603 10UF 25V 20% X5R
Change Component Parameter Comment in C14 Old= New=CAP 0603 0.1UF 16V 10% X7R
Added Parameter ComponentLink1Description= to Part R2
Added Parameter ComponentLink1Description= to Part R4
Added Parameter ComponentLink1Description= to Part R6
Added Parameter ComponentLink1Description= to Part R7
Added Parameter ComponentLink1Description= to Part R8
Added Parameter ComponentLink1Description= to Part R9
Added Parameter ComponentLink1Description= to Part R11
Added Parameter ComponentLink1URL= to Part C10
Added Parameter ComponentLink1URL= to Part C11
Added Parameter ComponentLink1URL= to Part C12
Added Parameter ComponentLink1URL= to Part C13
Added Parameter ComponentLink1URL= to Part C14
Added Parameter ComponentLink1URL= to Part R2
Added Parameter ComponentLink1URL= to Part R4
Added Parameter ComponentLink1URL= to Part R6
Added Parameter ComponentLink1URL= to Part R7
Added Parameter ComponentLink1URL= to Part R8
Added Parameter ComponentLink1URL= to Part R9
Added Parameter ComponentLink1URL= to Part R11
Added Parameter ComponentLink2Description= to Part R2
Added Parameter ComponentLink2Description= to Part R4
Added Parameter ComponentLink2Description= to Part R6
Added Parameter ComponentLink2Description= to Part R7
Added Parameter ComponentLink2Description= to Part R8
Added Parameter ComponentLink2Description= to Part R9
Added Parameter ComponentLink2Description= to Part R11
Added Parameter ComponentLink2URL= to Part C10
Added Parameter ComponentLink2URL= to Part C11
Added Parameter ComponentLink2URL= to Part C12
Added Parameter ComponentLink2URL= to Part C13
Added Parameter ComponentLink2URL= to Part C14
Added Parameter ComponentLink2URL= to Part R2
Added Parameter ComponentLink2URL= to Part R4
Added Parameter ComponentLink2URL= to Part R6
Added Parameter ComponentLink2URL= to Part R7
Added Parameter ComponentLink2URL= to Part R8
Added Parameter ComponentLink2URL= to Part R9
Added Parameter ComponentLink2URL= to Part R11
Added Parameter ComponentLink3Description= to Part R2
Added Parameter ComponentLink3Description= to Part R4
Added Parameter ComponentLink3Description= to Part R6
Added Parameter ComponentLink3Description= to Part R7
Added Parameter ComponentLink3Description= to Part R8
Added Parameter ComponentLink3Description= to Part R9
Added Parameter ComponentLink3Description= to Part R11
Added Parameter ComponentLink3URL= to Part C10
Added Parameter ComponentLink3URL= to Part C11
Added Parameter ComponentLink3URL= to Part C12
Added Parameter ComponentLink3URL= to Part C13
Added Parameter ComponentLink3URL= to Part C14
Added Parameter ComponentLink3URL= to Part R2
Added Parameter ComponentLink3URL= to Part R4
Added Parameter ComponentLink3URL= to Part R6
Added Parameter ComponentLink3URL= to Part R7
Added Parameter ComponentLink3URL= to Part R8
Added Parameter ComponentLink3URL= to Part R9
Added Parameter ComponentLink3URL= to Part R11
Added Parameter ComponentLink4Description= to Part C10
Added Parameter ComponentLink4Description= to Part C11
Added Parameter ComponentLink4Description= to Part C12
Added Parameter ComponentLink4Description= to Part C13
Added Parameter ComponentLink4Description= to Part C14
Added Parameter ComponentLink4Description= to Part R2
Added Parameter ComponentLink4Description= to Part R4
Added Parameter ComponentLink4Description= to Part R6
Added Parameter ComponentLink4Description= to Part R7
Added Parameter ComponentLink4Description= to Part R8
Added Parameter ComponentLink4Description= to Part R9
Added Parameter ComponentLink4Description= to Part R11
Added Parameter ComponentLink4URL= to Part C10
Added Parameter ComponentLink4URL= to Part C11
Added Parameter ComponentLink4URL= to Part C12
Added Parameter ComponentLink4URL= to Part C13
Added Parameter ComponentLink4URL= to Part C14
Added Parameter ComponentLink4URL= to Part R2
Added Parameter ComponentLink4URL= to Part R4
Added Parameter ComponentLink4URL= to Part R6
Added Parameter ComponentLink4URL= to Part R7
Added Parameter ComponentLink4URL= to Part R8
Added Parameter ComponentLink4URL= to Part R9
Added Parameter ComponentLink4URL= to Part R11
Added Parameter EEE= to Part FB2
Added Parameter Features= to Part C10
Added Parameter Features= to Part C11
Added Parameter Features= to Part C12
Added Parameter Features= to Part C13
Added Parameter Features= to Part C14
Added Parameter Grade= to Part FB2
Added Parameter Temperature Coefficient= to Part C10
Added Parameter Temperature Coefficient= to Part C11
Added Parameter Temperature Coefficient= to Part C12
Added Parameter Temperature Coefficient= to Part C13
Added Parameter Temperature Coefficient= to Part C14
Added Parameter Temperature Coefficient= to Part R2
Added Parameter Temperature Coefficient= to Part R4
Added Parameter Temperature Coefficient= to Part R6
Added Parameter Temperature Coefficient= to Part R7
Added Parameter Temperature Coefficient= to Part R8
Added Parameter Temperature Coefficient= to Part R9
Added Parameter Temperature Coefficient= to Part R11
