Removed Parameter ComponentLink1Description: from Part R32
Removed Parameter ComponentLink1Description: from Part R33
Removed Parameter ComponentLink1Description: from Part R34
Removed Parameter ComponentLink1Description: from Part R35
Removed Parameter ComponentLink1Description: from Part R36
Removed Parameter ComponentLink1Description: from Part R37
Removed Parameter ComponentLink1URL: from Part C22
Removed Parameter ComponentLink1URL: from Part R32
Removed Parameter ComponentLink1URL: from Part R33
Removed Parameter ComponentLink1URL: from Part R34
Removed Parameter ComponentLink1URL: from Part R35
Removed Parameter ComponentLink1URL: from Part R36
Removed Parameter ComponentLink1URL: from Part R37
Removed Parameter ComponentLink2Description: from Part R32
Removed Parameter ComponentLink2Description: from Part R33
Removed Parameter ComponentLink2Description: from Part R34
Removed Parameter ComponentLink2Description: from Part R35
Removed Parameter ComponentLink2Description: from Part R36
Removed Parameter ComponentLink2Description: from Part R37
Removed Parameter ComponentLink2URL: from Part C22
Removed Parameter ComponentLink2URL: from Part R32
Removed Parameter ComponentLink2URL: from Part R33
Removed Parameter ComponentLink2URL: from Part R34
Removed Parameter ComponentLink2URL: from Part R35
Removed Parameter ComponentLink2URL: from Part R36
Removed Parameter ComponentLink2URL: from Part R37
Removed Parameter ComponentLink3Description: from Part R32
Removed Parameter ComponentLink3Description: from Part R33
Removed Parameter ComponentLink3Description: from Part R34
Removed Parameter ComponentLink3Description: from Part R35
Removed Parameter ComponentLink3Description: from Part R36
Removed Parameter ComponentLink3Description: from Part R37
Removed Parameter ComponentLink3URL: from Part C22
Removed Parameter ComponentLink3URL: from Part R32
Removed Parameter ComponentLink3URL: from Part R33
Removed Parameter ComponentLink3URL: from Part R34
Removed Parameter ComponentLink3URL: from Part R35
Removed Parameter ComponentLink3URL: from Part R36
Removed Parameter ComponentLink3URL: from Part R37
Removed Parameter ComponentLink4Description: from Part C22
Removed Parameter ComponentLink4Description: from Part R32
Removed Parameter ComponentLink4Description: from Part R33
Removed Parameter ComponentLink4Description: from Part R34
Removed Parameter ComponentLink4Description: from Part R35
Removed Parameter ComponentLink4Description: from Part R36
Removed Parameter ComponentLink4Description: from Part R37
Removed Parameter ComponentLink4URL: from Part C22
Removed Parameter ComponentLink4URL: from Part R32
Removed Parameter ComponentLink4URL: from Part R33
Removed Parameter ComponentLink4URL: from Part R34
Removed Parameter ComponentLink4URL: from Part R35
Removed Parameter ComponentLink4URL: from Part R36
Removed Parameter ComponentLink4URL: from Part R37
Removed Parameter Features: from Part C22
Removed Parameter Temperature Coefficient: from Part C22
Removed Parameter Temperature Coefficient: from Part R32
Removed Parameter Temperature Coefficient: from Part R33
Removed Parameter Temperature Coefficient: from Part R34
Removed Parameter Temperature Coefficient: from Part R35
Removed Parameter Temperature Coefficient: from Part R36
Removed Parameter Temperature Coefficient: from Part R37
