Change Component Parameter Comment in C22 Old= New=CAP 0603 0.1UF 16V 10% X7R
Added Parameter ComponentLink1Description= to Part R32
Added Parameter ComponentLink1Description= to Part R33
Added Parameter ComponentLink1Description= to Part R34
Added Parameter ComponentLink1Description= to Part R35
Added Parameter ComponentLink1Description= to Part R36
Added Parameter ComponentLink1Description= to Part R37
Added Parameter ComponentLink1URL= to Part C22
Added Parameter ComponentLink1URL= to Part R32
Added Parameter ComponentLink1URL= to Part R33
Added Parameter ComponentLink1URL= to Part R34
Added Parameter ComponentLink1URL= to Part R35
Added Parameter ComponentLink1URL= to Part R36
Added Parameter ComponentLink1URL= to Part R37
Added Parameter ComponentLink2Description= to Part R32
Added Parameter ComponentLink2Description= to Part R33
Added Parameter ComponentLink2Description= to Part R34
Added Parameter ComponentLink2Description= to Part R35
Added Parameter ComponentLink2Description= to Part R36
Added Parameter ComponentLink2Description= to Part R37
Added Parameter ComponentLink2URL= to Part C22
Added Parameter ComponentLink2URL= to Part R32
Added Parameter ComponentLink2URL= to Part R33
Added Parameter ComponentLink2URL= to Part R34
Added Parameter ComponentLink2URL= to Part R35
Added Parameter ComponentLink2URL= to Part R36
Added Parameter ComponentLink2URL= to Part R37
Added Parameter ComponentLink3Description= to Part R32
Added Parameter ComponentLink3Description= to Part R33
Added Parameter ComponentLink3Description= to Part R34
Added Parameter ComponentLink3Description= to Part R35
Added Parameter ComponentLink3Description= to Part R36
Added Parameter ComponentLink3Description= to Part R37
Added Parameter ComponentLink3URL= to Part C22
Added Parameter ComponentLink3URL= to Part R32
Added Parameter ComponentLink3URL= to Part R33
Added Parameter ComponentLink3URL= to Part R34
Added Parameter ComponentLink3URL= to Part R35
Added Parameter ComponentLink3URL= to Part R36
Added Parameter ComponentLink3URL= to Part R37
Added Parameter ComponentLink4Description= to Part C22
Added Parameter ComponentLink4Description= to Part R32
Added Parameter ComponentLink4Description= to Part R33
Added Parameter ComponentLink4Description= to Part R34
Added Parameter ComponentLink4Description= to Part R35
Added Parameter ComponentLink4Description= to Part R36
Added Parameter ComponentLink4Description= to Part R37
Added Parameter ComponentLink4URL= to Part C22
Added Parameter ComponentLink4URL= to Part R32
Added Parameter ComponentLink4URL= to Part R33
Added Parameter ComponentLink4URL= to Part R34
Added Parameter ComponentLink4URL= to Part R35
Added Parameter ComponentLink4URL= to Part R36
Added Parameter ComponentLink4URL= to Part R37
Added Parameter Features= to Part C22
Added Parameter Temperature Coefficient= to Part C22
Added Parameter Temperature Coefficient= to Part R32
Added Parameter Temperature Coefficient= to Part R33
Added Parameter Temperature Coefficient= to Part R34
Added Parameter Temperature Coefficient= to Part R35
Added Parameter Temperature Coefficient= to Part R36
Added Parameter Temperature Coefficient= to Part R37
