Change Component Parameter Comment in C20 Old= New=CAP 0603 0.1UF 16V 10% X7R
Change Component Parameter Comment in C21 Old= New=CAP 0603 0.1UF 16V 10% X7R
Added Parameter ComponentLink1Description= to Part MTG1
Added Parameter ComponentLink1Description= to Part MTG2
Added Parameter ComponentLink1Description= to Part MTG3
Added Parameter ComponentLink1Description= to Part MTG4
Added Parameter ComponentLink1URL= to Part C20
Added Parameter ComponentLink1URL= to Part C21
Added Parameter ComponentLink1URL= to Part MTG1
Added Parameter ComponentLink1URL= to Part MTG2
Added Parameter ComponentLink1URL= to Part MTG3
Added Parameter ComponentLink1URL= to Part MTG4
Added Parameter ComponentLink2Description= to Part MTG1
Added Parameter ComponentLink2Description= to Part MTG2
Added Parameter ComponentLink2Description= to Part MTG3
Added Parameter ComponentLink2Description= to Part MTG4
Added Parameter ComponentLink2URL= to Part C20
Added Parameter ComponentLink2URL= to Part C21
Added Parameter ComponentLink2URL= to Part MTG1
Added Parameter ComponentLink2URL= to Part MTG2
Added Parameter ComponentLink2URL= to Part MTG3
Added Parameter ComponentLink2URL= to Part MTG4
Added Parameter ComponentLink3URL= to Part C20
Added Parameter ComponentLink3URL= to Part C21
Added Parameter ComponentLink4Description= to Part C20
Added Parameter ComponentLink4Description= to Part C21
Added Parameter ComponentLink4URL= to Part C20
Added Parameter ComponentLink4URL= to Part C21
Added Parameter Description in Visual= to Part MTG1
Added Parameter Description in Visual= to Part MTG2
Added Parameter Description in Visual= to Part MTG3
Added Parameter Description in Visual= to Part MTG4
Added Parameter Features= to Part C20
Added Parameter Features= to Part C21
Added Parameter Manufacturer= to Part MTG1
Added Parameter Manufacturer= to Part MTG2
Added Parameter Manufacturer= to Part MTG3
Added Parameter Manufacturer= to Part MTG4
Added Parameter Manufacturer P/N= to Part MTG1
Added Parameter Manufacturer P/N= to Part MTG2
Added Parameter Manufacturer P/N= to Part MTG3
Added Parameter Manufacturer P/N= to Part MTG4
Added Parameter Temperature Coefficient= to Part C20
Added Parameter Temperature Coefficient= to Part C21
