Replace Part C15 cap in C:\git\AERO_2019-2020\BSPD-2019-2020\Altium\LatchDelay.SchDoc with cap from Passive Components.DbLib
Replace Part C16 cap in C:\git\AERO_2019-2020\BSPD-2019-2020\Altium\LatchDelay.SchDoc with cap from Passive Components.DbLib
Replace Part C17 cap in C:\git\AERO_2019-2020\BSPD-2019-2020\Altium\LatchDelay.SchDoc with cap from Passive Components.DbLib
Replace Part C18 cap in C:\git\AERO_2019-2020\BSPD-2019-2020\Altium\LatchDelay.SchDoc with cap from Passive Components.DbLib
Replace Part C19 cap in C:\git\AERO_2019-2020\BSPD-2019-2020\Altium\LatchDelay.SchDoc with cap from Passive Components.DbLib
Replace Part D4 SM0805HCL in C:\git\AERO_2019-2020\BSPD-2019-2020\Altium\LatchDelay.SchDoc with SM0805HCL from bspd parts.SchLib
Replace Part D5 SM0805HCL in C:\git\AERO_2019-2020\BSPD-2019-2020\Altium\LatchDelay.SchDoc with SM0805HCL from bspd parts.SchLib
Replace Part R15 res in C:\git\AERO_2019-2020\BSPD-2019-2020\Altium\LatchDelay.SchDoc with res from Passive Components.DbLib
Update Managed Component R16 From CMP-2001-01491-1[RT0805BRE071ML] To CMP-2001-01491-1[RT0805BRE071ML] in LatchDelay.SchDoc
Replace Part R17 res in C:\git\AERO_2019-2020\BSPD-2019-2020\Altium\LatchDelay.SchDoc with res from Passive Components.DbLib
Update Managed Component R18 From CMP-2001-00870-1[ERA6AEB6813V] To CMP-2001-00870-1[ERA6AEB6813V] in LatchDelay.SchDoc
Replace Part R19 res in C:\git\AERO_2019-2020\BSPD-2019-2020\Altium\LatchDelay.SchDoc with res from Passive Components.DbLib
Replace Part R20 res in C:\git\AERO_2019-2020\BSPD-2019-2020\Altium\LatchDelay.SchDoc with res from Passive Components.DbLib
Update Managed Component R21 From CMP-2001-01491-1[RT0805BRE071ML] To CMP-2001-01491-1[RT0805BRE071ML] in LatchDelay.SchDoc
Replace Part R22 res in C:\git\AERO_2019-2020\BSPD-2019-2020\Altium\LatchDelay.SchDoc with res from Passive Components.DbLib
Update Managed Component R23 From CMP-2001-00870-1[ERA6AEB6813V] To CMP-2001-00870-1[ERA6AEB6813V] in LatchDelay.SchDoc
Replace Part R24 res in C:\git\AERO_2019-2020\BSPD-2019-2020\Altium\LatchDelay.SchDoc with res from Passive Components.DbLib
Replace Part SW3 FSMSMTR in C:\git\AERO_2019-2020\BSPD-2019-2020\Altium\LatchDelay.SchDoc with FSMSMTR from bspd parts.SchLib
Replace Part TP22 5119 in C:\git\AERO_2019-2020\BSPD-2019-2020\Altium\LatchDelay.SchDoc with 5119 from bspd parts.SchLib
Replace Part TP23 5118 in C:\git\AERO_2019-2020\BSPD-2019-2020\Altium\LatchDelay.SchDoc with 5118 from bspd parts.SchLib
Replace Part TP24 5003 in C:\git\AERO_2019-2020\BSPD-2019-2020\Altium\LatchDelay.SchDoc with 5003 from bspd parts.SchLib
Replace Part TP25 5119 in C:\git\AERO_2019-2020\BSPD-2019-2020\Altium\LatchDelay.SchDoc with 5119 from bspd parts.SchLib
Replace Part TP26 5118 in C:\git\AERO_2019-2020\BSPD-2019-2020\Altium\LatchDelay.SchDoc with 5118 from bspd parts.SchLib
Replace Part U5 LTC6994CS6-1#TRMPBF in C:\git\AERO_2019-2020\BSPD-2019-2020\Altium\LatchDelay.SchDoc with LTC6994CS6-1#TRMPBF from bspd parts.SchLib
Update Managed Component U6 From CMP-0859-00537-3[SN74LVC2G74DCTR] To CMP-0859-00537-3[SN74LVC2G74DCTR] in LatchDelay.SchDoc
Update Managed Component U6 From CMP-0859-00537-3[SN74LVC2G74DCTR] To CMP-0859-00537-3[SN74LVC2G74DCTR] in LatchDelay.SchDoc
Update Managed Component U7 From CMP-0859-00067-3[SN74AHCT1G32DBVR] To CMP-0859-00067-3[SN74AHCT1G32DBVR] in LatchDelay.SchDoc
Update Managed Component U7 From CMP-0859-00067-3[SN74AHCT1G32DBVR] To CMP-0859-00067-3[SN74AHCT1G32DBVR] in LatchDelay.SchDoc
Replace Part U8 LTC6994CS6-1#TRMPBF in C:\git\AERO_2019-2020\BSPD-2019-2020\Altium\LatchDelay.SchDoc with LTC6994CS6-1#TRMPBF from bspd parts.SchLib
