Change Component Parameter Comment in C15 Old= New=CAP 0603 10UF 25V 20% X5R
Change Component Parameter Comment in C16 Old= New=CAP 0603 10UF 25V 20% X5R
Change Component Parameter Comment in C17 Old= New=CAP 0603 1PF 50V 0.05PF MLO
Change Component Parameter Comment in C18 Old= New=CAP 0603 0.1UF 16V 10% X7R
Change Component Parameter Comment in C19 Old= New=CAP 0603 0.1UF 16V 10% X7R
Added Parameter ComponentLink1Description= to Part R19
Added Parameter ComponentLink1Description= to Part R21
Added Parameter ComponentLink1Description= to Part R23
Added Parameter ComponentLink1Description= to Part R24
Added Parameter ComponentLink1Description= to Part R26
Added Parameter ComponentLink1URL= to Part C15
Added Parameter ComponentLink1URL= to Part C16
Added Parameter ComponentLink1URL= to Part C17
Added Parameter ComponentLink1URL= to Part C18
Added Parameter ComponentLink1URL= to Part C19
Added Parameter ComponentLink1URL= to Part R19
Added Parameter ComponentLink1URL= to Part R21
Added Parameter ComponentLink1URL= to Part R23
Added Parameter ComponentLink1URL= to Part R24
Added Parameter ComponentLink1URL= to Part R26
Added Parameter ComponentLink2Description= to Part R19
Added Parameter ComponentLink2Description= to Part R21
Added Parameter ComponentLink2Description= to Part R23
Added Parameter ComponentLink2Description= to Part R24
Added Parameter ComponentLink2Description= to Part R26
Added Parameter ComponentLink2URL= to Part C15
Added Parameter ComponentLink2URL= to Part C16
Added Parameter ComponentLink2URL= to Part C17
Added Parameter ComponentLink2URL= to Part C18
Added Parameter ComponentLink2URL= to Part C19
Added Parameter ComponentLink2URL= to Part R19
Added Parameter ComponentLink2URL= to Part R21
Added Parameter ComponentLink2URL= to Part R23
Added Parameter ComponentLink2URL= to Part R24
Added Parameter ComponentLink2URL= to Part R26
Added Parameter ComponentLink3Description= to Part R19
Added Parameter ComponentLink3Description= to Part R21
Added Parameter ComponentLink3Description= to Part R23
Added Parameter ComponentLink3Description= to Part R24
Added Parameter ComponentLink3Description= to Part R26
Added Parameter ComponentLink3URL= to Part C15
Added Parameter ComponentLink3URL= to Part C16
Added Parameter ComponentLink3URL= to Part C17
Added Parameter ComponentLink3URL= to Part C18
Added Parameter ComponentLink3URL= to Part C19
Added Parameter ComponentLink3URL= to Part R19
Added Parameter ComponentLink3URL= to Part R21
Added Parameter ComponentLink3URL= to Part R23
Added Parameter ComponentLink3URL= to Part R24
Added Parameter ComponentLink3URL= to Part R26
Added Parameter ComponentLink4Description= to Part C15
Added Parameter ComponentLink4Description= to Part C16
Added Parameter ComponentLink4Description= to Part C17
Added Parameter ComponentLink4Description= to Part C18
Added Parameter ComponentLink4Description= to Part C19
Added Parameter ComponentLink4Description= to Part R19
Added Parameter ComponentLink4Description= to Part R21
Added Parameter ComponentLink4Description= to Part R23
Added Parameter ComponentLink4Description= to Part R24
Added Parameter ComponentLink4Description= to Part R26
Added Parameter ComponentLink4URL= to Part C15
Added Parameter ComponentLink4URL= to Part C16
Added Parameter ComponentLink4URL= to Part C17
Added Parameter ComponentLink4URL= to Part C18
Added Parameter ComponentLink4URL= to Part C19
Added Parameter ComponentLink4URL= to Part R19
Added Parameter ComponentLink4URL= to Part R21
Added Parameter ComponentLink4URL= to Part R23
Added Parameter ComponentLink4URL= to Part R24
Added Parameter ComponentLink4URL= to Part R26
Added Parameter Features= to Part C15
Added Parameter Features= to Part C16
Added Parameter Features= to Part C17
Added Parameter Features= to Part C18
Added Parameter Features= to Part C19
Added Parameter Temperature Coefficient= to Part C15
Added Parameter Temperature Coefficient= to Part C16
Added Parameter Temperature Coefficient= to Part C17
Added Parameter Temperature Coefficient= to Part C18
Added Parameter Temperature Coefficient= to Part C19
Added Parameter Temperature Coefficient= to Part R19
Added Parameter Temperature Coefficient= to Part R21
Added Parameter Temperature Coefficient= to Part R23
Added Parameter Temperature Coefficient= to Part R24
Added Parameter Temperature Coefficient= to Part R26
