Change Component Parameter Comment in C1 Old= New=CAP 0603 10UF 25V 20% X5R
Change Component Parameter Comment in C2 Old= New=CAP 0603 1UF 50V 10% X7R
Change Component Parameter Comment in C3 Old= New=CAP 0805 4.7UF 35V 10% X7R
Change Component Parameter Comment in C5 Old= New=CAP 0603 1UF 50V 10% X7R
Change Component Parameter Comment in C6 Old= New=CAP 0805 4.7UF 35V 10% X7R
Added Parameter ComponentLink1Description= to Part R1
Added Parameter ComponentLink1URL= to Part C1
Added Parameter ComponentLink1URL= to Part C2
Added Parameter ComponentLink1URL= to Part C3
Added Parameter ComponentLink1URL= to Part C5
Added Parameter ComponentLink1URL= to Part C6
Added Parameter ComponentLink1URL= to Part R1
Added Parameter ComponentLink2Description= to Part R1
Added Parameter ComponentLink2URL= to Part C1
Added Parameter ComponentLink2URL= to Part C2
Added Parameter ComponentLink2URL= to Part C3
Added Parameter ComponentLink2URL= to Part C5
Added Parameter ComponentLink2URL= to Part C6
Added Parameter ComponentLink2URL= to Part R1
Added Parameter ComponentLink3Description= to Part R1
Added Parameter ComponentLink3URL= to Part C1
Added Parameter ComponentLink3URL= to Part C2
Added Parameter ComponentLink3URL= to Part C3
Added Parameter ComponentLink3URL= to Part C5
Added Parameter ComponentLink3URL= to Part C6
Added Parameter ComponentLink3URL= to Part R1
Added Parameter ComponentLink4Description= to Part C1
Added Parameter ComponentLink4Description= to Part C2
Added Parameter ComponentLink4Description= to Part C3
Added Parameter ComponentLink4Description= to Part C5
Added Parameter ComponentLink4Description= to Part C6
Added Parameter ComponentLink4Description= to Part R1
Added Parameter ComponentLink4URL= to Part C1
Added Parameter ComponentLink4URL= to Part C2
Added Parameter ComponentLink4URL= to Part C3
Added Parameter ComponentLink4URL= to Part C5
Added Parameter ComponentLink4URL= to Part C6
Added Parameter ComponentLink4URL= to Part R1
Added Parameter EEE= to Part FB1
Added Parameter Features= to Part C1
Added Parameter Features= to Part C2
Added Parameter Features= to Part C3
Added Parameter Features= to Part C5
Added Parameter Features= to Part C6
Added Parameter Grade= to Part FB1
Added Parameter Temperature Coefficient= to Part C1
Added Parameter Temperature Coefficient= to Part C2
Added Parameter Temperature Coefficient= to Part C3
Added Parameter Temperature Coefficient= to Part C5
Added Parameter Temperature Coefficient= to Part C6
Added Parameter Temperature Coefficient= to Part R1
