Change Component Footprint: Designator=J4 Old Footprint=1217861-1 New Footprint=te-1217861-1
Change Component Footprint: Designator=TP6 Old Footprint=KSTN-5002 New Footprint=KSTN-5000
Change Component Footprint: Designator=TP7 Old Footprint=KSTN-5002 New Footprint=KSTN-5001
Change Component Footprint: Designator=TP1 Old Footprint=KSTN-5002 New Footprint=KSTN-5004
Change Component Footprint: Designator=TP3 Old Footprint=KSTN-5002 New Footprint=KSTN-5004
Change Component Footprint: Designator=TP8 Old Footprint=KSTN-5002 New Footprint=KSTN-5116
Change Component Footprint: Designator=TP16 Old Footprint=KSTN-5003 New Footprint=KSTN-5003
Change Component Footprint: Designator=TP2 Old Footprint=KSTN-5115 New Footprint=KSTN-5115
Change Component Footprint: Designator=TP13 Old Footprint=KSTN-5115 New Footprint=KSTN-5115
Change Component Footprint: Designator=TP19 Old Footprint=KSTN-5117 New Footprint=KSTN-5117
Change Component Footprint: Designator=TP20 Old Footprint=KSTN-5117 New Footprint=KSTN-5117
Change Component Footprint: Designator=TP15 Old Footprint=KSTN-5118 New Footprint=KSTN-5118
Change Component Footprint: Designator=TP18 Old Footprint=KSTN-5118 New Footprint=KSTN-5118
Change Component Footprint: Designator=TP14 Old Footprint=KSTN-5119 New Footprint=KSTN-5119
Change Component Footprint: Designator=TP17 Old Footprint=KSTN-5119 New Footprint=KSTN-5119
Change component parameters: Designator = "TP1" ("TP1"); Footprint = "KSTN-5002"; UniqueID = "\WXVZRCSH\LGETTPWN" ("\WXVZRCSH\LGETTPWN")
Change component parameters (AddParameter): Name = "Brand"; Value = "KeystoneElectronics"; VariantName = "[No Variations]"
Change component parameters (AddParameter): Name = "Color"; Value = "Yellow"; VariantName = "[No Variations]"
Change component parameters (AddParameter): Name = "Contact Material"; Value = "PhosphorBronze"; VariantName = "[No Variations]"
Change component parameters (AddParameter): Name = "Datasheet URL"; Value = "https://ciiva.com/datasheet-click-2917627?src=ciiva&sig=bd195616"; VariantName = "[No Variations]"
Change component parameters (AddParameter): Name = "Datasheet Version"; Value = "Rev. G, 12/2008"; VariantName = "[No Variations]"
Change component parameters (AddParameter): Name = "Length"; Value = "7.62mm"; VariantName = "[No Variations]"
Change component parameters (AddParameter): Name = "Manufacturer"; Value = "KeystoneElectronics"; VariantName = "[No Variations]"
Change component parameters (AddParameter): Name = "Manufacturer URL"; Value = "http://www.keyelco.com/"; VariantName = "[No Variations]"
Change component parameters (AddParameter): Name = "Material"; Value = "Nylon"; VariantName = "[No Variations]"
Change component parameters (AddParameter): Name = "Mounting Hole Size"; Value = "1mm"; VariantName = "[No Variations]"
Change component parameters (AddParameter): Name = "Outside Diameter"; Value = "2.54mm"; VariantName = "[No Variations]"
Change component parameters (AddParameter): Name = "Packaging"; Value = "Bulk"; VariantName = "[No Variations]"
Change component parameters (AddParameter): Name = "Plating"; Value = "Silver"; VariantName = "[No Variations]"
Change component parameters (AddParameter): Name = "Product"; Value = "TestPoints"; VariantName = "[No Variations]"
Change component parameters (AddParameter): Name = "Product Category"; Value = "CircuitBoardHardware-PCB"; VariantName = "[No Variations]"
Change component parameters (AddParameter): Name = "RoHS"; Value = "True"; VariantName = "[No Variations]"
Change component parameters (AddParameter): Name = "Supplier 1"; Value = "Digi-Key"; VariantName = "[No Variations]"
Change component parameters (AddParameter): Name = "Supplier Part Number 1"; Value = "36-5004-ND"; VariantName = "[No Variations]"
Change component parameters (AddParameter): Name = "Type"; Value = "Miniature"; VariantName = "[No Variations]"
Change component parameters: Designator = "TP3" ("TP3"); Footprint = "KSTN-5002"; UniqueID = "\WXVZRCSH\WZPRRRVN" ("\WXVZRCSH\WZPRRRVN")
Change component parameters (AddParameter): Name = "Brand"; Value = "KeystoneElectronics"; VariantName = "[No Variations]"
Change component parameters (AddParameter): Name = "Color"; Value = "Yellow"; VariantName = "[No Variations]"
Change component parameters (AddParameter): Name = "Contact Material"; Value = "PhosphorBronze"; VariantName = "[No Variations]"
Change component parameters (AddParameter): Name = "Datasheet URL"; Value = "https://ciiva.com/datasheet-click-2917627?src=ciiva&sig=bd195616"; VariantName = "[No Variations]"
Change component parameters (AddParameter): Name = "Datasheet Version"; Value = "Rev. G, 12/2008"; VariantName = "[No Variations]"
Change component parameters (AddParameter): Name = "Length"; Value = "7.62mm"; VariantName = "[No Variations]"
Change component parameters (AddParameter): Name = "Manufacturer"; Value = "KeystoneElectronics"; VariantName = "[No Variations]"
Change component parameters (AddParameter): Name = "Manufacturer URL"; Value = "http://www.keyelco.com/"; VariantName = "[No Variations]"
Change component parameters (AddParameter): Name = "Material"; Value = "Nylon"; VariantName = "[No Variations]"
Change component parameters (AddParameter): Name = "Mounting Hole Size"; Value = "1mm"; VariantName = "[No Variations]"
Change component parameters (AddParameter): Name = "Outside Diameter"; Value = "2.54mm"; VariantName = "[No Variations]"
Change component parameters (AddParameter): Name = "Packaging"; Value = "Bulk"; VariantName = "[No Variations]"
Change component parameters (AddParameter): Name = "Plating"; Value = "Silver"; VariantName = "[No Variations]"
Change component parameters (AddParameter): Name = "Product"; Value = "TestPoints"; VariantName = "[No Variations]"
Change component parameters (AddParameter): Name = "Product Category"; Value = "CircuitBoardHardware-PCB"; VariantName = "[No Variations]"
Change component parameters (AddParameter): Name = "RoHS"; Value = "True"; VariantName = "[No Variations]"
Change component parameters (AddParameter): Name = "Supplier 1"; Value = "Digi-Key"; VariantName = "[No Variations]"
Change component parameters (AddParameter): Name = "Supplier Part Number 1"; Value = "36-5004-ND"; VariantName = "[No Variations]"
Change component parameters (AddParameter): Name = "Type"; Value = "Miniature"; VariantName = "[No Variations]"
Change component parameters: Designator = "TP7" ("TP7"); Footprint = "KSTN-5002"; UniqueID = "\WXVZRCSH\GGTYCYGB" ("\WXVZRCSH\GGTYCYGB")
Change component parameters (AddParameter): Name = "Brand"; Value = "KeystoneElectronics"; VariantName = "[No Variations]"
Change component parameters (AddParameter): Name = "Color"; Value = "Black"; VariantName = "[No Variations]"
Change component parameters (AddParameter): Name = "Contact Material"; Value = "PhosphorBronze"; VariantName = "[No Variations]"
Change component parameters (AddParameter): Name = "Datasheet URL"; Value = "https://ciiva.com/datasheet-click-2917627?src=ciiva&sig=bd195616"; VariantName = "[No Variations]"
Change component parameters (AddParameter): Name = "Datasheet Version"; Value = "Rev. G, 12/2008"; VariantName = "[No Variations]"
Change component parameters (AddParameter): Name = "Length"; Value = "7.62mm"; VariantName = "[No Variations]"
Change component parameters (AddParameter): Name = "Manufacturer"; Value = "KeystoneElectronics"; VariantName = "[No Variations]"
Change component parameters (AddParameter): Name = "Manufacturer URL"; Value = "http://www.keyelco.com/"; VariantName = "[No Variations]"
Change component parameters (AddParameter): Name = "Material"; Value = "Nylon"; VariantName = "[No Variations]"
Change component parameters (AddParameter): Name = "Mounting Hole Size"; Value = "1mm"; VariantName = "[No Variations]"
Change component parameters (AddParameter): Name = "Outside Diameter"; Value = "2.54mm"; VariantName = "[No Variations]"
Change component parameters (AddParameter): Name = "Packaging"; Value = "Bulk"; VariantName = "[No Variations]"
Change component parameters (AddParameter): Name = "Plating"; Value = "Silver"; VariantName = "[No Variations]"
Change component parameters (AddParameter): Name = "Product"; Value = "TestPoints"; VariantName = "[No Variations]"
Change component parameters (AddParameter): Name = "Product Category"; Value = "CircuitBoardHardware-PCB"; VariantName = "[No Variations]"
Change component parameters (AddParameter): Name = "RoHS"; Value = "True"; VariantName = "[No Variations]"
Change component parameters (AddParameter): Name = "Supplier 1"; Value = "Digi-Key"; VariantName = "[No Variations]"
Change component parameters (AddParameter): Name = "Supplier Part Number 1"; Value = "36-5001-ND"; VariantName = "[No Variations]"
Change component parameters (AddParameter): Name = "Type"; Value = "Miniature"; VariantName = "[No Variations]"
Change component parameters: Designator = "TP8" ("TP8"); Footprint = "KSTN-5002"; UniqueID = "\WXVZRCSH\NCVHVVHS" ("\WXVZRCSH\NCVHVVHS")
Change component parameters (AddParameter): Name = "Brand"; Value = "KeystoneElectronics"; VariantName = "[No Variations]"
Change component parameters (AddParameter): Name = "Color"; Value = "Green"; VariantName = "[No Variations]"
Change component parameters (AddParameter): Name = "Contact Material"; Value = "PhosphorBronze"; VariantName = "[No Variations]"
Change component parameters (AddParameter): Name = "Datasheet URL"; Value = "https://ciiva.com/datasheet-click-2917627?src=ciiva&sig=bd195616"; VariantName = "[No Variations]"
Change component parameters (AddParameter): Name = "Datasheet Version"; Value = "Rev. G, 12/2008"; VariantName = "[No Variations]"
Change component parameters (AddParameter): Name = "Length"; Value = "7.62mm"; VariantName = "[No Variations]"
Change component parameters (AddParameter): Name = "Manufacturer"; Value = "KeystoneElectronics"; VariantName = "[No Variations]"
Change component parameters (AddParameter): Name = "Manufacturer URL"; Value = "http://www.keyelco.com/"; VariantName = "[No Variations]"
Change component parameters (AddParameter): Name = "Material"; Value = "Nylon"; VariantName = "[No Variations]"
Change component parameters (AddParameter): Name = "Mounting Hole Size"; Value = "1mm"; VariantName = "[No Variations]"
Change component parameters (AddParameter): Name = "Outside Diameter"; Value = "2.54mm"; VariantName = "[No Variations]"
Change component parameters (AddParameter): Name = "Packaging"; Value = "Bulk"; VariantName = "[No Variations]"
Change component parameters (AddParameter): Name = "Plating"; Value = "Silver"; VariantName = "[No Variations]"
Change component parameters (AddParameter): Name = "Product"; Value = "TestPoints"; VariantName = "[No Variations]"
Change component parameters (AddParameter): Name = "Product Category"; Value = "CircuitBoardHardware-PCB"; VariantName = "[No Variations]"
Change component parameters (AddParameter): Name = "RoHS"; Value = "True"; VariantName = "[No Variations]"
Change component parameters (AddParameter): Name = "Supplier 1"; Value = "Digi-Key"; VariantName = "[No Variations]"
Change component parameters (AddParameter): Name = "Supplier Part Number 1"; Value = "36-5116-ND"; VariantName = "[No Variations]"
Change component parameters (AddParameter): Name = "Type"; Value = "Miniature"; VariantName = "[No Variations]"
Change component parameters: Designator = "FB1" ("FB1"); Footprint = "0805"; UniqueID = "\GDJTUDWI\XTRDIKFH" ("\GDJTUDWI\XTRDIKFH")
Change component parameters (AddParameter): Name = "ComponentLink1Description"; Value = "Manufacturer Website"; VariantName = "[No Variations]"
Change component parameters (AddParameter): Name = "ComponentLink1URL"; Value = "http://www.we-online.com"; VariantName = "[No Variations]"
Change component parameters (AddParameter): Name = "ComponentLink2Description"; Value = "Component Datasheet"; VariantName = "[No Variations]"
Change component parameters (AddParameter): Name = "ComponentLink2URL"; Value = "http://www.we-online.com/eisos/pdf/742792097.pdf"; VariantName = "[No Variations]"
Change component parameters (AddParameter): Name = "ComponentLink3Description"; Value = "Octopart Link"; VariantName = "[No Variations]"
Change component parameters (AddParameter): Name = "ComponentLink3URL"; Value = "http://octopart.com/partsearch/#search/requestData&q=742792097"; VariantName = "[No Variations]"
Change component parameters (AddParameter): Name = "Current (mA)"; Value = "1000"; VariantName = "[No Variations]"
Change component parameters (AddParameter): Name = "DC Resistance (ohms)"; Value = "0.3"; VariantName = "[No Variations]"
Change component parameters (AddParameter): Name = "Description in Visual"; Value = "Ferrite SMT 1000mA 1500Ohm Dif Mode 0805"; VariantName = "[No Variations]"
Change component parameters (AddParameter): Name = "Filter type"; Value = "Differential Mode - Single"; VariantName = "[No Variations]"
Change component parameters (AddParameter): Name = "Frequency"; Value = "100 MHz"; VariantName = "[No Variations]"
Change component parameters (AddParameter): Name = "Impedance at Freq (ohms)"; Value = "1500"; VariantName = "[No Variations]"
Change component parameters (AddParameter): Name = "Manufacturer"; Value = "Wurth Electronics"; VariantName = "[No Variations]"
Change component parameters (AddParameter): Name = "Manufacturer P/N"; Value = "742792097"; VariantName = "[No Variations]"
Change component parameters (AddParameter): Name = "Operating Temperature Range"; Value = "-55 to +125 °C"; VariantName = "[No Variations]"
Change component parameters (AddParameter): Name = "P/N"; Value = "742792097"; VariantName = "[No Variations]"
Change component parameters (AddParameter): Name = "PCB Package"; Value = "0805"; VariantName = "[No Variations]"
Change component parameters (AddParameter): Name = "Usage"; Value = "Power Supply"; VariantName = "[No Variations]"
Change component parameters: Designator = "FB2" ("FB2"); Footprint = "0603"; UniqueID = "\WXVZRCSH\XGXDTTCA" ("\WXVZRCSH\XGXDTTCA")
Change component parameters (AddParameter): Name = "ComponentLink1Description"; Value = "Manufacturer Website"; VariantName = "[No Variations]"
Change component parameters (AddParameter): Name = "ComponentLink1URL"; Value = "http://www.tdk.com/"; VariantName = "[No Variations]"
Change component parameters (AddParameter): Name = "ComponentLink2Description"; Value = "Component Datasheet"; VariantName = "[No Variations]"
Change component parameters (AddParameter): Name = "ComponentLink2URL"; Value = "http://www.tdk.co.jp/tefe02/e9412_mmz1608.pdf"; VariantName = "[No Variations]"
Change component parameters (AddParameter): Name = "ComponentLink3Description"; Value = "Octopart Link"; VariantName = "[No Variations]"
Change component parameters (AddParameter): Name = "ComponentLink3URL"; Value = "http://octopart.com/partsearch/#search/requestData&q=MMZ1608S121A"; VariantName = "[No Variations]"
Change component parameters (AddParameter): Name = "Current (mA)"; Value = "500"; VariantName = "[No Variations]"
Change component parameters (AddParameter): Name = "DC Resistance (ohms)"; Value = "0.2"; VariantName = "[No Variations]"
Change component parameters (AddParameter): Name = "Description in Visual"; Value = "Ferrite SMT 500mA 120Ohm Dif Mode 0603"; VariantName = "[No Variations]"
Change component parameters (AddParameter): Name = "Filter type"; Value = "Differential Mode - Single"; VariantName = "[No Variations]"
Change component parameters (AddParameter): Name = "Frequency"; Value = "100 MHz"; VariantName = "[No Variations]"
Change component parameters (AddParameter): Name = "Impedance at Freq (ohms)"; Value = "120"; VariantName = "[No Variations]"
Change component parameters (AddParameter): Name = "Manufacturer"; Value = "TDK"; VariantName = "[No Variations]"
Change component parameters (AddParameter): Name = "Manufacturer P/N"; Value = "MMZ1608S121A"; VariantName = "[No Variations]"
Change component parameters (AddParameter): Name = "Operating Temperature Range"; Value = "-55 to +125 °C"; VariantName = "[No Variations]"
Change component parameters (AddParameter): Name = "P/N"; Value = "MMZ1608S121A"; VariantName = "[No Variations]"
Change component parameters (AddParameter): Name = "PCB Package"; Value = "0603"; VariantName = "[No Variations]"
Change component parameters (AddParameter): Name = "Usage"; Value = "Signal Line"; VariantName = "[No Variations]"
Change component parameters: Designator = "C1" ("C1"); Footprint = "0603_CAP"; UniqueID = "\GDJTUDWI\OGKFCVKV" ("\GDJTUDWI\OGKFCVKV")
Change component parameters (AddParameter): Name = "ComponentLink1Description"; Value = "Manufacturer Website"; VariantName = "[No Variations]"
Change component parameters (AddParameter): Name = "ComponentLink1URL"; Value = ""; VariantName = "[No Variations]"
Change component parameters (AddParameter): Name = "ComponentLink2Description"; Value = "Component Datasheet"; VariantName = "[No Variations]"
Change component parameters (AddParameter): Name = "ComponentLink2URL"; Value = ""; VariantName = "[No Variations]"
Change component parameters (AddParameter): Name = "ComponentLink3Description"; Value = "Octopart Link"; VariantName = "[No Variations]"
Change component parameters (AddParameter): Name = "ComponentLink3URL"; Value = ""; VariantName = "[No Variations]"
Change component parameters (AddParameter): Name = "ComponentLink4Description"; Value = ""; VariantName = "[No Variations]"
Change component parameters (AddParameter): Name = "ComponentLink4URL"; Value = ""; VariantName = "[No Variations]"
Change component parameters (AddParameter): Name = "Description in Visual"; Value = "Cap SMT 0603 10UF 25V 20% Ceramic X5R"; VariantName = "[No Variations]"
Change component parameters (AddParameter): Name = "Features"; Value = ""; VariantName = "[No Variations]"
Change component parameters (AddParameter): Name = "Manufacturer"; Value = "Various"; VariantName = "[No Variations]"
Change component parameters (AddParameter): Name = "Manufacturer P/N"; Value = "Various"; VariantName = "[No Variations]"
Change component parameters (AddParameter): Name = "P/N"; Value = "CAP 0603 10UF 25V 20% X5R"; VariantName = "[No Variations]"
Change component parameters (AddParameter): Name = "PCB Package"; Value = "0603"; VariantName = "[No Variations]"
Change component parameters (AddParameter): Name = "Temperature Coefficient"; Value = ""; VariantName = "[No Variations]"
Change component parameters (AddParameter): Name = "Tolerance"; Value = "20%"; VariantName = "[No Variations]"
Change component parameters (AddParameter): Name = "Type"; Value = "Ceramic X5R"; VariantName = "[No Variations]"
Change component parameters (AddParameter): Name = "Val"; Value = "10UF"; VariantName = "[No Variations]"
Change component parameters (AddParameter): Name = "Value"; Value = "10UF"; VariantName = "[No Variations]"
Change component parameters (AddParameter): Name = "Vol"; Value = "25V"; VariantName = "[No Variations]"
Change component parameters (AddParameter): Name = "Voltage"; Value = "25V"; VariantName = "[No Variations]"
Change component parameters: Designator = "C2" ("C2"); Footprint = "0603_CAP"; UniqueID = "\GDJTUDWI\LJYINJCR" ("\GDJTUDWI\LJYINJCR")
Change component parameters (AddParameter): Name = "ComponentLink1Description"; Value = "Manufacturer Website"; VariantName = "[No Variations]"
Change component parameters (AddParameter): Name = "ComponentLink1URL"; Value = ""; VariantName = "[No Variations]"
Change component parameters (AddParameter): Name = "ComponentLink2Description"; Value = "Component Datasheet"; VariantName = "[No Variations]"
Change component parameters (AddParameter): Name = "ComponentLink2URL"; Value = ""; VariantName = "[No Variations]"
Change component parameters (AddParameter): Name = "ComponentLink3Description"; Value = "Octopart Link"; VariantName = "[No Variations]"
Change component parameters (AddParameter): Name = "ComponentLink3URL"; Value = ""; VariantName = "[No Variations]"
Change component parameters (AddParameter): Name = "ComponentLink4Description"; Value = ""; VariantName = "[No Variations]"
Change component parameters (AddParameter): Name = "ComponentLink4URL"; Value = ""; VariantName = "[No Variations]"
Change component parameters (AddParameter): Name = "Description in Visual"; Value = "Cap SMT 0603 1UF 50V 10% Ceramic X7R"; VariantName = "[No Variations]"
Change component parameters (AddParameter): Name = "Features"; Value = ""; VariantName = "[No Variations]"
Change component parameters (AddParameter): Name = "Manufacturer"; Value = "Various"; VariantName = "[No Variations]"
Change component parameters (AddParameter): Name = "Manufacturer P/N"; Value = "Various"; VariantName = "[No Variations]"
Change component parameters (AddParameter): Name = "P/N"; Value = "CAP 0603 1UF 50V 10% X7R"; VariantName = "[No Variations]"
Change component parameters (AddParameter): Name = "PCB Package"; Value = "0603"; VariantName = "[No Variations]"
Change component parameters (AddParameter): Name = "Temperature Coefficient"; Value = ""; VariantName = "[No Variations]"
Change component parameters (AddParameter): Name = "Tolerance"; Value = "10%"; VariantName = "[No Variations]"
Change component parameters (AddParameter): Name = "Type"; Value = "Ceramic X7R"; VariantName = "[No Variations]"
Change component parameters (AddParameter): Name = "Val"; Value = "1UF"; VariantName = "[No Variations]"
Change component parameters (AddParameter): Name = "Value"; Value = "1UF"; VariantName = "[No Variations]"
Change component parameters (AddParameter): Name = "Vol"; Value = "50V"; VariantName = "[No Variations]"
Change component parameters (AddParameter): Name = "Voltage"; Value = "50V"; VariantName = "[No Variations]"
Change component parameters: Designator = "C3" ("C3"); Footprint = "0805_CAP"; UniqueID = "\GDJTUDWI\NHBFYEKY" ("\GDJTUDWI\NHBFYEKY")
Change component parameters (AddParameter): Name = "ComponentLink1Description"; Value = "Manufacturer Website"; VariantName = "[No Variations]"
Change component parameters (AddParameter): Name = "ComponentLink1URL"; Value = ""; VariantName = "[No Variations]"
Change component parameters (AddParameter): Name = "ComponentLink2Description"; Value = "Component Datasheet"; VariantName = "[No Variations]"
Change component parameters (AddParameter): Name = "ComponentLink2URL"; Value = ""; VariantName = "[No Variations]"
Change component parameters (AddParameter): Name = "ComponentLink3Description"; Value = "Octopart Link"; VariantName = "[No Variations]"
Change component parameters (AddParameter): Name = "ComponentLink3URL"; Value = ""; VariantName = "[No Variations]"
Change component parameters (AddParameter): Name = "ComponentLink4Description"; Value = ""; VariantName = "[No Variations]"
Change component parameters (AddParameter): Name = "ComponentLink4URL"; Value = ""; VariantName = "[No Variations]"
Change component parameters (AddParameter): Name = "Description in Visual"; Value = "Cap SMT 0805 4.7UF 35V 10%  Cer X7R"; VariantName = "[No Variations]"
Change component parameters (AddParameter): Name = "Features"; Value = ""; VariantName = "[No Variations]"
Change component parameters (AddParameter): Name = "Manufacturer"; Value = "Various"; VariantName = "[No Variations]"
Change component parameters (AddParameter): Name = "Manufacturer P/N"; Value = "Various"; VariantName = "[No Variations]"
Change component parameters (AddParameter): Name = "P/N"; Value = "CAP 0805 4.7UF 35V 10% X7R"; VariantName = "[No Variations]"
Change component parameters (AddParameter): Name = "PCB Package"; Value = "0805"; VariantName = "[No Variations]"
Change component parameters (AddParameter): Name = "Temperature Coefficient"; Value = ""; VariantName = "[No Variations]"
Change component parameters (AddParameter): Name = "Tolerance"; Value = "10%"; VariantName = "[No Variations]"
Change component parameters (AddParameter): Name = "Type"; Value = "Ceramic X7R"; VariantName = "[No Variations]"
Change component parameters (AddParameter): Name = "Val"; Value = "4.7UF"; VariantName = "[No Variations]"
Change component parameters (AddParameter): Name = "Value"; Value = "4.7UF"; VariantName = "[No Variations]"
Change component parameters (AddParameter): Name = "Vol"; Value = "35V"; VariantName = "[No Variations]"
Change component parameters (AddParameter): Name = "Voltage"; Value = "35V"; VariantName = "[No Variations]"
Change component parameters: Designator = "C5" ("C5"); Footprint = "0603_CAP"; UniqueID = "\GDJTUDWI\GPKHLUQK" ("\GDJTUDWI\GPKHLUQK")
Change component parameters (AddParameter): Name = "ComponentLink1Description"; Value = "Manufacturer Website"; VariantName = "[No Variations]"
Change component parameters (AddParameter): Name = "ComponentLink2Description"; Value = "Component Datasheet"; VariantName = "[No Variations]"
Change component parameters (AddParameter): Name = "ComponentLink3Description"; Value = "Octopart Link"; VariantName = "[No Variations]"
Change component parameters (AddParameter): Name = "Description in Visual"; Value = "Cap SMT 0603 1UF 50V 10% Ceramic X7R"; VariantName = "[No Variations]"
Change component parameters (AddParameter): Name = "Manufacturer"; Value = "Various"; VariantName = "[No Variations]"
Change component parameters (AddParameter): Name = "Manufacturer P/N"; Value = "Various"; VariantName = "[No Variations]"
Change component parameters (AddParameter): Name = "P/N"; Value = "CAP 0603 1UF 50V 10% X7R"; VariantName = "[No Variations]"
Change component parameters (AddParameter): Name = "PCB Package"; Value = "0603"; VariantName = "[No Variations]"
Change component parameters (AddParameter): Name = "Tolerance"; Value = "10%"; VariantName = "[No Variations]"
Change component parameters (AddParameter): Name = "Type"; Value = "Ceramic X7R"; VariantName = "[No Variations]"
Change component parameters (AddParameter): Name = "Val"; Value = "1UF"; VariantName = "[No Variations]"
Change component parameters (AddParameter): Name = "Value"; Value = "1UF"; VariantName = "[No Variations]"
Change component parameters (AddParameter): Name = "Vol"; Value = "50V"; VariantName = "[No Variations]"
Change component parameters (AddParameter): Name = "Voltage"; Value = "50V"; VariantName = "[No Variations]"
Change component parameters: Designator = "C6" ("C6"); Footprint = "0805_CAP"; UniqueID = "\GDJTUDWI\HNQLSAUC" ("\GDJTUDWI\HNQLSAUC")
Change component parameters (AddParameter): Name = "ComponentLink1Description"; Value = "Manufacturer Website"; VariantName = "[No Variations]"
Change component parameters (AddParameter): Name = "ComponentLink2Description"; Value = "Component Datasheet"; VariantName = "[No Variations]"
Change component parameters (AddParameter): Name = "ComponentLink3Description"; Value = "Octopart Link"; VariantName = "[No Variations]"
Change component parameters (AddParameter): Name = "Description in Visual"; Value = "Cap SMT 0805 4.7UF 35V 10%  Cer X7R"; VariantName = "[No Variations]"
Change component parameters (AddParameter): Name = "Manufacturer"; Value = "Various"; VariantName = "[No Variations]"
Change component parameters (AddParameter): Name = "Manufacturer P/N"; Value = "Various"; VariantName = "[No Variations]"
Change component parameters (AddParameter): Name = "P/N"; Value = "CAP 0805 4.7UF 35V 10% X7R"; VariantName = "[No Variations]"
Change component parameters (AddParameter): Name = "PCB Package"; Value = "0805"; VariantName = "[No Variations]"
Change component parameters (AddParameter): Name = "Tolerance"; Value = "10%"; VariantName = "[No Variations]"
Change component parameters (AddParameter): Name = "Type"; Value = "Ceramic X7R"; VariantName = "[No Variations]"
Change component parameters (AddParameter): Name = "Val"; Value = "4.7UF"; VariantName = "[No Variations]"
Change component parameters (AddParameter): Name = "Value"; Value = "4.7UF"; VariantName = "[No Variations]"
Change component parameters (AddParameter): Name = "Vol"; Value = "35V"; VariantName = "[No Variations]"
Change component parameters (AddParameter): Name = "Voltage"; Value = "35V"; VariantName = "[No Variations]"
Change component parameters: Designator = "C10" ("C10"); Footprint = "0603_CAP"; UniqueID = "\WXVZRCSH\DSETGGHU" ("\WXVZRCSH\DSETGGHU")
Change component parameters (AddParameter): Name = "ComponentLink1Description"; Value = "Manufacturer Website"; VariantName = "[No Variations]"
Change component parameters (AddParameter): Name = "ComponentLink2Description"; Value = "Component Datasheet"; VariantName = "[No Variations]"
Change component parameters (AddParameter): Name = "ComponentLink3Description"; Value = "Octopart Link"; VariantName = "[No Variations]"
Change component parameters (AddParameter): Name = "Description in Visual"; Value = "Cap SMT 0603 0.1UF 16V 10%  Cer X7R"; VariantName = "[No Variations]"
Change component parameters (AddParameter): Name = "Manufacturer"; Value = "Various"; VariantName = "[No Variations]"
Change component parameters (AddParameter): Name = "Manufacturer P/N"; Value = "Various"; VariantName = "[No Variations]"
Change component parameters (AddParameter): Name = "P/N"; Value = "CAP 0603 0.1UF 16V 10% X7R"; VariantName = "[No Variations]"
Change component parameters (AddParameter): Name = "PCB Package"; Value = "0603"; VariantName = "[No Variations]"
Change component parameters (AddParameter): Name = "Tolerance"; Value = "10%"; VariantName = "[No Variations]"
Change component parameters (AddParameter): Name = "Type"; Value = "Ceramic X7R"; VariantName = "[No Variations]"
Change component parameters (AddParameter): Name = "Val"; Value = "0.1UF"; VariantName = "[No Variations]"
Change component parameters (AddParameter): Name = "Value"; Value = "0.1UF"; VariantName = "[No Variations]"
Change component parameters (AddParameter): Name = "Vol"; Value = "16V"; VariantName = "[No Variations]"
Change component parameters (AddParameter): Name = "Voltage"; Value = "16V"; VariantName = "[No Variations]"
Change component parameters: Designator = "C11" ("C11"); Footprint = "0603_CAP"; UniqueID = "\WXVZRCSH\TZEITEWL" ("\WXVZRCSH\TZEITEWL")
Change component parameters (AddParameter): Name = "ComponentLink1Description"; Value = "Manufacturer Website"; VariantName = "[No Variations]"
Change component parameters (AddParameter): Name = "ComponentLink2Description"; Value = "Component Datasheet"; VariantName = "[No Variations]"
Change component parameters (AddParameter): Name = "ComponentLink3Description"; Value = "Octopart Link"; VariantName = "[No Variations]"
Change component parameters (AddParameter): Name = "Description in Visual"; Value = "Cap SMT 0603 0.1UF 16V 10%  Cer X7R"; VariantName = "[No Variations]"
Change component parameters (AddParameter): Name = "Manufacturer"; Value = "Various"; VariantName = "[No Variations]"
Change component parameters (AddParameter): Name = "Manufacturer P/N"; Value = "Various"; VariantName = "[No Variations]"
Change component parameters (AddParameter): Name = "P/N"; Value = "CAP 0603 0.1UF 16V 10% X7R"; VariantName = "[No Variations]"
Change component parameters (AddParameter): Name = "PCB Package"; Value = "0603"; VariantName = "[No Variations]"
Change component parameters (AddParameter): Name = "Tolerance"; Value = "10%"; VariantName = "[No Variations]"
Change component parameters (AddParameter): Name = "Type"; Value = "Ceramic X7R"; VariantName = "[No Variations]"
Change component parameters (AddParameter): Name = "Val"; Value = "0.1UF"; VariantName = "[No Variations]"
Change component parameters (AddParameter): Name = "Value"; Value = "0.1UF"; VariantName = "[No Variations]"
Change component parameters (AddParameter): Name = "Vol"; Value = "16V"; VariantName = "[No Variations]"
Change component parameters (AddParameter): Name = "Voltage"; Value = "16V"; VariantName = "[No Variations]"
Change component parameters: Designator = "C12" ("C12"); Footprint = "0603_CAP"; UniqueID = "\WXVZRCSH\OYFZUPZI" ("\WXVZRCSH\OYFZUPZI")
Change component parameters (AddParameter): Name = "ComponentLink1Description"; Value = "Manufacturer Website"; VariantName = "[No Variations]"
Change component parameters (AddParameter): Name = "ComponentLink2Description"; Value = "Component Datasheet"; VariantName = "[No Variations]"
Change component parameters (AddParameter): Name = "ComponentLink3Description"; Value = "Octopart Link"; VariantName = "[No Variations]"
Change component parameters (AddParameter): Name = "Description in Visual"; Value = "Cap SMT 0603 0.1UF 16V 10%  Cer X7R"; VariantName = "[No Variations]"
Change component parameters (AddParameter): Name = "Manufacturer"; Value = "Various"; VariantName = "[No Variations]"
Change component parameters (AddParameter): Name = "Manufacturer P/N"; Value = "Various"; VariantName = "[No Variations]"
Change component parameters (AddParameter): Name = "P/N"; Value = "CAP 0603 0.1UF 16V 10% X7R"; VariantName = "[No Variations]"
Change component parameters (AddParameter): Name = "PCB Package"; Value = "0603"; VariantName = "[No Variations]"
Change component parameters (AddParameter): Name = "Tolerance"; Value = "10%"; VariantName = "[No Variations]"
Change component parameters (AddParameter): Name = "Type"; Value = "Ceramic X7R"; VariantName = "[No Variations]"
Change component parameters (AddParameter): Name = "Val"; Value = "0.1UF"; VariantName = "[No Variations]"
Change component parameters (AddParameter): Name = "Value"; Value = "0.1UF"; VariantName = "[No Variations]"
Change component parameters (AddParameter): Name = "Vol"; Value = "16V"; VariantName = "[No Variations]"
Change component parameters (AddParameter): Name = "Voltage"; Value = "16V"; VariantName = "[No Variations]"
Change component parameters: Designator = "C13" ("C13"); Footprint = "0603_CAP"; UniqueID = "\WXVZRCSH\EOTWZJQM" ("\WXVZRCSH\EOTWZJQM")
Change component parameters (AddParameter): Name = "ComponentLink1Description"; Value = "Manufacturer Website"; VariantName = "[No Variations]"
Change component parameters (AddParameter): Name = "ComponentLink2Description"; Value = "Component Datasheet"; VariantName = "[No Variations]"
Change component parameters (AddParameter): Name = "ComponentLink3Description"; Value = "Octopart Link"; VariantName = "[No Variations]"
Change component parameters (AddParameter): Name = "Description in Visual"; Value = "Cap SMT 0603 10UF 25V 20% Ceramic X5R"; VariantName = "[No Variations]"
Change component parameters (AddParameter): Name = "Manufacturer"; Value = "Various"; VariantName = "[No Variations]"
Change component parameters (AddParameter): Name = "Manufacturer P/N"; Value = "Various"; VariantName = "[No Variations]"
Change component parameters (AddParameter): Name = "P/N"; Value = "CAP 0603 10UF 25V 20% X5R"; VariantName = "[No Variations]"
Change component parameters (AddParameter): Name = "PCB Package"; Value = "0603"; VariantName = "[No Variations]"
Change component parameters (AddParameter): Name = "Tolerance"; Value = "20%"; VariantName = "[No Variations]"
Change component parameters (AddParameter): Name = "Type"; Value = "Ceramic X5R"; VariantName = "[No Variations]"
Change component parameters (AddParameter): Name = "Val"; Value = "10UF"; VariantName = "[No Variations]"
Change component parameters (AddParameter): Name = "Value"; Value = "10UF"; VariantName = "[No Variations]"
Change component parameters (AddParameter): Name = "Vol"; Value = "25V"; VariantName = "[No Variations]"
Change component parameters (AddParameter): Name = "Voltage"; Value = "25V"; VariantName = "[No Variations]"
Change component parameters: Designator = "C14" ("C14"); Footprint = "0603_CAP"; UniqueID = "\WXVZRCSH\GLAHEEOG" ("\WXVZRCSH\GLAHEEOG")
Change component parameters (AddParameter): Name = "ComponentLink1Description"; Value = "Manufacturer Website"; VariantName = "[No Variations]"
Change component parameters (AddParameter): Name = "ComponentLink2Description"; Value = "Component Datasheet"; VariantName = "[No Variations]"
Change component parameters (AddParameter): Name = "ComponentLink3Description"; Value = "Octopart Link"; VariantName = "[No Variations]"
Change component parameters (AddParameter): Name = "Description in Visual"; Value = "Cap SMT 0603 0.1UF 16V 10%  Cer X7R"; VariantName = "[No Variations]"
Change component parameters (AddParameter): Name = "Manufacturer"; Value = "Various"; VariantName = "[No Variations]"
Change component parameters (AddParameter): Name = "Manufacturer P/N"; Value = "Various"; VariantName = "[No Variations]"
Change component parameters (AddParameter): Name = "P/N"; Value = "CAP 0603 0.1UF 16V 10% X7R"; VariantName = "[No Variations]"
Change component parameters (AddParameter): Name = "PCB Package"; Value = "0603"; VariantName = "[No Variations]"
Change component parameters (AddParameter): Name = "Tolerance"; Value = "10%"; VariantName = "[No Variations]"
Change component parameters (AddParameter): Name = "Type"; Value = "Ceramic X7R"; VariantName = "[No Variations]"
Change component parameters (AddParameter): Name = "Val"; Value = "0.1UF"; VariantName = "[No Variations]"
Change component parameters (AddParameter): Name = "Value"; Value = "0.1UF"; VariantName = "[No Variations]"
Change component parameters (AddParameter): Name = "Vol"; Value = "16V"; VariantName = "[No Variations]"
Change component parameters (AddParameter): Name = "Voltage"; Value = "16V"; VariantName = "[No Variations]"
Change component parameters: Designator = "C15" ("C15"); Footprint = "0603_CAP"; UniqueID = "\QZBOFGNL\WVOWAJGZ" ("\QZBOFGNL\WVOWAJGZ")
Change component parameters (AddParameter): Name = "ComponentLink1Description"; Value = "Manufacturer Website"; VariantName = "[No Variations]"
Change component parameters (AddParameter): Name = "ComponentLink2Description"; Value = "Component Datasheet"; VariantName = "[No Variations]"
Change component parameters (AddParameter): Name = "ComponentLink3Description"; Value = "Octopart Link"; VariantName = "[No Variations]"
Change component parameters (AddParameter): Name = "Description in Visual"; Value = "Cap SMT 0603 10UF 25V 20% Ceramic X5R"; VariantName = "[No Variations]"
Change component parameters (AddParameter): Name = "Manufacturer"; Value = "Various"; VariantName = "[No Variations]"
Change component parameters (AddParameter): Name = "Manufacturer P/N"; Value = "Various"; VariantName = "[No Variations]"
Change component parameters (AddParameter): Name = "P/N"; Value = "CAP 0603 10UF 25V 20% X5R"; VariantName = "[No Variations]"
Change component parameters (AddParameter): Name = "PCB Package"; Value = "0603"; VariantName = "[No Variations]"
Change component parameters (AddParameter): Name = "Tolerance"; Value = "20%"; VariantName = "[No Variations]"
Change component parameters (AddParameter): Name = "Type"; Value = "Ceramic X5R"; VariantName = "[No Variations]"
Change component parameters (AddParameter): Name = "Val"; Value = "10UF"; VariantName = "[No Variations]"
Change component parameters (AddParameter): Name = "Value"; Value = "10UF"; VariantName = "[No Variations]"
Change component parameters (AddParameter): Name = "Vol"; Value = "25V"; VariantName = "[No Variations]"
Change component parameters (AddParameter): Name = "Voltage"; Value = "25V"; VariantName = "[No Variations]"
Change component parameters: Designator = "C16" ("C16"); Footprint = "0603_CAP"; UniqueID = "\QZBOFGNL\UNTDFMUW" ("\QZBOFGNL\UNTDFMUW")
Change component parameters (AddParameter): Name = "ComponentLink1Description"; Value = "Manufacturer Website"; VariantName = "[No Variations]"
Change component parameters (AddParameter): Name = "ComponentLink2Description"; Value = "Component Datasheet"; VariantName = "[No Variations]"
Change component parameters (AddParameter): Name = "ComponentLink3Description"; Value = "Octopart Link"; VariantName = "[No Variations]"
Change component parameters (AddParameter): Name = "Description in Visual"; Value = "Cap SMT 0603 1PF 50V 0.05PF  MLO"; VariantName = "[No Variations]"
Change component parameters (AddParameter): Name = "Manufacturer"; Value = "Various"; VariantName = "[No Variations]"
Change component parameters (AddParameter): Name = "Manufacturer P/N"; Value = "Various"; VariantName = "[No Variations]"
Change component parameters (AddParameter): Name = "P/N"; Value = "CAP 0603 1PF 50V 0.05PF MLO"; VariantName = "[No Variations]"
Change component parameters (AddParameter): Name = "PCB Package"; Value = "0603"; VariantName = "[No Variations]"
Change component parameters (AddParameter): Name = "Tolerance"; Value = "0.05PF"; VariantName = "[No Variations]"
Change component parameters (AddParameter): Name = "Type"; Value = "MLO"; VariantName = "[No Variations]"
Change component parameters (AddParameter): Name = "Val"; Value = "1PF"; VariantName = "[No Variations]"
Change component parameters (AddParameter): Name = "Value"; Value = "1PF"; VariantName = "[No Variations]"
Change component parameters (AddParameter): Name = "Vol"; Value = "50V"; VariantName = "[No Variations]"
Change component parameters (AddParameter): Name = "Voltage"; Value = "50V"; VariantName = "[No Variations]"
Change component parameters: Designator = "C17" ("C17"); Footprint = "0603_CAP"; UniqueID = "\QZBOFGNL\ROORNLRT" ("\QZBOFGNL\ROORNLRT")
Change component parameters (AddParameter): Name = "ComponentLink1Description"; Value = "Manufacturer Website"; VariantName = "[No Variations]"
Change component parameters (AddParameter): Name = "ComponentLink2Description"; Value = "Component Datasheet"; VariantName = "[No Variations]"
Change component parameters (AddParameter): Name = "ComponentLink3Description"; Value = "Octopart Link"; VariantName = "[No Variations]"
Change component parameters (AddParameter): Name = "Description in Visual"; Value = "Cap SMT 0603 10UF 25V 20% Ceramic X5R"; VariantName = "[No Variations]"
Change component parameters (AddParameter): Name = "Manufacturer"; Value = "Various"; VariantName = "[No Variations]"
Change component parameters (AddParameter): Name = "Manufacturer P/N"; Value = "Various"; VariantName = "[No Variations]"
Change component parameters (AddParameter): Name = "P/N"; Value = "CAP 0603 10UF 25V 20% X5R"; VariantName = "[No Variations]"
Change component parameters (AddParameter): Name = "PCB Package"; Value = "0603"; VariantName = "[No Variations]"
Change component parameters (AddParameter): Name = "Tolerance"; Value = "20%"; VariantName = "[No Variations]"
Change component parameters (AddParameter): Name = "Type"; Value = "Ceramic X5R"; VariantName = "[No Variations]"
Change component parameters (AddParameter): Name = "Val"; Value = "10UF"; VariantName = "[No Variations]"
Change component parameters (AddParameter): Name = "Value"; Value = "10UF"; VariantName = "[No Variations]"
Change component parameters (AddParameter): Name = "Vol"; Value = "25V"; VariantName = "[No Variations]"
Change component parameters (AddParameter): Name = "Voltage"; Value = "25V"; VariantName = "[No Variations]"
Change component parameters: Designator = "C18" ("C18"); Footprint = "0603_CAP"; UniqueID = "\QZBOFGNL\NWISLWRY" ("\QZBOFGNL\NWISLWRY")
Change component parameters (AddParameter): Name = "ComponentLink1Description"; Value = "Manufacturer Website"; VariantName = "[No Variations]"
Change component parameters (AddParameter): Name = "ComponentLink2Description"; Value = "Component Datasheet"; VariantName = "[No Variations]"
Change component parameters (AddParameter): Name = "ComponentLink3Description"; Value = "Octopart Link"; VariantName = "[No Variations]"
Change component parameters (AddParameter): Name = "Description in Visual"; Value = "Cap SMT 0603 0.1UF 16V 10%  Cer X7R"; VariantName = "[No Variations]"
Change component parameters (AddParameter): Name = "Manufacturer"; Value = "Various"; VariantName = "[No Variations]"
Change component parameters (AddParameter): Name = "Manufacturer P/N"; Value = "Various"; VariantName = "[No Variations]"
Change component parameters (AddParameter): Name = "P/N"; Value = "CAP 0603 0.1UF 16V 10% X7R"; VariantName = "[No Variations]"
Change component parameters (AddParameter): Name = "PCB Package"; Value = "0603"; VariantName = "[No Variations]"
Change component parameters (AddParameter): Name = "Tolerance"; Value = "10%"; VariantName = "[No Variations]"
Change component parameters (AddParameter): Name = "Type"; Value = "Ceramic X7R"; VariantName = "[No Variations]"
Change component parameters (AddParameter): Name = "Val"; Value = "0.1UF"; VariantName = "[No Variations]"
Change component parameters (AddParameter): Name = "Value"; Value = "0.1UF"; VariantName = "[No Variations]"
Change component parameters (AddParameter): Name = "Vol"; Value = "16V"; VariantName = "[No Variations]"
Change component parameters (AddParameter): Name = "Voltage"; Value = "16V"; VariantName = "[No Variations]"
Change component parameters: Designator = "C19" ("C19"); Footprint = "0603_CAP"; UniqueID = "\QZBOFGNL\JGTYIEYZ" ("\QZBOFGNL\JGTYIEYZ")
Change component parameters (AddParameter): Name = "ComponentLink1Description"; Value = "Manufacturer Website"; VariantName = "[No Variations]"
Change component parameters (AddParameter): Name = "ComponentLink2Description"; Value = "Component Datasheet"; VariantName = "[No Variations]"
Change component parameters (AddParameter): Name = "ComponentLink3Description"; Value = "Octopart Link"; VariantName = "[No Variations]"
Change component parameters (AddParameter): Name = "Description in Visual"; Value = "Cap SMT 0603 0.1UF 16V 10%  Cer X7R"; VariantName = "[No Variations]"
Change component parameters (AddParameter): Name = "Manufacturer"; Value = "Various"; VariantName = "[No Variations]"
Change component parameters (AddParameter): Name = "Manufacturer P/N"; Value = "Various"; VariantName = "[No Variations]"
Change component parameters (AddParameter): Name = "P/N"; Value = "CAP 0603 0.1UF 16V 10% X7R"; VariantName = "[No Variations]"
Change component parameters (AddParameter): Name = "PCB Package"; Value = "0603"; VariantName = "[No Variations]"
Change component parameters (AddParameter): Name = "Tolerance"; Value = "10%"; VariantName = "[No Variations]"
Change component parameters (AddParameter): Name = "Type"; Value = "Ceramic X7R"; VariantName = "[No Variations]"
Change component parameters (AddParameter): Name = "Val"; Value = "0.1UF"; VariantName = "[No Variations]"
Change component parameters (AddParameter): Name = "Value"; Value = "0.1UF"; VariantName = "[No Variations]"
Change component parameters (AddParameter): Name = "Vol"; Value = "16V"; VariantName = "[No Variations]"
Change component parameters (AddParameter): Name = "Voltage"; Value = "16V"; VariantName = "[No Variations]"
Change component parameters: Designator = "C20" ("C20"); Footprint = "0603_CAP"; UniqueID = "\MBNRXBXE\YGZNDACM" ("\MBNRXBXE\YGZNDACM")
Change component parameters (AddParameter): Name = "ComponentLink1Description"; Value = "Manufacturer Website"; VariantName = "[No Variations]"
Change component parameters (AddParameter): Name = "ComponentLink2Description"; Value = "Component Datasheet"; VariantName = "[No Variations]"
Change component parameters (AddParameter): Name = "ComponentLink3Description"; Value = "Octopart Link"; VariantName = "[No Variations]"
Change component parameters (AddParameter): Name = "Description in Visual"; Value = "Cap SMT 0603 0.1UF 16V 10%  Cer X7R"; VariantName = "[No Variations]"
Change component parameters (AddParameter): Name = "Manufacturer"; Value = "Various"; VariantName = "[No Variations]"
Change component parameters (AddParameter): Name = "Manufacturer P/N"; Value = "Various"; VariantName = "[No Variations]"
Change component parameters (AddParameter): Name = "P/N"; Value = "CAP 0603 0.1UF 16V 10% X7R"; VariantName = "[No Variations]"
Change component parameters (AddParameter): Name = "PCB Package"; Value = "0603"; VariantName = "[No Variations]"
Change component parameters (AddParameter): Name = "Tolerance"; Value = "10%"; VariantName = "[No Variations]"
Change component parameters (AddParameter): Name = "Type"; Value = "Ceramic X7R"; VariantName = "[No Variations]"
Change component parameters (AddParameter): Name = "Val"; Value = "0.1UF"; VariantName = "[No Variations]"
Change component parameters (AddParameter): Name = "Value"; Value = "0.1UF"; VariantName = "[No Variations]"
Change component parameters (AddParameter): Name = "Vol"; Value = "16V"; VariantName = "[No Variations]"
Change component parameters (AddParameter): Name = "Voltage"; Value = "16V"; VariantName = "[No Variations]"
Change component parameters: Designator = "C21" ("C21"); Footprint = "0603_CAP"; UniqueID = "\MBNRXBXE\IGSWQNIW" ("\MBNRXBXE\IGSWQNIW")
Change component parameters (AddParameter): Name = "ComponentLink1Description"; Value = "Manufacturer Website"; VariantName = "[No Variations]"
Change component parameters (AddParameter): Name = "ComponentLink2Description"; Value = "Component Datasheet"; VariantName = "[No Variations]"
Change component parameters (AddParameter): Name = "ComponentLink3Description"; Value = "Octopart Link"; VariantName = "[No Variations]"
Change component parameters (AddParameter): Name = "Description in Visual"; Value = "Cap SMT 0603 0.1UF 16V 10%  Cer X7R"; VariantName = "[No Variations]"
Change component parameters (AddParameter): Name = "Manufacturer"; Value = "Various"; VariantName = "[No Variations]"
Change component parameters (AddParameter): Name = "Manufacturer P/N"; Value = "Various"; VariantName = "[No Variations]"
Change component parameters (AddParameter): Name = "P/N"; Value = "CAP 0603 0.1UF 16V 10% X7R"; VariantName = "[No Variations]"
Change component parameters (AddParameter): Name = "PCB Package"; Value = "0603"; VariantName = "[No Variations]"
Change component parameters (AddParameter): Name = "Tolerance"; Value = "10%"; VariantName = "[No Variations]"
Change component parameters (AddParameter): Name = "Type"; Value = "Ceramic X7R"; VariantName = "[No Variations]"
Change component parameters (AddParameter): Name = "Val"; Value = "0.1UF"; VariantName = "[No Variations]"
Change component parameters (AddParameter): Name = "Value"; Value = "0.1UF"; VariantName = "[No Variations]"
Change component parameters (AddParameter): Name = "Vol"; Value = "16V"; VariantName = "[No Variations]"
Change component parameters (AddParameter): Name = "Voltage"; Value = "16V"; VariantName = "[No Variations]"
Change component parameters: Designator = "C22" ("C22"); Footprint = "0603_CAP"; UniqueID = "\MBNRXBXE\OQISKPEC\IRJYRPYM" ("\MBNRXBXE\OQISKPEC\IRJYRPYM")
Change component parameters (AddParameter): Name = "ComponentLink1Description"; Value = "Manufacturer Website"; VariantName = "[No Variations]"
Change component parameters (AddParameter): Name = "ComponentLink2Description"; Value = "Component Datasheet"; VariantName = "[No Variations]"
Change component parameters (AddParameter): Name = "ComponentLink3Description"; Value = "Octopart Link"; VariantName = "[No Variations]"
Change component parameters (AddParameter): Name = "Description in Visual"; Value = "Cap SMT 0603 0.1UF 16V 10%  Cer X7R"; VariantName = "[No Variations]"
Change component parameters (AddParameter): Name = "Manufacturer"; Value = "Various"; VariantName = "[No Variations]"
Change component parameters (AddParameter): Name = "Manufacturer P/N"; Value = "Various"; VariantName = "[No Variations]"
Change component parameters (AddParameter): Name = "P/N"; Value = "CAP 0603 0.1UF 16V 10% X7R"; VariantName = "[No Variations]"
Change component parameters (AddParameter): Name = "PCB Package"; Value = "0603"; VariantName = "[No Variations]"
Change component parameters (AddParameter): Name = "Tolerance"; Value = "10%"; VariantName = "[No Variations]"
Change component parameters (AddParameter): Name = "Type"; Value = "Ceramic X7R"; VariantName = "[No Variations]"
Change component parameters (AddParameter): Name = "Val"; Value = "0.1UF"; VariantName = "[No Variations]"
Change component parameters (AddParameter): Name = "Value"; Value = "0.1UF"; VariantName = "[No Variations]"
Change component parameters (AddParameter): Name = "Vol"; Value = "16V"; VariantName = "[No Variations]"
Change component parameters (AddParameter): Name = "Voltage"; Value = "16V"; VariantName = "[No Variations]"
Change component parameters: Designator = "R1" ("R1"); Footprint = "0805_RES"; UniqueID = "\GDJTUDWI\IYSMAXCJ" ("\GDJTUDWI\IYSMAXCJ")
Change component parameters (AddParameter): Name = "Description in Visual"; Value = "Res SMT 2 0805  1%  0.125W"; VariantName = "[No Variations]"
Change component parameters (AddParameter): Name = "Manufacturer"; Value = "Various"; VariantName = "[No Variations]"
Change component parameters (AddParameter): Name = "Manufacturer P/N"; Value = "Various"; VariantName = "[No Variations]"
Change component parameters (AddParameter): Name = "P/N"; Value = "RES 0805 2 1%"; VariantName = "[No Variations]"
Change component parameters (AddParameter): Name = "PCB Package"; Value = "0805"; VariantName = "[No Variations]"
Change component parameters (AddParameter): Name = "Power_Rating"; Value = "0.125W"; VariantName = "[No Variations]"
Change component parameters (AddParameter): Name = "Tol"; Value = "1%"; VariantName = "[No Variations]"
Change component parameters (AddParameter): Name = "Tolerance"; Value = "1%"; VariantName = "[No Variations]"
Change component parameters (AddParameter): Name = "Val"; Value = "2"; VariantName = "[No Variations]"
Change component parameters (AddParameter): Name = "Value"; Value = "2"; VariantName = "[No Variations]"
Change component parameters: Designator = "R2" ("R2"); Footprint = "0603_RES"; UniqueID = "\WXVZRCSH\AWBIBWQA" ("\WXVZRCSH\AWBIBWQA")
Change component parameters (AddParameter): Name = "ComponentLink1Description"; Value = ""; VariantName = "[No Variations]"
Change component parameters (AddParameter): Name = "ComponentLink1URL"; Value = ""; VariantName = "[No Variations]"
Change component parameters (AddParameter): Name = "ComponentLink2Description"; Value = ""; VariantName = "[No Variations]"
Change component parameters (AddParameter): Name = "ComponentLink2URL"; Value = ""; VariantName = "[No Variations]"
Change component parameters (AddParameter): Name = "ComponentLink3Description"; Value = ""; VariantName = "[No Variations]"
Change component parameters (AddParameter): Name = "ComponentLink3URL"; Value = ""; VariantName = "[No Variations]"
Change component parameters (AddParameter): Name = "ComponentLink4Description"; Value = ""; VariantName = "[No Variations]"
Change component parameters (AddParameter): Name = "ComponentLink4URL"; Value = ""; VariantName = "[No Variations]"
Change component parameters (AddParameter): Name = "Description in Visual"; Value = "Res SMT 330K 0603  1%  0.1W"; VariantName = "[No Variations]"
Change component parameters (AddParameter): Name = "Manufacturer"; Value = "Various"; VariantName = "[No Variations]"
Change component parameters (AddParameter): Name = "Manufacturer P/N"; Value = "Various"; VariantName = "[No Variations]"
Change component parameters (AddParameter): Name = "P/N"; Value = "RES 0603 330K 1%"; VariantName = "[No Variations]"
Change component parameters (AddParameter): Name = "PCB Package"; Value = "0603"; VariantName = "[No Variations]"
Change component parameters (AddParameter): Name = "Power_Rating"; Value = "0.1W"; VariantName = "[No Variations]"
Change component parameters (AddParameter): Name = "Temperature Coefficient"; Value = ""; VariantName = "[No Variations]"
Change component parameters (AddParameter): Name = "Tol"; Value = "1%"; VariantName = "[No Variations]"
Change component parameters (AddParameter): Name = "Tolerance"; Value = "1%"; VariantName = "[No Variations]"
Change component parameters (AddParameter): Name = "Val"; Value = "330K"; VariantName = "[No Variations]"
Change component parameters (AddParameter): Name = "Value"; Value = "330K"; VariantName = "[No Variations]"
Change component parameters: Designator = "R4" ("R4"); Footprint = "0603_RES"; UniqueID = "\WXVZRCSH\PODFRAOX" ("\WXVZRCSH\PODFRAOX")
Change component parameters (AddParameter): Name = "Description in Visual"; Value = "Res SMT 10K 0603  1%  0.1W"; VariantName = "[No Variations]"
Change component parameters (AddParameter): Name = "Manufacturer"; Value = "Various"; VariantName = "[No Variations]"
Change component parameters (AddParameter): Name = "Manufacturer P/N"; Value = "Various"; VariantName = "[No Variations]"
Change component parameters (AddParameter): Name = "P/N"; Value = "RES 0603 10K 1%"; VariantName = "[No Variations]"
Change component parameters (AddParameter): Name = "PCB Package"; Value = "0603"; VariantName = "[No Variations]"
Change component parameters (AddParameter): Name = "Power_Rating"; Value = "0.1W"; VariantName = "[No Variations]"
Change component parameters (AddParameter): Name = "Tol"; Value = "1%"; VariantName = "[No Variations]"
Change component parameters (AddParameter): Name = "Tolerance"; Value = "1%"; VariantName = "[No Variations]"
Change component parameters (AddParameter): Name = "Val"; Value = "10K"; VariantName = "[No Variations]"
Change component parameters (AddParameter): Name = "Value"; Value = "10K"; VariantName = "[No Variations]"
Change component parameters: Designator = "R11" ("R11"); Footprint = "0603_RES"; UniqueID = "\WXVZRCSH\VVFLAHEY" ("\WXVZRCSH\VVFLAHEY")
Change component parameters (AddParameter): Name = "Description in Visual"; Value = "Res SMT 10K 0603  1%  0.1W"; VariantName = "[No Variations]"
Change component parameters (AddParameter): Name = "Manufacturer"; Value = "Various"; VariantName = "[No Variations]"
Change component parameters (AddParameter): Name = "Manufacturer P/N"; Value = "Various"; VariantName = "[No Variations]"
Change component parameters (AddParameter): Name = "P/N"; Value = "RES 0603 10K 1%"; VariantName = "[No Variations]"
Change component parameters (AddParameter): Name = "PCB Package"; Value = "0603"; VariantName = "[No Variations]"
Change component parameters (AddParameter): Name = "Power_Rating"; Value = "0.1W"; VariantName = "[No Variations]"
Change component parameters (AddParameter): Name = "Tol"; Value = "1%"; VariantName = "[No Variations]"
Change component parameters (AddParameter): Name = "Tolerance"; Value = "1%"; VariantName = "[No Variations]"
Change component parameters (AddParameter): Name = "Val"; Value = "10K"; VariantName = "[No Variations]"
Change component parameters (AddParameter): Name = "Value"; Value = "10K"; VariantName = "[No Variations]"
Change component parameters: Designator = "R19" ("R19"); Footprint = "0603_RES"; UniqueID = "\QZBOFGNL\FXEOQXSP" ("\QZBOFGNL\FXEOQXSP")
Change component parameters (AddParameter): Name = "Description in Visual"; Value = "Res SMT 620 0603  1%  0.1W"; VariantName = "[No Variations]"
Change component parameters (AddParameter): Name = "Manufacturer"; Value = "Various"; VariantName = "[No Variations]"
Change component parameters (AddParameter): Name = "Manufacturer P/N"; Value = "Various"; VariantName = "[No Variations]"
Change component parameters (AddParameter): Name = "P/N"; Value = "RES 0603 620 1%"; VariantName = "[No Variations]"
Change component parameters (AddParameter): Name = "PCB Package"; Value = "0603"; VariantName = "[No Variations]"
Change component parameters (AddParameter): Name = "Power_Rating"; Value = "0.1W"; VariantName = "[No Variations]"
Change component parameters (AddParameter): Name = "Tol"; Value = "1%"; VariantName = "[No Variations]"
Change component parameters (AddParameter): Name = "Tolerance"; Value = "1%"; VariantName = "[No Variations]"
Change component parameters (AddParameter): Name = "Val"; Value = "620"; VariantName = "[No Variations]"
Change component parameters (AddParameter): Name = "Value"; Value = "620"; VariantName = "[No Variations]"
Change component parameters: Designator = "R21" ("R21"); Footprint = "0603_RES"; UniqueID = "\QZBOFGNL\FANBTZDV" ("\QZBOFGNL\FANBTZDV")
Change component parameters (AddParameter): Name = "Description in Visual"; Value = "Res SMT 49.9K 0603  0.1%  0.1W"; VariantName = "[No Variations]"
Change component parameters (AddParameter): Name = "Manufacturer"; Value = "Various"; VariantName = "[No Variations]"
Change component parameters (AddParameter): Name = "Manufacturer P/N"; Value = "Various"; VariantName = "[No Variations]"
Change component parameters (AddParameter): Name = "P/N"; Value = "RES 0603 49.9K 0.1%"; VariantName = "[No Variations]"
Change component parameters (AddParameter): Name = "PCB Package"; Value = "0603"; VariantName = "[No Variations]"
Change component parameters (AddParameter): Name = "Power_Rating"; Value = "0.1W"; VariantName = "[No Variations]"
Change component parameters (AddParameter): Name = "Tol"; Value = "0.1%"; VariantName = "[No Variations]"
Change component parameters (AddParameter): Name = "Tolerance"; Value = "0.1%"; VariantName = "[No Variations]"
Change component parameters (AddParameter): Name = "Val"; Value = "49.9K"; VariantName = "[No Variations]"
Change component parameters (AddParameter): Name = "Value"; Value = "49.9K"; VariantName = "[No Variations]"
Change component parameters: Designator = "R23" ("R23"); Footprint = "0603_RES"; UniqueID = "\QZBOFGNL\KJWJFWOV" ("\QZBOFGNL\KJWJFWOV")
Change component parameters (AddParameter): Name = "Description in Visual"; Value = "Res SMT 200 0603  1%  0.1W"; VariantName = "[No Variations]"
Change component parameters (AddParameter): Name = "Manufacturer"; Value = "Various"; VariantName = "[No Variations]"
Change component parameters (AddParameter): Name = "Manufacturer P/N"; Value = "Various"; VariantName = "[No Variations]"
Change component parameters (AddParameter): Name = "P/N"; Value = "RES 0603 200 1%"; VariantName = "[No Variations]"
Change component parameters (AddParameter): Name = "PCB Package"; Value = "0603"; VariantName = "[No Variations]"
Change component parameters (AddParameter): Name = "Power_Rating"; Value = "0.1W"; VariantName = "[No Variations]"
Change component parameters (AddParameter): Name = "Tol"; Value = "1%"; VariantName = "[No Variations]"
Change component parameters (AddParameter): Name = "Tolerance"; Value = "1%"; VariantName = "[No Variations]"
Change component parameters (AddParameter): Name = "Val"; Value = "200"; VariantName = "[No Variations]"
Change component parameters (AddParameter): Name = "Value"; Value = "200"; VariantName = "[No Variations]"
Change component parameters: Designator = "R24" ("R24"); Footprint = "0603_RES"; UniqueID = "\QZBOFGNL\AKCXHMKP" ("\QZBOFGNL\AKCXHMKP")
Change component parameters (AddParameter): Name = "Description in Visual"; Value = "Res SMT 620 0603  1%  0.1W"; VariantName = "[No Variations]"
Change component parameters (AddParameter): Name = "Manufacturer"; Value = "Various"; VariantName = "[No Variations]"
Change component parameters (AddParameter): Name = "Manufacturer P/N"; Value = "Various"; VariantName = "[No Variations]"
Change component parameters (AddParameter): Name = "P/N"; Value = "RES 0603 620 1%"; VariantName = "[No Variations]"
Change component parameters (AddParameter): Name = "PCB Package"; Value = "0603"; VariantName = "[No Variations]"
Change component parameters (AddParameter): Name = "Power_Rating"; Value = "0.1W"; VariantName = "[No Variations]"
Change component parameters (AddParameter): Name = "Tol"; Value = "1%"; VariantName = "[No Variations]"
Change component parameters (AddParameter): Name = "Tolerance"; Value = "1%"; VariantName = "[No Variations]"
Change component parameters (AddParameter): Name = "Val"; Value = "620"; VariantName = "[No Variations]"
Change component parameters (AddParameter): Name = "Value"; Value = "620"; VariantName = "[No Variations]"
Change component parameters: Designator = "R26" ("R26"); Footprint = "0603_RES"; UniqueID = "\QZBOFGNL\YKTUEWDU" ("\QZBOFGNL\YKTUEWDU")
Change component parameters (AddParameter): Name = "Description in Visual"; Value = "Res SMT 47K 0603  1%  0.1W"; VariantName = "[No Variations]"
Change component parameters (AddParameter): Name = "Manufacturer"; Value = "Various"; VariantName = "[No Variations]"
Change component parameters (AddParameter): Name = "Manufacturer P/N"; Value = "Various"; VariantName = "[No Variations]"
Change component parameters (AddParameter): Name = "P/N"; Value = "RES 0603 47K 1%"; VariantName = "[No Variations]"
Change component parameters (AddParameter): Name = "PCB Package"; Value = "0603"; VariantName = "[No Variations]"
Change component parameters (AddParameter): Name = "Power_Rating"; Value = "0.1W"; VariantName = "[No Variations]"
Change component parameters (AddParameter): Name = "Tol"; Value = "1%"; VariantName = "[No Variations]"
Change component parameters (AddParameter): Name = "Tolerance"; Value = "1%"; VariantName = "[No Variations]"
Change component parameters (AddParameter): Name = "Val"; Value = "47K"; VariantName = "[No Variations]"
Change component parameters (AddParameter): Name = "Value"; Value = "47K"; VariantName = "[No Variations]"
Change component parameters: Designator = "R28" ("R28"); Footprint = "0805_RES"; UniqueID = "\QZBOFGNL\LXSZGNUI" ("\QZBOFGNL\LXSZGNUI")
Change component parameters (AddParameter): Name = "ComponentLink1Description"; Value = ""; VariantName = "[No Variations]"
Change component parameters (AddParameter): Name = "ComponentLink1URL"; Value = ""; VariantName = "[No Variations]"
Change component parameters (AddParameter): Name = "ComponentLink2Description"; Value = ""; VariantName = "[No Variations]"
Change component parameters (AddParameter): Name = "ComponentLink2URL"; Value = ""; VariantName = "[No Variations]"
Change component parameters (AddParameter): Name = "ComponentLink3Description"; Value = ""; VariantName = "[No Variations]"
Change component parameters (AddParameter): Name = "ComponentLink3URL"; Value = ""; VariantName = "[No Variations]"
Change component parameters (AddParameter): Name = "ComponentLink4Description"; Value = ""; VariantName = "[No Variations]"
Change component parameters (AddParameter): Name = "ComponentLink4URL"; Value = ""; VariantName = "[No Variations]"
Change component parameters (AddParameter): Name = "Description in Visual"; Value = "Res SMT 523K 0805  0.1%  0.125W"; VariantName = "[No Variations]"
Change component parameters (AddParameter): Name = "Manufacturer"; Value = "Various"; VariantName = "[No Variations]"
Change component parameters (AddParameter): Name = "Manufacturer P/N"; Value = "Various"; VariantName = "[No Variations]"
Change component parameters (AddParameter): Name = "P/N"; Value = "RES 0805 523K 0.1%"; VariantName = "[No Variations]"
Change component parameters (AddParameter): Name = "PCB Package"; Value = "0805"; VariantName = "[No Variations]"
Change component parameters (AddParameter): Name = "Power_Rating"; Value = "0.125W"; VariantName = "[No Variations]"
Change component parameters (AddParameter): Name = "Temperature Coefficient"; Value = ""; VariantName = "[No Variations]"
Change component parameters (AddParameter): Name = "Tol"; Value = "0.1%"; VariantName = "[No Variations]"
Change component parameters (AddParameter): Name = "Tolerance"; Value = "0.1%"; VariantName = "[No Variations]"
Change component parameters (AddParameter): Name = "Val"; Value = "523K"; VariantName = "[No Variations]"
Change component parameters (AddParameter): Name = "Value"; Value = "523K"; VariantName = "[No Variations]"
Change component parameters: Designator = "R29" ("R29"); Footprint = "0603_RES"; UniqueID = "\TKVAJXIT\AKYLFZAI" ("\TKVAJXIT\AKYLFZAI")
Change component parameters (AddParameter): Name = "Description in Visual"; Value = "Res SMT 200 0603  1%  0.1W"; VariantName = "[No Variations]"
Change component parameters (AddParameter): Name = "Manufacturer"; Value = "Various"; VariantName = "[No Variations]"
Change component parameters (AddParameter): Name = "Manufacturer P/N"; Value = "Various"; VariantName = "[No Variations]"
Change component parameters (AddParameter): Name = "P/N"; Value = "RES 0603 200 1%"; VariantName = "[No Variations]"
Change component parameters (AddParameter): Name = "PCB Package"; Value = "0603"; VariantName = "[No Variations]"
Change component parameters (AddParameter): Name = "Power_Rating"; Value = "0.1W"; VariantName = "[No Variations]"
Change component parameters (AddParameter): Name = "Tol"; Value = "1%"; VariantName = "[No Variations]"
Change component parameters (AddParameter): Name = "Tolerance"; Value = "1%"; VariantName = "[No Variations]"
Change component parameters (AddParameter): Name = "Val"; Value = "200"; VariantName = "[No Variations]"
Change component parameters (AddParameter): Name = "Value"; Value = "200"; VariantName = "[No Variations]"
Change component parameters: Designator = "R30" ("R30"); Footprint = "0603_RES"; UniqueID = "\TKVAJXIT\LDEBCSYJ" ("\TKVAJXIT\LDEBCSYJ")
Change component parameters (AddParameter): Name = "Description in Visual"; Value = "Res SMT 620 0603  1%  0.1W"; VariantName = "[No Variations]"
Change component parameters (AddParameter): Name = "Manufacturer"; Value = "Various"; VariantName = "[No Variations]"
Change component parameters (AddParameter): Name = "Manufacturer P/N"; Value = "Various"; VariantName = "[No Variations]"
Change component parameters (AddParameter): Name = "P/N"; Value = "RES 0603 620 1%"; VariantName = "[No Variations]"
Change component parameters (AddParameter): Name = "PCB Package"; Value = "0603"; VariantName = "[No Variations]"
Change component parameters (AddParameter): Name = "Power_Rating"; Value = "0.1W"; VariantName = "[No Variations]"
Change component parameters (AddParameter): Name = "Tol"; Value = "1%"; VariantName = "[No Variations]"
Change component parameters (AddParameter): Name = "Tolerance"; Value = "1%"; VariantName = "[No Variations]"
Change component parameters (AddParameter): Name = "Val"; Value = "620"; VariantName = "[No Variations]"
Change component parameters (AddParameter): Name = "Value"; Value = "620"; VariantName = "[No Variations]"
Change component parameters: Designator = "R32" ("R32"); Footprint = "0603_RES"; UniqueID = "\MBNRXBXE\OQISKPEC\CSZJTCKY" ("\MBNRXBXE\OQISKPEC\CSZJTCKY")
Change component parameters (AddParameter): Name = "Description in Visual"; Value = "Res SMT 62.6K 0603  0.05%  0.1W"; VariantName = "[No Variations]"
Change component parameters (AddParameter): Name = "Manufacturer"; Value = "Various"; VariantName = "[No Variations]"
Change component parameters (AddParameter): Name = "Manufacturer P/N"; Value = "Various"; VariantName = "[No Variations]"
Change component parameters (AddParameter): Name = "P/N"; Value = "RES 0603 62.6K 0.1%"; VariantName = "[No Variations]"
Change component parameters (AddParameter): Name = "PCB Package"; Value = "0603"; VariantName = "[No Variations]"
Change component parameters (AddParameter): Name = "Power_Rating"; Value = "0.1W"; VariantName = "[No Variations]"
Change component parameters (AddParameter): Name = "Tol"; Value = "0.1%"; VariantName = "[No Variations]"
Change component parameters (AddParameter): Name = "Tolerance"; Value = "0.1%"; VariantName = "[No Variations]"
Change component parameters (AddParameter): Name = "Val"; Value = "62.6K"; VariantName = "[No Variations]"
Change component parameters (AddParameter): Name = "Value"; Value = "62.6K"; VariantName = "[No Variations]"
Change component parameters: Designator = "R33" ("R33"); Footprint = "0603_RES"; UniqueID = "\MBNRXBXE\OQISKPEC\EQRQDGGT" ("\MBNRXBXE\OQISKPEC\EQRQDGGT")
Change component parameters (AddParameter): Name = "Description in Visual"; Value = "Res SMT 100K 0603  0.1%  0.1W"; VariantName = "[No Variations]"
Change component parameters (AddParameter): Name = "Manufacturer"; Value = "Various"; VariantName = "[No Variations]"
Change component parameters (AddParameter): Name = "Manufacturer P/N"; Value = "Various"; VariantName = "[No Variations]"
Change component parameters (AddParameter): Name = "P/N"; Value = "RES 0603 100K 0.1%"; VariantName = "[No Variations]"
Change component parameters (AddParameter): Name = "PCB Package"; Value = "0603"; VariantName = "[No Variations]"
Change component parameters (AddParameter): Name = "Power_Rating"; Value = "0.1W"; VariantName = "[No Variations]"
Change component parameters (AddParameter): Name = "Tol"; Value = "0.1%"; VariantName = "[No Variations]"
Change component parameters (AddParameter): Name = "Tolerance"; Value = "0.1%"; VariantName = "[No Variations]"
Change component parameters (AddParameter): Name = "Val"; Value = "100K"; VariantName = "[No Variations]"
Change component parameters (AddParameter): Name = "Value"; Value = "100K"; VariantName = "[No Variations]"
Change component parameters: Designator = "R34" ("R34"); Footprint = "0603_RES"; UniqueID = "\MBNRXBXE\OQISKPEC\MZVBQTVT" ("\MBNRXBXE\OQISKPEC\MZVBQTVT")
Change component parameters (AddParameter): Name = "Description in Visual"; Value = "Res SMT 100K 0603  0.1%  0.1W"; VariantName = "[No Variations]"
Change component parameters (AddParameter): Name = "Manufacturer"; Value = "Various"; VariantName = "[No Variations]"
Change component parameters (AddParameter): Name = "Manufacturer P/N"; Value = "Various"; VariantName = "[No Variations]"
Change component parameters (AddParameter): Name = "P/N"; Value = "RES 0603 100K 0.1%"; VariantName = "[No Variations]"
Change component parameters (AddParameter): Name = "PCB Package"; Value = "0603"; VariantName = "[No Variations]"
Change component parameters (AddParameter): Name = "Power_Rating"; Value = "0.1W"; VariantName = "[No Variations]"
Change component parameters (AddParameter): Name = "Tol"; Value = "0.1%"; VariantName = "[No Variations]"
Change component parameters (AddParameter): Name = "Tolerance"; Value = "0.1%"; VariantName = "[No Variations]"
Change component parameters (AddParameter): Name = "Val"; Value = "100K"; VariantName = "[No Variations]"
Change component parameters (AddParameter): Name = "Value"; Value = "100K"; VariantName = "[No Variations]"
Change component parameters: Designator = "R35" ("R35"); Footprint = "0603_RES"; UniqueID = "\MBNRXBXE\OQISKPEC\ACJCPBGE" ("\MBNRXBXE\OQISKPEC\ACJCPBGE")
Change component parameters (AddParameter): Name = "Description in Visual"; Value = "Res SMT 62.6K 0603  0.05%  0.1W"; VariantName = "[No Variations]"
Change component parameters (AddParameter): Name = "Manufacturer"; Value = "Various"; VariantName = "[No Variations]"
Change component parameters (AddParameter): Name = "Manufacturer P/N"; Value = "Various"; VariantName = "[No Variations]"
Change component parameters (AddParameter): Name = "P/N"; Value = "RES 0603 62.6K 0.1%"; VariantName = "[No Variations]"
Change component parameters (AddParameter): Name = "PCB Package"; Value = "0603"; VariantName = "[No Variations]"
Change component parameters (AddParameter): Name = "Power_Rating"; Value = "0.1W"; VariantName = "[No Variations]"
Change component parameters (AddParameter): Name = "Tol"; Value = "0.1%"; VariantName = "[No Variations]"
Change component parameters (AddParameter): Name = "Tolerance"; Value = "0.1%"; VariantName = "[No Variations]"
Change component parameters (AddParameter): Name = "Val"; Value = "62.6K"; VariantName = "[No Variations]"
Change component parameters (AddParameter): Name = "Value"; Value = "62.6K"; VariantName = "[No Variations]"
Change component parameters: Designator = "R36" ("R36"); Footprint = "0603_RES"; UniqueID = "\MBNRXBXE\OQISKPEC\MNUAEBPS" ("\MBNRXBXE\OQISKPEC\MNUAEBPS")
Change component parameters (AddParameter): Name = "Description in Visual"; Value = "Res SMT 100K 0603  0.1%  0.1W"; VariantName = "[No Variations]"
Change component parameters (AddParameter): Name = "Manufacturer"; Value = "Various"; VariantName = "[No Variations]"
Change component parameters (AddParameter): Name = "Manufacturer P/N"; Value = "Various"; VariantName = "[No Variations]"
Change component parameters (AddParameter): Name = "P/N"; Value = "RES 0603 100K 0.1%"; VariantName = "[No Variations]"
Change component parameters (AddParameter): Name = "PCB Package"; Value = "0603"; VariantName = "[No Variations]"
Change component parameters (AddParameter): Name = "Power_Rating"; Value = "0.1W"; VariantName = "[No Variations]"
Change component parameters (AddParameter): Name = "Tol"; Value = "0.1%"; VariantName = "[No Variations]"
Change component parameters (AddParameter): Name = "Tolerance"; Value = "0.1%"; VariantName = "[No Variations]"
Change component parameters (AddParameter): Name = "Val"; Value = "100K"; VariantName = "[No Variations]"
Change component parameters (AddParameter): Name = "Value"; Value = "100K"; VariantName = "[No Variations]"
Change component parameters: Designator = "R37" ("R37"); Footprint = "0603_RES"; UniqueID = "\MBNRXBXE\OQISKPEC\FKQREGYO" ("\MBNRXBXE\OQISKPEC\FKQREGYO")
Change component parameters (AddParameter): Name = "Description in Visual"; Value = "Res SMT 100K 0603  0.1%  0.1W"; VariantName = "[No Variations]"
Change component parameters (AddParameter): Name = "Manufacturer"; Value = "Various"; VariantName = "[No Variations]"
Change component parameters (AddParameter): Name = "Manufacturer P/N"; Value = "Various"; VariantName = "[No Variations]"
Change component parameters (AddParameter): Name = "P/N"; Value = "RES 0603 100K 0.1%"; VariantName = "[No Variations]"
Change component parameters (AddParameter): Name = "PCB Package"; Value = "0603"; VariantName = "[No Variations]"
Change component parameters (AddParameter): Name = "Power_Rating"; Value = "0.1W"; VariantName = "[No Variations]"
Change component parameters (AddParameter): Name = "Tol"; Value = "0.1%"; VariantName = "[No Variations]"
Change component parameters (AddParameter): Name = "Tolerance"; Value = "0.1%"; VariantName = "[No Variations]"
Change component parameters (AddParameter): Name = "Val"; Value = "100K"; VariantName = "[No Variations]"
Change component parameters (AddParameter): Name = "Value"; Value = "100K"; VariantName = "[No Variations]"
Added Component: Designator=L1(SRN3015-2_V)
Add component (AddParameter): Name = "ComponentLink1Description"; Value = "Manufacturer URL"; VariantName = "[No Variations]"
Add component (AddParameter): Name = "ComponentLink1URL"; Value = "http://www.bourns.com/"; VariantName = "[No Variations]"
Add component (AddParameter): Name = "ComponentLink2Description"; Value = "Datasheet"; VariantName = "[No Variations]"
Add component (AddParameter): Name = "ComponentLink2URL"; Value = "http://www.bourns.com/data/global/pdfs/SRN3015.pdf"; VariantName = "[No Variations]"
Add component (AddParameter): Name = "ComponentLink3Description"; Value = "Package Specification"; VariantName = "[No Variations]"
Add component (AddParameter): Name = "ComponentLink3URL"; Value = "http://www.bourns.com/data/global/pdfs/SRN3015.pdf"; VariantName = "[No Variations]"
Add component (AddParameter): Name = "DatasheetVersion"; Value = "Aug-11"; VariantName = "[No Variations]"
Add component (AddParameter): Name = "DCR Max"; Value = "0.622 Ohm"; VariantName = "[No Variations]"
Add component (AddParameter): Name = "Inductance"; Value = "22 uH"; VariantName = "[No Variations]"
Add component (AddParameter): Name = "Inductance tolerance"; Value = "+/- 20%"; VariantName = "[No Variations]"
Add component (AddParameter): Name = "Isat"; Value = "0.58 A"; VariantName = "[No Variations]"
Add component (AddParameter): Name = "Manufacturer"; Value = "Bourns"; VariantName = "[No Variations]"
Add component (AddParameter): Name = "Manufacturer 1"; Value = "Bourns"; VariantName = "[No Variations]"
Add component (AddParameter): Name = "Manufacturer Part Number 1"; Value = "SRN3015-220M"; VariantName = "[No Variations]"
Add component (AddParameter): Name = "Mounting Technology"; Value = "Surface Mount"; VariantName = "[No Variations]"
Add component (AddParameter): Name = "Operating Temperature"; Value = "-40 to 125 degC"; VariantName = "[No Variations]"
Add component (AddParameter): Name = "PackageDescription"; Value = "2-Pin SMD, Body 3 x 3 mm, Height 1.5 mm"; VariantName = "[No Variations]"
Add component (AddParameter): Name = "PackageReference"; Value = "SRN3015"; VariantName = "[No Variations]"
Add component (AddParameter): Name = "Packing"; Value = "Tape and Reel"; VariantName = "[No Variations]"
Add component (AddParameter): Name = "PartNumber"; Value = "SRN3015-220M"; VariantName = "[No Variations]"
Add component (AddParameter): Name = "Rated current"; Value = "0.6 A"; VariantName = "[No Variations]"
Add component (AddParameter): Name = "Resistance to Solder Heat"; Value = "+260 degC for 10 sec."; VariantName = "[No Variations]"
Add component (AddParameter): Name = "RoHS"; Value = "TRUE"; VariantName = "[No Variations]"
Add component (AddParameter): Name = "SRF Min"; Value = "28 MHz"; VariantName = "[No Variations]"
Add component (AddParameter): Name = "Supplier 1"; Value = "Digi-Key"; VariantName = "[No Variations]"
Add component (AddParameter): Name = "Supplier Part Number 1"; Value = "SRN3015-220MCT-ND"; VariantName = "[No Variations]"
Added Component: Designator=L3(SRN3015-2_V)
Add component (AddParameter): Name = "ComponentLink1Description"; Value = "Manufacturer URL"; VariantName = "[No Variations]"
Add component (AddParameter): Name = "ComponentLink1URL"; Value = "http://www.bourns.com/"; VariantName = "[No Variations]"
Add component (AddParameter): Name = "ComponentLink2Description"; Value = "Datasheet"; VariantName = "[No Variations]"
Add component (AddParameter): Name = "ComponentLink2URL"; Value = "http://www.bourns.com/data/global/pdfs/SRN3015.pdf"; VariantName = "[No Variations]"
Add component (AddParameter): Name = "ComponentLink3Description"; Value = "Package Specification"; VariantName = "[No Variations]"
Add component (AddParameter): Name = "ComponentLink3URL"; Value = "http://www.bourns.com/data/global/pdfs/SRN3015.pdf"; VariantName = "[No Variations]"
Add component (AddParameter): Name = "DatasheetVersion"; Value = "Aug-11"; VariantName = "[No Variations]"
Add component (AddParameter): Name = "DCR Max"; Value = "0.622 Ohm"; VariantName = "[No Variations]"
Add component (AddParameter): Name = "Inductance"; Value = "22 uH"; VariantName = "[No Variations]"
Add component (AddParameter): Name = "Inductance tolerance"; Value = "+/- 20%"; VariantName = "[No Variations]"
Add component (AddParameter): Name = "Isat"; Value = "0.58 A"; VariantName = "[No Variations]"
Add component (AddParameter): Name = "Manufacturer"; Value = "Bourns"; VariantName = "[No Variations]"
Add component (AddParameter): Name = "Manufacturer 1"; Value = "Bourns"; VariantName = "[No Variations]"
Add component (AddParameter): Name = "Manufacturer Part Number 1"; Value = "SRN3015-220M"; VariantName = "[No Variations]"
Add component (AddParameter): Name = "Mounting Technology"; Value = "Surface Mount"; VariantName = "[No Variations]"
Add component (AddParameter): Name = "Operating Temperature"; Value = "-40 to 125 degC"; VariantName = "[No Variations]"
Add component (AddParameter): Name = "PackageDescription"; Value = "2-Pin SMD, Body 3 x 3 mm, Height 1.5 mm"; VariantName = "[No Variations]"
Add component (AddParameter): Name = "PackageReference"; Value = "SRN3015"; VariantName = "[No Variations]"
Add component (AddParameter): Name = "Packing"; Value = "Tape and Reel"; VariantName = "[No Variations]"
Add component (AddParameter): Name = "PartNumber"; Value = "SRN3015-220M"; VariantName = "[No Variations]"
Add component (AddParameter): Name = "Rated current"; Value = "0.6 A"; VariantName = "[No Variations]"
Add component (AddParameter): Name = "Resistance to Solder Heat"; Value = "+260 degC for 10 sec."; VariantName = "[No Variations]"
Add component (AddParameter): Name = "RoHS"; Value = "TRUE"; VariantName = "[No Variations]"
Add component (AddParameter): Name = "SRF Min"; Value = "28 MHz"; VariantName = "[No Variations]"
Add component (AddParameter): Name = "Supplier 1"; Value = "Digi-Key"; VariantName = "[No Variations]"
Add component (AddParameter): Name = "Supplier Part Number 1"; Value = "SRN3015-220MCT-ND"; VariantName = "[No Variations]"
Added Pin To Net: NetName=+5_OUT Pin=L1-1
Added Pin To Net: NetName=+5 Pin=L1-2
Added Pin To Net: NetName=-5_OUT Pin=L3-1
Added Pin To Net: NetName=-5 Pin=L3-2
Added Member To Class: ClassName=U_Power Supply Member=Component L1 SRN3015-220M
Added Member To Class: ClassName=U_Power Supply Member=Component L3 SRN3015-220M
Added Member To Class: ClassName=U_Comparator Member=Component TP1 5004
Added Member To Class: ClassName=U_Comparator Member=Component TP2 5115
Added Member To Class: ClassName=U_Comparator Member=Component TP3 5004
