Removed Pin From Net: NetName=\OOR_FLT Pin=SW3-5
Removed Pin From Net: NetName=\OOR_FLT Pin=SW3-6
Removed Pin From Net: NetName=\OOR_FLT Pin=SW3-7
Removed Pin From Net: NetName=\OOR_FLT Pin=SW3-8
Removed Pin From Net: NetName=BSPD_FLT Pin=U3-18
Removed Pin From Net: NetName=BSPD_FLT Pin=U3-19
Change Component Footprint: Designator=TP9 Old Footprint=KSTN-5002 New Footprint=30mil_tp
Change Component Footprint: Designator=TP10 Old Footprint=KSTN-5002 New Footprint=30mil_tp
Change Component Footprint: Designator=TP11 Old Footprint=KSTN-5002 New Footprint=30mil_tp
Change Component Footprint: Designator=L1 Old Footprint=SRN3015-2_V New Footprint=SRN3015-2_V
Change Component Footprint: Designator=L3 Old Footprint=SRN3015-2_V New Footprint=SRN3015-2_V
Change Component Footprint: Designator=SW3 Old Footprint=TE_1-1825059-3_0 New Footprint=*SW_DS04-254-2-06BK-SMT-TR
Change Component Comment : Designator=SW3 Old Comment=1-1825059-3 New Comment=DS04-254-2-06BK-SMT-TR
Change Component Comment : Designator=TP9 Old Comment=5002 New Comment=30mil SMD TP
Change Component Comment : Designator=TP10 Old Comment=5002 New Comment=30mil SMD TP
Change Component Comment : Designator=TP11 Old Comment=5002 New Comment=30mil SMD TP
Change Component Kind : Designator=TP11 Old Kind=Standard New Kind=Standard (No BOM)
Change Component Kind : Designator=TP10 Old Kind=Standard New Kind=Standard (No BOM)
Change Component Kind : Designator=TP9 Old Kind=Standard New Kind=Standard (No BOM)
Change component parameters: Designator = "TP4" ("TP4"); Footprint = "KSTN-5002"; UniqueID = "\WXVZRCSH\UGBGLVHP" ("\WXVZRCSH\UGBGLVHP")
Change component parameters (AddParameter): Name = "Brand"; Value = "KeystoneElectronics"; VariantName = "[No Variations]"
Change component parameters (AddParameter): Name = "Color"; Value = "White"; VariantName = "[No Variations]"
Change component parameters (AddParameter): Name = "Contact Material"; Value = "PhosphorBronze"; VariantName = "[No Variations]"
Change component parameters (AddParameter): Name = "Datasheet URL"; Value = "https://ciiva.com/datasheet-click-2917627?src=ciiva&sig=bd195616"; VariantName = "[No Variations]"
Change component parameters (AddParameter): Name = "Datasheet Version"; Value = "Rev. G, 12/2008"; VariantName = "[No Variations]"
Change component parameters (AddParameter): Name = "Length"; Value = "7.62mm"; VariantName = "[No Variations]"
Change component parameters (AddParameter): Name = "Manufacturer"; Value = "KeystoneElectronics"; VariantName = "[No Variations]"
Change component parameters (AddParameter): Name = "Manufacturer URL"; Value = "http://www.keyelco.com/"; VariantName = "[No Variations]"
Change component parameters (AddParameter): Name = "Material"; Value = "Nylon"; VariantName = "[No Variations]"
Change component parameters (AddParameter): Name = "Mounting Hole Size"; Value = "1mm"; VariantName = "[No Variations]"
Change component parameters (AddParameter): Name = "Outside Diameter"; Value = "2.54mm"; VariantName = "[No Variations]"
Change component parameters (AddParameter): Name = "Packaging"; Value = "Bulk"; VariantName = "[No Variations]"
Change component parameters (AddParameter): Name = "Plating"; Value = "Silver"; VariantName = "[No Variations]"
Change component parameters (AddParameter): Name = "Product"; Value = "TestPoints"; VariantName = "[No Variations]"
Change component parameters (AddParameter): Name = "Product Category"; Value = "CircuitBoardHardware-PCB"; VariantName = "[No Variations]"
Change component parameters (AddParameter): Name = "RoHS"; Value = "True"; VariantName = "[No Variations]"
Change component parameters (AddParameter): Name = "Supplier 1"; Value = "Digi-Key"; VariantName = "[No Variations]"
Change component parameters (AddParameter): Name = "Type"; Value = "Miniature"; VariantName = "[No Variations]"
Change component parameters: Designator = "TP5" ("TP5"); Footprint = "KSTN-5002"; UniqueID = "\WXVZRCSH\SEKJJIPJ" ("\WXVZRCSH\SEKJJIPJ")
Change component parameters (AddParameter): Name = "Brand"; Value = "KeystoneElectronics"; VariantName = "[No Variations]"
Change component parameters (AddParameter): Name = "Color"; Value = "White"; VariantName = "[No Variations]"
Change component parameters (AddParameter): Name = "Contact Material"; Value = "PhosphorBronze"; VariantName = "[No Variations]"
Change component parameters (AddParameter): Name = "Datasheet URL"; Value = "https://ciiva.com/datasheet-click-2917627?src=ciiva&sig=bd195616"; VariantName = "[No Variations]"
Change component parameters (AddParameter): Name = "Datasheet Version"; Value = "Rev. G, 12/2008"; VariantName = "[No Variations]"
Change component parameters (AddParameter): Name = "Length"; Value = "7.62mm"; VariantName = "[No Variations]"
Change component parameters (AddParameter): Name = "Manufacturer"; Value = "KeystoneElectronics"; VariantName = "[No Variations]"
Change component parameters (AddParameter): Name = "Manufacturer URL"; Value = "http://www.keyelco.com/"; VariantName = "[No Variations]"
Change component parameters (AddParameter): Name = "Material"; Value = "Nylon"; VariantName = "[No Variations]"
Change component parameters (AddParameter): Name = "Mounting Hole Size"; Value = "1mm"; VariantName = "[No Variations]"
Change component parameters (AddParameter): Name = "Outside Diameter"; Value = "2.54mm"; VariantName = "[No Variations]"
Change component parameters (AddParameter): Name = "Packaging"; Value = "Bulk"; VariantName = "[No Variations]"
Change component parameters (AddParameter): Name = "Plating"; Value = "Silver"; VariantName = "[No Variations]"
Change component parameters (AddParameter): Name = "Product"; Value = "TestPoints"; VariantName = "[No Variations]"
Change component parameters (AddParameter): Name = "Product Category"; Value = "CircuitBoardHardware-PCB"; VariantName = "[No Variations]"
Change component parameters (AddParameter): Name = "RoHS"; Value = "True"; VariantName = "[No Variations]"
Change component parameters (AddParameter): Name = "Supplier 1"; Value = "Digi-Key"; VariantName = "[No Variations]"
Change component parameters (AddParameter): Name = "Type"; Value = "Miniature"; VariantName = "[No Variations]"
Change component parameters: Designator = "TP12" ("TP12"); Footprint = "KSTN-5002"; UniqueID = "\WXVZRCSH\EFBCYLQP" ("\WXVZRCSH\EFBCYLQP")
Change component parameters (AddParameter): Name = "Brand"; Value = "KeystoneElectronics"; VariantName = "[No Variations]"
Change component parameters (AddParameter): Name = "Color"; Value = "White"; VariantName = "[No Variations]"
Change component parameters (AddParameter): Name = "Contact Material"; Value = "PhosphorBronze"; VariantName = "[No Variations]"
Change component parameters (AddParameter): Name = "Datasheet URL"; Value = "https://ciiva.com/datasheet-click-2917627?src=ciiva&sig=bd195616"; VariantName = "[No Variations]"
Change component parameters (AddParameter): Name = "Datasheet Version"; Value = "Rev. G, 12/2008"; VariantName = "[No Variations]"
Change component parameters (AddParameter): Name = "Length"; Value = "7.62mm"; VariantName = "[No Variations]"
Change component parameters (AddParameter): Name = "Manufacturer"; Value = "KeystoneElectronics"; VariantName = "[No Variations]"
Change component parameters (AddParameter): Name = "Manufacturer URL"; Value = "http://www.keyelco.com/"; VariantName = "[No Variations]"
Change component parameters (AddParameter): Name = "Material"; Value = "Nylon"; VariantName = "[No Variations]"
Change component parameters (AddParameter): Name = "Mounting Hole Size"; Value = "1mm"; VariantName = "[No Variations]"
Change component parameters (AddParameter): Name = "Outside Diameter"; Value = "2.54mm"; VariantName = "[No Variations]"
Change component parameters (AddParameter): Name = "Packaging"; Value = "Bulk"; VariantName = "[No Variations]"
Change component parameters (AddParameter): Name = "Plating"; Value = "Silver"; VariantName = "[No Variations]"
Change component parameters (AddParameter): Name = "Product"; Value = "TestPoints"; VariantName = "[No Variations]"
Change component parameters (AddParameter): Name = "Product Category"; Value = "CircuitBoardHardware-PCB"; VariantName = "[No Variations]"
Change component parameters (AddParameter): Name = "RoHS"; Value = "True"; VariantName = "[No Variations]"
Change component parameters (AddParameter): Name = "Supplier 1"; Value = "Digi-Key"; VariantName = "[No Variations]"
Change component parameters (AddParameter): Name = "Type"; Value = "Miniature"; VariantName = "[No Variations]"
Change component parameters: Designator = "TP9" ("TP9"); Footprint = "KSTN-5002"; UniqueID = "\WXVZRCSH\GZZTMBVS" ("\WXVZRCSH\GZZTMBVS")
Change component parameters: Designator = "TP10" ("TP10"); Footprint = "KSTN-5002"; UniqueID = "\WXVZRCSH\BLVSPHHY" ("\WXVZRCSH\BLVSPHHY")
Change component parameters: Designator = "TP11" ("TP11"); Footprint = "KSTN-5002"; UniqueID = "\WXVZRCSH\LXYKINTL" ("\WXVZRCSH\LXYKINTL")
Change component parameters: Designator = "SW3" ("SW3"); Footprint = "TE_1-1825059-3_0"; UniqueID = "\WXVZRCSH\BKMHJPXR" ("\WXVZRCSH\BKMHJPXR")
Change component parameters (AddParameter): Name = "Supplier 1"; Value = "Mouser"; VariantName = "[No Variations]"
Change component parameters (AddParameter): Name = "Supplier 2"; Value = "Mouser"; VariantName = "[No Variations]"
Change component parameters (AddParameter): Name = "Supplier Part Number 1"; Value = "490-DS04254206BK-STR"; VariantName = "[No Variations]"
Change component parameters (AddParameter): Name = "Supplier Part Number 2"; Value = "490-DS04254206BK-STR"; VariantName = "[No Variations]"
Change component parameters (AddParameter): Name = "Value"; Value = ""; VariantName = "[No Variations]"
Added Component: Designator=TP21(30mil_tp)
Added Component: Designator=TP22(30mil_tp)
Added Component: Designator=TP23(30mil_tp)
Added Component: Designator=TP24(30mil_tp)
Added Component: Designator=TP25(30mil_tp)
Added Component: Designator=TP26(30mil_tp)
Added Component: Designator=TP27(30mil_tp)
Added Component: Designator=TP28(30mil_tp)
Added Pin To Net: NetName=BSPD_FLT Pin=SW3-7
Added Pin To Net: NetName=BSPD_FLT Pin=SW3-8
Added Pin To Net: NetName=\OOR_FLT Pin=SW3-9
Added Pin To Net: NetName=\OOR_FLT Pin=SW3-10
Added Pin To Net: NetName=\OOR_FLT Pin=SW3-11
Added Pin To Net: NetName=\OOR_FLT Pin=SW3-12
Added Pin To Net: NetName=CUR_TEST Pin=TP21-1
Added Pin To Net: NetName=\OOR_FLT Pin=TP22-1
Added Pin To Net: NetName=CO1 Pin=TP23-1
Added Pin To Net: NetName=CO2 Pin=TP24-1
Added Pin To Net: NetName=CO3 Pin=TP25-1
Added Pin To Net: NetName=CO4 Pin=TP26-1
Added Pin To Net: NetName=CO5 Pin=SW3-5
Added Pin To Net: NetName=CO5 Pin=TP27-1
Added Pin To Net: NetName=CO5 Pin=U3-19
Added Net: Name=CO5
Added Pin To Net: NetName=CO6 Pin=SW3-6
Added Pin To Net: NetName=CO6 Pin=TP28-1
Added Pin To Net: NetName=CO6 Pin=U3-18
Added Net: Name=CO6
Added Member To Class: ClassName=U_Comparator Member=Component TP21 30mil SMD TP
Added Member To Class: ClassName=U_Comparator Member=Component TP22 30mil SMD TP
Added Member To Class: ClassName=U_Comparator Member=Component TP23 30mil SMD TP
Added Member To Class: ClassName=U_Comparator Member=Component TP24 30mil SMD TP
Added Member To Class: ClassName=U_Comparator Member=Component TP25 30mil SMD TP
Added Member To Class: ClassName=U_Comparator Member=Component TP26 30mil SMD TP
Added Member To Class: ClassName=U_Comparator Member=Component TP27 30mil SMD TP
Added Member To Class: ClassName=U_Comparator Member=Component TP28 30mil SMD TP
