Removed Member From Class: ClassName=U_Comparator Member=TP22
Removed Member From Class: ClassName=U_Comparator Member=TP23
Removed Member From Class: ClassName=U_Comparator Member=TP24
Removed Member From Class: ClassName=U_Comparator Member=TP25
Removed Member From Class: ClassName=U_Comparator Member=TP26
Removed Member From Class: ClassName=U_Comparator Member=TP27
Removed Member From Class: ClassName=U_Comparator Member=TP28
Change Component Designator: OldDesignator=R10 NewDesignator=R6
Change Component Designator: OldDesignator=R11 NewDesignator=R7
Change Component Designator: OldDesignator=R12 NewDesignator=R8
Change Component Designator: OldDesignator=R13 NewDesignator=R9
Change Component Designator: OldDesignator=R14 NewDesignator=R10
Change Component Designator: OldDesignator=R15 NewDesignator=R11
Change Component Designator: OldDesignator=R16 NewDesignator=R12
Change Component Designator: OldDesignator=R17 NewDesignator=R13
Change Component Designator: OldDesignator=R18 NewDesignator=R14
Change Component Designator: OldDesignator=R19 NewDesignator=R15
Change Component Designator: OldDesignator=R20 NewDesignator=R16
Change Component Designator: OldDesignator=R21 NewDesignator=R17
Change Component Designator: OldDesignator=R22 NewDesignator=R18
Change Component Designator: OldDesignator=R23 NewDesignator=R19
Change Component Designator: OldDesignator=R24 NewDesignator=R20
Change Component Designator: OldDesignator=R25 NewDesignator=R21
Change Component Designator: OldDesignator=R26 NewDesignator=R22
Change Component Designator: OldDesignator=R27 NewDesignator=R23
Change Component Designator: OldDesignator=R28 NewDesignator=R24
Change Component Designator: OldDesignator=R29 NewDesignator=R25
Change Component Designator: OldDesignator=R30 NewDesignator=R26
Change Component Designator: OldDesignator=R31 NewDesignator=R27
Change Component Designator: OldDesignator=R32 NewDesignator=R28
Change Component Designator: OldDesignator=R33 NewDesignator=R29
Change Component Designator: OldDesignator=R34 NewDesignator=R30
Change Component Designator: OldDesignator=R35 NewDesignator=R31
Change Component Designator: OldDesignator=R36 NewDesignator=R32
Change Component Designator: OldDesignator=R37 NewDesignator=R33
Change Component Designator: OldDesignator=SW2 NewDesignator=SW3
Change Component Designator: OldDesignator=SW3 NewDesignator=SW2
Change Component Designator: OldDesignator=TP2 NewDesignator=TP4
Change Component Designator: OldDesignator=TP3 NewDesignator=TP5
Change Component Designator: OldDesignator=TP4 NewDesignator=TP6
Change Component Designator: OldDesignator=TP5 NewDesignator=TP14
Change Component Designator: OldDesignator=TP6 NewDesignator=TP15
Change Component Designator: OldDesignator=TP7 NewDesignator=TP16
Change Component Designator: OldDesignator=TP8 NewDesignator=TP17
Change Component Designator: OldDesignator=TP9 NewDesignator=TP18
Change Component Designator: OldDesignator=TP10 NewDesignator=TP19
Change Component Designator: OldDesignator=TP11 NewDesignator=TP20
Change Component Designator: OldDesignator=TP12 NewDesignator=TP21
Change Component Designator: OldDesignator=TP13 NewDesignator=TP3
Change Component Designator: OldDesignator=TP14 NewDesignator=TP22
Change Component Designator: OldDesignator=TP15 NewDesignator=TP23
Change Component Designator: OldDesignator=TP16 NewDesignator=TP24
Change Component Designator: OldDesignator=TP17 NewDesignator=TP25
Change Component Designator: OldDesignator=TP18 NewDesignator=TP26
Change Component Designator: OldDesignator=TP19 NewDesignator=TP27
Change Component Designator: OldDesignator=TP20 NewDesignator=TP28
Change Component Designator: OldDesignator=TP21 NewDesignator=TP2
Change Component Designator: OldDesignator=TP22 NewDesignator=TP7
Change Component Designator: OldDesignator=TP23 NewDesignator=TP8
Change Component Designator: OldDesignator=TP24 NewDesignator=TP9
Change Component Designator: OldDesignator=TP25 NewDesignator=TP10
Change Component Designator: OldDesignator=TP26 NewDesignator=TP11
Change Component Designator: OldDesignator=TP27 NewDesignator=TP12
Change Component Designator: OldDesignator=TP28 NewDesignator=TP13
Change Component Designator: OldDesignator=U3 NewDesignator=U4
Change Component Designator: OldDesignator=U4 NewDesignator=U3
Added Member To Class: ClassName=U_Comparator Member=Component TP14 5002
Added Member To Class: ClassName=U_Comparator Member=Component TP15 5000
Added Member To Class: ClassName=U_Comparator Member=Component TP16 5001
Added Member To Class: ClassName=U_Comparator Member=Component TP17 5116
Added Member To Class: ClassName=U_Comparator Member=Component TP18 30mil SMD TP
Added Member To Class: ClassName=U_Comparator Member=Component TP19 30mil SMD TP
Added Member To Class: ClassName=U_Comparator Member=Component TP20 30mil SMD TP
