Change Managed Component Library Link : Designator=L1 Old VaultGUID=B7D15EC3-160A-466F-A46C-7801FE6295A7 New VaultGUID= Old ItemGUID=CE23BB9A-2FBC-4CC2-8ADE-9DB441F033DC New ItemGUID= Old RevisionGUID=591A81B4-8AB4-436D-B958-7098B9C0C1A0 New RevisionGUID=
Change Managed Component Library Link : Designator=L3 Old VaultGUID=B7D15EC3-160A-466F-A46C-7801FE6295A7 New VaultGUID= Old ItemGUID=CE23BB9A-2FBC-4CC2-8ADE-9DB441F033DC New ItemGUID= Old RevisionGUID=591A81B4-8AB4-436D-B958-7098B9C0C1A0 New RevisionGUID=
Change Managed Component Library Link : Designator=SW2 Old VaultGUID=B7D15EC3-160A-466F-A46C-7801FE6295A7 New VaultGUID= Old ItemGUID=EE845AED-2EFF-4175-B396-8D07543185DF New ItemGUID= Old RevisionGUID=0AAB6F31-39FB-4847-849F-DB4573FB4570 New RevisionGUID=
Change component parameters: Designator = "L1" ("L1"); Footprint = "BOUR-SRN3015-2_V"; UniqueID = "\GDJTUDWI\OZEBFHLW" ("\GDJTUDWI\OZEBFHLW")
Change component parameters (AddParameter): Name = "ComponentLink1Description"; Value = "Manufacturer URL"; VariantName = "[No Variations]"
Change component parameters (AddParameter): Name = "ComponentLink1URL"; Value = "http://www.bourns.com/"; VariantName = "[No Variations]"
Change component parameters (AddParameter): Name = "ComponentLink2Description"; Value = "Datasheet"; VariantName = "[No Variations]"
Change component parameters (AddParameter): Name = "ComponentLink2URL"; Value = "http://www.bourns.com/data/global/pdfs/SRN3015.pdf"; VariantName = "[No Variations]"
Change component parameters (AddParameter): Name = "ComponentLink3Description"; Value = "Package Specification"; VariantName = "[No Variations]"
Change component parameters (AddParameter): Name = "ComponentLink3URL"; Value = "http://www.bourns.com/data/global/pdfs/SRN3015.pdf"; VariantName = "[No Variations]"
Change component parameters (AddParameter): Name = "DatasheetVersion"; Value = "Aug-11"; VariantName = "[No Variations]"
Change component parameters (AddParameter): Name = "DCR Max"; Value = "0.622 Ohm"; VariantName = "[No Variations]"
Change component parameters (AddParameter): Name = "Inductance"; Value = "22 uH"; VariantName = "[No Variations]"
Change component parameters (AddParameter): Name = "Inductance tolerance"; Value = "+/- 20%"; VariantName = "[No Variations]"
Change component parameters (AddParameter): Name = "Isat"; Value = "0.58 A"; VariantName = "[No Variations]"
Change component parameters (AddParameter): Name = "Manufacturer"; Value = "Bourns"; VariantName = "[No Variations]"
Change component parameters (AddParameter): Name = "Manufacturer 1"; Value = "Bourns"; VariantName = "[No Variations]"
Change component parameters (AddParameter): Name = "Manufacturer Part Number 1"; Value = "SRN3015-220M"; VariantName = "[No Variations]"
Change component parameters (AddParameter): Name = "Mounting Technology"; Value = "Surface Mount"; VariantName = "[No Variations]"
Change component parameters (AddParameter): Name = "Operating Temperature"; Value = "-40 to 125 degC"; VariantName = "[No Variations]"
Change component parameters (AddParameter): Name = "PackageDescription"; Value = "2-Pin SMD, Body 3 x 3 mm, Height 1.5 mm"; VariantName = "[No Variations]"
Change component parameters (AddParameter): Name = "PackageReference"; Value = "SRN3015"; VariantName = "[No Variations]"
Change component parameters (AddParameter): Name = "Packing"; Value = "Tape and Reel"; VariantName = "[No Variations]"
Change component parameters (AddParameter): Name = "PartNumber"; Value = "SRN3015-220M"; VariantName = "[No Variations]"
Change component parameters (AddParameter): Name = "Rated current"; Value = "0.6 A"; VariantName = "[No Variations]"
Change component parameters (AddParameter): Name = "Resistance to Solder Heat"; Value = "+260 degC for 10 sec."; VariantName = "[No Variations]"
Change component parameters (AddParameter): Name = "RoHS"; Value = "TRUE"; VariantName = "[No Variations]"
Change component parameters (AddParameter): Name = "SRF Min"; Value = "28 MHz"; VariantName = "[No Variations]"
Change component parameters (AddParameter): Name = "Supplier 1"; Value = "Digi-Key"; VariantName = "[No Variations]"
Change component parameters (AddParameter): Name = "Supplier Part Number 1"; Value = "SRN3015-220MCT-ND"; VariantName = "[No Variations]"
Change component parameters: Designator = "L3" ("L3"); Footprint = "BOUR-SRN3015-2_V"; UniqueID = "\GDJTUDWI\VHWXEDVS" ("\GDJTUDWI\VHWXEDVS")
Change component parameters (AddParameter): Name = "ComponentLink1Description"; Value = "Manufacturer URL"; VariantName = "[No Variations]"
Change component parameters (AddParameter): Name = "ComponentLink1URL"; Value = "http://www.bourns.com/"; VariantName = "[No Variations]"
Change component parameters (AddParameter): Name = "ComponentLink2Description"; Value = "Datasheet"; VariantName = "[No Variations]"
Change component parameters (AddParameter): Name = "ComponentLink2URL"; Value = "http://www.bourns.com/data/global/pdfs/SRN3015.pdf"; VariantName = "[No Variations]"
Change component parameters (AddParameter): Name = "ComponentLink3Description"; Value = "Package Specification"; VariantName = "[No Variations]"
Change component parameters (AddParameter): Name = "ComponentLink3URL"; Value = "http://www.bourns.com/data/global/pdfs/SRN3015.pdf"; VariantName = "[No Variations]"
Change component parameters (AddParameter): Name = "DatasheetVersion"; Value = "Aug-11"; VariantName = "[No Variations]"
Change component parameters (AddParameter): Name = "DCR Max"; Value = "0.622 Ohm"; VariantName = "[No Variations]"
Change component parameters (AddParameter): Name = "Inductance"; Value = "22 uH"; VariantName = "[No Variations]"
Change component parameters (AddParameter): Name = "Inductance tolerance"; Value = "+/- 20%"; VariantName = "[No Variations]"
Change component parameters (AddParameter): Name = "Isat"; Value = "0.58 A"; VariantName = "[No Variations]"
Change component parameters (AddParameter): Name = "Manufacturer"; Value = "Bourns"; VariantName = "[No Variations]"
Change component parameters (AddParameter): Name = "Manufacturer 1"; Value = "Bourns"; VariantName = "[No Variations]"
Change component parameters (AddParameter): Name = "Manufacturer Part Number 1"; Value = "SRN3015-220M"; VariantName = "[No Variations]"
Change component parameters (AddParameter): Name = "Mounting Technology"; Value = "Surface Mount"; VariantName = "[No Variations]"
Change component parameters (AddParameter): Name = "Operating Temperature"; Value = "-40 to 125 degC"; VariantName = "[No Variations]"
Change component parameters (AddParameter): Name = "PackageDescription"; Value = "2-Pin SMD, Body 3 x 3 mm, Height 1.5 mm"; VariantName = "[No Variations]"
Change component parameters (AddParameter): Name = "PackageReference"; Value = "SRN3015"; VariantName = "[No Variations]"
Change component parameters (AddParameter): Name = "Packing"; Value = "Tape and Reel"; VariantName = "[No Variations]"
Change component parameters (AddParameter): Name = "PartNumber"; Value = "SRN3015-220M"; VariantName = "[No Variations]"
Change component parameters (AddParameter): Name = "Rated current"; Value = "0.6 A"; VariantName = "[No Variations]"
Change component parameters (AddParameter): Name = "Resistance to Solder Heat"; Value = "+260 degC for 10 sec."; VariantName = "[No Variations]"
Change component parameters (AddParameter): Name = "RoHS"; Value = "TRUE"; VariantName = "[No Variations]"
Change component parameters (AddParameter): Name = "SRF Min"; Value = "28 MHz"; VariantName = "[No Variations]"
Change component parameters (AddParameter): Name = "Supplier 1"; Value = "Digi-Key"; VariantName = "[No Variations]"
Change component parameters (AddParameter): Name = "Supplier Part Number 1"; Value = "SRN3015-220MCT-ND"; VariantName = "[No Variations]"
Change component parameters: Designator = "SW2" ("SW2"); Footprint = "TECO-FSMSMTR_V"; UniqueID = "\QZBOFGNL\SYPHMFAL" ("\QZBOFGNL\SYPHMFAL")
Change component parameters (AddParameter): Name = "Actuator Length"; Value = "1.07mm"; VariantName = "[No Variations]"
Change component parameters (AddParameter): Name = "Actuator Material"; Value = "Polyamide"; VariantName = "[No Variations]"
Change component parameters (AddParameter): Name = "Case\/Package"; Value = "SMD/SMT"; VariantName = "[No Variations]"
Change component parameters (AddParameter): Name = "Contact Current Rating"; Value = "50mA"; VariantName = "[No Variations]"
Change component parameters (AddParameter): Name = "Contact Material"; Value = "Brass"; VariantName = "[No Variations]"
Change component parameters (AddParameter): Name = "Contact Plating"; Value = "Silver"; VariantName = "[No Variations]"
Change component parameters (AddParameter): Name = "Contact Resistance"; Value = "100mOhm"; VariantName = "[No Variations]"
Change component parameters (AddParameter): Name = "Current Rating"; Value = "50mA"; VariantName = "[No Variations]"
Change component parameters (AddParameter): Name = "Datasheet URL"; Value = "http://www.te.com/commerce/DocumentDelivery/DDEController?Action=showdoc&DocId=Customer+Drawing%7F1437566-3%7FC2%7Fpdf%7FEnglish%7FENG_CD_1437566-3_C2_1437566_3_1_c.dwg.pdf%7F1437566-4"; VariantName = "[No Variations]"
Change component parameters (AddParameter): Name = "Datasheet Version"; Value = "Rev. C2, 08/2014"; VariantName = "[No Variations]"
Change component parameters (AddParameter): Name = "Electrical Life"; Value = "20000Cycles"; VariantName = "[No Variations]"
Change component parameters (AddParameter): Name = "ELV"; Value = "Compliant"; VariantName = "[No Variations]"
Change component parameters (AddParameter): Name = "Illumination Type"; Value = "Illuminated"; VariantName = "[No Variations]"
Change component parameters (AddParameter): Name = "Lead Free"; Value = "LeadFree"; VariantName = "[No Variations]"
Change component parameters (AddParameter): Name = "Manufacturer"; Value = "TE Connectivity"; VariantName = "[No Variations]"
Change component parameters (AddParameter): Name = "Manufacturer 1"; Value = "TE Connectivity"; VariantName = "[No Variations]"
Change component parameters (AddParameter): Name = "Manufacturer Part Number 1"; Value = "FSMSMTR"; VariantName = "[No Variations]"
Change component parameters (AddParameter): Name = "Manufacturer URL"; Value = "http://www.te.com/"; VariantName = "[No Variations]"
Change component parameters (AddParameter): Name = "Max Operating Temperature"; Value = "85degC"; VariantName = "[No Variations]"
Change component parameters (AddParameter): Name = "Max Voltage Rating (DC)"; Value = "12V"; VariantName = "[No Variations]"
Change component parameters (AddParameter): Name = "Mechanical Life"; Value = "20000Cycles"; VariantName = "[No Variations]"
Change component parameters (AddParameter): Name = "Min Operating Temperature"; Value = "-35degC"; VariantName = "[No Variations]"
Change component parameters (AddParameter): Name = "Mount"; Value = "SurfaceMount"; VariantName = "[No Variations]"
Change component parameters (AddParameter): Name = "Mounting Technology"; Value = "SurfaceMount"; VariantName = "[No Variations]"
Change component parameters (AddParameter): Name = "Operating Force"; Value = "180gf"; VariantName = "[No Variations]"
Change component parameters (AddParameter): Name = "Orientation"; Value = "Straight"; VariantName = "[No Variations]"
Change component parameters (AddParameter): Name = "Package Description"; Value = "2-Pin Surface Mount Device, Body 6 x 3.5 mm, Pitch 9.19 mm"; VariantName = "[No Variations]"
Change component parameters (AddParameter): Name = "Package Quantity"; Value = "1800"; VariantName = "[No Variations]"
Change component parameters (AddParameter): Name = "Package Reference"; Value = "FSMSMTR"; VariantName = "[No Variations]"
Change component parameters (AddParameter): Name = "Packaging"; Value = "TapeandReel"; VariantName = "[No Variations]"
Change component parameters (AddParameter): Name = "REACH SVHC"; Value = "Unknown"; VariantName = "[No Variations]"
Change component parameters (AddParameter): Name = "RoHSCompliant"; Value = "true"; VariantName = "[No Variations]"
Change component parameters (AddParameter): Name = "Supplier 1"; Value = "Digi-Key"; VariantName = "[No Variations]"
Change component parameters (AddParameter): Name = "Supplier Part Number 1"; Value = "450-1758-1-ND"; VariantName = "[No Variations]"
Change component parameters (AddParameter): Name = "Switch Travel"; Value = "0.25mm"; VariantName = "[No Variations]"
Change component parameters (AddParameter): Name = "Termination"; Value = "GullWing"; VariantName = "[No Variations]"
Change component parameters (AddParameter): Name = "Throw Configuration"; Value = "SPST"; VariantName = "[No Variations]"
Change component parameters (AddParameter): Name = "Voltage Rating (DC)"; Value = "24V"; VariantName = "[No Variations]"
