Change Component Description : Designator=D9 Old Description=7V (Typ) Clamp 1A (8/20µs) Ipp Tvs Diode Surface Mount fSC (SOD-923) New Description=7V (Typ) Clamp 1A (8/20µs) Ipp Tvs Diode Surface Mount fSC (SOD-923) 
Added Component: Designator=J4(1217861-1)
Add component (AddParameter): Name = "Body Material"; Value = "Brass"; VariantName = "[No Variations]"
Add component (AddParameter): Name = "Body Plating"; Value = "Tin"; VariantName = "[No Variations]"
Add component (AddParameter): Name = "Contact Material"; Value = "Brass"; VariantName = "[No Variations]"
Add component (AddParameter): Name = "Contact Plating"; Value = "Tin"; VariantName = "[No Variations]"
Add component (AddParameter): Name = "Depth"; Value = "7.92mm"; VariantName = "[No Variations]"
Add component (AddParameter): Name = "ELV"; Value = "Compliant"; VariantName = "[No Variations]"
Add component (AddParameter): Name = "Gender"; Value = "Male"; VariantName = "[No Variations]"
Add component (AddParameter): Name = "Hole Diameter"; Value = "0.055inch"; VariantName = "[No Variations]"
Add component (AddParameter): Name = "Insulated Wire Support"; Value = "Yes"; VariantName = "[No Variations]"
Add component (AddParameter): Name = "Insulation"; Value = "Non-Insulated"; VariantName = "[No Variations]"
Add component (AddParameter): Name = "Lead Free"; Value = "Lead Free"; VariantName = "[No Variations]"
Add component (AddParameter): Name = "Length"; Value = "0.552inch"; VariantName = "[No Variations]"
Add component (AddParameter): Name = "Material"; Value = "Brass"; VariantName = "[No Variations]"
Add component (AddParameter): Name = "Mating Tab Width"; Value = "0.25inch"; VariantName = "[No Variations]"
Add component (AddParameter): Name = "Mount"; Value = "Through Hole"; VariantName = "[No Variations]"
Add component (AddParameter): Name = "Package Quantity"; Value = "2000"; VariantName = "[No Variations]"
Add component (AddParameter): Name = "Packaging"; Value = "Tape and Reel"; VariantName = "[No Variations]"
Add component (AddParameter): Name = "PCB Thickness"; Value = "0.062inch"; VariantName = "[No Variations]"
Add component (AddParameter): Name = "Plating"; Value = "Tin"; VariantName = "[No Variations]"
Add component (AddParameter): Name = "REACH SVHC"; Value = "Unknown"; VariantName = "[No Variations]"
Add component (AddParameter): Name = "Supplier 1"; Value = "Digi-Key"; VariantName = "[No Variations]"
Add component (AddParameter): Name = "Supplier Part Number 1"; Value = "A100452CT-ND"; VariantName = "[No Variations]"
Add component (AddParameter): Name = "Tab Length"; Value = "0.352inch"; VariantName = "[No Variations]"
Add component (AddParameter): Name = "Tab Thickness"; Value = "0.032inch"; VariantName = "[No Variations]"
Add component (AddParameter): Name = "Tab Width"; Value = "0.25inch"; VariantName = "[No Variations]"
Add component (AddParameter): Name = "Terminal Material"; Value = "Brass"; VariantName = "[No Variations]"
Add component (AddParameter): Name = "Termination"; Value = "Tab"; VariantName = "[No Variations]"
Added Pin To Net: NetName=CHASS Pin=J4-1a
Added Pin To Net: NetName=CHASS Pin=J4-1b
Added Pin To Net: NetName=CHASS Pin=J4-1c
Added Member To Class: ClassName=U_IO and Connectors Member=Component J4 1217861-1
