Change Physical Footprint: Designator=C1 Old Footprint=0603_CAP New Footprint=0603_CAP
Change Physical Footprint: Designator=C2 Old Footprint=0603_CAP New Footprint=0603_CAP
Change Physical Footprint: Designator=C3 Old Footprint=0805_CAP New Footprint=0805_CAP
Change Physical Footprint: Designator=C4 Old Footprint=CAPC1206(3216)190_N New Footprint=CAPC1206(3216)190_N
Change Physical Footprint: Designator=C5 Old Footprint=0603_CAP New Footprint=0603_CAP
Change Physical Footprint: Designator=C6 Old Footprint=0805_CAP New Footprint=0805_CAP
Change Physical Footprint: Designator=C7 Old Footprint=CAPC1206(3216)190_N New Footprint=CAPC1206(3216)190_N
Change Physical Footprint: Designator=C8 Old Footprint=NIC-CAPA2-10X10_V New Footprint=NIC-CAPA2-10X10_V
Change Physical Footprint: Designator=C9 Old Footprint=NIC-CAPA2-10X10_V New Footprint=NIC-CAPA2-10X10_V
Change Physical Footprint: Designator=C10 Old Footprint=0603_CAP New Footprint=0603_CAP
Change Physical Footprint: Designator=C11 Old Footprint=0603_CAP New Footprint=0603_CAP
Change Physical Footprint: Designator=C12 Old Footprint=0603_CAP New Footprint=0603_CAP
Change Physical Footprint: Designator=C13 Old Footprint=0603_CAP New Footprint=0603_CAP
Change Physical Footprint: Designator=C14 Old Footprint=0603_CAP New Footprint=0603_CAP
Change Physical Footprint: Designator=C15 Old Footprint=0603_CAP New Footprint=0603_CAP
Change Physical Footprint: Designator=C16 Old Footprint=0603_CAP New Footprint=0603_CAP
Change Physical Footprint: Designator=C17 Old Footprint=0603_CAP New Footprint=0603_CAP
Change Physical Footprint: Designator=C18 Old Footprint=0603_CAP New Footprint=0603_CAP
Change Physical Footprint: Designator=C19 Old Footprint=0603_CAP New Footprint=0603_CAP
Change Physical Footprint: Designator=C20 Old Footprint=0603_CAP New Footprint=0603_CAP
Change Physical Footprint: Designator=C21 Old Footprint=0603_CAP New Footprint=0603_CAP
Change Physical Footprint: Designator=C22 Old Footprint=0603_CAP New Footprint=0603_CAP
Change Physical Footprint: Designator=D1 Old Footprint=DIOD-SMA-2_V New Footprint=DIOD-SMA-2_V
Change Physical Footprint: Designator=D2 Old Footprint=ONSC-SOD-123-2-425-04_V New Footprint=ONSC-SOD-123-2-425-04_V
Change Physical Footprint: Designator=D3 Old Footprint=ONSC-SOD-523-2-502-01_V New Footprint=ONSC-SOD-523-2-502-01_V
Change Physical Footprint: Designator=D4 Old Footprint=LEDC2012X135N_SM0805HCL(Primary) New Footprint=LEDC2012X135N_SM0805HCL(Primary)
Change Physical Footprint: Designator=D5 Old Footprint=LEDC2012X135N_SM0805HCL(Primary) New Footprint=LEDC2012X135N_SM0805HCL(Primary)
Change Physical Footprint: Designator=D6 Old Footprint=ONSC-SOD-523-2-502-01_V New Footprint=ONSC-SOD-523-2-502-01_V
Change Physical Footprint: Designator=D7 Old Footprint=LEDC2012X135N_SM0805GCL(Primary) New Footprint=LEDC2012X135N_SM0805GCL(Primary)
Change Physical Footprint: Designator=D8 Old Footprint=LFUS-SOT143-4_V New Footprint=LFUS-SOT143-4_V
Change Physical Footprint: Designator=D9 Old Footprint=SOD923 New Footprint=SOD923
Change Physical Footprint: Designator=F1 Old Footprint=MF-FSMF New Footprint=MF-FSMF
Change Physical Footprint: Designator=F2 Old Footprint=LFUS-1812L05030PR New Footprint=LFUS-1812L05030PR
Change Physical Footprint: Designator=FB1 Old Footprint=0805 New Footprint=0805
Change Physical Footprint: Designator=FB2 Old Footprint=0603 New Footprint=0603
Change Physical Footprint: Designator=J1 Old Footprint=CON2_1X2_P163_VM_ALT New Footprint=CON2_1X2_P163_VM_ALT
Change Physical Footprint: Designator=J2 Old Footprint=B8B-PH-K New Footprint=B8B-PH-K
Change Physical Footprint: Designator=J3 Old Footprint=B4B-XH-A(LF)(SN) New Footprint=B4B-XH-A(LF)(SN)
Change Physical Footprint: Designator=K1 Old Footprint=Omron_Electronics_Inc._G5LE-1_DC5_0 New Footprint=Omron_Electronics_Inc._G5LE-1_DC5_0
Change Physical Footprint: Designator=L2 Old Footprint=WE-CNSW-0805 New Footprint=WE-CNSW-0805
Change Physical Footprint: Designator=L4 Old Footprint=TDK-ACP3225-102-2P-T000-4_V New Footprint=TDK-ACP3225-102-2P-T000-4_V
Change Physical Footprint: Designator=MTG1 Old Footprint=MTG-M3 New Footprint=MTG-M3
Change Physical Footprint: Designator=MTG2 Old Footprint=MTG-M3 New Footprint=MTG-M3
Change Physical Footprint: Designator=MTG3 Old Footprint=MTG-M3 New Footprint=MTG-M3
Change Physical Footprint: Designator=MTG4 Old Footprint=MTG-M3 New Footprint=MTG-M3
Change Physical Footprint: Designator=NT1 Old Footprint=20MIL_TIE New Footprint=20MIL_TIE
Change Physical Footprint: Designator=PS1 Old Footprint=TEL 3-1223 New Footprint=TEL 3-1223
Change Physical Footprint: Designator=PS2 Old Footprint=NMV0505SC New Footprint=NMV0505SC
Change Physical Footprint: Designator=Q1 Old Footprint=NXP-SOT23_M New Footprint=NXP-SOT23_M
Change Physical Footprint: Designator=R1 Old Footprint=0805_RES New Footprint=0805_RES
Change Physical Footprint: Designator=R2 Old Footprint=0603_RES New Footprint=0603_RES
Change Physical Footprint: Designator=R3 Old Footprint=RESC2013X60X35ML10T20 New Footprint=RESC2013X60X35ML10T20
Change Physical Footprint: Designator=R4 Old Footprint=0603_RES New Footprint=0603_RES
Change Physical Footprint: Designator=R5 Old Footprint=3339H-1-103LF New Footprint=3339H-1-103LF
Change Physical Footprint: Designator=R10 Old Footprint=3339H-1-103LF New Footprint=3339H-1-103LF
Change Physical Footprint: Designator=R11 Old Footprint=0603_RES New Footprint=0603_RES
Change Physical Footprint: Designator=R12 Old Footprint=RESC1608X50X30ML20T20 New Footprint=RESC1608X50X30ML20T20
Change Physical Footprint: Designator=R13 Old Footprint=RESC1608X50X30ML20T20 New Footprint=RESC1608X50X30ML20T20
Change Physical Footprint: Designator=R14 Old Footprint=RESC1608X50X30ML20T20 New Footprint=RESC1608X50X30ML20T20
Change Physical Footprint: Designator=R15 Old Footprint=3339H-1-103LF New Footprint=3339H-1-103LF
Change Physical Footprint: Designator=R16 Old Footprint=RESC1608X50X30NL20T20 New Footprint=RESC1608X50X30NL20T20
Change Physical Footprint: Designator=R17 Old Footprint=RESC1608X55X25NL10T15 New Footprint=RESC1608X55X25NL10T15
Change Physical Footprint: Designator=R18 Old Footprint=RESC1608X50X30NL20T20 New Footprint=RESC1608X50X30NL20T20
Change Physical Footprint: Designator=R19 Old Footprint=0603_RES New Footprint=0603_RES
Change Physical Footprint: Designator=R20 Old Footprint=RESC2013X60X35ML10T20 New Footprint=RESC2013X60X35ML10T20
Change Physical Footprint: Designator=R21 Old Footprint=0603_RES New Footprint=0603_RES
Change Physical Footprint: Designator=R22 Old Footprint=RESC2013X60X40NL20T25 New Footprint=RESC2013X60X40NL20T25
Change Physical Footprint: Designator=R23 Old Footprint=0603_RES New Footprint=0603_RES
Change Physical Footprint: Designator=R24 Old Footprint=0603_RES New Footprint=0603_RES
Change Physical Footprint: Designator=R25 Old Footprint=RESC2013X60X35ML10T20 New Footprint=RESC2013X60X35ML10T20
Change Physical Footprint: Designator=R26 Old Footprint=0603_RES New Footprint=0603_RES
Change Physical Footprint: Designator=R27 Old Footprint=RESC2013X60X40NL20T25 New Footprint=RESC2013X60X40NL20T25
Change Physical Footprint: Designator=R28 Old Footprint=0805_RES New Footprint=0805_RES
Change Physical Footprint: Designator=R29 Old Footprint=0603_RES New Footprint=0603_RES
Change Physical Footprint: Designator=R30 Old Footprint=0603_RES New Footprint=0603_RES
Change Physical Footprint: Designator=R31 Old Footprint=RESC2013X60X35ML10T20 New Footprint=RESC2013X60X35ML10T20
Change Physical Footprint: Designator=R32 Old Footprint=0603_RES New Footprint=0603_RES
Change Physical Footprint: Designator=R33 Old Footprint=0603_RES New Footprint=0603_RES
Change Physical Footprint: Designator=R34 Old Footprint=0603_RES New Footprint=0603_RES
Change Physical Footprint: Designator=R35 Old Footprint=0603_RES New Footprint=0603_RES
Change Physical Footprint: Designator=R36 Old Footprint=0603_RES New Footprint=0603_RES
Change Physical Footprint: Designator=R37 Old Footprint=0603_RES New Footprint=0603_RES
Change Physical Footprint: Designator=SW1 Old Footprint=CL-SA-12C-02 New Footprint=CL-SA-12C-02
Change Physical Footprint: Designator=SW2 Old Footprint=TECO-FSMSMTR_V New Footprint=TECO-FSMSMTR_V
Change Physical Footprint: Designator=TP1 Old Footprint=KSTN-5004 New Footprint=KSTN-5004
Change Physical Footprint: Designator=TP2 Old Footprint=KSTN-5115 New Footprint=KSTN-5115
Change Physical Footprint: Designator=TP3 Old Footprint=KSTN-5004 New Footprint=KSTN-5004
Change Physical Footprint: Designator=TP4 Old Footprint=KSTN-5002 New Footprint=KSTN-5002
Change Physical Footprint: Designator=TP5 Old Footprint=KSTN-5002 New Footprint=KSTN-5002
Change Physical Footprint: Designator=TP6 Old Footprint=KSTN-5000 New Footprint=KSTN-5000
Change Physical Footprint: Designator=TP7 Old Footprint=KSTN-5001 New Footprint=KSTN-5001
Change Physical Footprint: Designator=TP8 Old Footprint=KSTN-5116 New Footprint=KSTN-5116
Change Physical Footprint: Designator=TP9 Old Footprint=KSTN-5002 New Footprint=KSTN-5002
Change Physical Footprint: Designator=TP10 Old Footprint=KSTN-5002 New Footprint=KSTN-5002
Change Physical Footprint: Designator=TP11 Old Footprint=KSTN-5002 New Footprint=KSTN-5002
Change Physical Footprint: Designator=TP12 Old Footprint=KSTN-5002 New Footprint=KSTN-5002
Change Physical Footprint: Designator=TP13 Old Footprint=KSTN-5115 New Footprint=KSTN-5115
Change Physical Footprint: Designator=TP14 Old Footprint=KSTN-5119 New Footprint=KSTN-5119
Change Physical Footprint: Designator=TP15 Old Footprint=KSTN-5118 New Footprint=KSTN-5118
Change Physical Footprint: Designator=TP16 Old Footprint=KSTN-5003 New Footprint=KSTN-5003
Change Physical Footprint: Designator=TP17 Old Footprint=KSTN-5119 New Footprint=KSTN-5119
Change Physical Footprint: Designator=TP18 Old Footprint=KSTN-5118 New Footprint=KSTN-5118
Change Physical Footprint: Designator=TP19 Old Footprint=KSTN-5117 New Footprint=KSTN-5117
Change Physical Footprint: Designator=TP20 Old Footprint=KSTN-5117 New Footprint=KSTN-5117
Change Physical Footprint: Designator=U1 Old Footprint=ONSC-TSOP-5-483-02_V New Footprint=ONSC-TSOP-5-483-02_V
Change Physical Footprint: Designator=U2 Old Footprint=ONSC-TSOP-5-483-02_V New Footprint=ONSC-TSOP-5-483-02_V
Change Physical Footprint: Designator=U3 Old Footprint=RTW0024A_V New Footprint=RTW0024A_V
Change Physical Footprint: Designator=U4 Old Footprint=DBV0005A_M New Footprint=DBV0005A_M
Change Physical Footprint: Designator=U5 Old Footprint=Linear_Technologies_LTC6994CS6-1#TRMPBF_0 New Footprint=Linear_Technologies_LTC6994CS6-1#TRMPBF_0
Change Physical Footprint: Designator=U6 Old Footprint=DCT0008A_M New Footprint=DCT0008A_M
Change Physical Footprint: Designator=U7 Old Footprint=DBV0005A_M New Footprint=DBV0005A_M
Change Physical Footprint: Designator=U8 Old Footprint=Linear_Technologies_LTC6994CS6-1#TRMPBF_0 New Footprint=Linear_Technologies_LTC6994CS6-1#TRMPBF_0
Change Physical Footprint: Designator=U9 Old Footprint=ONSC-TSOP-5-483-02_V New Footprint=ONSC-TSOP-5-483-02_V
Change Physical Footprint: Designator=U10 Old Footprint=DBV0005A_M New Footprint=DBV0005A_M
Change Physical Footprint: Designator=U11 Old Footprint=SOIC-SN8_L New Footprint=SOIC-SN8_L
