Removed Pin From Net: NetName=+5 Pin=C12-1
Removed Pin From Net: NetName=GND Pin=C12-2
Removed Pin From Net: NetName=GND Pin=C14-2
Removed Pin From Net: NetName=+5 Pin=C24-1
Removed Pin From Net: NetName=GND Pin=C24-2
Removed Pin From Net: NetName=GND Pin=C26-2
Removed Pin From Net: NetName=FUSED Pin=D2-1
Removed Pin From Net: NetName=GND Pin=NT2-1
Removed Pin From Net: NetName=-5_OUT Pin=PS3-5
Removed Pin From Net: NetName=GND Pin=PS3-6
Removed Pin From Net: NetName=+5_OUT Pin=PS3-7
Removed Pin From Net: NetName=FAULT_DET Pin=R33-1
Removed Pin From Net: NetName=CUR_BUF_IN Pin=TP3-1
Removed Pin From Net: NetName=+5 Pin=U1-1
Removed Pin From Net: NetName=GND Pin=U1-5
Removed Pin From Net: NetName=BRAKE_BUF Pin=U1-7
Removed Pin From Net: NetName=GND Pin=U1-8
Removed Pin From Net: NetName=BRAKE_IN Pin=U1-12
Removed Pin From Net: NetName=GND Pin=U10-9
Removed Pin From Net: NetName=CUR_IN Pin=U10-12
Removed Pin From Net: NetName=+5 Pin=U10-15
Removed Pin From Net: NetName=GND Pin=U10-16
Removed Pin From Net: NetName=GND Pin=U11-2
Removed Member From Class: ClassName=U_Power Supply Member=C2
Removed Member From Class: ClassName=U_Comparator Member=C6
Removed Member From Class: ClassName=U_LatchDelay Member=C6
Removed Member From Class: ClassName=U_Comparator Member=C7
Removed Member From Class: ClassName=U_Comparator Member=C8
Removed Member From Class: ClassName=U_Comparator Member=C9
Removed Member From Class: ClassName=U_Comparator Member=C11
Removed Member From Class: ClassName=U_LatchDelay Member=C11
Removed Member From Class: ClassName=U_Comparator Member=C14
Removed Member From Class: ClassName=U_LatchDelay Member=C14
Removed Member From Class: ClassName=U_Power Supply Member=C14
Removed Member From Class: ClassName=U_LatchDelay Member=C18
Removed Member From Class: ClassName=U_IO and Connectors Member=C24
Removed Member From Class: ClassName=U_IO and Connectors Member=C25
Removed Member From Class: ClassName=U_IO and Connectors Member=C26
Removed Member From Class: ClassName=U_IO and Connectors Member=C27
Removed Member From Class: ClassName=U_IO and Connectors Member=D7
Removed Member From Class: ClassName=U_LatchDelay Member=D7
Removed Member From Class: ClassName=U_Relay Member=R2
Removed Member From Class: ClassName=U_IO and Connectors Member=R3
Removed Member From Class: ClassName=U_LatchDelay Member=R3
Removed Member From Class: ClassName=U_LatchDelay Member=R5
Removed Member From Class: ClassName=U_LatchDelay Member=R7
Removed Member From Class: ClassName=U_LatchDelay Member=R9
Removed Member From Class: ClassName=U_Comparator Member=R19
Removed Member From Class: ClassName=U_Comparator Member=R22
Removed Member From Class: ClassName=U_Relay Member=R24
Removed Member From Class: ClassName=U_Comparator Member=R28
Removed Member From Class: ClassName=U_Comparator Member=R30
Removed Member From Class: ClassName=U_LatchDelay Member=R30
Removed Member From Class: ClassName=U_IO and Connectors Member=R33
Removed Member From Class: ClassName=U_Comparator Member=SW2
Removed Member From Class: ClassName=U_Comparator Member=U1
Removed Member From Class: ClassName=U_Power Supply Member=U1
Removed Member From Class: ClassName=U_LatchDelay Member=U4
Removed Member From Class: ClassName=U_IO and Connectors Member=U11
Removed Member From Class: ClassName=PWR_RAIL Member=+5_PWR
Removed Member From Class: ClassName=PWR Member=+5_PWR
Removed Member From Class: ClassName=GND_RAIL Member=COM
Removed Member From Class: ClassName=PWR_RAIL Member=COM
Removed Member From Class: ClassName=PWR Member=COM
Removed Member From Class: ClassName=GND_RAIL Member=GND_IN
Removed Member From Class: ClassName=PWR_RAIL Member=GND_IN
Removed Member From Class: ClassName=PWR Member=GND_IN
Change Component Footprint: Designator=U11 Old Footprint=Lite-On_LTV-817S-TA1_0 New Footprint=SOIC-SN8_L
Change Component Footprint: Designator=PS2 Old Footprint=RECOM_R-78E5.0-0.5_0 New Footprint=NMV0505SC
Change Component Footprint: Designator=U10 Old Footprint=RQ-16 New Footprint=DBV0005A_M
Change Component Footprint: Designator=U1 Old Footprint=RQ-16 New Footprint=ONSC-TSOP-5-483-02_V
Change Component Comment : Designator=C11 Old Comment=1UF, 50V, 0603 New Comment=0.1UF, 16V, 0603
Change Component Comment : Designator=C12 Old Comment=1UF, 50V, 0603 New Comment=0.1UF, 16V, 0603
Change Component Comment : Designator=C13 Old Comment=1UF, 50V, 0603 New Comment=0.1UF, 16V, 0603
Change Component Comment : Designator=R32 Old Comment=10K Ohms New Comment=RES 0603 62.6K 0.1%
Change Component Comment : Designator=C2 Old Comment=10UF, 25V, 0603 New Comment=0.1UF, 16V, 0603
Change Component Comment : Designator=R26 Old Comment=47K Ohms New Comment=RES 0603 47K 1%
Change Component Comment : Designator=R21 Old Comment=49.9K Ohms New Comment=RES 0603 49.9K 0.1%
Change Component Comment : Designator=R23 Old Comment=100 Ohms New Comment=RES 0603 100 1%
Change Component Comment : Designator=R33 Old Comment=200 Ohms New Comment=RES 0603 100K 0.1%
Change Component Comment : Designator=R19 Old Comment=620 Ohms New Comment=RES 0603 620 1%
Change Component Comment : Designator=R24 Old Comment=620 Ohms New Comment=RES 0603 620 1%
Change Component Comment : Designator=U1 Old Comment=ADUM3190SRQZ-RL7 New Comment=NCS2003SN2T1G
Change Component Comment : Designator=U10 Old Comment=ADUM3190SRQZ-RL7 New Comment=SN74LV1T125DBVR
Change Component Comment : Designator=U11 Old Comment=LTV-817S-TA1 New Comment=MCP6002T-I/SN
Change Component Comment : Designator=PS2 Old Comment=R-78E5.0-0.5 New Comment=NMK1205SC
Change Managed Component Library Link : Designator=U1 Old VaultGUID= New VaultGUID=B7D15EC3-160A-466F-A46C-7801FE6295A7 Old ItemGUID= New ItemGUID=A07E2F0A-F6BA-493F-8F4D-17E56D0AF947 Old RevisionGUID= New RevisionGUID=D4B59E3C-2FB9-4764-A770-22D265D4CB57
Change Managed Component Library Link : Designator=U10 Old VaultGUID= New VaultGUID=B7D15EC3-160A-466F-A46C-7801FE6295A7 Old ItemGUID= New ItemGUID=71B4CF2A-A2F4-45E5-AF73-491B1FE0D63A Old RevisionGUID= New RevisionGUID=55FAA857-4A2B-47DC-A089-6B46E105CD8C
Change Managed Component Library Link : Designator=U11 Old VaultGUID= New VaultGUID=B7D15EC3-160A-466F-A46C-7801FE6295A7 Old ItemGUID= New ItemGUID=183AC0F8-475C-4C2C-9C56-FA7A8CA89F4E Old RevisionGUID= New RevisionGUID=F03DB7F8-CF27-482A-AE58-840777F90F4E
Change component parameters: Designator = "TP3" ("TP3"); Footprint = "KSTN-5002"; UniqueID = "\WXVZRCSH\EBUATUGI" ("\WXVZRCSH\EBUATUGI")
Change component parameters (AddParameter): Name = "Brand"; Value = "KeystoneElectronics"; VariantName = "[No Variations]"
Change component parameters (AddParameter): Name = "Color"; Value = "White"; VariantName = "[No Variations]"
Change component parameters (AddParameter): Name = "Contact Material"; Value = "PhosphorBronze"; VariantName = "[No Variations]"
Change component parameters (AddParameter): Name = "Datasheet URL"; Value = "https://ciiva.com/datasheet-click-2917627?src=ciiva&sig=bd195616"; VariantName = "[No Variations]"
Change component parameters (AddParameter): Name = "Datasheet Version"; Value = "Rev. G, 12/2008"; VariantName = "[No Variations]"
Change component parameters (AddParameter): Name = "Length"; Value = "7.62mm"; VariantName = "[No Variations]"
Change component parameters (AddParameter): Name = "Manufacturer"; Value = "KeystoneElectronics"; VariantName = "[No Variations]"
Change component parameters (AddParameter): Name = "Manufacturer URL"; Value = "http://www.keyelco.com/"; VariantName = "[No Variations]"
Change component parameters (AddParameter): Name = "Material"; Value = "Nylon"; VariantName = "[No Variations]"
Change component parameters (AddParameter): Name = "Mounting Hole Size"; Value = "1mm"; VariantName = "[No Variations]"
Change component parameters (AddParameter): Name = "Outside Diameter"; Value = "2.54mm"; VariantName = "[No Variations]"
Change component parameters (AddParameter): Name = "Packaging"; Value = "Bulk"; VariantName = "[No Variations]"
Change component parameters (AddParameter): Name = "Plating"; Value = "Silver"; VariantName = "[No Variations]"
Change component parameters (AddParameter): Name = "Product"; Value = "TestPoints"; VariantName = "[No Variations]"
Change component parameters (AddParameter): Name = "Product Category"; Value = "CircuitBoardHardware-PCB"; VariantName = "[No Variations]"
Change component parameters (AddParameter): Name = "RoHS"; Value = "True"; VariantName = "[No Variations]"
Change component parameters (AddParameter): Name = "Supplier 1"; Value = "Digi-Key"; VariantName = "[No Variations]"
Change component parameters (AddParameter): Name = "Type"; Value = "Miniature"; VariantName = "[No Variations]"
Change component parameters: Designator = "R32" ("R32"); Footprint = "0603_RES"; UniqueID = "\MBNRXBXE\OQISKPEC\CSZJTCKY" ("\MBNRXBXE\OQISKPEC\CSZJTCKY")
Change component parameters (AddParameter): Name = "Description in Visual"; Value = "Res SMT 62.6K 0603  0.05%  0.1W"; VariantName = "[No Variations]"
Change component parameters (AddParameter): Name = "Manufacturer"; Value = "Various"; VariantName = "[No Variations]"
Change component parameters (AddParameter): Name = "Manufacturer P/N"; Value = "Various"; VariantName = "[No Variations]"
Change component parameters (AddParameter): Name = "P/N"; Value = "RES 0603 62.6K 0.1%"; VariantName = "[No Variations]"
Change component parameters (AddParameter): Name = "PCB Package"; Value = "0603"; VariantName = "[No Variations]"
Change component parameters (AddParameter): Name = "Power_Rating"; Value = "0.1W"; VariantName = "[No Variations]"
Change component parameters (AddParameter): Name = "Tol"; Value = "0.1%"; VariantName = "[No Variations]"
Change component parameters (AddParameter): Name = "Tolerance"; Value = "0.1%"; VariantName = "[No Variations]"
Change component parameters (AddParameter): Name = "Val"; Value = "62.6K"; VariantName = "[No Variations]"
Change component parameters (AddParameter): Name = "Value"; Value = "62.6K"; VariantName = "[No Variations]"
Change component parameters: Designator = "R33" ("R33"); Footprint = "0603_RES"; UniqueID = "\MBNRXBXE\OQISKPEC\EQRQDGGT" ("\MBNRXBXE\OQISKPEC\EQRQDGGT")
Change component parameters (AddParameter): Name = "Description in Visual"; Value = "Res SMT 100K 0603  0.1%  0.1W"; VariantName = "[No Variations]"
Change component parameters (AddParameter): Name = "Manufacturer"; Value = "Various"; VariantName = "[No Variations]"
Change component parameters (AddParameter): Name = "Manufacturer P/N"; Value = "Various"; VariantName = "[No Variations]"
Change component parameters (AddParameter): Name = "P/N"; Value = "RES 0603 100K 0.1%"; VariantName = "[No Variations]"
Change component parameters (AddParameter): Name = "PCB Package"; Value = "0603"; VariantName = "[No Variations]"
Change component parameters (AddParameter): Name = "Power_Rating"; Value = "0.1W"; VariantName = "[No Variations]"
Change component parameters (AddParameter): Name = "Tol"; Value = "0.1%"; VariantName = "[No Variations]"
Change component parameters (AddParameter): Name = "Tolerance"; Value = "0.1%"; VariantName = "[No Variations]"
Change component parameters (AddParameter): Name = "Val"; Value = "100K"; VariantName = "[No Variations]"
Change component parameters (AddParameter): Name = "Value"; Value = "100K"; VariantName = "[No Variations]"
Change component parameters: Designator = "C11" ("C11"); Footprint = "0603_CAP"; UniqueID = "\MBNRXBXE\IGSWQNIW" ("\MBNRXBXE\IGSWQNIW")
Change component parameters (AddParameter): Name = "ComponentLink1Description"; Value = "Manufacturer Website"; VariantName = "[No Variations]"
Change component parameters (AddParameter): Name = "ComponentLink2Description"; Value = "Component Datasheet"; VariantName = "[No Variations]"
Change component parameters (AddParameter): Name = "ComponentLink3Description"; Value = "Octopart Link"; VariantName = "[No Variations]"
Change component parameters (AddParameter): Name = "Description in Visual"; Value = "Cap SMT 0603 0.1UF 16V 10%  Cer X7R"; VariantName = "[No Variations]"
Change component parameters (AddParameter): Name = "Manufacturer"; Value = "Various"; VariantName = "[No Variations]"
Change component parameters (AddParameter): Name = "Manufacturer P/N"; Value = "Various"; VariantName = "[No Variations]"
Change component parameters (AddParameter): Name = "P/N"; Value = "CAP 0603 0.1UF 16V 10% X7R"; VariantName = "[No Variations]"
Change component parameters (AddParameter): Name = "PCB Package"; Value = "0603"; VariantName = "[No Variations]"
Change component parameters (AddParameter): Name = "Tolerance"; Value = "10%"; VariantName = "[No Variations]"
Change component parameters (AddParameter): Name = "Type"; Value = "Ceramic X7R"; VariantName = "[No Variations]"
Change component parameters (AddParameter): Name = "Val"; Value = "0.1UF"; VariantName = "[No Variations]"
Change component parameters (AddParameter): Name = "Value"; Value = "0.1UF"; VariantName = "[No Variations]"
Change component parameters (AddParameter): Name = "Vol"; Value = "16V"; VariantName = "[No Variations]"
Change component parameters (AddParameter): Name = "Voltage"; Value = "16V"; VariantName = "[No Variations]"
Change component parameters: Designator = "C12" ("C12"); Footprint = "0603_CAP"; UniqueID = "\MBNRXBXE\OQISKPEC\IRJYRPYM" ("\MBNRXBXE\OQISKPEC\IRJYRPYM")
Change component parameters (AddParameter): Name = "ComponentLink1Description"; Value = "Manufacturer Website"; VariantName = "[No Variations]"
Change component parameters (AddParameter): Name = "ComponentLink2Description"; Value = "Component Datasheet"; VariantName = "[No Variations]"
Change component parameters (AddParameter): Name = "ComponentLink3Description"; Value = "Octopart Link"; VariantName = "[No Variations]"
Change component parameters (AddParameter): Name = "Description in Visual"; Value = "Cap SMT 0603 0.1UF 16V 10%  Cer X7R"; VariantName = "[No Variations]"
Change component parameters (AddParameter): Name = "Manufacturer"; Value = "Various"; VariantName = "[No Variations]"
Change component parameters (AddParameter): Name = "Manufacturer P/N"; Value = "Various"; VariantName = "[No Variations]"
Change component parameters (AddParameter): Name = "P/N"; Value = "CAP 0603 0.1UF 16V 10% X7R"; VariantName = "[No Variations]"
Change component parameters (AddParameter): Name = "PCB Package"; Value = "0603"; VariantName = "[No Variations]"
Change component parameters (AddParameter): Name = "Tolerance"; Value = "10%"; VariantName = "[No Variations]"
Change component parameters (AddParameter): Name = "Type"; Value = "Ceramic X7R"; VariantName = "[No Variations]"
Change component parameters (AddParameter): Name = "Val"; Value = "0.1UF"; VariantName = "[No Variations]"
Change component parameters (AddParameter): Name = "Value"; Value = "0.1UF"; VariantName = "[No Variations]"
Change component parameters (AddParameter): Name = "Vol"; Value = "16V"; VariantName = "[No Variations]"
Change component parameters (AddParameter): Name = "Voltage"; Value = "16V"; VariantName = "[No Variations]"
Change component parameters: Designator = "C13" ("C13"); Footprint = "0603_CAP"; UniqueID = "\WXVZRCSH\DSETGGHU" ("\WXVZRCSH\DSETGGHU")
Change component parameters (AddParameter): Name = "ComponentLink1Description"; Value = "Manufacturer Website"; VariantName = "[No Variations]"
Change component parameters (AddParameter): Name = "ComponentLink2Description"; Value = "Component Datasheet"; VariantName = "[No Variations]"
Change component parameters (AddParameter): Name = "ComponentLink3Description"; Value = "Octopart Link"; VariantName = "[No Variations]"
Change component parameters (AddParameter): Name = "Description in Visual"; Value = "Cap SMT 0603 0.1UF 16V 10%  Cer X7R"; VariantName = "[No Variations]"
Change component parameters (AddParameter): Name = "Manufacturer"; Value = "Various"; VariantName = "[No Variations]"
Change component parameters (AddParameter): Name = "Manufacturer P/N"; Value = "Various"; VariantName = "[No Variations]"
Change component parameters (AddParameter): Name = "P/N"; Value = "CAP 0603 0.1UF 16V 10% X7R"; VariantName = "[No Variations]"
Change component parameters (AddParameter): Name = "PCB Package"; Value = "0603"; VariantName = "[No Variations]"
Change component parameters (AddParameter): Name = "Tolerance"; Value = "10%"; VariantName = "[No Variations]"
Change component parameters (AddParameter): Name = "Type"; Value = "Ceramic X7R"; VariantName = "[No Variations]"
Change component parameters (AddParameter): Name = "Val"; Value = "0.1UF"; VariantName = "[No Variations]"
Change component parameters (AddParameter): Name = "Value"; Value = "0.1UF"; VariantName = "[No Variations]"
Change component parameters (AddParameter): Name = "Vol"; Value = "16V"; VariantName = "[No Variations]"
Change component parameters (AddParameter): Name = "Voltage"; Value = "16V"; VariantName = "[No Variations]"
Change component parameters: Designator = "C2" ("C2"); Footprint = "0603_CAP"; UniqueID = "\MBNRXBXE\YGZNDACM" ("\MBNRXBXE\YGZNDACM")
Change component parameters (AddParameter): Name = "ComponentLink1Description"; Value = "Manufacturer Website"; VariantName = "[No Variations]"
Change component parameters (AddParameter): Name = "ComponentLink2Description"; Value = "Component Datasheet"; VariantName = "[No Variations]"
Change component parameters (AddParameter): Name = "ComponentLink3Description"; Value = "Octopart Link"; VariantName = "[No Variations]"
Change component parameters (AddParameter): Name = "Description in Visual"; Value = "Cap SMT 0603 0.1UF 16V 10%  Cer X7R"; VariantName = "[No Variations]"
Change component parameters (AddParameter): Name = "Manufacturer"; Value = "Various"; VariantName = "[No Variations]"
Change component parameters (AddParameter): Name = "Manufacturer P/N"; Value = "Various"; VariantName = "[No Variations]"
Change component parameters (AddParameter): Name = "P/N"; Value = "CAP 0603 0.1UF 16V 10% X7R"; VariantName = "[No Variations]"
Change component parameters (AddParameter): Name = "PCB Package"; Value = "0603"; VariantName = "[No Variations]"
Change component parameters (AddParameter): Name = "Tolerance"; Value = "10%"; VariantName = "[No Variations]"
Change component parameters (AddParameter): Name = "Type"; Value = "Ceramic X7R"; VariantName = "[No Variations]"
Change component parameters (AddParameter): Name = "Val"; Value = "0.1UF"; VariantName = "[No Variations]"
Change component parameters (AddParameter): Name = "Value"; Value = "0.1UF"; VariantName = "[No Variations]"
Change component parameters (AddParameter): Name = "Vol"; Value = "16V"; VariantName = "[No Variations]"
Change component parameters (AddParameter): Name = "Voltage"; Value = "16V"; VariantName = "[No Variations]"
Change component parameters: Designator = "U11" ("U11"); Footprint = "Lite-On_LTV-817S-TA1_0"; UniqueID = "\MBNRXBXE\OQISKPEC\NJYELEPK" ("\MBNRXBXE\OQISKPEC\NJYELEPK")
Change component parameters (AddParameter): Name = "Code_IPC"; Value = "SOIC127P600-8"; VariantName = "[No Variations]"
Change component parameters (AddParameter): Name = "Code_JEDEC"; Value = "MS-012"; VariantName = "[No Variations]"
Change component parameters (AddParameter): Name = "ComponentLink1Description"; Value = "Manufacturer URL"; VariantName = "[No Variations]"
Change component parameters (AddParameter): Name = "ComponentLink1URL"; Value = "http://www.microchip.com/"; VariantName = "[No Variations]"
Change component parameters (AddParameter): Name = "ComponentLink2Description"; Value = "Datasheet"; VariantName = "[No Variations]"
Change component parameters (AddParameter): Name = "ComponentLink2URL"; Value = "http://ww1.microchip.com/downloads/en/DeviceDoc/21733j.pdf"; VariantName = "[No Variations]"
Change component parameters (AddParameter): Name = "ComponentLink3Description"; Value = "Package Specification"; VariantName = "[No Variations]"
Change component parameters (AddParameter): Name = "ComponentLink3URL"; Value = "http://www.microchip.com/stellent/groups/techpub_sg/documents/packagingspec/en012702.pdf"; VariantName = "[No Variations]"
Change component parameters (AddParameter): Name = "DatasheetVersion"; Value = "revJ, Nov-2009"; VariantName = "[No Variations]"
Change component parameters (AddParameter): Name = "PackageDescription"; Value = "8-Lead Plastic Small Outline (SN) - Narrow, 3.90mm Body [SOIC]"; VariantName = "[No Variations]"
Change component parameters (AddParameter): Name = "PackageReference"; Value = "SOIC-SN8"; VariantName = "[No Variations]"
Change component parameters (AddParameter): Name = "PackageVersion"; Value = "revBB, Aug-2009"; VariantName = "[No Variations]"
Change component parameters (AddParameter): Name = "RevisionNote"; Value = "URLs added."; VariantName = "[No Variations]"
Change component parameters: Designator = "U1" ("U1"); Footprint = "RQ-16"; UniqueID = "\MBNRXBXE\YHZUXJQK" ("\MBNRXBXE\YHZUXJQK")
Change component parameters (AddParameter): Name = "ComponentLink1Description"; Value = "Manufacturer URL"; VariantName = "[No Variations]"
Change component parameters (AddParameter): Name = "ComponentLink1URL"; Value = "http://www.onsemi.com/"; VariantName = "[No Variations]"
Change component parameters (AddParameter): Name = "ComponentLink2Description"; Value = "Datasheet"; VariantName = "[No Variations]"
Change component parameters (AddParameter): Name = "ComponentLink2URL"; Value = "http://www.onsemi.cn/pub_link/Collateral/NCS2003-D.PDF"; VariantName = "[No Variations]"
Change component parameters (AddParameter): Name = "ComponentLink3Description"; Value = "Package Specification"; VariantName = "[No Variations]"
Change component parameters (AddParameter): Name = "ComponentLink3URL"; Value = "http://www.onsemi.com/pub_link/Collateral/483.PDF"; VariantName = "[No Variations]"
Change component parameters (AddParameter): Name = "DatasheetVersion"; Value = "Rev. 3"; VariantName = "[No Variations]"
Change component parameters (AddParameter): Name = "Manufacturer"; Value = "On Semiconductor"; VariantName = "[No Variations]"
Change component parameters (AddParameter): Name = "Mounting Technology"; Value = "Surface Mount"; VariantName = "[No Variations]"
Change component parameters (AddParameter): Name = "PackageDescription"; Value = "5-Pin Small Outline Package, Body 3 x 1.5 mm, Pitch 0.95 mm"; VariantName = "[No Variations]"
Change component parameters (AddParameter): Name = "PackageReference"; Value = "TSOP-5-483-02"; VariantName = "[No Variations]"
Change component parameters (AddParameter): Name = "PackageVersion"; Value = "Rev. K, 04/2013"; VariantName = "[No Variations]"
Change component parameters (AddParameter): Name = "Packing"; Value = "Tape and Reel"; VariantName = "[No Variations]"
Change component parameters (AddParameter): Name = "PartNumber"; Value = "NCS2003SN2T1G"; VariantName = "[No Variations]"
Change component parameters (AddParameter): Name = "RoHS"; Value = "TRUE"; VariantName = "[No Variations]"
Change component parameters (AddParameter): Name = "VCC Max (V)"; Value = "5.5"; VariantName = "[No Variations]"
Change component parameters (AddParameter): Name = "VCC Min (V)"; Value = "1.7"; VariantName = "[No Variations]"
Change component parameters: Designator = "U10" ("U10"); Footprint = "RQ-16"; UniqueID = "\MBNRXBXE\MWKJWWVJ" ("\MBNRXBXE\MWKJWWVJ")
Change component parameters (AddParameter): Name = "3-State Output"; Value = "Yes"; VariantName = "[No Variations]"
Change component parameters (AddParameter): Name = "Bits(#)"; Value = "1"; VariantName = "[No Variations]"
Change component parameters (AddParameter): Name = "DatasheetVersion"; Value = "SCLS745A"; VariantName = "[No Variations]"
Change component parameters (AddParameter): Name = "F @ Nom Voltage(Max)(Mhz)"; Value = "50"; VariantName = "[No Variations]"
Change component parameters (AddParameter): Name = "Generic Part Number"; Value = "SN74LV1T125"; VariantName = "[No Variations]"
Change component parameters (AddParameter): Name = "ICC @ Nom Voltage(Max)(mA)"; Value = "0.01"; VariantName = "[No Variations]"
Change component parameters (AddParameter): Name = "Input Type"; Value = "TTL"; VariantName = "[No Variations]"
Change component parameters (AddParameter): Name = "Logic"; Value = "True"; VariantName = "[No Variations]"
Change component parameters (AddParameter): Name = "Manufacturer"; Value = "Texas Instruments"; VariantName = "[No Variations]"
Change component parameters (AddParameter): Name = "Operating Temperature Range(C)"; Value = "-40 to 125"; VariantName = "[No Variations]"
Change component parameters (AddParameter): Name = "Output Drive (IOL/IOH)(Max)(mA)"; Value = "8/-8"; VariantName = "[No Variations]"
Change component parameters (AddParameter): Name = "Output Type"; Value = "CMOS"; VariantName = "[No Variations]"
Change component parameters (AddParameter): Name = "PackageReference"; Value = "DBV0005A"; VariantName = "[No Variations]"
Change component parameters (AddParameter): Name = "Rating"; Value = "Catalog"; VariantName = "[No Variations]"
Change component parameters (AddParameter): Name = "Schmitt Trigger"; Value = "No"; VariantName = "[No Variations]"
Change component parameters (AddParameter): Name = "Special Features"; Value = "1.8V to 3.3V Up Translation,3.3V to 1.8V Down Translation,5V Input Tolerant"; VariantName = "[No Variations]"
Change component parameters (AddParameter): Name = "Sub-Family"; Value = "Non-Inverting Buffer/Driver"; VariantName = "[No Variations]"
Change component parameters (AddParameter): Name = "Technology Family"; Value = "LV1T"; VariantName = "[No Variations]"
Change component parameters (AddParameter): Name = "tpd @ Nom Voltage(Max)(ns)"; Value = "14.5,9.5,8.0,6.5"; VariantName = "[No Variations]"
Change component parameters (AddParameter): Name = "VCC(Max)(V)"; Value = "5.5"; VariantName = "[No Variations]"
Change component parameters (AddParameter): Name = "VCC(Min)(V)"; Value = "1.6"; VariantName = "[No Variations]"
Change component parameters (AddParameter): Name = "Voltage(Nom)(V)"; Value = "1.8,2.5,3.3,5.5"; VariantName = "[No Variations]"
Change component parameters: Designator = "PS2" ("PS2"); Footprint = "RECOM_R-78E5.0-0.5_0"; UniqueID = "\GDJTUDWI\POPBLUOI" ("\GDJTUDWI\POPBLUOI")
Change component parameters (AddParameter): Name = "Supplier 1"; Value = "Digi-Key"; VariantName = "[No Variations]"
Change component parameters (AddParameter): Name = "Supplier Part Number 1"; Value = "811-3393-5-ND"; VariantName = "[No Variations]"
Added Component: Designator=R35(0603_RES)
Add component (AddParameter): Name = "Description in Visual"; Value = "Res SMT 100K 0603  0.1%  0.1W"; VariantName = "[No Variations]"
Add component (AddParameter): Name = "Manufacturer"; Value = "Various"; VariantName = "[No Variations]"
Add component (AddParameter): Name = "Manufacturer P/N"; Value = "Various"; VariantName = "[No Variations]"
Add component (AddParameter): Name = "P/N"; Value = "RES 0603 100K 0.1%"; VariantName = "[No Variations]"
Add component (AddParameter): Name = "PCB Package"; Value = "0603"; VariantName = "[No Variations]"
Add component (AddParameter): Name = "Power_Rating"; Value = "0.1W"; VariantName = "[No Variations]"
Add component (AddParameter): Name = "Tol"; Value = "0.1%"; VariantName = "[No Variations]"
Add component (AddParameter): Name = "Tolerance"; Value = "0.1%"; VariantName = "[No Variations]"
Add component (AddParameter): Name = "Val"; Value = "100K"; VariantName = "[No Variations]"
Add component (AddParameter): Name = "Value"; Value = "100K"; VariantName = "[No Variations]"
Added Component: Designator=R36(0603_RES)
Add component (AddParameter): Name = "Description in Visual"; Value = "Res SMT 62.6K 0603  0.05%  0.1W"; VariantName = "[No Variations]"
Add component (AddParameter): Name = "Manufacturer"; Value = "Various"; VariantName = "[No Variations]"
Add component (AddParameter): Name = "Manufacturer P/N"; Value = "Various"; VariantName = "[No Variations]"
Add component (AddParameter): Name = "P/N"; Value = "RES 0603 62.6K 0.1%"; VariantName = "[No Variations]"
Add component (AddParameter): Name = "PCB Package"; Value = "0603"; VariantName = "[No Variations]"
Add component (AddParameter): Name = "Power_Rating"; Value = "0.1W"; VariantName = "[No Variations]"
Add component (AddParameter): Name = "Tol"; Value = "0.1%"; VariantName = "[No Variations]"
Add component (AddParameter): Name = "Tolerance"; Value = "0.1%"; VariantName = "[No Variations]"
Add component (AddParameter): Name = "Val"; Value = "62.6K"; VariantName = "[No Variations]"
Add component (AddParameter): Name = "Value"; Value = "62.6K"; VariantName = "[No Variations]"
Added Component: Designator=R37(0603_RES)
Add component (AddParameter): Name = "Description in Visual"; Value = "Res SMT 100K 0603  0.1%  0.1W"; VariantName = "[No Variations]"
Add component (AddParameter): Name = "Manufacturer"; Value = "Various"; VariantName = "[No Variations]"
Add component (AddParameter): Name = "Manufacturer P/N"; Value = "Various"; VariantName = "[No Variations]"
Add component (AddParameter): Name = "P/N"; Value = "RES 0603 100K 0.1%"; VariantName = "[No Variations]"
Add component (AddParameter): Name = "PCB Package"; Value = "0603"; VariantName = "[No Variations]"
Add component (AddParameter): Name = "Power_Rating"; Value = "0.1W"; VariantName = "[No Variations]"
Add component (AddParameter): Name = "Tol"; Value = "0.1%"; VariantName = "[No Variations]"
Add component (AddParameter): Name = "Tolerance"; Value = "0.1%"; VariantName = "[No Variations]"
Add component (AddParameter): Name = "Val"; Value = "100K"; VariantName = "[No Variations]"
Add component (AddParameter): Name = "Value"; Value = "100K"; VariantName = "[No Variations]"
Added Component: Designator=R38(0603_RES)
Add component (AddParameter): Name = "Description in Visual"; Value = "Res SMT 100K 0603  0.1%  0.1W"; VariantName = "[No Variations]"
Add component (AddParameter): Name = "Manufacturer"; Value = "Various"; VariantName = "[No Variations]"
Add component (AddParameter): Name = "Manufacturer P/N"; Value = "Various"; VariantName = "[No Variations]"
Add component (AddParameter): Name = "P/N"; Value = "RES 0603 100K 0.1%"; VariantName = "[No Variations]"
Add component (AddParameter): Name = "PCB Package"; Value = "0603"; VariantName = "[No Variations]"
Add component (AddParameter): Name = "Power_Rating"; Value = "0.1W"; VariantName = "[No Variations]"
Add component (AddParameter): Name = "Tol"; Value = "0.1%"; VariantName = "[No Variations]"
Add component (AddParameter): Name = "Tolerance"; Value = "0.1%"; VariantName = "[No Variations]"
Add component (AddParameter): Name = "Val"; Value = "100K"; VariantName = "[No Variations]"
Add component (AddParameter): Name = "Value"; Value = "100K"; VariantName = "[No Variations]"
Added Component: Designator=U14(ONSC-TSOP-5-483-02_V)
Add component (AddParameter): Name = "ComponentLink1Description"; Value = "Manufacturer URL"; VariantName = "[No Variations]"
Add component (AddParameter): Name = "ComponentLink1URL"; Value = "http://www.onsemi.com/"; VariantName = "[No Variations]"
Add component (AddParameter): Name = "ComponentLink2Description"; Value = "Datasheet"; VariantName = "[No Variations]"
Add component (AddParameter): Name = "ComponentLink2URL"; Value = "http://www.onsemi.cn/pub_link/Collateral/NCS2003-D.PDF"; VariantName = "[No Variations]"
Add component (AddParameter): Name = "ComponentLink3Description"; Value = "Package Specification"; VariantName = "[No Variations]"
Add component (AddParameter): Name = "ComponentLink3URL"; Value = "http://www.onsemi.com/pub_link/Collateral/483.PDF"; VariantName = "[No Variations]"
Add component (AddParameter): Name = "DatasheetVersion"; Value = "Rev. 3"; VariantName = "[No Variations]"
Add component (AddParameter): Name = "Manufacturer"; Value = "On Semiconductor"; VariantName = "[No Variations]"
Add component (AddParameter): Name = "Mounting Technology"; Value = "Surface Mount"; VariantName = "[No Variations]"
Add component (AddParameter): Name = "PackageDescription"; Value = "5-Pin Small Outline Package, Body 3 x 1.5 mm, Pitch 0.95 mm"; VariantName = "[No Variations]"
Add component (AddParameter): Name = "PackageReference"; Value = "TSOP-5-483-02"; VariantName = "[No Variations]"
Add component (AddParameter): Name = "PackageVersion"; Value = "Rev. K, 04/2013"; VariantName = "[No Variations]"
Add component (AddParameter): Name = "Packing"; Value = "Tape and Reel"; VariantName = "[No Variations]"
Add component (AddParameter): Name = "PartNumber"; Value = "NCS2003SN2T1G"; VariantName = "[No Variations]"
Add component (AddParameter): Name = "RoHS"; Value = "TRUE"; VariantName = "[No Variations]"
Add component (AddParameter): Name = "VCC Max (V)"; Value = "5.5"; VariantName = "[No Variations]"
Add component (AddParameter): Name = "VCC Min (V)"; Value = "1.7"; VariantName = "[No Variations]"
Added Pin To Net: NetName=GND Pin=C1-1
Added Pin To Net: NetName=GND Pin=C2-1
Added Pin To Net: NetName=+5 Pin=C2-2
Added Pin To Net: NetName=GND Pin=C9-2
Added Pin To Net: NetName=GND Pin=C10-2
Added Pin To Net: NetName=GND Pin=C11-1
Added Pin To Net: NetName=+5 Pin=C11-2
Added Pin To Net: NetName=GND Pin=C12-1
Added Pin To Net: NetName=+5 Pin=C12-2
Added Pin To Net: NetName=GND Pin=C13-1
Added Pin To Net: NetName=+5 Pin=C13-2
Added Pin To Net: NetName=D+ Pin=D2-1
Added Pin To Net: NetName=GND Pin=D3-2
Added Pin To Net: NetName=+5 Pin=D6-1
Added Pin To Net: NetName=GND Pin=D8-1
Added Pin To Net: NetName=+5 Pin=F1-1
Added Pin To Net: NetName=GND Pin=J3-4
Added Pin To Net: NetName=+5 Pin=K1-5
Added Pin To Net: NetName=GND Pin=L2-1
Added Pin To Net: NetName=GND Pin=L4-3
Added Pin To Net: NetName=GND Pin=PS1-3
Added Pin To Net: NetName=GND Pin=PS1-10
Added Pin To Net: NetName=GND Pin=PS1-12
Added Pin To Net: NetName=GND Pin=PS1-13
Added Pin To Net: NetName=GND Pin=PS1-15
Added Pin To Net: NetName=GND Pin=PS1-22
Added Pin To Net: NetName=GND Pin=PS2-2
Added Pin To Net: NetName=-5_OUT Pin=PS2-5
Added Pin To Net: NetName=GND Pin=PS2-6
Added Pin To Net: NetName=+5_OUT Pin=PS2-7
Added Pin To Net: NetName=GND Pin=Q1-2
Added Pin To Net: NetName=+5 Pin=R29-2
Added Pin To Net: NetName=GND Pin=R33-1
Added Pin To Net: NetName=CUR_IN Pin=R35-1
Added Pin To Net: NetName=+5 Pin=R37-2
Added Pin To Net: NetName=GND Pin=R38-1
Added Pin To Net: NetName=CUR_IN Pin=TP3-1
Added Pin To Net: NetName=GND Pin=TP9-1
Added Pin To Net: NetName=BRAKE_IN Pin=U1-3
Added Pin To Net: NetName=+5 Pin=U1-5
Added Pin To Net: NetName=GND Pin=U10-1
Added Pin To Net: NetName=FAULT_DET Pin=U10-2
Added Pin To Net: NetName=GND Pin=U10-3
Added Pin To Net: NetName=+5 Pin=U10-5
Added Pin To Net: NetName=BRAKE_BUF Pin=U14-1
Added Pin To Net: NetName=GND Pin=U14-2
Added Pin To Net: NetName=BRAKE_IN Pin=U14-3
Added Pin To Net: NetName=BRAKE_BUF Pin=U14-4
Added Pin To Net: NetName=+5 Pin=U14-5
Added Pin To Net: NetName=2.5_FB Pin=R36-1
Added Pin To Net: NetName=2.5_FB Pin=U11-6
Added Pin To Net: NetName=2.5_FB Pin=U11-7
Added Net: Name=2.5_FB
Added Pin To Net: NetName=2.5_RDIV Pin=R37-1
Added Pin To Net: NetName=2.5_RDIV Pin=R38-2
Added Pin To Net: NetName=2.5_RDIV Pin=U11-5
Added Net: Name=2.5_RDIV
Added Pin To Net: NetName=BRAKE_OUT Pin=J2-1
Added Pin To Net: NetName=BRAKE_OUT Pin=U1-1
Added Pin To Net: NetName=BRAKE_OUT Pin=U1-4
Added Net: Name=BRAKE_OUT
Added Pin To Net: NetName=CUR_OUT Pin=D9-4
Added Pin To Net: NetName=CUR_OUT Pin=J2-5
Added Pin To Net: NetName=CUR_OUT Pin=R32-1
Added Pin To Net: NetName=CUR_OUT Pin=U11-1
Added Net: Name=CUR_OUT
Added Pin To Net: NetName=FAULT_BUF Pin=D9-3
Added Pin To Net: NetName=FAULT_BUF Pin=J2-4
Added Pin To Net: NetName=FAULT_BUF Pin=U10-4
Added Net: Name=FAULT_BUF
Added Pin To Net: NetName=VN Pin=R32-2
Added Pin To Net: NetName=VN Pin=R33-2
Added Pin To Net: NetName=VN Pin=U11-2
Added Net: Name=VN
Added Pin To Net: NetName=VP Pin=R35-2
Added Pin To Net: NetName=VP Pin=R36-2
Added Pin To Net: NetName=VP Pin=U11-3
Added Net: Name=VP
Added Class: Name=U_Current Scaler
Added Member To Class: ClassName=U_IO and Connectors Member=Component C2 0.1UF, 16V, 0603
Added Member To Class: ClassName=U_Power Supply Member=Component C10 UUD1V331MNL1GS
Added Member To Class: ClassName=U_IO and Connectors Member=Component C11 0.1UF, 16V, 0603
Added Member To Class: ClassName=U_Comparator Member=Component C13 0.1UF, 16V, 0603
Added Member To Class: ClassName=U_Comparator Member=Component C15 0.1UF, 16V, 0603
Added Member To Class: ClassName=U_Comparator Member=Component C16 0.1UF, 16V, 0603
Added Member To Class: ClassName=U_Comparator Member=Component C17 10UF, 25V, 0603
Added Member To Class: ClassName=U_LatchDelay Member=Component C19 10UF, 25V, 0603
Added Member To Class: ClassName=U_LatchDelay Member=Component C20 10UF, 25V, 0603
Added Member To Class: ClassName=U_LatchDelay Member=Component C21 1PF, 50V, 0603
Added Member To Class: ClassName=U_LatchDelay Member=Component C22 0.1UF, 16V, 0603
Added Member To Class: ClassName=U_LatchDelay Member=Component C23 0.1UF, 16V, 0603
Added Member To Class: ClassName=U_LatchDelay Member=Component D5 SM0805HCL
Added Member To Class: ClassName=U_Relay Member=Component D6 NSR0340V2T1G
Added Member To Class: ClassName=U_IO and Connectors Member=Component D9 SP0503BAHTG
Added Member To Class: ClassName=U_Power Supply Member=Component F1 MF-FSMF010X-2
Added Member To Class: ClassName=U_Power Supply Member=Component L4 ACP3225-102-2P-T000
Added Member To Class: ClassName=U_Comparator Member=Component R2 330K Ohms
Added Member To Class: ClassName=U_Comparator Member=Component R6 0 Ohms
Added Member To Class: ClassName=U_Comparator Member=Component R8 0 Ohms
Added Member To Class: ClassName=U_Comparator Member=Component R9 0 Ohms
Added Member To Class: ClassName=U_Comparator Member=Component R10 3339H-1-103LF
Added Member To Class: ClassName=U_Comparator Member=Component R11 10K Ohms
Added Member To Class: ClassName=U_Comparator Member=Component R13 RR0816P-183-D
Added Member To Class: ClassName=U_Comparator Member=Component R14 RR0816P-301-D
Added Member To Class: ClassName=U_Comparator Member=Component R15 3339H-1-103LF
Added Member To Class: ClassName=U_Comparator Member=Component R16 RR0816P-272-D
Added Member To Class: ClassName=U_Comparator Member=Component R17 RT0603DRE072KL
Added Member To Class: ClassName=U_Comparator Member=Component R18 RR0816P-272-D
Added Member To Class: ClassName=U_LatchDelay Member=Component R20 RT0805BRE071ML
Added Member To Class: ClassName=U_LatchDelay Member=Component R21 RES 0603 49.9K 0.1%
Added Member To Class: ClassName=U_LatchDelay Member=Component R23 RES 0603 100 1%
Added Member To Class: ClassName=U_LatchDelay Member=Component R25 RT0805BRE071ML
Added Member To Class: ClassName=U_LatchDelay Member=Component R26 RES 0603 47K 1%
Added Member To Class: ClassName=U_LatchDelay Member=Component R27 RG1608P-9312-B-T5
Added Member To Class: ClassName=U_Relay Member=Component R29 200 Ohms
Added Member To Class: ClassName=U_Relay Member=Component R31 620 Ohms
Added Member To Class: ClassName=U_Comparator Member=Component SW1 CL-SA-12C-02
Added Member To Class: ClassName=U_Comparator Member=Component TP3 5002
Added Member To Class: ClassName=U_Comparator Member=Component TP4 5002
Added Member To Class: ClassName=U_IO and Connectors Member=Component U1 NCS2003SN2T1G
Added Member To Class: ClassName=U_LatchDelay Member=Component U5 LTC6994CS6-1#TRMPBF
Added Member To Class: ClassName=U_LatchDelay Member=Component U8 LTC6994CS6-1#TRMPBF
Added Member To Class: ClassName=U_Comparator Member=Component U14 NCS2003SN2T1G
Added Room: Name=U_Current Scaler
