Change Component Footprint: Designator=TP9 Old Footprint=30mil_tp New Footprint=tp_30mil
Change Component Footprint: Designator=TP10 Old Footprint=30mil_tp New Footprint=tp_30mil
Change Component Footprint: Designator=TP11 Old Footprint=30mil_tp New Footprint=tp_30mil
Change Component Footprint: Designator=TP21 Old Footprint=30mil_tp New Footprint=tp_30mil
Change Component Footprint: Designator=TP22 Old Footprint=30mil_tp New Footprint=tp_30mil
Change Component Footprint: Designator=TP23 Old Footprint=30mil_tp New Footprint=tp_30mil
Change Component Footprint: Designator=TP24 Old Footprint=30mil_tp New Footprint=tp_30mil
Change Component Footprint: Designator=TP25 Old Footprint=30mil_tp New Footprint=tp_30mil
Change Component Footprint: Designator=TP26 Old Footprint=30mil_tp New Footprint=tp_30mil
Change Component Footprint: Designator=TP27 Old Footprint=30mil_tp New Footprint=tp_30mil
Change Component Footprint: Designator=TP28 Old Footprint=30mil_tp New Footprint=tp_30mil
Change Component Footprint: Designator=TP29 Old Footprint=30mil_tp New Footprint=tp_30mil
Change component parameters: Designator = "TP4" ("TP4"); Footprint = "KSTN-5002"; UniqueID = "\WXVZRCSH\UGBGLVHP" ("\WXVZRCSH\UGBGLVHP")
Change component parameters (AddParameter): Name = "Brand"; Value = "KeystoneElectronics"; VariantName = "[No Variations]"
Change component parameters (AddParameter): Name = "Color"; Value = "White"; VariantName = "[No Variations]"
Change component parameters (AddParameter): Name = "Contact Material"; Value = "PhosphorBronze"; VariantName = "[No Variations]"
Change component parameters (AddParameter): Name = "Datasheet URL"; Value = "https://ciiva.com/datasheet-click-2917627?src=ciiva&sig=bd195616"; VariantName = "[No Variations]"
Change component parameters (AddParameter): Name = "Datasheet Version"; Value = "Rev. G, 12/2008"; VariantName = "[No Variations]"
Change component parameters (AddParameter): Name = "Length"; Value = "7.62mm"; VariantName = "[No Variations]"
Change component parameters (AddParameter): Name = "Manufacturer"; Value = "KeystoneElectronics"; VariantName = "[No Variations]"
Change component parameters (AddParameter): Name = "Manufacturer URL"; Value = "http://www.keyelco.com/"; VariantName = "[No Variations]"
Change component parameters (AddParameter): Name = "Material"; Value = "Nylon"; VariantName = "[No Variations]"
Change component parameters (AddParameter): Name = "Mounting Hole Size"; Value = "1mm"; VariantName = "[No Variations]"
Change component parameters (AddParameter): Name = "Outside Diameter"; Value = "2.54mm"; VariantName = "[No Variations]"
Change component parameters (AddParameter): Name = "Packaging"; Value = "Bulk"; VariantName = "[No Variations]"
Change component parameters (AddParameter): Name = "Plating"; Value = "Silver"; VariantName = "[No Variations]"
Change component parameters (AddParameter): Name = "Product"; Value = "TestPoints"; VariantName = "[No Variations]"
Change component parameters (AddParameter): Name = "Product Category"; Value = "CircuitBoardHardware-PCB"; VariantName = "[No Variations]"
Change component parameters (AddParameter): Name = "RoHS"; Value = "True"; VariantName = "[No Variations]"
Change component parameters (AddParameter): Name = "Supplier 1"; Value = "Digi-Key"; VariantName = "[No Variations]"
Change component parameters (AddParameter): Name = "Supplier Part Number 1"; Value = "36-5002-ND"; VariantName = "[No Variations]"
Change component parameters (AddParameter): Name = "Type"; Value = "Miniature"; VariantName = "[No Variations]"
Change component parameters: Designator = "TP5" ("TP5"); Footprint = "KSTN-5002"; UniqueID = "\WXVZRCSH\SEKJJIPJ" ("\WXVZRCSH\SEKJJIPJ")
Change component parameters (AddParameter): Name = "Brand"; Value = "KeystoneElectronics"; VariantName = "[No Variations]"
Change component parameters (AddParameter): Name = "Color"; Value = "White"; VariantName = "[No Variations]"
Change component parameters (AddParameter): Name = "Contact Material"; Value = "PhosphorBronze"; VariantName = "[No Variations]"
Change component parameters (AddParameter): Name = "Datasheet URL"; Value = "https://ciiva.com/datasheet-click-2917627?src=ciiva&sig=bd195616"; VariantName = "[No Variations]"
Change component parameters (AddParameter): Name = "Datasheet Version"; Value = "Rev. G, 12/2008"; VariantName = "[No Variations]"
Change component parameters (AddParameter): Name = "Length"; Value = "7.62mm"; VariantName = "[No Variations]"
Change component parameters (AddParameter): Name = "Manufacturer"; Value = "KeystoneElectronics"; VariantName = "[No Variations]"
Change component parameters (AddParameter): Name = "Manufacturer URL"; Value = "http://www.keyelco.com/"; VariantName = "[No Variations]"
Change component parameters (AddParameter): Name = "Material"; Value = "Nylon"; VariantName = "[No Variations]"
Change component parameters (AddParameter): Name = "Mounting Hole Size"; Value = "1mm"; VariantName = "[No Variations]"
Change component parameters (AddParameter): Name = "Outside Diameter"; Value = "2.54mm"; VariantName = "[No Variations]"
Change component parameters (AddParameter): Name = "Packaging"; Value = "Bulk"; VariantName = "[No Variations]"
Change component parameters (AddParameter): Name = "Plating"; Value = "Silver"; VariantName = "[No Variations]"
Change component parameters (AddParameter): Name = "Product"; Value = "TestPoints"; VariantName = "[No Variations]"
Change component parameters (AddParameter): Name = "Product Category"; Value = "CircuitBoardHardware-PCB"; VariantName = "[No Variations]"
Change component parameters (AddParameter): Name = "RoHS"; Value = "True"; VariantName = "[No Variations]"
Change component parameters (AddParameter): Name = "Supplier 1"; Value = "Digi-Key"; VariantName = "[No Variations]"
Change component parameters (AddParameter): Name = "Supplier Part Number 1"; Value = "36-5002-ND"; VariantName = "[No Variations]"
Change component parameters (AddParameter): Name = "Type"; Value = "Miniature"; VariantName = "[No Variations]"
Change component parameters: Designator = "TP12" ("TP12"); Footprint = "KSTN-5002"; UniqueID = "\WXVZRCSH\EFBCYLQP" ("\WXVZRCSH\EFBCYLQP")
Change component parameters (AddParameter): Name = "Brand"; Value = "KeystoneElectronics"; VariantName = "[No Variations]"
Change component parameters (AddParameter): Name = "Color"; Value = "White"; VariantName = "[No Variations]"
Change component parameters (AddParameter): Name = "Contact Material"; Value = "PhosphorBronze"; VariantName = "[No Variations]"
Change component parameters (AddParameter): Name = "Datasheet URL"; Value = "https://ciiva.com/datasheet-click-2917627?src=ciiva&sig=bd195616"; VariantName = "[No Variations]"
Change component parameters (AddParameter): Name = "Datasheet Version"; Value = "Rev. G, 12/2008"; VariantName = "[No Variations]"
Change component parameters (AddParameter): Name = "Length"; Value = "7.62mm"; VariantName = "[No Variations]"
Change component parameters (AddParameter): Name = "Manufacturer"; Value = "KeystoneElectronics"; VariantName = "[No Variations]"
Change component parameters (AddParameter): Name = "Manufacturer URL"; Value = "http://www.keyelco.com/"; VariantName = "[No Variations]"
Change component parameters (AddParameter): Name = "Material"; Value = "Nylon"; VariantName = "[No Variations]"
Change component parameters (AddParameter): Name = "Mounting Hole Size"; Value = "1mm"; VariantName = "[No Variations]"
Change component parameters (AddParameter): Name = "Outside Diameter"; Value = "2.54mm"; VariantName = "[No Variations]"
Change component parameters (AddParameter): Name = "Packaging"; Value = "Bulk"; VariantName = "[No Variations]"
Change component parameters (AddParameter): Name = "Plating"; Value = "Silver"; VariantName = "[No Variations]"
Change component parameters (AddParameter): Name = "Product"; Value = "TestPoints"; VariantName = "[No Variations]"
Change component parameters (AddParameter): Name = "Product Category"; Value = "CircuitBoardHardware-PCB"; VariantName = "[No Variations]"
Change component parameters (AddParameter): Name = "RoHS"; Value = "True"; VariantName = "[No Variations]"
Change component parameters (AddParameter): Name = "Supplier 1"; Value = "Digi-Key"; VariantName = "[No Variations]"
Change component parameters (AddParameter): Name = "Supplier Part Number 1"; Value = "36-5002-ND"; VariantName = "[No Variations]"
Change component parameters (AddParameter): Name = "Type"; Value = "Miniature"; VariantName = "[No Variations]"
Change component parameters: Designator = "C1" ("C1"); Footprint = "0603_CAP"; UniqueID = "\GDJTUDWI\OGKFCVKV" ("\GDJTUDWI\OGKFCVKV")
Change component parameters (AddParameter): Name = "ComponentLink1Description"; Value = "Manufacturer Website"; VariantName = "[No Variations]"
Change component parameters (AddParameter): Name = "ComponentLink2Description"; Value = "Component Datasheet"; VariantName = "[No Variations]"
Change component parameters (AddParameter): Name = "ComponentLink3Description"; Value = "Octopart Link"; VariantName = "[No Variations]"
Change component parameters (AddParameter): Name = "Description in Visual"; Value = "Cap SMT 0603 10UF 25V 20% Ceramic X5R"; VariantName = "[No Variations]"
Change component parameters (AddParameter): Name = "Manufacturer"; Value = "Various"; VariantName = "[No Variations]"
Change component parameters (AddParameter): Name = "Manufacturer P/N"; Value = "Various"; VariantName = "[No Variations]"
Change component parameters (AddParameter): Name = "P/N"; Value = "CAP 0603 10UF 25V 20% X5R"; VariantName = "[No Variations]"
Change component parameters (AddParameter): Name = "PCB Package"; Value = "0603"; VariantName = "[No Variations]"
Change component parameters (AddParameter): Name = "Tolerance"; Value = "20%"; VariantName = "[No Variations]"
Change component parameters (AddParameter): Name = "Type"; Value = "Ceramic X5R"; VariantName = "[No Variations]"
Change component parameters (AddParameter): Name = "Val"; Value = "10UF"; VariantName = "[No Variations]"
Change component parameters (AddParameter): Name = "Value"; Value = "10UF"; VariantName = "[No Variations]"
Change component parameters (AddParameter): Name = "Vol"; Value = "25V"; VariantName = "[No Variations]"
Change component parameters (AddParameter): Name = "Voltage"; Value = "25V"; VariantName = "[No Variations]"
Change component parameters: Designator = "C2" ("C2"); Footprint = "0603_CAP"; UniqueID = "\GDJTUDWI\LJYINJCR" ("\GDJTUDWI\LJYINJCR")
Change component parameters (AddParameter): Name = "ComponentLink1Description"; Value = "Manufacturer Website"; VariantName = "[No Variations]"
Change component parameters (AddParameter): Name = "ComponentLink2Description"; Value = "Component Datasheet"; VariantName = "[No Variations]"
Change component parameters (AddParameter): Name = "ComponentLink3Description"; Value = "Octopart Link"; VariantName = "[No Variations]"
Change component parameters (AddParameter): Name = "Description in Visual"; Value = "Cap SMT 0603 1UF 50V 10% Ceramic X7R"; VariantName = "[No Variations]"
Change component parameters (AddParameter): Name = "Manufacturer"; Value = "Various"; VariantName = "[No Variations]"
Change component parameters (AddParameter): Name = "Manufacturer P/N"; Value = "Various"; VariantName = "[No Variations]"
Change component parameters (AddParameter): Name = "P/N"; Value = "CAP 0603 1UF 50V 10% X7R"; VariantName = "[No Variations]"
Change component parameters (AddParameter): Name = "PCB Package"; Value = "0603"; VariantName = "[No Variations]"
Change component parameters (AddParameter): Name = "Tolerance"; Value = "10%"; VariantName = "[No Variations]"
Change component parameters (AddParameter): Name = "Type"; Value = "Ceramic X7R"; VariantName = "[No Variations]"
Change component parameters (AddParameter): Name = "Val"; Value = "1UF"; VariantName = "[No Variations]"
Change component parameters (AddParameter): Name = "Value"; Value = "1UF"; VariantName = "[No Variations]"
Change component parameters (AddParameter): Name = "Vol"; Value = "50V"; VariantName = "[No Variations]"
Change component parameters (AddParameter): Name = "Voltage"; Value = "50V"; VariantName = "[No Variations]"
Change component parameters: Designator = "C3" ("C3"); Footprint = "0805_CAP"; UniqueID = "\GDJTUDWI\NHBFYEKY" ("\GDJTUDWI\NHBFYEKY")
Change component parameters (AddParameter): Name = "ComponentLink1Description"; Value = "Manufacturer Website"; VariantName = "[No Variations]"
Change component parameters (AddParameter): Name = "ComponentLink2Description"; Value = "Component Datasheet"; VariantName = "[No Variations]"
Change component parameters (AddParameter): Name = "ComponentLink3Description"; Value = "Octopart Link"; VariantName = "[No Variations]"
Change component parameters (AddParameter): Name = "Description in Visual"; Value = "Cap SMT 0805 4.7UF 35V 10%  Cer X7R"; VariantName = "[No Variations]"
Change component parameters (AddParameter): Name = "Manufacturer"; Value = "Various"; VariantName = "[No Variations]"
Change component parameters (AddParameter): Name = "Manufacturer P/N"; Value = "Various"; VariantName = "[No Variations]"
Change component parameters (AddParameter): Name = "P/N"; Value = "CAP 0805 4.7UF 35V 10% X7R"; VariantName = "[No Variations]"
Change component parameters (AddParameter): Name = "PCB Package"; Value = "0805"; VariantName = "[No Variations]"
Change component parameters (AddParameter): Name = "Tolerance"; Value = "10%"; VariantName = "[No Variations]"
Change component parameters (AddParameter): Name = "Type"; Value = "Ceramic X7R"; VariantName = "[No Variations]"
Change component parameters (AddParameter): Name = "Val"; Value = "4.7UF"; VariantName = "[No Variations]"
Change component parameters (AddParameter): Name = "Value"; Value = "4.7UF"; VariantName = "[No Variations]"
Change component parameters (AddParameter): Name = "Vol"; Value = "35V"; VariantName = "[No Variations]"
Change component parameters (AddParameter): Name = "Voltage"; Value = "35V"; VariantName = "[No Variations]"
