Added Component: Designator=C2(0603_CAP)
Add component (AddParameter): Name = "ComponentLink1Description"; Value = "Manufacturer Website"; VariantName = "[No Variations]"
Add component (AddParameter): Name = "ComponentLink2Description"; Value = "Component Datasheet"; VariantName = "[No Variations]"
Add component (AddParameter): Name = "ComponentLink3Description"; Value = "Octopart Link"; VariantName = "[No Variations]"
Add component (AddParameter): Name = "Description in Visual"; Value = "Cap SMT 0603 0.1UF 16V 10%  Cer X7R"; VariantName = "[No Variations]"
Add component (AddParameter): Name = "Manufacturer"; Value = "Various"; VariantName = "[No Variations]"
Add component (AddParameter): Name = "Manufacturer P/N"; Value = "Various"; VariantName = "[No Variations]"
Add component (AddParameter): Name = "P/N"; Value = "CAP 0603 0.1UF 16V 10% X7R"; VariantName = "[No Variations]"
Add component (AddParameter): Name = "PCB Package"; Value = "0603"; VariantName = "[No Variations]"
Add component (AddParameter): Name = "Tolerance"; Value = "10%"; VariantName = "[No Variations]"
Add component (AddParameter): Name = "Type"; Value = "Ceramic X7R"; VariantName = "[No Variations]"
Add component (AddParameter): Name = "Val"; Value = "0.1UF"; VariantName = "[No Variations]"
Add component (AddParameter): Name = "Value"; Value = "0.1UF"; VariantName = "[No Variations]"
Add component (AddParameter): Name = "Vol"; Value = "16V"; VariantName = "[No Variations]"
Add component (AddParameter): Name = "Voltage"; Value = "16V"; VariantName = "[No Variations]"
Added Component: Designator=PS2(NMV0505SC)
Add component (AddParameter): Name = "Supplier 1"; Value = "Digi-Key"; VariantName = "[No Variations]"
Add component (AddParameter): Name = "Supplier Part Number 1"; Value = "811-3393-5-ND"; VariantName = "[No Variations]"
Added Pin To Net: NetName=GND Pin=C2-1
Added Pin To Net: NetName=+5 Pin=C2-2
Added Pin To Net: NetName=+12 Pin=PS2-1
Added Pin To Net: NetName=GND Pin=PS2-2
Added Pin To Net: NetName=-5_OUT Pin=PS2-5
Added Pin To Net: NetName=GND Pin=PS2-6
Added Pin To Net: NetName=+5_OUT Pin=PS2-7
Added Member To Class: ClassName=U_IO and Connectors Member=Component C2 0.1UF, 16V, 0603
Added Member To Class: ClassName=U_Power Supply Member=Component PS2 NMK1205SC
