Removed Pin From Net: NetName=+5 Pin=C12-1
Removed Pin From Net: NetName=GND Pin=C12-2
Removed Pin From Net: NetName=GND Pin=C14-2
Removed Pin From Net: NetName=+5 Pin=C24-1
Removed Pin From Net: NetName=GND Pin=C24-2
Removed Pin From Net: NetName=GND Pin=C26-2
Removed Pin From Net: NetName=FUSED Pin=D2-1
Removed Pin From Net: NetName=GND Pin=NT2-1
Removed Pin From Net: NetName=-5_OUT Pin=PS3-5
Removed Pin From Net: NetName=GND Pin=PS3-6
Removed Pin From Net: NetName=+5_OUT Pin=PS3-7
Removed Pin From Net: NetName=FAULT_DET Pin=R33-1
Removed Pin From Net: NetName=CUR_BUF_IN Pin=TP3-1
Removed Pin From Net: NetName=+5 Pin=U1-1
Removed Pin From Net: NetName=GND Pin=U1-5
Removed Pin From Net: NetName=BRAKE_BUF Pin=U1-7
Removed Pin From Net: NetName=GND Pin=U1-8
Removed Pin From Net: NetName=BRAKE_IN Pin=U1-12
Removed Pin From Net: NetName=GND Pin=U10-9
Removed Pin From Net: NetName=CUR_IN Pin=U10-12
Removed Pin From Net: NetName=+5 Pin=U10-15
Removed Pin From Net: NetName=GND Pin=U10-16
Removed Pin From Net: NetName=GND Pin=U11-2
Change Component Footprint: Designator=U11 Old Footprint=Lite-On_LTV-817S-TA1_0 New Footprint=SOIC-SN8_L
Change Component Footprint: Designator=PS2 Old Footprint=RECOM_R-78E5.0-0.5_0 New Footprint=NMV0505SC
Change Component Footprint: Designator=U10 Old Footprint=RQ-16 New Footprint=DBV0005A_M
Change Component Footprint: Designator=U1 Old Footprint=RQ-16 New Footprint=ONSC-TSOP-5-483-02_V
Change Component Comment : Designator=C11 Old Comment=1UF, 50V, 0603 New Comment=0.1UF, 16V, 0603
Change Component Comment : Designator=C12 Old Comment=1UF, 50V, 0603 New Comment=0.1UF, 16V, 0603
Change Component Comment : Designator=C13 Old Comment=1UF, 50V, 0603 New Comment=0.1UF, 16V, 0603
Change Component Comment : Designator=R32 Old Comment=10K Ohms New Comment=RES 0603 62.6K 0.1%
Change Component Comment : Designator=C2 Old Comment=10UF, 25V, 0603 New Comment=0.1UF, 16V, 0603
Change Component Comment : Designator=R26 Old Comment=47K Ohms New Comment=RES 0603 47K 1%
Change Component Comment : Designator=R21 Old Comment=49.9K Ohms New Comment=RES 0603 49.9K 0.1%
Change Component Comment : Designator=R23 Old Comment=100 Ohms New Comment=RES 0603 100 1%
Change Component Comment : Designator=R33 Old Comment=200 Ohms New Comment=RES 0603 100K 0.1%
Change Component Comment : Designator=R19 Old Comment=620 Ohms New Comment=RES 0603 620 1%
Change Component Comment : Designator=R24 Old Comment=620 Ohms New Comment=RES 0603 620 1%
Change Component Comment : Designator=U1 Old Comment=ADUM3190SRQZ-RL7 New Comment=NCS2003SN2T1G
Change Component Comment : Designator=U10 Old Comment=ADUM3190SRQZ-RL7 New Comment=SN74LV1T125DBVR
Change Component Comment : Designator=U11 Old Comment=LTV-817S-TA1 New Comment=MCP6002T-I/SN
Change Component Comment : Designator=PS2 Old Comment=R-78E5.0-0.5 New Comment=NMK1205SC
Added Component: Designator=R35(0603_RES)
Add component (AddParameter): Name = "Description in Visual"; Value = "Res SMT 100K 0603  0.1%  0.1W"; VariantName = "[No Variations]"
Add component (AddParameter): Name = "Manufacturer"; Value = "Various"; VariantName = "[No Variations]"
Add component (AddParameter): Name = "Manufacturer P/N"; Value = "Various"; VariantName = "[No Variations]"
Add component (AddParameter): Name = "P/N"; Value = "RES 0603 100K 0.1%"; VariantName = "[No Variations]"
Add component (AddParameter): Name = "PCB Package"; Value = "0603"; VariantName = "[No Variations]"
Add component (AddParameter): Name = "Power_Rating"; Value = "0.1W"; VariantName = "[No Variations]"
Add component (AddParameter): Name = "Tol"; Value = "0.1%"; VariantName = "[No Variations]"
Add component (AddParameter): Name = "Tolerance"; Value = "0.1%"; VariantName = "[No Variations]"
Add component (AddParameter): Name = "Val"; Value = "100K"; VariantName = "[No Variations]"
Add component (AddParameter): Name = "Value"; Value = "100K"; VariantName = "[No Variations]"
Added Component: Designator=R36(0603_RES)
Add component (AddParameter): Name = "Description in Visual"; Value = "Res SMT 62.6K 0603  0.05%  0.1W"; VariantName = "[No Variations]"
Add component (AddParameter): Name = "Manufacturer"; Value = "Various"; VariantName = "[No Variations]"
Add component (AddParameter): Name = "Manufacturer P/N"; Value = "Various"; VariantName = "[No Variations]"
Add component (AddParameter): Name = "P/N"; Value = "RES 0603 62.6K 0.1%"; VariantName = "[No Variations]"
Add component (AddParameter): Name = "PCB Package"; Value = "0603"; VariantName = "[No Variations]"
Add component (AddParameter): Name = "Power_Rating"; Value = "0.1W"; VariantName = "[No Variations]"
Add component (AddParameter): Name = "Tol"; Value = "0.1%"; VariantName = "[No Variations]"
Add component (AddParameter): Name = "Tolerance"; Value = "0.1%"; VariantName = "[No Variations]"
Add component (AddParameter): Name = "Val"; Value = "62.6K"; VariantName = "[No Variations]"
Add component (AddParameter): Name = "Value"; Value = "62.6K"; VariantName = "[No Variations]"
Added Component: Designator=R37(0603_RES)
Add component (AddParameter): Name = "Description in Visual"; Value = "Res SMT 100K 0603  0.1%  0.1W"; VariantName = "[No Variations]"
Add component (AddParameter): Name = "Manufacturer"; Value = "Various"; VariantName = "[No Variations]"
Add component (AddParameter): Name = "Manufacturer P/N"; Value = "Various"; VariantName = "[No Variations]"
Add component (AddParameter): Name = "P/N"; Value = "RES 0603 100K 0.1%"; VariantName = "[No Variations]"
Add component (AddParameter): Name = "PCB Package"; Value = "0603"; VariantName = "[No Variations]"
Add component (AddParameter): Name = "Power_Rating"; Value = "0.1W"; VariantName = "[No Variations]"
Add component (AddParameter): Name = "Tol"; Value = "0.1%"; VariantName = "[No Variations]"
Add component (AddParameter): Name = "Tolerance"; Value = "0.1%"; VariantName = "[No Variations]"
Add component (AddParameter): Name = "Val"; Value = "100K"; VariantName = "[No Variations]"
Add component (AddParameter): Name = "Value"; Value = "100K"; VariantName = "[No Variations]"
Added Component: Designator=R38(0603_RES)
Add component (AddParameter): Name = "Description in Visual"; Value = "Res SMT 100K 0603  0.1%  0.1W"; VariantName = "[No Variations]"
Add component (AddParameter): Name = "Manufacturer"; Value = "Various"; VariantName = "[No Variations]"
Add component (AddParameter): Name = "Manufacturer P/N"; Value = "Various"; VariantName = "[No Variations]"
Add component (AddParameter): Name = "P/N"; Value = "RES 0603 100K 0.1%"; VariantName = "[No Variations]"
Add component (AddParameter): Name = "PCB Package"; Value = "0603"; VariantName = "[No Variations]"
Add component (AddParameter): Name = "Power_Rating"; Value = "0.1W"; VariantName = "[No Variations]"
Add component (AddParameter): Name = "Tol"; Value = "0.1%"; VariantName = "[No Variations]"
Add component (AddParameter): Name = "Tolerance"; Value = "0.1%"; VariantName = "[No Variations]"
Add component (AddParameter): Name = "Val"; Value = "100K"; VariantName = "[No Variations]"
Add component (AddParameter): Name = "Value"; Value = "100K"; VariantName = "[No Variations]"
Added Component: Designator=U14(ONSC-TSOP-5-483-02_V)
Add component (AddParameter): Name = "ComponentLink1Description"; Value = "Manufacturer URL"; VariantName = "[No Variations]"
Add component (AddParameter): Name = "ComponentLink1URL"; Value = "http://www.onsemi.com/"; VariantName = "[No Variations]"
Add component (AddParameter): Name = "ComponentLink2Description"; Value = "Datasheet"; VariantName = "[No Variations]"
Add component (AddParameter): Name = "ComponentLink2URL"; Value = "http://www.onsemi.cn/pub_link/Collateral/NCS2003-D.PDF"; VariantName = "[No Variations]"
Add component (AddParameter): Name = "ComponentLink3Description"; Value = "Package Specification"; VariantName = "[No Variations]"
Add component (AddParameter): Name = "ComponentLink3URL"; Value = "http://www.onsemi.com/pub_link/Collateral/483.PDF"; VariantName = "[No Variations]"
Add component (AddParameter): Name = "DatasheetVersion"; Value = "Rev. 3"; VariantName = "[No Variations]"
Add component (AddParameter): Name = "Manufacturer"; Value = "On Semiconductor"; VariantName = "[No Variations]"
Add component (AddParameter): Name = "Mounting Technology"; Value = "Surface Mount"; VariantName = "[No Variations]"
Add component (AddParameter): Name = "PackageDescription"; Value = "5-Pin Small Outline Package, Body 3 x 1.5 mm, Pitch 0.95 mm"; VariantName = "[No Variations]"
Add component (AddParameter): Name = "PackageReference"; Value = "TSOP-5-483-02"; VariantName = "[No Variations]"
Add component (AddParameter): Name = "PackageVersion"; Value = "Rev. K, 04/2013"; VariantName = "[No Variations]"
Add component (AddParameter): Name = "Packing"; Value = "Tape and Reel"; VariantName = "[No Variations]"
Add component (AddParameter): Name = "PartNumber"; Value = "NCS2003SN2T1G"; VariantName = "[No Variations]"
Add component (AddParameter): Name = "RoHS"; Value = "TRUE"; VariantName = "[No Variations]"
Add component (AddParameter): Name = "VCC Max (V)"; Value = "5.5"; VariantName = "[No Variations]"
Add component (AddParameter): Name = "VCC Min (V)"; Value = "1.7"; VariantName = "[No Variations]"
Added Pin To Net: NetName=GND Pin=C1-1
Added Pin To Net: NetName=GND Pin=C2-1
Added Pin To Net: NetName=+5 Pin=C2-2
Added Pin To Net: NetName=GND Pin=C9-2
Added Pin To Net: NetName=GND Pin=C10-2
Added Pin To Net: NetName=GND Pin=C11-1
Added Pin To Net: NetName=+5 Pin=C11-2
Added Pin To Net: NetName=GND Pin=C12-1
Added Pin To Net: NetName=+5 Pin=C12-2
Added Pin To Net: NetName=GND Pin=C13-1
Added Pin To Net: NetName=+5 Pin=C13-2
Added Pin To Net: NetName=D+ Pin=D2-1
Added Pin To Net: NetName=GND Pin=D3-2
Added Pin To Net: NetName=+5 Pin=D6-1
Added Pin To Net: NetName=GND Pin=D8-1
Added Pin To Net: NetName=+5 Pin=F1-1
Added Pin To Net: NetName=GND Pin=J3-4
Added Pin To Net: NetName=+5 Pin=K1-5
Added Pin To Net: NetName=GND Pin=L2-1
Added Pin To Net: NetName=GND Pin=L4-3
Added Pin To Net: NetName=GND Pin=PS1-3
Added Pin To Net: NetName=GND Pin=PS1-10
Added Pin To Net: NetName=GND Pin=PS1-12
Added Pin To Net: NetName=GND Pin=PS1-13
Added Pin To Net: NetName=GND Pin=PS1-15
Added Pin To Net: NetName=GND Pin=PS1-22
Added Pin To Net: NetName=GND Pin=PS2-2
Added Pin To Net: NetName=-5_OUT Pin=PS2-5
Added Pin To Net: NetName=GND Pin=PS2-6
Added Pin To Net: NetName=+5_OUT Pin=PS2-7
Added Pin To Net: NetName=GND Pin=Q1-2
Added Pin To Net: NetName=+5 Pin=R29-2
Added Pin To Net: NetName=GND Pin=R33-1
Added Pin To Net: NetName=CUR_IN Pin=R35-1
Added Pin To Net: NetName=+5 Pin=R37-2
Added Pin To Net: NetName=GND Pin=R38-1
Added Pin To Net: NetName=CUR_IN Pin=TP3-1
Added Pin To Net: NetName=GND Pin=TP9-1
Added Pin To Net: NetName=BRAKE_IN Pin=U1-3
Added Pin To Net: NetName=+5 Pin=U1-5
Added Pin To Net: NetName=GND Pin=U10-1
Added Pin To Net: NetName=FAULT_DET Pin=U10-2
Added Pin To Net: NetName=GND Pin=U10-3
Added Pin To Net: NetName=+5 Pin=U10-5
Added Pin To Net: NetName=BRAKE_BUF Pin=U14-1
Added Pin To Net: NetName=GND Pin=U14-2
Added Pin To Net: NetName=BRAKE_IN Pin=U14-3
Added Pin To Net: NetName=BRAKE_BUF Pin=U14-4
Added Pin To Net: NetName=+5 Pin=U14-5
Added Pin To Net: NetName=2.5_FB Pin=R36-1
Added Pin To Net: NetName=2.5_FB Pin=U11-6
Added Pin To Net: NetName=2.5_FB Pin=U11-7
Added Net: Name=2.5_FB
Added Pin To Net: NetName=2.5_RDIV Pin=R37-1
Added Pin To Net: NetName=2.5_RDIV Pin=R38-2
Added Pin To Net: NetName=2.5_RDIV Pin=U11-5
Added Net: Name=2.5_RDIV
Added Pin To Net: NetName=BRAKE_OUT Pin=J2-1
Added Pin To Net: NetName=BRAKE_OUT Pin=U1-1
Added Pin To Net: NetName=BRAKE_OUT Pin=U1-4
Added Net: Name=BRAKE_OUT
Added Pin To Net: NetName=CUR_OUT Pin=D9-4
Added Pin To Net: NetName=CUR_OUT Pin=J2-5
Added Pin To Net: NetName=CUR_OUT Pin=R32-1
Added Pin To Net: NetName=CUR_OUT Pin=U11-1
Added Net: Name=CUR_OUT
Added Pin To Net: NetName=FAULT_BUF Pin=D9-3
Added Pin To Net: NetName=FAULT_BUF Pin=J2-4
Added Pin To Net: NetName=FAULT_BUF Pin=U10-4
Added Net: Name=FAULT_BUF
Added Pin To Net: NetName=VN Pin=R32-2
Added Pin To Net: NetName=VN Pin=R33-2
Added Pin To Net: NetName=VN Pin=U11-2
Added Net: Name=VN
Added Pin To Net: NetName=VP Pin=R35-2
Added Pin To Net: NetName=VP Pin=R36-2
Added Pin To Net: NetName=VP Pin=U11-3
Added Net: Name=VP
Added Member To Class: ClassName=U_Current Scaler Member=Component R35 RES 0603 100K 0.1%
Added Member To Class: ClassName=U_Current Scaler Member=Component R36 RES 0603 62.6K 0.1%
Added Member To Class: ClassName=U_Current Scaler Member=Component R37 RES 0603 100K 0.1%
Added Member To Class: ClassName=U_Current Scaler Member=Component R38 RES 0603 100K 0.1%
Added Member To Class: ClassName=U_Comparator Member=Component U14 NCS2003SN2T1G
Added Room: Name=U_Current Scaler
