
Importing C:\git\AERO_2019-2020\HV Box Connector Board\PDNAnalyzer_Output\HV Box Connector Board\HV Connector Board\odb.tgz... [Sun Feb 23 11:39:39 2020]
============================================================
Reading ODB++ database ...

file not found: odb/misc/info.Z
Reading file odb/matrix/matrix...
Reading file odb/steps/pcb/profile...
Reading file odb/symbols/rect120x60_180_offset-40x0/features...
Reading file odb/symbols/rect40x20_270_offset-10x0/features...
Reading file odb/symbols/rect40x20_90_offset-10x0/features...
Reading file odb/steps/pcb/eda/data...
Origin of ODB++ database:  Altium Designer file - Version 1.0.0.30000
eda data: 23 packages, 39 nets.
Reading file odb/steps/pcb/layers/top_solder/features...
108 SWHs on layer TOP_SOLDER

Reading file odb/steps/pcb/layers/top_layer/features...
606 SWHs on layer TOP_LAYER

Reading file odb/steps/pcb/layers/bottom_layer/features...
687 SWHs on layer BOTTOM_LAYER

Reading file odb/steps/pcb/layers/bottom_solder/features...
127 SWHs on layer BOTTOM_SOLDER

Added substrate layer SUBSTRATE-1 below etch layer TOP_LAYER
Reading file odb/steps/pcb/layers/top_solder/attrlist...
Reading file odb/steps/pcb/layers/top_layer/attrlist...
Reading file odb/steps/pcb/layers/bottom_layer/attrlist...
Reading file odb/steps/pcb/layers/bottom_solder/attrlist...
WARNING: material values were set to default due to missing information for the following layers:  'TOP_SOLDER', 'TOP_LAYER', 'BOTTOM_LAYER', 'BOTTOM_SOLDER'
parsing drills TOP_LAYER-BOTTOM_LAYER
Reading file odb/steps/pcb/layers/drill/features...
Reading file odb/steps/pcb/layers/comp_+_top/components...
Reading file odb/steps/pcb/layers/comp_+_bot/components...
========================================
INFO: Created CSV file (C:\git\AERO_2019-2020\HV Box Connector Board\PDNAnalyzer_Output\HV Box Connector Board\HV Connector Board\Results\tmp\design.csv) with component properties extracted from ODB++ file.
========================================
========================================
Lumped-element import (C:\git\AERO_2019-2020\HV Box Connector Board\PDNAnalyzer_Output\HV Box Connector Board\HV Connector Board\Results\tmp\design.csv)...
Detected ' ; ' as separator.

WARNING: unable to interpret: URS1E222MHD
WARNING: unable to interpret: RES_1206_2_1%
WARNING: unable to interpret: RES_0805_10M_1%
WARNING: unable to interpret: RES_0603_1K_1%
WARNING: unable to interpret: RES_0603_10K_1%
WARNING: unable to interpret: RES_0603_2.2K_1%
========================================
WARNING: There were some warnings while importing the auto-generated CSV-file 'C:\git\AERO_2019-2020\HV Box Connector Board\PDNAnalyzer_Output\HV Box Connector Board\HV Connector Board\Results\tmp\design.csv'. Please review the auto-generated file under Parts Editor->Load (csv).
========================================
Unifying library padstacks...
Finished reading database.
============================================================
