Change Component Footprint: Designator=R1 Old Footprint=0805_RES New Footprint=RESC2013X70X40NL20T20
Change Component Comment : Designator=R1 Old Comment=40.2 Ohms New Comment=ERJ-6ENF40R2V
Change Managed Component Library Link : Designator=R1 Old VaultGUID= New VaultGUID=B7D15EC3-160A-466F-A46C-7801FE6295A7 Old ItemGUID= New ItemGUID=99EBF61E-B050-4FA4-935A-6DA9DEFAB72F Old RevisionGUID= New RevisionGUID=68A34B66-0198-422F-A938-614D85955A86
Change component parameters: Designator = "J1" ("J1"); Footprint = "CON2_1X2_P163_VM"; UniqueID = "\RNXRXKAE" ("\RNXRXKAE")
Change component parameters (AddParameter): Name = "Built_By"; Value = "EMA_UL_Team"; VariantName = "[No Variations]"
Change component parameters (AddParameter): Name = "Copyright"; Value = "Copyright (C) 2018 Accelerated Designs. All rights reserved"; VariantName = "[No Variations]"
Change component parameters (AddParameter): Name = "Manufacturer_Part_Number"; Value = "1-770872-0"; VariantName = "[No Variations]"
Change component parameters (AddParameter): Name = "RefDes"; Value = "RefDes"; VariantName = "[No Variations]"
Change component parameters (AddParameter): Name = "Supplier 1"; Value = "Digi-Key"; VariantName = "[No Variations]"
Change component parameters (AddParameter): Name = "Type"; Value = "DEV"; VariantName = "[No Variations]"
Change component parameters (AddParameter): Name = "Value"; Value = "Value"; VariantName = "[No Variations]"
Change component parameters (AddParameter): Name = "Vendor"; Value = "TE Connectivity"; VariantName = "[No Variations]"
Change component parameters: Designator = "J2" ("J2"); Footprint = "CON2_1X2_P163_VM"; UniqueID = "\OPVYNXGL" ("\OPVYNXGL")
Change component parameters (AddParameter): Name = "Built_By"; Value = "EMA_UL_Team"; VariantName = "[No Variations]"
Change component parameters (AddParameter): Name = "Copyright"; Value = "Copyright (C) 2018 Accelerated Designs. All rights reserved"; VariantName = "[No Variations]"
Change component parameters (AddParameter): Name = "Manufacturer_Part_Number"; Value = "1-770872-0"; VariantName = "[No Variations]"
Change component parameters (AddParameter): Name = "RefDes"; Value = "RefDes"; VariantName = "[No Variations]"
Change component parameters (AddParameter): Name = "Supplier 1"; Value = "Digi-Key"; VariantName = "[No Variations]"
Change component parameters (AddParameter): Name = "Type"; Value = "DEV"; VariantName = "[No Variations]"
Change component parameters (AddParameter): Name = "Value"; Value = "Value"; VariantName = "[No Variations]"
Change component parameters (AddParameter): Name = "Vendor"; Value = "TE Connectivity"; VariantName = "[No Variations]"
Change component parameters: Designator = "R1" ("R1"); Footprint = "0805_RES"; UniqueID = "\JVFKNSRP" ("\JVFKNSRP")
Change component parameters (AddParameter): Name = "Manufacturer"; Value = "Panasonic"; VariantName = "[No Variations]"
Change component parameters (AddParameter): Name = "Part Number"; Value = "ERJ-6ENF40R2V"; VariantName = "[No Variations]"
Added Member To Class: ClassName=60V_Ind Member=Component MP1 LPA-C011301S-10
