Change Component Designator: Old Designator=D? New Designator=D1
Change Component Designator: Old Designator=F? New Designator=F1
Change Component Designator: Old Designator=F? New Designator=F2
Change Component Designator: Old Designator=F? New Designator=F3
Change Component Designator: Old Designator=F? New Designator=F4
Change Component Designator: Old Designator=F? New Designator=F5
Change Component Designator: Old Designator=F? New Designator=F6
Change Component Designator: Old Designator=J7 New Designator=J8
Change Component Designator: Old Designator=J8 New Designator=J7
Change Component Designator: Old Designator=J? New Designator=J9
Change Component Designator: Old Designator=J? New Designator=J10
Change Component Designator: Old Designator=J? New Designator=J11
Change Component Designator: Old Designator=J? New Designator=J12
Change Component Designator: Old Designator=J? New Designator=J13
Change Component Designator: Old Designator=J? New Designator=J14
Change Component Designator: Old Designator=J? New Designator=J15
Change Component Designator: Old Designator=K? New Designator=K1
Change Component Designator: Old Designator=NT? New Designator=NT1
Change Component Designator: Old Designator=NT? New Designator=NT2
Change Component Designator: Old Designator=NT? New Designator=NT3
Change Component Designator: Old Designator=P? New Designator=P1
Change Component Designator: Old Designator=R? New Designator=R1
