Added Component: Designator=J3(te-1217861-1)
Add component (AddParameter): Name = "Body Material"; Value = "Brass"; VariantName = "[No Variations]"
Add component (AddParameter): Name = "Body Plating"; Value = "Tin"; VariantName = "[No Variations]"
Add component (AddParameter): Name = "ClassName"; Value = "GLV"; VariantName = "[No Variations]"
Add component (AddParameter): Name = "Contact Material"; Value = "Brass"; VariantName = "[No Variations]"
Add component (AddParameter): Name = "Contact Plating"; Value = "Tin"; VariantName = "[No Variations]"
Add component (AddParameter): Name = "Depth"; Value = "7.92mm"; VariantName = "[No Variations]"
Add component (AddParameter): Name = "ELV"; Value = "Compliant"; VariantName = "[No Variations]"
Add component (AddParameter): Name = "Gender"; Value = "Male"; VariantName = "[No Variations]"
Add component (AddParameter): Name = "Hole Diameter"; Value = "0.055inch"; VariantName = "[No Variations]"
Add component (AddParameter): Name = "Insulated Wire Support"; Value = "Yes"; VariantName = "[No Variations]"
Add component (AddParameter): Name = "Insulation"; Value = "Non-Insulated"; VariantName = "[No Variations]"
Add component (AddParameter): Name = "Lead Free"; Value = "Lead Free"; VariantName = "[No Variations]"
Add component (AddParameter): Name = "Length"; Value = "0.552inch"; VariantName = "[No Variations]"
Add component (AddParameter): Name = "Material"; Value = "Brass"; VariantName = "[No Variations]"
Add component (AddParameter): Name = "Mating Tab Width"; Value = "0.25inch"; VariantName = "[No Variations]"
Add component (AddParameter): Name = "Mount"; Value = "Through Hole"; VariantName = "[No Variations]"
Add component (AddParameter): Name = "Package Quantity"; Value = "2000"; VariantName = "[No Variations]"
Add component (AddParameter): Name = "Packaging"; Value = "Tape and Reel"; VariantName = "[No Variations]"
Add component (AddParameter): Name = "PCB Thickness"; Value = "0.062inch"; VariantName = "[No Variations]"
Add component (AddParameter): Name = "Plating"; Value = "Tin"; VariantName = "[No Variations]"
Add component (AddParameter): Name = "REACH SVHC"; Value = "Unknown"; VariantName = "[No Variations]"
Add component (AddParameter): Name = "Supplier 1"; Value = "Digi-Key"; VariantName = "[No Variations]"
Add component (AddParameter): Name = "Supplier Part Number 1"; Value = "A100452CT-ND"; VariantName = "[No Variations]"
Add component (AddParameter): Name = "Tab Length"; Value = "0.352inch"; VariantName = "[No Variations]"
Add component (AddParameter): Name = "Tab Thickness"; Value = "0.032inch"; VariantName = "[No Variations]"
Add component (AddParameter): Name = "Tab Width"; Value = "0.25inch"; VariantName = "[No Variations]"
Add component (AddParameter): Name = "Terminal Material"; Value = "Brass"; VariantName = "[No Variations]"
Add component (AddParameter): Name = "Termination"; Value = "Tab"; VariantName = "[No Variations]"
Added Component: Designator=J4(te-1217861-1)
Add component (AddParameter): Name = "Body Material"; Value = "Brass"; VariantName = "[No Variations]"
Add component (AddParameter): Name = "Body Plating"; Value = "Tin"; VariantName = "[No Variations]"
Add component (AddParameter): Name = "ClassName"; Value = "GLV"; VariantName = "[No Variations]"
Add component (AddParameter): Name = "Contact Material"; Value = "Brass"; VariantName = "[No Variations]"
Add component (AddParameter): Name = "Contact Plating"; Value = "Tin"; VariantName = "[No Variations]"
Add component (AddParameter): Name = "Depth"; Value = "7.92mm"; VariantName = "[No Variations]"
Add component (AddParameter): Name = "ELV"; Value = "Compliant"; VariantName = "[No Variations]"
Add component (AddParameter): Name = "Gender"; Value = "Male"; VariantName = "[No Variations]"
Add component (AddParameter): Name = "Hole Diameter"; Value = "0.055inch"; VariantName = "[No Variations]"
Add component (AddParameter): Name = "Insulated Wire Support"; Value = "Yes"; VariantName = "[No Variations]"
Add component (AddParameter): Name = "Insulation"; Value = "Non-Insulated"; VariantName = "[No Variations]"
Add component (AddParameter): Name = "Lead Free"; Value = "Lead Free"; VariantName = "[No Variations]"
Add component (AddParameter): Name = "Length"; Value = "0.552inch"; VariantName = "[No Variations]"
Add component (AddParameter): Name = "Material"; Value = "Brass"; VariantName = "[No Variations]"
Add component (AddParameter): Name = "Mating Tab Width"; Value = "0.25inch"; VariantName = "[No Variations]"
Add component (AddParameter): Name = "Mount"; Value = "Through Hole"; VariantName = "[No Variations]"
Add component (AddParameter): Name = "Package Quantity"; Value = "2000"; VariantName = "[No Variations]"
Add component (AddParameter): Name = "Packaging"; Value = "Tape and Reel"; VariantName = "[No Variations]"
Add component (AddParameter): Name = "PCB Thickness"; Value = "0.062inch"; VariantName = "[No Variations]"
Add component (AddParameter): Name = "Plating"; Value = "Tin"; VariantName = "[No Variations]"
Add component (AddParameter): Name = "REACH SVHC"; Value = "Unknown"; VariantName = "[No Variations]"
Add component (AddParameter): Name = "Supplier 1"; Value = "Digi-Key"; VariantName = "[No Variations]"
Add component (AddParameter): Name = "Supplier Part Number 1"; Value = "A100452CT-ND"; VariantName = "[No Variations]"
Add component (AddParameter): Name = "Tab Length"; Value = "0.352inch"; VariantName = "[No Variations]"
Add component (AddParameter): Name = "Tab Thickness"; Value = "0.032inch"; VariantName = "[No Variations]"
Add component (AddParameter): Name = "Tab Width"; Value = "0.25inch"; VariantName = "[No Variations]"
Add component (AddParameter): Name = "Terminal Material"; Value = "Brass"; VariantName = "[No Variations]"
Add component (AddParameter): Name = "Termination"; Value = "Tab"; VariantName = "[No Variations]"
Added Component: Designator=J5(te-1217861-1)
Add component (AddParameter): Name = "Body Material"; Value = "Brass"; VariantName = "[No Variations]"
Add component (AddParameter): Name = "Body Plating"; Value = "Tin"; VariantName = "[No Variations]"
Add component (AddParameter): Name = "ClassName"; Value = "GLV"; VariantName = "[No Variations]"
Add component (AddParameter): Name = "Contact Material"; Value = "Brass"; VariantName = "[No Variations]"
Add component (AddParameter): Name = "Contact Plating"; Value = "Tin"; VariantName = "[No Variations]"
Add component (AddParameter): Name = "Depth"; Value = "7.92mm"; VariantName = "[No Variations]"
Add component (AddParameter): Name = "ELV"; Value = "Compliant"; VariantName = "[No Variations]"
Add component (AddParameter): Name = "Gender"; Value = "Male"; VariantName = "[No Variations]"
Add component (AddParameter): Name = "Hole Diameter"; Value = "0.055inch"; VariantName = "[No Variations]"
Add component (AddParameter): Name = "Insulated Wire Support"; Value = "Yes"; VariantName = "[No Variations]"
Add component (AddParameter): Name = "Insulation"; Value = "Non-Insulated"; VariantName = "[No Variations]"
Add component (AddParameter): Name = "Lead Free"; Value = "Lead Free"; VariantName = "[No Variations]"
Add component (AddParameter): Name = "Length"; Value = "0.552inch"; VariantName = "[No Variations]"
Add component (AddParameter): Name = "Material"; Value = "Brass"; VariantName = "[No Variations]"
Add component (AddParameter): Name = "Mating Tab Width"; Value = "0.25inch"; VariantName = "[No Variations]"
Add component (AddParameter): Name = "Mount"; Value = "Through Hole"; VariantName = "[No Variations]"
Add component (AddParameter): Name = "Package Quantity"; Value = "2000"; VariantName = "[No Variations]"
Add component (AddParameter): Name = "Packaging"; Value = "Tape and Reel"; VariantName = "[No Variations]"
Add component (AddParameter): Name = "PCB Thickness"; Value = "0.062inch"; VariantName = "[No Variations]"
Add component (AddParameter): Name = "Plating"; Value = "Tin"; VariantName = "[No Variations]"
Add component (AddParameter): Name = "REACH SVHC"; Value = "Unknown"; VariantName = "[No Variations]"
Add component (AddParameter): Name = "Supplier 1"; Value = "Digi-Key"; VariantName = "[No Variations]"
Add component (AddParameter): Name = "Supplier Part Number 1"; Value = "A100452CT-ND"; VariantName = "[No Variations]"
Add component (AddParameter): Name = "Tab Length"; Value = "0.352inch"; VariantName = "[No Variations]"
Add component (AddParameter): Name = "Tab Thickness"; Value = "0.032inch"; VariantName = "[No Variations]"
Add component (AddParameter): Name = "Tab Width"; Value = "0.25inch"; VariantName = "[No Variations]"
Add component (AddParameter): Name = "Terminal Material"; Value = "Brass"; VariantName = "[No Variations]"
Add component (AddParameter): Name = "Termination"; Value = "Tab"; VariantName = "[No Variations]"
Added Component: Designator=J6(te-1217861-1)
Add component (AddParameter): Name = "Body Material"; Value = "Brass"; VariantName = "[No Variations]"
Add component (AddParameter): Name = "Body Plating"; Value = "Tin"; VariantName = "[No Variations]"
Add component (AddParameter): Name = "ClassName"; Value = "GLV"; VariantName = "[No Variations]"
Add component (AddParameter): Name = "Contact Material"; Value = "Brass"; VariantName = "[No Variations]"
Add component (AddParameter): Name = "Contact Plating"; Value = "Tin"; VariantName = "[No Variations]"
Add component (AddParameter): Name = "Depth"; Value = "7.92mm"; VariantName = "[No Variations]"
Add component (AddParameter): Name = "ELV"; Value = "Compliant"; VariantName = "[No Variations]"
Add component (AddParameter): Name = "Gender"; Value = "Male"; VariantName = "[No Variations]"
Add component (AddParameter): Name = "Hole Diameter"; Value = "0.055inch"; VariantName = "[No Variations]"
Add component (AddParameter): Name = "Insulated Wire Support"; Value = "Yes"; VariantName = "[No Variations]"
Add component (AddParameter): Name = "Insulation"; Value = "Non-Insulated"; VariantName = "[No Variations]"
Add component (AddParameter): Name = "Lead Free"; Value = "Lead Free"; VariantName = "[No Variations]"
Add component (AddParameter): Name = "Length"; Value = "0.552inch"; VariantName = "[No Variations]"
Add component (AddParameter): Name = "Material"; Value = "Brass"; VariantName = "[No Variations]"
Add component (AddParameter): Name = "Mating Tab Width"; Value = "0.25inch"; VariantName = "[No Variations]"
Add component (AddParameter): Name = "Mount"; Value = "Through Hole"; VariantName = "[No Variations]"
Add component (AddParameter): Name = "Package Quantity"; Value = "2000"; VariantName = "[No Variations]"
Add component (AddParameter): Name = "Packaging"; Value = "Tape and Reel"; VariantName = "[No Variations]"
Add component (AddParameter): Name = "PCB Thickness"; Value = "0.062inch"; VariantName = "[No Variations]"
Add component (AddParameter): Name = "Plating"; Value = "Tin"; VariantName = "[No Variations]"
Add component (AddParameter): Name = "REACH SVHC"; Value = "Unknown"; VariantName = "[No Variations]"
Add component (AddParameter): Name = "Supplier 1"; Value = "Digi-Key"; VariantName = "[No Variations]"
Add component (AddParameter): Name = "Supplier Part Number 1"; Value = "A100452CT-ND"; VariantName = "[No Variations]"
Add component (AddParameter): Name = "Tab Length"; Value = "0.352inch"; VariantName = "[No Variations]"
Add component (AddParameter): Name = "Tab Thickness"; Value = "0.032inch"; VariantName = "[No Variations]"
Add component (AddParameter): Name = "Tab Width"; Value = "0.25inch"; VariantName = "[No Variations]"
Add component (AddParameter): Name = "Terminal Material"; Value = "Brass"; VariantName = "[No Variations]"
Add component (AddParameter): Name = "Termination"; Value = "Tab"; VariantName = "[No Variations]"
Added Pin To Net: NetName=GND Pin=J3-1a
Added Pin To Net: NetName=GND Pin=J3-1b
Added Pin To Net: NetName=GND Pin=J3-1c
Added Pin To Net: NetName=GND Pin=J4-1a
Added Pin To Net: NetName=GND Pin=J4-1b
Added Pin To Net: NetName=GND Pin=J4-1c
Added Pin To Net: NetName=GND Pin=J5-1a
Added Pin To Net: NetName=GND Pin=J5-1b
Added Pin To Net: NetName=GND Pin=J5-1c
Added Pin To Net: NetName=GND Pin=J6-1a
Added Pin To Net: NetName=GND Pin=J6-1b
Added Pin To Net: NetName=GND Pin=J6-1c
Added Member To Class: ClassName=GLV Member=Component J3 1217861-1
Added Member To Class: ClassName=HV PDU Member=Component J3 1217861-1
Added Member To Class: ClassName=GLV Member=Component J4 1217861-1
Added Member To Class: ClassName=HV PDU Member=Component J4 1217861-1
Added Member To Class: ClassName=GLV Member=Component J5 1217861-1
Added Member To Class: ClassName=HV PDU Member=Component J5 1217861-1
Added Member To Class: ClassName=GLV Member=Component J6 1217861-1
Added Member To Class: ClassName=HV PDU Member=Component J6 1217861-1
