Added Parameter Approvals=CSA to Part J3
Added Parameter Category=Connectors to Part J3
Added Parameter Circuit Application=Power to Part J3
Added Parameter Color=White to Part J3
Added Parameter Connector System=Wire-to-Board to Part J3
Added Parameter Connector Type=Pin to Part J3
Added Parameter Contact Current Rating=9.5A to Part J3
Added Parameter Contact Gender=Male to Part J3
Added Parameter Contact Material=Brass to Part J3
Added Parameter Contact Plating=Tin to Part J3
Added Parameter Contact Retention=No (Without) to Part J3
Added Parameter Current Rating=9.5A to Part J3
Added Parameter Depth=6.35mm to Part J3
Added Parameter ELV=Compliant to Part J3
Added Parameter Fastening Type=Ramp to Part J3
Added Parameter Flammability Rating=UL94 V-0 to Part J3
Added Parameter Gender=Male to Part J3
Added Parameter Height=13.49mm to Part J3
Added Parameter Housing Color=White to Part J3
Added Parameter Housing Material=Nylon to Part J3
Added Parameter Lead Free=Lead Free to Part J3
Added Parameter Length=9.83mm to Part J3
Added Parameter Manufacturer=TE Connectivity to Part J3
Added Parameter Manufacturer Part Number=1-770872-0 to Part J3
Added Parameter Mating Alignment=Yes (With) to Part J3
Added Parameter Mating Retention=Yes (With) to Part J3
Added Parameter Max Operating Temperature=221°C to Part J3
Added Parameter Max Voltage Rating (AC)=600V to Part J3
Added Parameter Min Operating Temperature=-67°C to Part J3
Added Parameter Mount=Through Hole to Part J3
Added Parameter Number of Circuits=2 to Part J3
Added Parameter Number of Contacts=2 to Part J3
Added Parameter Number of Ports=1 to Part J3
Added Parameter Number of Positions=2 to Part J3
Added Parameter Number of Power Positions=2 to Part J3
Added Parameter Number of Rows=1 to Part J3
Added Parameter Number of Terminals=2 to Part J3
Added Parameter Orientation=Straight to Part J3
Added Parameter Package Quantity=200 to Part J3
Added Parameter Packaging=Bag to Part J3
Added Parameter PCB Mount Alignment=No (Without) to Part J3
Added Parameter PCB Mounting Orientation=Vertical to Part J3
Added Parameter PCB Mount Retention=With to Part J3
Added Parameter PCB Thickness=0.062mm to Part J3
Added Parameter Pitch=0.162inch to Part J3
Added Parameter Plating Thickness=150um to Part J3
Added Parameter Radiation Hardening=No to Part J3
Added Parameter REACH SVHC=Unknown to Part J3
Added Parameter Sealable=No (Without) to Part J3
Added Parameter Strain Relief=No (Without) to Part J3
Added Parameter Supplier 1=Digi-Key to Part J3
Added Parameter Supplier Part Number 1=A32449-ND to Part J3
Added Parameter Termination=Solder to Part J3
Added Parameter VDE Tested=Yes to Part J3
Added Parameter Voltage Rating=600V to Part J3
Added Parameter Width=9.83mm to Part J3
Replace Symbol from J3 1-770872-0 in C:\git\AERO_2019-2020\HV PDU\HV PDU.SchDoc with 1-770872-0 from AERO Parts.IntLib
