Change Component Footprint: Designator=MTG1 Old Footprint=MTG-M3 New Footprint=MTG-M3-HV
Change Component Footprint: Designator=MTG2 Old Footprint=MTG-M3 New Footprint=MTG-M3-HV
Change Component Footprint: Designator=MTG3 Old Footprint=MTG-M3 New Footprint=MTG-M3-HV
Change Component Footprint: Designator=MTG4 Old Footprint=MTG-M3 New Footprint=MTG-M3-HV
Change Component Comment : Designator=MTG1 Old Comment=PCB MTG M3 New Comment=PCB MTG M3 HV
Change Component Comment : Designator=MTG2 Old Comment=PCB MTG M3 New Comment=PCB MTG M3 HV
Change Component Comment : Designator=MTG3 Old Comment=PCB MTG M3 New Comment=PCB MTG M3 HV
Change Component Comment : Designator=MTG4 Old Comment=PCB MTG M3 New Comment=PCB MTG M3 HV
Change component parameters: Designator = "MTG1" ("MTG1"); Footprint = "MTG-M3"; UniqueID = "\VSEGDZSZ" ("\VSEGDZSZ")
Change component parameters (AddParameter): Name = "P/N"; Value = "MTG M3 HV"; VariantName = "[No Variations]"
Change component parameters (AddParameter): Name = "PCB Package"; Value = "M3"; VariantName = "[No Variations]"
Change component parameters: Designator = "MTG2" ("MTG2"); Footprint = "MTG-M3"; UniqueID = "\AQAXIHOV" ("\AQAXIHOV")
Change component parameters (AddParameter): Name = "P/N"; Value = "MTG M3 HV"; VariantName = "[No Variations]"
Change component parameters (AddParameter): Name = "PCB Package"; Value = "M3"; VariantName = "[No Variations]"
Change component parameters: Designator = "MTG3" ("MTG3"); Footprint = "MTG-M3"; UniqueID = "\RJARSLPW" ("\RJARSLPW")
Change component parameters (AddParameter): Name = "P/N"; Value = "MTG M3 HV"; VariantName = "[No Variations]"
Change component parameters (AddParameter): Name = "PCB Package"; Value = "M3"; VariantName = "[No Variations]"
Change component parameters: Designator = "MTG4" ("MTG4"); Footprint = "MTG-M3"; UniqueID = "\IRVUVIBD" ("\IRVUVIBD")
Change component parameters (AddParameter): Name = "P/N"; Value = "MTG M3 HV"; VariantName = "[No Variations]"
Change component parameters (AddParameter): Name = "PCB Package"; Value = "M3"; VariantName = "[No Variations]"
Added Pin To Net: NetName=BL Pin=MTG3-1
Added Net: Name=BL
Added Pin To Net: NetName=BR Pin=MTG4-1
Added Net: Name=BR
Added Pin To Net: NetName=TL Pin=MTG1-1
Added Net: Name=TL
Added Pin To Net: NetName=TR Pin=MTG2-1
Added Net: Name=TR
Added Class: Name=MTG
