Removed Pin From Net: NetName=HVINT- Pin=J10-1
Removed Pin From Net: NetName=HVINT- Pin=J10-2
Removed Pin From Net: NetName=HVINT+ Pin=J11-1
Removed Pin From Net: NetName=HVINT+ Pin=J11-2
Removed Pin From Net: NetName=HVINT- Pin=J12-1
Removed Pin From Net: NetName=HVINT- Pin=J12-2
Removed Pin From Net: NetName=HVINT+ Pin=J13-1
Removed Pin From Net: NetName=HVINT+ Pin=J13-2
Removed Pin From Net: NetName=HVINT- Pin=J14-1
Removed Pin From Net: NetName=HVINT- Pin=J14-2
Removed Pin From Net: NetName=HVINT+ Pin=J15-1
Removed Pin From Net: NetName=HVINT+ Pin=J15-2
Added Pin To Net: NetName=TSAL- Pin=J10-1
Added Pin To Net: NetName=TSAL- Pin=J10-2
Added Pin To Net: NetName=TSAL+ Pin=J11-1
Added Pin To Net: NetName=TSAL+ Pin=J11-2
Added Pin To Net: NetName=IMD- Pin=J12-1
Added Pin To Net: NetName=IMD- Pin=J12-2
Added Pin To Net: NetName=IMD+ Pin=J13-1
Added Pin To Net: NetName=IMD+ Pin=J13-2
Added Pin To Net: NetName=TSMP- Pin=J14-1
Added Pin To Net: NetName=TSMP- Pin=J14-2
Added Pin To Net: NetName=TSMP+ Pin=J15-1
Added Pin To Net: NetName=TSMP+ Pin=J15-2
Added Pin To Net: NetName=HV_DIS_RLY Pin=K1-2
