Change component parameters: Designator = "D1" ("D1"); Footprint = "MCC-SOD123_V"; UniqueID = "\XYVLBTFI" ("\XYVLBTFI")
Change component parameters (AddParameter): Name = "Average Forward Current-Max"; Value = "0.15A"; VariantName = "[No Variations]"
Change component parameters (AddParameter): Name = "ClassName"; Value = "GLV"; VariantName = "[No Variations]"
Change component parameters (AddParameter): Name = "Datasheet URL"; Value = "https://datasheet.ciiva.com/16836/1n4148wsod123-16836277.pdf"; VariantName = "[No Variations]"
Change component parameters (AddParameter): Name = "Datasheet Version"; Value = "Rev. C, 07/2014"; VariantName = "[No Variations]"
Change component parameters (AddParameter): Name = "Manufacturer"; Value = "Micro Commercial Components"; VariantName = "[No Variations]"
Change component parameters (AddParameter): Name = "Manufacturer URL"; Value = "http://www.mccsemi.com/"; VariantName = "[No Variations]"
Change component parameters (AddParameter): Name = "Package Description"; Value = "2-Pin Small Outline Diode, Body 2.7 x 1.6 mm, Height 1.35 mm"; VariantName = "[No Variations]"
Change component parameters (AddParameter): Name = "Package Reference"; Value = "SOD123"; VariantName = "[No Variations]"
Change component parameters (AddParameter): Name = "Package URL"; Value = "http://www.mccsemi.com/up_pdf/1N4448W(SOD-123).pdf"; VariantName = "[No Variations]"
Change component parameters (AddParameter): Name = "Peak Current-Max"; Value = "2A"; VariantName = "[No Variations]"
Change component parameters (AddParameter): Name = "Power Dissipation"; Value = "400mW"; VariantName = "[No Variations]"
Change component parameters (AddParameter): Name = "Reverse Recovery Time-Max"; Value = "4ns"; VariantName = "[No Variations]"
Change component parameters (AddParameter): Name = "Reverse Voltage-Max [Vrrm]"; Value = "100V"; VariantName = "[No Variations]"
Change component parameters: Designator = "F5" ("F5"); Footprint = "MF-FSMF"; UniqueID = "\RHTNAEOD" ("\RHTNAEOD")
Change component parameters (AddParameter): Name = "ClassName"; Value = "GLV"; VariantName = "[No Variations]"
Change component parameters (AddParameter): Name = "Supplier 1"; Value = "Digi-Key"; VariantName = "[No Variations]"
Change component parameters (AddParameter): Name = "Supplier Part Number 1"; Value = "MF-FSMF010X-2CT-ND"; VariantName = "[No Variations]"
Change component parameters: Designator = "J3" ("J3"); Footprint = "te-1217861-1"; UniqueID = "\CHSAPLYY" ("\CHSAPLYY")
Change component parameters (AddParameter): Name = "Body Material"; Value = "Brass"; VariantName = "[No Variations]"
Change component parameters (AddParameter): Name = "Body Plating"; Value = "Tin"; VariantName = "[No Variations]"
Change component parameters (AddParameter): Name = "ClassName"; Value = "GLV"; VariantName = "[No Variations]"
Change component parameters (AddParameter): Name = "Contact Material"; Value = "Brass"; VariantName = "[No Variations]"
Change component parameters (AddParameter): Name = "Contact Plating"; Value = "Tin"; VariantName = "[No Variations]"
Change component parameters (AddParameter): Name = "Depth"; Value = "7.92mm"; VariantName = "[No Variations]"
Change component parameters (AddParameter): Name = "ELV"; Value = "Compliant"; VariantName = "[No Variations]"
Change component parameters (AddParameter): Name = "Gender"; Value = "Male"; VariantName = "[No Variations]"
Change component parameters (AddParameter): Name = "Hole Diameter"; Value = "0.055inch"; VariantName = "[No Variations]"
Change component parameters (AddParameter): Name = "Insulated Wire Support"; Value = "Yes"; VariantName = "[No Variations]"
Change component parameters (AddParameter): Name = "Insulation"; Value = "Non-Insulated"; VariantName = "[No Variations]"
Change component parameters (AddParameter): Name = "Lead Free"; Value = "Lead Free"; VariantName = "[No Variations]"
Change component parameters (AddParameter): Name = "Length"; Value = "0.552inch"; VariantName = "[No Variations]"
Change component parameters (AddParameter): Name = "Material"; Value = "Brass"; VariantName = "[No Variations]"
Change component parameters (AddParameter): Name = "Mating Tab Width"; Value = "0.25inch"; VariantName = "[No Variations]"
Change component parameters (AddParameter): Name = "Mount"; Value = "Through Hole"; VariantName = "[No Variations]"
Change component parameters (AddParameter): Name = "Package Quantity"; Value = "2000"; VariantName = "[No Variations]"
Change component parameters (AddParameter): Name = "Packaging"; Value = "Tape and Reel"; VariantName = "[No Variations]"
Change component parameters (AddParameter): Name = "PCB Thickness"; Value = "0.062inch"; VariantName = "[No Variations]"
Change component parameters (AddParameter): Name = "Plating"; Value = "Tin"; VariantName = "[No Variations]"
Change component parameters (AddParameter): Name = "REACH SVHC"; Value = "Unknown"; VariantName = "[No Variations]"
Change component parameters (AddParameter): Name = "Supplier 1"; Value = "Digi-Key"; VariantName = "[No Variations]"
Change component parameters (AddParameter): Name = "Supplier Part Number 1"; Value = "A100452CT-ND"; VariantName = "[No Variations]"
Change component parameters (AddParameter): Name = "Tab Length"; Value = "0.352inch"; VariantName = "[No Variations]"
Change component parameters (AddParameter): Name = "Tab Thickness"; Value = "0.032inch"; VariantName = "[No Variations]"
Change component parameters (AddParameter): Name = "Tab Width"; Value = "0.25inch"; VariantName = "[No Variations]"
Change component parameters (AddParameter): Name = "Terminal Material"; Value = "Brass"; VariantName = "[No Variations]"
Change component parameters (AddParameter): Name = "Termination"; Value = "Tab"; VariantName = "[No Variations]"
Change component parameters: Designator = "J4" ("J4"); Footprint = "te-1217861-1"; UniqueID = "\VCGXLTKE" ("\VCGXLTKE")
Change component parameters (AddParameter): Name = "Body Material"; Value = "Brass"; VariantName = "[No Variations]"
Change component parameters (AddParameter): Name = "Body Plating"; Value = "Tin"; VariantName = "[No Variations]"
Change component parameters (AddParameter): Name = "ClassName"; Value = "GLV"; VariantName = "[No Variations]"
Change component parameters (AddParameter): Name = "Contact Material"; Value = "Brass"; VariantName = "[No Variations]"
Change component parameters (AddParameter): Name = "Contact Plating"; Value = "Tin"; VariantName = "[No Variations]"
Change component parameters (AddParameter): Name = "Depth"; Value = "7.92mm"; VariantName = "[No Variations]"
Change component parameters (AddParameter): Name = "ELV"; Value = "Compliant"; VariantName = "[No Variations]"
Change component parameters (AddParameter): Name = "Gender"; Value = "Male"; VariantName = "[No Variations]"
Change component parameters (AddParameter): Name = "Hole Diameter"; Value = "0.055inch"; VariantName = "[No Variations]"
Change component parameters (AddParameter): Name = "Insulated Wire Support"; Value = "Yes"; VariantName = "[No Variations]"
Change component parameters (AddParameter): Name = "Insulation"; Value = "Non-Insulated"; VariantName = "[No Variations]"
Change component parameters (AddParameter): Name = "Lead Free"; Value = "Lead Free"; VariantName = "[No Variations]"
Change component parameters (AddParameter): Name = "Length"; Value = "0.552inch"; VariantName = "[No Variations]"
Change component parameters (AddParameter): Name = "Material"; Value = "Brass"; VariantName = "[No Variations]"
Change component parameters (AddParameter): Name = "Mating Tab Width"; Value = "0.25inch"; VariantName = "[No Variations]"
Change component parameters (AddParameter): Name = "Mount"; Value = "Through Hole"; VariantName = "[No Variations]"
Change component parameters (AddParameter): Name = "Package Quantity"; Value = "2000"; VariantName = "[No Variations]"
Change component parameters (AddParameter): Name = "Packaging"; Value = "Tape and Reel"; VariantName = "[No Variations]"
Change component parameters (AddParameter): Name = "PCB Thickness"; Value = "0.062inch"; VariantName = "[No Variations]"
Change component parameters (AddParameter): Name = "Plating"; Value = "Tin"; VariantName = "[No Variations]"
Change component parameters (AddParameter): Name = "REACH SVHC"; Value = "Unknown"; VariantName = "[No Variations]"
Change component parameters (AddParameter): Name = "Supplier 1"; Value = "Digi-Key"; VariantName = "[No Variations]"
Change component parameters (AddParameter): Name = "Supplier Part Number 1"; Value = "A100452CT-ND"; VariantName = "[No Variations]"
Change component parameters (AddParameter): Name = "Tab Length"; Value = "0.352inch"; VariantName = "[No Variations]"
Change component parameters (AddParameter): Name = "Tab Thickness"; Value = "0.032inch"; VariantName = "[No Variations]"
Change component parameters (AddParameter): Name = "Tab Width"; Value = "0.25inch"; VariantName = "[No Variations]"
Change component parameters (AddParameter): Name = "Terminal Material"; Value = "Brass"; VariantName = "[No Variations]"
Change component parameters (AddParameter): Name = "Termination"; Value = "Tab"; VariantName = "[No Variations]"
Change component parameters: Designator = "J5" ("J5"); Footprint = "te-1217861-1"; UniqueID = "\SLHEMKBL" ("\SLHEMKBL")
Change component parameters (AddParameter): Name = "Body Material"; Value = "Brass"; VariantName = "[No Variations]"
Change component parameters (AddParameter): Name = "Body Plating"; Value = "Tin"; VariantName = "[No Variations]"
Change component parameters (AddParameter): Name = "ClassName"; Value = "GLV"; VariantName = "[No Variations]"
Change component parameters (AddParameter): Name = "Contact Material"; Value = "Brass"; VariantName = "[No Variations]"
Change component parameters (AddParameter): Name = "Contact Plating"; Value = "Tin"; VariantName = "[No Variations]"
Change component parameters (AddParameter): Name = "Depth"; Value = "7.92mm"; VariantName = "[No Variations]"
Change component parameters (AddParameter): Name = "ELV"; Value = "Compliant"; VariantName = "[No Variations]"
Change component parameters (AddParameter): Name = "Gender"; Value = "Male"; VariantName = "[No Variations]"
Change component parameters (AddParameter): Name = "Hole Diameter"; Value = "0.055inch"; VariantName = "[No Variations]"
Change component parameters (AddParameter): Name = "Insulated Wire Support"; Value = "Yes"; VariantName = "[No Variations]"
Change component parameters (AddParameter): Name = "Insulation"; Value = "Non-Insulated"; VariantName = "[No Variations]"
Change component parameters (AddParameter): Name = "Lead Free"; Value = "Lead Free"; VariantName = "[No Variations]"
Change component parameters (AddParameter): Name = "Length"; Value = "0.552inch"; VariantName = "[No Variations]"
Change component parameters (AddParameter): Name = "Material"; Value = "Brass"; VariantName = "[No Variations]"
Change component parameters (AddParameter): Name = "Mating Tab Width"; Value = "0.25inch"; VariantName = "[No Variations]"
Change component parameters (AddParameter): Name = "Mount"; Value = "Through Hole"; VariantName = "[No Variations]"
Change component parameters (AddParameter): Name = "Package Quantity"; Value = "2000"; VariantName = "[No Variations]"
Change component parameters (AddParameter): Name = "Packaging"; Value = "Tape and Reel"; VariantName = "[No Variations]"
Change component parameters (AddParameter): Name = "PCB Thickness"; Value = "0.062inch"; VariantName = "[No Variations]"
Change component parameters (AddParameter): Name = "Plating"; Value = "Tin"; VariantName = "[No Variations]"
Change component parameters (AddParameter): Name = "REACH SVHC"; Value = "Unknown"; VariantName = "[No Variations]"
Change component parameters (AddParameter): Name = "Supplier 1"; Value = "Digi-Key"; VariantName = "[No Variations]"
Change component parameters (AddParameter): Name = "Supplier Part Number 1"; Value = "A100452CT-ND"; VariantName = "[No Variations]"
Change component parameters (AddParameter): Name = "Tab Length"; Value = "0.352inch"; VariantName = "[No Variations]"
Change component parameters (AddParameter): Name = "Tab Thickness"; Value = "0.032inch"; VariantName = "[No Variations]"
Change component parameters (AddParameter): Name = "Tab Width"; Value = "0.25inch"; VariantName = "[No Variations]"
Change component parameters (AddParameter): Name = "Terminal Material"; Value = "Brass"; VariantName = "[No Variations]"
Change component parameters (AddParameter): Name = "Termination"; Value = "Tab"; VariantName = "[No Variations]"
Change component parameters: Designator = "J6" ("J6"); Footprint = "te-1217861-1"; UniqueID = "\UOEAZHAW" ("\UOEAZHAW")
Change component parameters (AddParameter): Name = "Body Material"; Value = "Brass"; VariantName = "[No Variations]"
Change component parameters (AddParameter): Name = "Body Plating"; Value = "Tin"; VariantName = "[No Variations]"
Change component parameters (AddParameter): Name = "ClassName"; Value = "GLV"; VariantName = "[No Variations]"
Change component parameters (AddParameter): Name = "Contact Material"; Value = "Brass"; VariantName = "[No Variations]"
Change component parameters (AddParameter): Name = "Contact Plating"; Value = "Tin"; VariantName = "[No Variations]"
Change component parameters (AddParameter): Name = "Depth"; Value = "7.92mm"; VariantName = "[No Variations]"
Change component parameters (AddParameter): Name = "ELV"; Value = "Compliant"; VariantName = "[No Variations]"
Change component parameters (AddParameter): Name = "Gender"; Value = "Male"; VariantName = "[No Variations]"
Change component parameters (AddParameter): Name = "Hole Diameter"; Value = "0.055inch"; VariantName = "[No Variations]"
Change component parameters (AddParameter): Name = "Insulated Wire Support"; Value = "Yes"; VariantName = "[No Variations]"
Change component parameters (AddParameter): Name = "Insulation"; Value = "Non-Insulated"; VariantName = "[No Variations]"
Change component parameters (AddParameter): Name = "Lead Free"; Value = "Lead Free"; VariantName = "[No Variations]"
Change component parameters (AddParameter): Name = "Length"; Value = "0.552inch"; VariantName = "[No Variations]"
Change component parameters (AddParameter): Name = "Material"; Value = "Brass"; VariantName = "[No Variations]"
Change component parameters (AddParameter): Name = "Mating Tab Width"; Value = "0.25inch"; VariantName = "[No Variations]"
Change component parameters (AddParameter): Name = "Mount"; Value = "Through Hole"; VariantName = "[No Variations]"
Change component parameters (AddParameter): Name = "Package Quantity"; Value = "2000"; VariantName = "[No Variations]"
Change component parameters (AddParameter): Name = "Packaging"; Value = "Tape and Reel"; VariantName = "[No Variations]"
Change component parameters (AddParameter): Name = "PCB Thickness"; Value = "0.062inch"; VariantName = "[No Variations]"
Change component parameters (AddParameter): Name = "Plating"; Value = "Tin"; VariantName = "[No Variations]"
Change component parameters (AddParameter): Name = "REACH SVHC"; Value = "Unknown"; VariantName = "[No Variations]"
Change component parameters (AddParameter): Name = "Supplier 1"; Value = "Digi-Key"; VariantName = "[No Variations]"
Change component parameters (AddParameter): Name = "Supplier Part Number 1"; Value = "A100452CT-ND"; VariantName = "[No Variations]"
Change component parameters (AddParameter): Name = "Tab Length"; Value = "0.352inch"; VariantName = "[No Variations]"
Change component parameters (AddParameter): Name = "Tab Thickness"; Value = "0.032inch"; VariantName = "[No Variations]"
Change component parameters (AddParameter): Name = "Tab Width"; Value = "0.25inch"; VariantName = "[No Variations]"
Change component parameters (AddParameter): Name = "Terminal Material"; Value = "Brass"; VariantName = "[No Variations]"
Change component parameters (AddParameter): Name = "Termination"; Value = "Tab"; VariantName = "[No Variations]"
Change component parameters: Designator = "J9" ("J9"); Footprint = "JST_Sales_America_Inc._B2B-PH-K-S_LF_SN_0"; UniqueID = "\UDBRJOZM" ("\UDBRJOZM")
Change component parameters (AddParameter): Name = "Category"; Value = "Connectors"; VariantName = "[No Variations]"
Change component parameters (AddParameter): Name = "ClassName"; Value = "GLV"; VariantName = "[No Variations]"
Change component parameters (AddParameter): Name = "Color"; Value = "Natural"; VariantName = "[No Variations]"
Change component parameters (AddParameter): Name = "Connector Type"; Value = "Male Pin"; VariantName = "[No Variations]"
Change component parameters (AddParameter): Name = "Contact Material"; Value = "Brass,Tin"; VariantName = "[No Variations]"
Change component parameters (AddParameter): Name = "Contact Mating Length"; Value = "0.13inch"; VariantName = "[No Variations]"
Change component parameters (AddParameter): Name = "Contact Plating"; Value = "Tin,Copper"; VariantName = "[No Variations]"
Change component parameters (AddParameter): Name = "Contact Resistance"; Value = "20mR"; VariantName = "[No Variations]"
Change component parameters (AddParameter): Name = "Current Rating"; Value = "2A"; VariantName = "[No Variations]"
Change component parameters (AddParameter): Name = "Depth"; Value = "4.5mm"; VariantName = "[No Variations]"
Change component parameters (AddParameter): Name = "Fastening Type"; Value = "Detent"; VariantName = "[No Variations]"
Change component parameters (AddParameter): Name = "Gender"; Value = "Male"; VariantName = "[No Variations]"
Change component parameters (AddParameter): Name = "Height"; Value = "9.4mm"; VariantName = "[No Variations]"
Change component parameters (AddParameter): Name = "Housing Color"; Value = "White"; VariantName = "[No Variations]"
Change component parameters (AddParameter): Name = "Housing Material"; Value = "Polyamide"; VariantName = "[No Variations]"
Change component parameters (AddParameter): Name = "Insulation Resistance"; Value = "1MR"; VariantName = "[No Variations]"
Change component parameters (AddParameter): Name = "Lead Free"; Value = "Lead Free"; VariantName = "[No Variations]"
Change component parameters (AddParameter): Name = "Lead Pitch"; Value = "2mm"; VariantName = "[No Variations]"
Change component parameters (AddParameter): Name = "Length"; Value = "5.9mm"; VariantName = "[No Variations]"
Change component parameters (AddParameter): Name = "Manufacturer"; Value = "JST"; VariantName = "[No Variations]"
Change component parameters (AddParameter): Name = "Manufacturer Part Number"; Value = "B2BPHKSLFSN"; VariantName = "[No Variations]"
Change component parameters (AddParameter): Name = "Max Current Rating"; Value = "2A"; VariantName = "[No Variations]"
Change component parameters (AddParameter): Name = "Max Operating Temperature"; Value = "85°C"; VariantName = "[No Variations]"
Change component parameters (AddParameter): Name = "Max Voltage Rating (AC)"; Value = "100V"; VariantName = "[No Variations]"
Change component parameters (AddParameter): Name = "Max Voltage Rating (DC)"; Value = "100V"; VariantName = "[No Variations]"
Change component parameters (AddParameter): Name = "Min Operating Temperature"; Value = "-25°C"; VariantName = "[No Variations]"
Change component parameters (AddParameter): Name = "Mount"; Value = "Through Hole"; VariantName = "[No Variations]"
Change component parameters (AddParameter): Name = "Number of Contacts"; Value = "2"; VariantName = "[No Variations]"
Change component parameters (AddParameter): Name = "Number of Pins"; Value = "2"; VariantName = "[No Variations]"
Change component parameters (AddParameter): Name = "Number of Poles"; Value = "2"; VariantName = "[No Variations]"
Change component parameters (AddParameter): Name = "Number of Positions"; Value = "2"; VariantName = "[No Variations]"
Change component parameters (AddParameter): Name = "Number of Rows"; Value = "1"; VariantName = "[No Variations]"
Change component parameters (AddParameter): Name = "Orientation"; Value = "Straight"; VariantName = "[No Variations]"
Change component parameters (AddParameter): Name = "Packaging"; Value = "Bulk"; VariantName = "[No Variations]"
Change component parameters (AddParameter): Name = "Pitch"; Value = "2mm"; VariantName = "[No Variations]"
Change component parameters (AddParameter): Name = "REACH SVHC"; Value = "No SVHC"; VariantName = "[No Variations]"
Change component parameters (AddParameter): Name = "Supplier 1"; Value = "Newark"; VariantName = "[No Variations]"
Change component parameters (AddParameter): Name = "Supplier 2"; Value = "Digi-Key"; VariantName = "[No Variations]"
Change component parameters (AddParameter): Name = "Supplier Part Number 1"; Value = "37K9940"; VariantName = "[No Variations]"
Change component parameters (AddParameter): Name = "Supplier Part Number 2"; Value = "455-1704-ND"; VariantName = "[No Variations]"
Change component parameters (AddParameter): Name = "Termination"; Value = "Solder"; VariantName = "[No Variations]"
Change component parameters (AddParameter): Name = "Voltage Rating"; Value = "100V"; VariantName = "[No Variations]"
Change component parameters (AddParameter): Name = "Voltage Rating (AC)"; Value = "100V"; VariantName = "[No Variations]"
Change component parameters (AddParameter): Name = "Width"; Value = "4.5mm"; VariantName = "[No Variations]"
Change component parameters (AddParameter): Name = "Working Voltage"; Value = "100V"; VariantName = "[No Variations]"
Change component parameters: Designator = "K1" ("K1"); Footprint = "Omron_G2RL-14-DC12_0"; UniqueID = "\ZXQHTBSK" ("\ZXQHTBSK")
Change component parameters (AddParameter): Name = "Approvals"; Value = "UL,CSA,VDE"; VariantName = "[No Variations]"
Change component parameters (AddParameter): Name = "Category"; Value = "Signal Relays"; VariantName = "[No Variations]"
Change component parameters (AddParameter): Name = "ClassName"; Value = "GLV"; VariantName = "[No Variations]"
Change component parameters (AddParameter): Name = "Coil Current"; Value = "33.3mA"; VariantName = "[No Variations]"
Change component parameters (AddParameter): Name = "Coil Power"; Value = "400mW"; VariantName = "[No Variations]"
Change component parameters (AddParameter): Name = "Coil Resistance"; Value = "360R"; VariantName = "[No Variations]"
Change component parameters (AddParameter): Name = "Coil Type"; Value = "Non-Latching"; VariantName = "[No Variations]"
Change component parameters (AddParameter): Name = "Coil Voltage (DC)"; Value = "12V"; VariantName = "[No Variations]"
Change component parameters (AddParameter): Name = "Contact Current Rating"; Value = "12A"; VariantName = "[No Variations]"
Change component parameters (AddParameter): Name = "Contact Material"; Value = "Tin,Silver,Cadmium"; VariantName = "[No Variations]"
Change component parameters (AddParameter): Name = "Contact Resistance"; Value = "100MR"; VariantName = "[No Variations]"
Change component parameters (AddParameter): Name = "Current Rating"; Value = "12A"; VariantName = "[No Variations]"
Change component parameters (AddParameter): Name = "Depth"; Value = "12.7mm"; VariantName = "[No Variations]"
Change component parameters (AddParameter): Name = "Height"; Value = "15.7mm"; VariantName = "[No Variations]"
Change component parameters (AddParameter): Name = "Lead Free"; Value = "Lead Free"; VariantName = "[No Variations]"
Change component parameters (AddParameter): Name = "Length"; Value = "29mm"; VariantName = "[No Variations]"
Change component parameters (AddParameter): Name = "Manufacturer"; Value = "Omron"; VariantName = "[No Variations]"
Change component parameters (AddParameter): Name = "Manufacturer Part Number"; Value = "G2RL-14-DC12"; VariantName = "[No Variations]"
Change component parameters (AddParameter): Name = "Max Current Rating"; Value = "12A"; VariantName = "[No Variations]"
Change component parameters (AddParameter): Name = "Max Operating Temperature"; Value = "85°C"; VariantName = "[No Variations]"
Change component parameters (AddParameter): Name = "Max Voltage Rating (AC)"; Value = "440V"; VariantName = "[No Variations]"
Change component parameters (AddParameter): Name = "Max Voltage Rating (DC)"; Value = "300V"; VariantName = "[No Variations]"
Change component parameters (AddParameter): Name = "Min Operating Temperature"; Value = "-40°C"; VariantName = "[No Variations]"
Change component parameters (AddParameter): Name = "Mount"; Value = "Through Hole,PCB"; VariantName = "[No Variations]"
Change component parameters (AddParameter): Name = "Number of Pins"; Value = "5"; VariantName = "[No Variations]"
Change component parameters (AddParameter): Name = "Operate Time"; Value = "15ms"; VariantName = "[No Variations]"
Change component parameters (AddParameter): Name = "Package Quantity"; Value = "100"; VariantName = "[No Variations]"
Change component parameters (AddParameter): Name = "Packaging"; Value = "Rail/Tube"; VariantName = "[No Variations]"
Change component parameters (AddParameter): Name = "Power Consumption"; Value = "400mW"; VariantName = "[No Variations]"
Change component parameters (AddParameter): Name = "Power Rating"; Value = "400mW"; VariantName = "[No Variations]"
Change component parameters (AddParameter): Name = "Radiation Hardening"; Value = "No"; VariantName = "[No Variations]"
Change component parameters (AddParameter): Name = "Relay Type"; Value = "General Purpose"; VariantName = "[No Variations]"
Change component parameters (AddParameter): Name = "Release Time"; Value = "5ms"; VariantName = "[No Variations]"
Change component parameters (AddParameter): Name = "Supplier 1"; Value = "Digi-Key"; VariantName = "[No Variations]"
Change component parameters (AddParameter): Name = "Supplier Part Number 1"; Value = "Z143-ND"; VariantName = "[No Variations]"
Change component parameters (AddParameter): Name = "Termination"; Value = "PC Pin"; VariantName = "[No Variations]"
Change component parameters (AddParameter): Name = "Throw Configuration"; Value = "SPDT"; VariantName = "[No Variations]"
Change component parameters (AddParameter): Name = "Voltage Rating (AC)"; Value = "440V"; VariantName = "[No Variations]"
Change component parameters (AddParameter): Name = "Voltage Rating (DC)"; Value = "300V"; VariantName = "[No Variations]"
Change component parameters (AddParameter): Name = "Weight"; Value = "12g"; VariantName = "[No Variations]"
Change component parameters (AddParameter): Name = "Width"; Value = "12.7mm"; VariantName = "[No Variations]"
Added Class: Name=GLV
Added Room: Name=GLV
