Added Parameter Approvals=CSA to Part J1
Added Parameter Approvals=CSA to Part J2
Added Parameter Approvals=CSA to Part J4
Added Parameter Approvals=CSA to Part J5
Added Parameter Approvals=CSA to Part J6
Added Parameter Approvals=CSA to Part J7
Added Parameter Approvals=CSA to Part J8
Added Parameter Approvals=CSA to Part J9
Added Parameter Approvals=CSA to Part J10
Added Parameter Category=Connectors to Part J1
Added Parameter Category=Connectors to Part J2
Added Parameter Category=Connectors to Part J4
Added Parameter Category=Connectors to Part J5
Added Parameter Category=Connectors to Part J6
Added Parameter Category=Connectors to Part J7
Added Parameter Category=Connectors to Part J8
Added Parameter Category=Connectors to Part J9
Added Parameter Category=Connectors to Part J10
Added Parameter Circuit Application=Power to Part J1
Added Parameter Circuit Application=Power to Part J2
Added Parameter Circuit Application=Power to Part J4
Added Parameter Circuit Application=Power to Part J5
Added Parameter Circuit Application=Power to Part J6
Added Parameter Circuit Application=Power to Part J7
Added Parameter Circuit Application=Power to Part J8
Added Parameter Circuit Application=Power to Part J9
Added Parameter Circuit Application=Power to Part J10
Added Parameter Color=White to Part J1
Added Parameter Color=White to Part J2
Added Parameter Color=White to Part J4
Added Parameter Color=White to Part J5
Added Parameter Color=White to Part J6
Added Parameter Color=White to Part J7
Added Parameter Color=White to Part J8
Added Parameter Color=White to Part J9
Added Parameter Color=White to Part J10
Added Parameter Connector System=Wire-to-Board to Part J1
Added Parameter Connector System=Wire-to-Board to Part J2
Added Parameter Connector System=Wire-to-Board to Part J4
Added Parameter Connector System=Wire-to-Board to Part J5
Added Parameter Connector System=Wire-to-Board to Part J6
Added Parameter Connector System=Wire-to-Board to Part J7
Added Parameter Connector System=Wire-to-Board to Part J8
Added Parameter Connector System=Wire-to-Board to Part J9
Added Parameter Connector System=Wire-to-Board to Part J10
Added Parameter Connector Type=Pin to Part J1
Added Parameter Connector Type=Pin to Part J2
Added Parameter Connector Type=Pin to Part J4
Added Parameter Connector Type=Pin to Part J5
Added Parameter Connector Type=Pin to Part J6
Added Parameter Connector Type=Pin to Part J7
Added Parameter Connector Type=Pin to Part J8
Added Parameter Connector Type=Pin to Part J9
Added Parameter Connector Type=Pin to Part J10
Added Parameter Contact Current Rating=9.5A to Part J1
Added Parameter Contact Current Rating=9.5A to Part J2
Added Parameter Contact Current Rating=9.5A to Part J4
Added Parameter Contact Current Rating=9.5A to Part J5
Added Parameter Contact Current Rating=9.5A to Part J6
Added Parameter Contact Current Rating=9.5A to Part J7
Added Parameter Contact Current Rating=9.5A to Part J8
Added Parameter Contact Current Rating=9.5A to Part J9
Added Parameter Contact Current Rating=9.5A to Part J10
Added Parameter Contact Gender=Male to Part J1
Added Parameter Contact Gender=Male to Part J2
Added Parameter Contact Gender=Male to Part J4
Added Parameter Contact Gender=Male to Part J5
Added Parameter Contact Gender=Male to Part J6
Added Parameter Contact Gender=Male to Part J7
Added Parameter Contact Gender=Male to Part J8
Added Parameter Contact Gender=Male to Part J9
Added Parameter Contact Gender=Male to Part J10
Added Parameter Contact Material=Brass to Part J1
Added Parameter Contact Material=Brass to Part J2
Added Parameter Contact Material=Brass to Part J4
Added Parameter Contact Material=Brass to Part J5
Added Parameter Contact Material=Brass to Part J6
Added Parameter Contact Material=Brass to Part J7
Added Parameter Contact Material=Brass to Part J8
Added Parameter Contact Material=Brass to Part J9
Added Parameter Contact Material=Brass to Part J10
Added Parameter Contact Plating=Tin to Part J1
Added Parameter Contact Plating=Tin to Part J2
Added Parameter Contact Plating=Tin to Part J4
Added Parameter Contact Plating=Tin to Part J5
Added Parameter Contact Plating=Tin to Part J6
Added Parameter Contact Plating=Tin to Part J7
Added Parameter Contact Plating=Tin to Part J8
Added Parameter Contact Plating=Tin to Part J9
Added Parameter Contact Plating=Tin to Part J10
Added Parameter Contact Retention=No (Without) to Part J1
Added Parameter Contact Retention=No (Without) to Part J2
Added Parameter Contact Retention=No (Without) to Part J4
Added Parameter Contact Retention=No (Without) to Part J5
Added Parameter Contact Retention=No (Without) to Part J6
Added Parameter Contact Retention=No (Without) to Part J7
Added Parameter Contact Retention=No (Without) to Part J8
Added Parameter Contact Retention=No (Without) to Part J9
Added Parameter Contact Retention=No (Without) to Part J10
Added Parameter Current Rating=9.5A to Part J1
Added Parameter Current Rating=9.5A to Part J2
Added Parameter Current Rating=9.5A to Part J4
Added Parameter Current Rating=9.5A to Part J5
Added Parameter Current Rating=9.5A to Part J6
Added Parameter Current Rating=9.5A to Part J7
Added Parameter Current Rating=9.5A to Part J8
Added Parameter Current Rating=9.5A to Part J9
Added Parameter Current Rating=9.5A to Part J10
Added Parameter Depth=6.35mm to Part J1
Added Parameter Depth=6.35mm to Part J2
Added Parameter Depth=6.35mm to Part J4
Added Parameter Depth=6.35mm to Part J5
Added Parameter Depth=6.35mm to Part J6
Added Parameter Depth=6.35mm to Part J7
Added Parameter Depth=6.35mm to Part J8
Added Parameter Depth=6.35mm to Part J9
Added Parameter Depth=6.35mm to Part J10
Added Parameter ELV=Compliant to Part J1
Added Parameter ELV=Compliant to Part J2
Added Parameter ELV=Compliant to Part J4
Added Parameter ELV=Compliant to Part J5
Added Parameter ELV=Compliant to Part J6
Added Parameter ELV=Compliant to Part J7
Added Parameter ELV=Compliant to Part J8
Added Parameter ELV=Compliant to Part J9
Added Parameter ELV=Compliant to Part J10
Added Parameter Fastening Type=Ramp to Part J1
Added Parameter Fastening Type=Ramp to Part J2
Added Parameter Fastening Type=Ramp to Part J4
Added Parameter Fastening Type=Ramp to Part J5
Added Parameter Fastening Type=Ramp to Part J6
Added Parameter Fastening Type=Ramp to Part J7
Added Parameter Fastening Type=Ramp to Part J8
Added Parameter Fastening Type=Ramp to Part J9
Added Parameter Fastening Type=Ramp to Part J10
Added Parameter Flammability Rating=UL94 V-0 to Part J1
Added Parameter Flammability Rating=UL94 V-0 to Part J2
Added Parameter Flammability Rating=UL94 V-0 to Part J4
Added Parameter Flammability Rating=UL94 V-0 to Part J5
Added Parameter Flammability Rating=UL94 V-0 to Part J6
Added Parameter Flammability Rating=UL94 V-0 to Part J7
Added Parameter Flammability Rating=UL94 V-0 to Part J8
Added Parameter Flammability Rating=UL94 V-0 to Part J9
Added Parameter Flammability Rating=UL94 V-0 to Part J10
Added Parameter Gender=Male to Part J1
Added Parameter Gender=Male to Part J2
Added Parameter Gender=Male to Part J4
Added Parameter Gender=Male to Part J5
Added Parameter Gender=Male to Part J6
Added Parameter Gender=Male to Part J7
Added Parameter Gender=Male to Part J8
Added Parameter Gender=Male to Part J9
Added Parameter Gender=Male to Part J10
Added Parameter Height=13.49mm to Part J1
Added Parameter Height=13.49mm to Part J2
Added Parameter Height=13.49mm to Part J4
Added Parameter Height=13.49mm to Part J5
Added Parameter Height=13.49mm to Part J6
Added Parameter Height=13.49mm to Part J7
Added Parameter Height=13.49mm to Part J8
Added Parameter Height=13.49mm to Part J9
Added Parameter Height=13.49mm to Part J10
Added Parameter Housing Color=White to Part J1
Added Parameter Housing Color=White to Part J2
Added Parameter Housing Color=White to Part J4
Added Parameter Housing Color=White to Part J5
Added Parameter Housing Color=White to Part J6
Added Parameter Housing Color=White to Part J7
Added Parameter Housing Color=White to Part J8
Added Parameter Housing Color=White to Part J9
Added Parameter Housing Color=White to Part J10
Added Parameter Housing Material=Nylon to Part J1
Added Parameter Housing Material=Nylon to Part J2
Added Parameter Housing Material=Nylon to Part J4
Added Parameter Housing Material=Nylon to Part J5
Added Parameter Housing Material=Nylon to Part J6
Added Parameter Housing Material=Nylon to Part J7
Added Parameter Housing Material=Nylon to Part J8
Added Parameter Housing Material=Nylon to Part J9
Added Parameter Housing Material=Nylon to Part J10
Added Parameter Lead Free=Lead Free to Part J1
Added Parameter Lead Free=Lead Free to Part J2
Added Parameter Lead Free=Lead Free to Part J4
Added Parameter Lead Free=Lead Free to Part J5
Added Parameter Lead Free=Lead Free to Part J6
Added Parameter Lead Free=Lead Free to Part J7
Added Parameter Lead Free=Lead Free to Part J8
Added Parameter Lead Free=Lead Free to Part J9
Added Parameter Lead Free=Lead Free to Part J10
Added Parameter Length=9.83mm to Part J1
Added Parameter Length=9.83mm to Part J2
Added Parameter Length=9.83mm to Part J4
Added Parameter Length=9.83mm to Part J5
Added Parameter Length=9.83mm to Part J6
Added Parameter Length=9.83mm to Part J7
Added Parameter Length=9.83mm to Part J8
Added Parameter Length=9.83mm to Part J9
Added Parameter Length=9.83mm to Part J10
Added Parameter Manufacturer=TE Connectivity to Part J1
Added Parameter Manufacturer=TE Connectivity to Part J2
Added Parameter Manufacturer=TE Connectivity to Part J4
Added Parameter Manufacturer=TE Connectivity to Part J5
Added Parameter Manufacturer=TE Connectivity to Part J6
Added Parameter Manufacturer=TE Connectivity to Part J7
Added Parameter Manufacturer=TE Connectivity to Part J8
Added Parameter Manufacturer=TE Connectivity to Part J9
Added Parameter Manufacturer=TE Connectivity to Part J10
Added Parameter Manufacturer Part Number=1-770872-0 to Part J1
Added Parameter Manufacturer Part Number=1-770872-0 to Part J2
Added Parameter Manufacturer Part Number=1-770872-0 to Part J4
Added Parameter Manufacturer Part Number=1-770872-0 to Part J5
Added Parameter Manufacturer Part Number=1-770872-0 to Part J6
Added Parameter Manufacturer Part Number=1-770872-0 to Part J7
Added Parameter Manufacturer Part Number=1-770872-0 to Part J8
Added Parameter Manufacturer Part Number=1-770872-0 to Part J9
Added Parameter Manufacturer Part Number=1-770872-0 to Part J10
Added Parameter Mating Alignment=Yes (With) to Part J1
Added Parameter Mating Alignment=Yes (With) to Part J2
Added Parameter Mating Alignment=Yes (With) to Part J4
Added Parameter Mating Alignment=Yes (With) to Part J5
Added Parameter Mating Alignment=Yes (With) to Part J6
Added Parameter Mating Alignment=Yes (With) to Part J7
Added Parameter Mating Alignment=Yes (With) to Part J8
Added Parameter Mating Alignment=Yes (With) to Part J9
Added Parameter Mating Alignment=Yes (With) to Part J10
Added Parameter Mating Retention=Yes (With) to Part J1
Added Parameter Mating Retention=Yes (With) to Part J2
Added Parameter Mating Retention=Yes (With) to Part J4
Added Parameter Mating Retention=Yes (With) to Part J5
Added Parameter Mating Retention=Yes (With) to Part J6
Added Parameter Mating Retention=Yes (With) to Part J7
Added Parameter Mating Retention=Yes (With) to Part J8
Added Parameter Mating Retention=Yes (With) to Part J9
Added Parameter Mating Retention=Yes (With) to Part J10
Added Parameter Max Operating Temperature=221°C to Part J1
Added Parameter Max Operating Temperature=221°C to Part J2
Added Parameter Max Operating Temperature=221°C to Part J4
Added Parameter Max Operating Temperature=221°C to Part J5
Added Parameter Max Operating Temperature=221°C to Part J6
Added Parameter Max Operating Temperature=221°C to Part J7
Added Parameter Max Operating Temperature=221°C to Part J8
Added Parameter Max Operating Temperature=221°C to Part J9
Added Parameter Max Operating Temperature=221°C to Part J10
Added Parameter Max Voltage Rating (AC)=600V to Part J1
Added Parameter Max Voltage Rating (AC)=600V to Part J2
Added Parameter Max Voltage Rating (AC)=600V to Part J4
Added Parameter Max Voltage Rating (AC)=600V to Part J5
Added Parameter Max Voltage Rating (AC)=600V to Part J6
Added Parameter Max Voltage Rating (AC)=600V to Part J7
Added Parameter Max Voltage Rating (AC)=600V to Part J8
Added Parameter Max Voltage Rating (AC)=600V to Part J9
Added Parameter Max Voltage Rating (AC)=600V to Part J10
Added Parameter Min Operating Temperature=-67°C to Part J1
Added Parameter Min Operating Temperature=-67°C to Part J2
Added Parameter Min Operating Temperature=-67°C to Part J4
Added Parameter Min Operating Temperature=-67°C to Part J5
Added Parameter Min Operating Temperature=-67°C to Part J6
Added Parameter Min Operating Temperature=-67°C to Part J7
Added Parameter Min Operating Temperature=-67°C to Part J8
Added Parameter Min Operating Temperature=-67°C to Part J9
Added Parameter Min Operating Temperature=-67°C to Part J10
Added Parameter Mount=Through Hole to Part J1
Added Parameter Mount=Through Hole to Part J2
Added Parameter Mount=Through Hole to Part J4
Added Parameter Mount=Through Hole to Part J5
Added Parameter Mount=Through Hole to Part J6
Added Parameter Mount=Through Hole to Part J7
Added Parameter Mount=Through Hole to Part J8
Added Parameter Mount=Through Hole to Part J9
Added Parameter Mount=Through Hole to Part J10
Added Parameter Number of Circuits=2 to Part J1
Added Parameter Number of Circuits=2 to Part J2
Added Parameter Number of Circuits=2 to Part J4
Added Parameter Number of Circuits=2 to Part J5
Added Parameter Number of Circuits=2 to Part J6
Added Parameter Number of Circuits=2 to Part J7
Added Parameter Number of Circuits=2 to Part J8
Added Parameter Number of Circuits=2 to Part J9
Added Parameter Number of Circuits=2 to Part J10
Added Parameter Number of Contacts=2 to Part J1
Added Parameter Number of Contacts=2 to Part J2
Added Parameter Number of Contacts=2 to Part J4
Added Parameter Number of Contacts=2 to Part J5
Added Parameter Number of Contacts=2 to Part J6
Added Parameter Number of Contacts=2 to Part J7
Added Parameter Number of Contacts=2 to Part J8
Added Parameter Number of Contacts=2 to Part J9
Added Parameter Number of Contacts=2 to Part J10
Added Parameter Number of Ports=1 to Part J1
Added Parameter Number of Ports=1 to Part J2
Added Parameter Number of Ports=1 to Part J4
Added Parameter Number of Ports=1 to Part J5
Added Parameter Number of Ports=1 to Part J6
Added Parameter Number of Ports=1 to Part J7
Added Parameter Number of Ports=1 to Part J8
Added Parameter Number of Ports=1 to Part J9
Added Parameter Number of Ports=1 to Part J10
Added Parameter Number of Positions=2 to Part J1
Added Parameter Number of Positions=2 to Part J2
Added Parameter Number of Positions=2 to Part J4
Added Parameter Number of Positions=2 to Part J5
Added Parameter Number of Positions=2 to Part J6
Added Parameter Number of Positions=2 to Part J7
Added Parameter Number of Positions=2 to Part J8
Added Parameter Number of Positions=2 to Part J9
Added Parameter Number of Positions=2 to Part J10
Added Parameter Number of Power Positions=2 to Part J1
Added Parameter Number of Power Positions=2 to Part J2
Added Parameter Number of Power Positions=2 to Part J4
Added Parameter Number of Power Positions=2 to Part J5
Added Parameter Number of Power Positions=2 to Part J6
Added Parameter Number of Power Positions=2 to Part J7
Added Parameter Number of Power Positions=2 to Part J8
Added Parameter Number of Power Positions=2 to Part J9
Added Parameter Number of Power Positions=2 to Part J10
Added Parameter Number of Rows=1 to Part J1
Added Parameter Number of Rows=1 to Part J2
Added Parameter Number of Rows=1 to Part J4
Added Parameter Number of Rows=1 to Part J5
Added Parameter Number of Rows=1 to Part J6
Added Parameter Number of Rows=1 to Part J7
Added Parameter Number of Rows=1 to Part J8
Added Parameter Number of Rows=1 to Part J9
Added Parameter Number of Rows=1 to Part J10
Added Parameter Number of Terminals=2 to Part J1
Added Parameter Number of Terminals=2 to Part J2
Added Parameter Number of Terminals=2 to Part J4
Added Parameter Number of Terminals=2 to Part J5
Added Parameter Number of Terminals=2 to Part J6
Added Parameter Number of Terminals=2 to Part J7
Added Parameter Number of Terminals=2 to Part J8
Added Parameter Number of Terminals=2 to Part J9
Added Parameter Number of Terminals=2 to Part J10
Added Parameter Orientation=Straight to Part J1
Added Parameter Orientation=Straight to Part J2
Added Parameter Orientation=Straight to Part J4
Added Parameter Orientation=Straight to Part J5
Added Parameter Orientation=Straight to Part J6
Added Parameter Orientation=Straight to Part J7
Added Parameter Orientation=Straight to Part J8
Added Parameter Orientation=Straight to Part J9
Added Parameter Orientation=Straight to Part J10
Added Parameter Package Quantity=200 to Part J1
Added Parameter Package Quantity=200 to Part J2
Added Parameter Package Quantity=200 to Part J4
Added Parameter Package Quantity=200 to Part J5
Added Parameter Package Quantity=200 to Part J6
Added Parameter Package Quantity=200 to Part J7
Added Parameter Package Quantity=200 to Part J8
Added Parameter Package Quantity=200 to Part J9
Added Parameter Package Quantity=200 to Part J10
Added Parameter Packaging=Bag to Part J1
Added Parameter Packaging=Bag to Part J2
Added Parameter Packaging=Bag to Part J4
Added Parameter Packaging=Bag to Part J5
Added Parameter Packaging=Bag to Part J6
Added Parameter Packaging=Bag to Part J7
Added Parameter Packaging=Bag to Part J8
Added Parameter Packaging=Bag to Part J9
Added Parameter Packaging=Bag to Part J10
Added Parameter PCB Mount Alignment=No (Without) to Part J1
Added Parameter PCB Mount Alignment=No (Without) to Part J2
Added Parameter PCB Mount Alignment=No (Without) to Part J4
Added Parameter PCB Mount Alignment=No (Without) to Part J5
Added Parameter PCB Mount Alignment=No (Without) to Part J6
Added Parameter PCB Mount Alignment=No (Without) to Part J7
Added Parameter PCB Mount Alignment=No (Without) to Part J8
Added Parameter PCB Mount Alignment=No (Without) to Part J9
Added Parameter PCB Mount Alignment=No (Without) to Part J10
Added Parameter PCB Mounting Orientation=Vertical to Part J1
Added Parameter PCB Mounting Orientation=Vertical to Part J2
Added Parameter PCB Mounting Orientation=Vertical to Part J4
Added Parameter PCB Mounting Orientation=Vertical to Part J5
Added Parameter PCB Mounting Orientation=Vertical to Part J6
Added Parameter PCB Mounting Orientation=Vertical to Part J7
Added Parameter PCB Mounting Orientation=Vertical to Part J8
Added Parameter PCB Mounting Orientation=Vertical to Part J9
Added Parameter PCB Mounting Orientation=Vertical to Part J10
Added Parameter PCB Mount Retention=With to Part J1
Added Parameter PCB Mount Retention=With to Part J2
Added Parameter PCB Mount Retention=With to Part J4
Added Parameter PCB Mount Retention=With to Part J5
Added Parameter PCB Mount Retention=With to Part J6
Added Parameter PCB Mount Retention=With to Part J7
Added Parameter PCB Mount Retention=With to Part J8
Added Parameter PCB Mount Retention=With to Part J9
Added Parameter PCB Mount Retention=With to Part J10
Added Parameter PCB Thickness=0.062mm to Part J1
Added Parameter PCB Thickness=0.062mm to Part J2
Added Parameter PCB Thickness=0.062mm to Part J4
Added Parameter PCB Thickness=0.062mm to Part J5
Added Parameter PCB Thickness=0.062mm to Part J6
Added Parameter PCB Thickness=0.062mm to Part J7
Added Parameter PCB Thickness=0.062mm to Part J8
Added Parameter PCB Thickness=0.062mm to Part J9
Added Parameter PCB Thickness=0.062mm to Part J10
Added Parameter Pitch=0.162inch to Part J1
Added Parameter Pitch=0.162inch to Part J2
Added Parameter Pitch=0.162inch to Part J4
Added Parameter Pitch=0.162inch to Part J5
Added Parameter Pitch=0.162inch to Part J6
Added Parameter Pitch=0.162inch to Part J7
Added Parameter Pitch=0.162inch to Part J8
Added Parameter Pitch=0.162inch to Part J9
Added Parameter Pitch=0.162inch to Part J10
Added Parameter Plating Thickness=150um to Part J1
Added Parameter Plating Thickness=150um to Part J2
Added Parameter Plating Thickness=150um to Part J4
Added Parameter Plating Thickness=150um to Part J5
Added Parameter Plating Thickness=150um to Part J6
Added Parameter Plating Thickness=150um to Part J7
Added Parameter Plating Thickness=150um to Part J8
Added Parameter Plating Thickness=150um to Part J9
Added Parameter Plating Thickness=150um to Part J10
Added Parameter Radiation Hardening=No to Part J1
Added Parameter Radiation Hardening=No to Part J2
Added Parameter Radiation Hardening=No to Part J4
Added Parameter Radiation Hardening=No to Part J5
Added Parameter Radiation Hardening=No to Part J6
Added Parameter Radiation Hardening=No to Part J7
Added Parameter Radiation Hardening=No to Part J8
Added Parameter Radiation Hardening=No to Part J9
Added Parameter Radiation Hardening=No to Part J10
Added Parameter REACH SVHC=Unknown to Part J1
Added Parameter REACH SVHC=Unknown to Part J2
Added Parameter REACH SVHC=Unknown to Part J4
Added Parameter REACH SVHC=Unknown to Part J5
Added Parameter REACH SVHC=Unknown to Part J6
Added Parameter REACH SVHC=Unknown to Part J7
Added Parameter REACH SVHC=Unknown to Part J8
Added Parameter REACH SVHC=Unknown to Part J9
Added Parameter REACH SVHC=Unknown to Part J10
Added Parameter Sealable=No (Without) to Part J1
Added Parameter Sealable=No (Without) to Part J2
Added Parameter Sealable=No (Without) to Part J4
Added Parameter Sealable=No (Without) to Part J5
Added Parameter Sealable=No (Without) to Part J6
Added Parameter Sealable=No (Without) to Part J7
Added Parameter Sealable=No (Without) to Part J8
Added Parameter Sealable=No (Without) to Part J9
Added Parameter Sealable=No (Without) to Part J10
Added Parameter Strain Relief=No (Without) to Part J1
Added Parameter Strain Relief=No (Without) to Part J2
Added Parameter Strain Relief=No (Without) to Part J4
Added Parameter Strain Relief=No (Without) to Part J5
Added Parameter Strain Relief=No (Without) to Part J6
Added Parameter Strain Relief=No (Without) to Part J7
Added Parameter Strain Relief=No (Without) to Part J8
Added Parameter Strain Relief=No (Without) to Part J9
Added Parameter Strain Relief=No (Without) to Part J10
Added Parameter Supplier 1=Digi-Key to Part J1
Added Parameter Supplier 1=Digi-Key to Part J2
Added Parameter Supplier 1=Digi-Key to Part J4
Added Parameter Supplier 1=Digi-Key to Part J5
Added Parameter Supplier 1=Digi-Key to Part J6
Added Parameter Supplier 1=Digi-Key to Part J7
Added Parameter Supplier 1=Digi-Key to Part J8
Added Parameter Supplier 1=Digi-Key to Part J9
Added Parameter Supplier 1=Digi-Key to Part J10
Added Parameter Supplier Part Number 1=A32449-ND to Part J1
Added Parameter Supplier Part Number 1=A32449-ND to Part J2
Added Parameter Supplier Part Number 1=A32449-ND to Part J4
Added Parameter Supplier Part Number 1=A32449-ND to Part J5
Added Parameter Supplier Part Number 1=A32449-ND to Part J6
Added Parameter Supplier Part Number 1=A32449-ND to Part J7
Added Parameter Supplier Part Number 1=A32449-ND to Part J8
Added Parameter Supplier Part Number 1=A32449-ND to Part J9
Added Parameter Supplier Part Number 1=A32449-ND to Part J10
Added Parameter Termination=Solder to Part J1
Added Parameter Termination=Solder to Part J2
Added Parameter Termination=Solder to Part J4
Added Parameter Termination=Solder to Part J5
Added Parameter Termination=Solder to Part J6
Added Parameter Termination=Solder to Part J7
Added Parameter Termination=Solder to Part J8
Added Parameter Termination=Solder to Part J9
Added Parameter Termination=Solder to Part J10
Added Parameter VDE Tested=Yes to Part J1
Added Parameter VDE Tested=Yes to Part J2
Added Parameter VDE Tested=Yes to Part J4
Added Parameter VDE Tested=Yes to Part J5
Added Parameter VDE Tested=Yes to Part J6
Added Parameter VDE Tested=Yes to Part J7
Added Parameter VDE Tested=Yes to Part J8
Added Parameter VDE Tested=Yes to Part J9
Added Parameter VDE Tested=Yes to Part J10
Added Parameter Voltage Rating=600V to Part J1
Added Parameter Voltage Rating=600V to Part J2
Added Parameter Voltage Rating=600V to Part J4
Added Parameter Voltage Rating=600V to Part J5
Added Parameter Voltage Rating=600V to Part J6
Added Parameter Voltage Rating=600V to Part J7
Added Parameter Voltage Rating=600V to Part J8
Added Parameter Voltage Rating=600V to Part J9
Added Parameter Voltage Rating=600V to Part J10
Added Parameter Width=9.83mm to Part J1
Added Parameter Width=9.83mm to Part J2
Added Parameter Width=9.83mm to Part J4
Added Parameter Width=9.83mm to Part J5
Added Parameter Width=9.83mm to Part J6
Added Parameter Width=9.83mm to Part J7
Added Parameter Width=9.83mm to Part J8
Added Parameter Width=9.83mm to Part J9
Added Parameter Width=9.83mm to Part J10
Replace Symbol from J1 1-770872-0 in C:\git\AERO_2019-2020\HV PDU\HV PDU.SchDoc with 1-770872-0 from AERO Parts.IntLib
Replace Symbol from J2 1-770872-0 in C:\git\AERO_2019-2020\HV PDU\HV PDU.SchDoc with 1-770872-0 from AERO Parts.IntLib
Replace Symbol from J4 1-770872-0 in C:\git\AERO_2019-2020\HV PDU\HV PDU.SchDoc with 1-770872-0 from AERO Parts.IntLib
Replace Symbol from J5 1-770872-0 in C:\git\AERO_2019-2020\HV PDU\HV PDU.SchDoc with 1-770872-0 from AERO Parts.IntLib
Replace Symbol from J6 1-770872-0 in C:\git\AERO_2019-2020\HV PDU\HV PDU.SchDoc with 1-770872-0 from AERO Parts.IntLib
Replace Symbol from J7 1-770872-0 in C:\git\AERO_2019-2020\HV PDU\HV PDU.SchDoc with 1-770872-0 from AERO Parts.IntLib
Replace Symbol from J8 1-770872-0 in C:\git\AERO_2019-2020\HV PDU\HV PDU.SchDoc with 1-770872-0 from AERO Parts.IntLib
Replace Symbol from J9 1-770872-0 in C:\git\AERO_2019-2020\HV PDU\HV PDU.SchDoc with 1-770872-0 from AERO Parts.IntLib
Replace Symbol from J10 1-770872-0 in C:\git\AERO_2019-2020\HV PDU\HV PDU.SchDoc with 1-770872-0 from AERO Parts.IntLib
