Removed Pin From Net: NetName=SHDN_FUSED Pin=K1-1
Removed Pin From Net: NetName=HV_DIS_RLY Pin=K1-2
Removed Pin From Net: NetName=HV_DIS_F Pin=K1-4
Removed Pin From Net: NetName=GND Pin=K1-5
Removed Member From Class: ClassName=MTG Member=RLY_MTG
Change Component Footprint: Designator=K1 Old Footprint=Omron_G2RL-14-DC12_0 New Footprint=RY553012
Change Component Comment : Designator=K1 Old Comment=G2RL-14-DC12 New Comment=1393225-5
Change component parameters: Designator = "K1" ("K1"); Footprint = "Omron_G2RL-14-DC12_0"; UniqueID = "\XRCIUASQ" ("\XRCIUASQ")
Change component parameters (AddParameter): Name = "Category"; Value = "Power Relays"; VariantName = "[No Variations]"
Change component parameters (AddParameter): Name = "Coil Current"; Value = "19.2mA"; VariantName = "[No Variations]"
Change component parameters (AddParameter): Name = "Coil Power"; Value = "300mW"; VariantName = "[No Variations]"
Change component parameters (AddParameter): Name = "Coil Resistance"; Value = "627R"; VariantName = "[No Variations]"
Change component parameters (AddParameter): Name = "Coil Type"; Value = "Non-Latching"; VariantName = "[No Variations]"
Change component parameters (AddParameter): Name = "Coil Voltage (DC)"; Value = "12V"; VariantName = "[No Variations]"
Change component parameters (AddParameter): Name = "Contact Current Rating"; Value = "8A"; VariantName = "[No Variations]"
Change component parameters (AddParameter): Name = "Contact Material"; Value = "Tin,Silver"; VariantName = "[No Variations]"
Change component parameters (AddParameter): Name = "Contact Voltage Rating (AC)"; Value = "250V"; VariantName = "[No Variations]"
Change component parameters (AddParameter): Name = "Depth"; Value = "10.1mm"; VariantName = "[No Variations]"
Change component parameters (AddParameter): Name = "Dropout Voltage"; Value = "1.2V"; VariantName = "[No Variations]"
Change component parameters (AddParameter): Name = "ELV"; Value = "Compliant"; VariantName = "[No Variations]"
Change component parameters (AddParameter): Name = "Height"; Value = "0.484inch"; VariantName = "[No Variations]"
Change component parameters (AddParameter): Name = "Lead Free"; Value = "Lead Free"; VariantName = "[No Variations]"
Change component parameters (AddParameter): Name = "Length"; Value = "1.122inch"; VariantName = "[No Variations]"
Change component parameters (AddParameter): Name = "Manufacturer"; Value = "TE Connectivity"; VariantName = "[No Variations]"
Change component parameters (AddParameter): Name = "Manufacturer Part Number"; Value = "1393225-5"; VariantName = "[No Variations]"
Change component parameters (AddParameter): Name = "Max Operating Temperature"; Value = "70°C"; VariantName = "[No Variations]"
Change component parameters (AddParameter): Name = "Min Operating Temperature"; Value = "-40°C"; VariantName = "[No Variations]"
Change component parameters (AddParameter): Name = "Mount"; Value = "Through Hole"; VariantName = "[No Variations]"
Change component parameters (AddParameter): Name = "Number of Pins"; Value = "4"; VariantName = "[No Variations]"
Change component parameters (AddParameter): Name = "Operate Time"; Value = "9ms"; VariantName = "[No Variations]"
Change component parameters (AddParameter): Name = "Package Quantity"; Value = "20"; VariantName = "[No Variations]"
Change component parameters (AddParameter): Name = "Packaging"; Value = "Rail/Tube"; VariantName = "[No Variations]"
Change component parameters (AddParameter): Name = "Power Consumption"; Value = "230mW"; VariantName = "[No Variations]"
Change component parameters (AddParameter): Name = "Relay Type"; Value = "General Purpose"; VariantName = "[No Variations]"
Change component parameters (AddParameter): Name = "Release Time"; Value = "5ms"; VariantName = "[No Variations]"
Change component parameters (AddParameter): Name = "Supplier 1"; Value = "Digi-Key"; VariantName = "[No Variations]"
Change component parameters (AddParameter): Name = "Supplier Part Number 1"; Value = "PB2762-ND"; VariantName = "[No Variations]"
Change component parameters (AddParameter): Name = "Termination"; Value = "PCB"; VariantName = "[No Variations]"
Change component parameters (AddParameter): Name = "Throw Configuration"; Value = "SPST"; VariantName = "[No Variations]"
Change component parameters (AddParameter): Name = "Voltage Rating (AC)"; Value = "400V"; VariantName = "[No Variations]"
Change component parameters (AddParameter): Name = "Weight"; Value = "0.282oz"; VariantName = "[No Variations]"
Change component parameters (AddParameter): Name = "Width"; Value = "10.1mm"; VariantName = "[No Variations]"
Added Pin To Net: NetName=HV_DIS_F Pin=K1-11
Added Pin To Net: NetName=HV_DIS_RLY Pin=K1-14
Added Pin To Net: NetName=SHDN_FUSED Pin=K1-A1
Added Pin To Net: NetName=GND Pin=K1-A2
