Replace Part C24 cap in C:\git\AERO_2019-2020\BSPD-2019-2020\IO and Connectors.SchDoc with cap from Passive Components.DbLib
Replace Part C25 cap in C:\git\AERO_2019-2020\BSPD-2019-2020\IO and Connectors.SchDoc with cap from Passive Components.DbLib
Replace Part C26 cap in C:\git\AERO_2019-2020\BSPD-2019-2020\IO and Connectors.SchDoc with cap from Passive Components.DbLib
Replace Part C27 cap in C:\git\AERO_2019-2020\BSPD-2019-2020\IO and Connectors.SchDoc with cap from Passive Components.DbLib
Update Managed Component D8 From CMP-2000-05191-1[SP0503BAHTG] To CMP-2000-05191-1[SP0503BAHTG] in IO and Connectors.SchDoc
Update Managed Component D9 From CMP-2000-05191-1[SP0503BAHTG] To CMP-2000-05191-1[SP0503BAHTG] in IO and Connectors.SchDoc
Replace Part J1 1-770872-0 in C:\git\AERO_2019-2020\BSPD-2019-2020\IO and Connectors.SchDoc with 1-770872-0 from bspd parts.SchLib
Replace Part J2 B8B-PH-K-S(LF)(SN) in C:\git\AERO_2019-2020\BSPD-2019-2020\IO and Connectors.SchDoc with B8B-PH-K-S(LF)(SN) from bspd parts.SchLib
Replace Part J3 B4B-XH-A(LF)(SN) in C:\git\AERO_2019-2020\BSPD-2019-2020\IO and Connectors.SchDoc with B4B-XH-A(LF)(SN) from bspd parts.SchLib
Replace Part J4 1217861-1 in C:\git\AERO_2019-2020\BSPD-2019-2020\IO and Connectors.SchDoc with 1217861-1 from bspd parts.SchLib
Replace Part JP1 A08KR08KR26E152B in C:\git\AERO_2019-2020\BSPD-2019-2020\IO and Connectors.SchDoc with A08KR08KR26E152B from bspd parts.SchLib
Replace Part MTG1 MTG in C:\git\AERO_2019-2020\BSPD-2019-2020\IO and Connectors.SchDoc with MTG from Hardware.DbLib
Replace Part MTG2 MTG in C:\git\AERO_2019-2020\BSPD-2019-2020\IO and Connectors.SchDoc with MTG from Hardware.DbLib
Replace Part MTG3 MTG in C:\git\AERO_2019-2020\BSPD-2019-2020\IO and Connectors.SchDoc with MTG from Hardware.DbLib
Replace Part MTG4 MTG in C:\git\AERO_2019-2020\BSPD-2019-2020\IO and Connectors.SchDoc with MTG from Hardware.DbLib
Replace Part P1 172165-1 in C:\git\AERO_2019-2020\BSPD-2019-2020\IO and Connectors.SchDoc with 172165-1 from bspd parts.SchLib
Replace Part P2 PHR-4 in C:\git\AERO_2019-2020\BSPD-2019-2020\IO and Connectors.SchDoc with PHR-4 from bspd parts.SchLib
Replace Part P3 2-520183-2 in C:\git\AERO_2019-2020\BSPD-2019-2020\IO and Connectors.SchDoc with 2-520183-2 from bspd parts.SchLib
Replace Part PIN1 SXH-001T-P0.6 in C:\git\AERO_2019-2020\BSPD-2019-2020\IO and Connectors.SchDoc with SXH-001T-P0.6 from bspd parts.SchLib
Replace Part PIN2 SXH-001T-P0.6 in C:\git\AERO_2019-2020\BSPD-2019-2020\IO and Connectors.SchDoc with SXH-001T-P0.6 from bspd parts.SchLib
Replace Part PIN3 770904-1 in C:\git\AERO_2019-2020\BSPD-2019-2020\IO and Connectors.SchDoc with 770904-1 from bspd parts.SchLib
Replace Part PIN4 SXH-001T-P0.6 in C:\git\AERO_2019-2020\BSPD-2019-2020\IO and Connectors.SchDoc with SXH-001T-P0.6 from bspd parts.SchLib
Replace Part PIN5 770904-1 in C:\git\AERO_2019-2020\BSPD-2019-2020\IO and Connectors.SchDoc with 770904-1 from bspd parts.SchLib
Replace Part PIN6 SXH-001T-P0.6 in C:\git\AERO_2019-2020\BSPD-2019-2020\IO and Connectors.SchDoc with SXH-001T-P0.6 from bspd parts.SchLib
Replace Part R32 res in C:\git\AERO_2019-2020\BSPD-2019-2020\IO and Connectors.SchDoc with res from Passive Components.DbLib
Replace Part R33 res in C:\git\AERO_2019-2020\BSPD-2019-2020\IO and Connectors.SchDoc with res from Passive Components.DbLib
Update Managed Component R34 From CMP-2001-01491-1[RT0805BRE071ML] To CMP-2001-01491-1[RT0805BRE071ML] in IO and Connectors.SchDoc
Replace Part R? res in C:\git\AERO_2019-2020\BSPD-2019-2020\IO and Connectors.SchDoc with res from Passive Components.DbLib
Replace Part R? res in C:\git\AERO_2019-2020\BSPD-2019-2020\IO and Connectors.SchDoc with res from Passive Components.DbLib
Replace Part U10 ADUM3190SRQZ-RL7 in C:\git\AERO_2019-2020\BSPD-2019-2020\IO and Connectors.SchDoc with ADUM3190SRQZ-RL7 from bspd parts.SchLib
Replace Part U11 LTV-817S-TA1 in C:\git\AERO_2019-2020\BSPD-2019-2020\IO and Connectors.SchDoc with LTV-817S-TA1 from bspd parts.SchLib
