Removed Pin From Net: NetName=GLV+ Pin=D1-1
Removed Pin From Net: NetName=GND Pin=J2-2
Removed Pin From Net: NetName=GLV+ Pin=J3-2
Added Component: Designator=F1(1206_FUSE_40H)
Add component (AddParameter): Name = "ComponentLink1Description"; Value = "Manufacturer Website"; VariantName = "[No Variations]"
Add component (AddParameter): Name = "ComponentLink1URL"; Value = "http://www.te.com.com"; VariantName = "[No Variations]"
Add component (AddParameter): Name = "ComponentLink2Description"; Value = "Component Datasheet"; VariantName = "[No Variations]"
Add component (AddParameter): Name = "ComponentLink2URL"; Value = "http://www.te.com/commerce/DocumentDelivery/DDEController?Action=showdoc&DocId=Catalog+Section%7FSURFACE-MOUNT%7FA1%7Fpdf%7FEnglish%7FENG_CS_SURFACE-MOUNT_A1.pdf%7FRF1411-000"; VariantName = "[No Variations]"
Add component (AddParameter): Name = "ComponentLink3Description"; Value = "Octopart Link"; VariantName = "[No Variations]"
Add component (AddParameter): Name = "ComponentLink3URL"; Value = "http://octopart.com/partsearch/#search/requestData&q=NANOSMDC050F/13.2-2"; VariantName = "[No Variations]"
Add component (AddParameter): Name = "Description in Visual"; Value = "Fuse Resettable SMT 610mA 13.2VDC 1206"; VariantName = "[No Variations]"
Add component (AddParameter): Name = "Hold Current (mA)"; Value = "610"; VariantName = "[No Variations]"
Add component (AddParameter): Name = "Manufacturer"; Value = "Tyco"; VariantName = "[No Variations]"
Add component (AddParameter): Name = "Manufacturer P/N"; Value = "NANOSMDC050F/13.2-2"; VariantName = "[No Variations]"
Add component (AddParameter): Name = "Max Current (A)"; Value = "100"; VariantName = "[No Variations]"
Add component (AddParameter): Name = "Max Voltage (V)"; Value = "13.2"; VariantName = "[No Variations]"
Add component (AddParameter): Name = "P/N"; Value = "NANOSMDC050F/13.2-2"; VariantName = "[No Variations]"
Add component (AddParameter): Name = "PCB Package"; Value = "1206"; VariantName = "[No Variations]"
Add component (AddParameter): Name = "Resistance (max) (Ohms)"; Value = "0.8"; VariantName = "[No Variations]"
Add component (AddParameter): Name = "Resistance (min) (Ohms)"; Value = "0.2"; VariantName = "[No Variations]"
Add component (AddParameter): Name = "Time to Trip (sec)"; Value = "0.1"; VariantName = "[No Variations]"
Add component (AddParameter): Name = "Trip Current (mA)"; Value = "1240"; VariantName = "[No Variations]"
Added Component: Designator=F2(1206_FUSE_40H)
Add component (AddParameter): Name = "ComponentLink1Description"; Value = "Manufacturer Website"; VariantName = "[No Variations]"
Add component (AddParameter): Name = "ComponentLink1URL"; Value = "http://www.te.com.com"; VariantName = "[No Variations]"
Add component (AddParameter): Name = "ComponentLink2Description"; Value = "Component Datasheet"; VariantName = "[No Variations]"
Add component (AddParameter): Name = "ComponentLink2URL"; Value = "http://www.te.com/commerce/DocumentDelivery/DDEController?Action=showdoc&DocId=Catalog+Section%7FSURFACE-MOUNT%7FA1%7Fpdf%7FEnglish%7FENG_CS_SURFACE-MOUNT_A1.pdf%7FRF1411-000"; VariantName = "[No Variations]"
Add component (AddParameter): Name = "ComponentLink3Description"; Value = "Octopart Link"; VariantName = "[No Variations]"
Add component (AddParameter): Name = "ComponentLink3URL"; Value = "http://octopart.com/partsearch/#search/requestData&q=NANOSMDC050F/13.2-2"; VariantName = "[No Variations]"
Add component (AddParameter): Name = "Description in Visual"; Value = "Fuse Resettable SMT 610mA 13.2VDC 1206"; VariantName = "[No Variations]"
Add component (AddParameter): Name = "Hold Current (mA)"; Value = "610"; VariantName = "[No Variations]"
Add component (AddParameter): Name = "Manufacturer"; Value = "Tyco"; VariantName = "[No Variations]"
Add component (AddParameter): Name = "Manufacturer P/N"; Value = "NANOSMDC050F/13.2-2"; VariantName = "[No Variations]"
Add component (AddParameter): Name = "Max Current (A)"; Value = "100"; VariantName = "[No Variations]"
Add component (AddParameter): Name = "Max Voltage (V)"; Value = "13.2"; VariantName = "[No Variations]"
Add component (AddParameter): Name = "P/N"; Value = "NANOSMDC050F/13.2-2"; VariantName = "[No Variations]"
Add component (AddParameter): Name = "PCB Package"; Value = "1206"; VariantName = "[No Variations]"
Add component (AddParameter): Name = "Resistance (max) (Ohms)"; Value = "0.8"; VariantName = "[No Variations]"
Add component (AddParameter): Name = "Resistance (min) (Ohms)"; Value = "0.2"; VariantName = "[No Variations]"
Add component (AddParameter): Name = "Time to Trip (sec)"; Value = "0.1"; VariantName = "[No Variations]"
Add component (AddParameter): Name = "Trip Current (mA)"; Value = "1240"; VariantName = "[No Variations]"
Added Component: Designator=J9(B4B-PH-K)
Add component (AddParameter): Name = "Datasheet URL"; Value = "http://datasheet.octopart.com/B4B-PH-K-S%28LF%29%28SN%29-JST-datasheet-10558886.pdf"; VariantName = "[No Variations]"
Add component (AddParameter): Name = "Datasheet Version"; Value = "Apr-09"; VariantName = "[No Variations]"
Add component (AddParameter): Name = "Manufacturer"; Value = "JST"; VariantName = "[No Variations]"
Add component (AddParameter): Name = "Manufacturer URL"; Value = "http://www.jst.com/home2.html"; VariantName = "[No Variations]"
Add component (AddParameter): Name = "No of Positions"; Value = "4"; VariantName = "[No Variations]"
Add component (AddParameter): Name = "Pitch"; Value = "2mm"; VariantName = "[No Variations]"
Add component (AddParameter): Name = "Style/Orientation"; Value = "StraightHeader/Plug"; VariantName = "[No Variations]"
Add component (AddParameter): Name = "Supplier 1"; Value = "Newark"; VariantName = "[No Variations]"
Add component (AddParameter): Name = "Supplier Part Number 1"; Value = "37K9958"; VariantName = "[No Variations]"
Add component (AddParameter): Name = "Termination"; Value = "Crimp"; VariantName = "[No Variations]"
Add component (AddParameter): Name = "Type"; Value = "ShroudedHeader"; VariantName = "[No Variations]"
Added Component: Designator=J10(JST_Sales_America_Inc._B2B-PH-K-S_LF_SN_0)
Add component (AddParameter): Name = "Category"; Value = "Connectors"; VariantName = "[No Variations]"
Add component (AddParameter): Name = "Color"; Value = "Natural"; VariantName = "[No Variations]"
Add component (AddParameter): Name = "Connector Type"; Value = "Male Pin"; VariantName = "[No Variations]"
Add component (AddParameter): Name = "Contact Material"; Value = "Brass,Tin"; VariantName = "[No Variations]"
Add component (AddParameter): Name = "Contact Mating Length"; Value = "0.13inch"; VariantName = "[No Variations]"
Add component (AddParameter): Name = "Contact Plating"; Value = "Tin,Copper"; VariantName = "[No Variations]"
Add component (AddParameter): Name = "Contact Resistance"; Value = "20mR"; VariantName = "[No Variations]"
Add component (AddParameter): Name = "Current Rating"; Value = "2A"; VariantName = "[No Variations]"
Add component (AddParameter): Name = "Depth"; Value = "4.5mm"; VariantName = "[No Variations]"
Add component (AddParameter): Name = "Fastening Type"; Value = "Detent"; VariantName = "[No Variations]"
Add component (AddParameter): Name = "Gender"; Value = "Male"; VariantName = "[No Variations]"
Add component (AddParameter): Name = "Height"; Value = "9.4mm"; VariantName = "[No Variations]"
Add component (AddParameter): Name = "Housing Color"; Value = "White"; VariantName = "[No Variations]"
Add component (AddParameter): Name = "Housing Material"; Value = "Polyamide"; VariantName = "[No Variations]"
Add component (AddParameter): Name = "Insulation Resistance"; Value = "1MR"; VariantName = "[No Variations]"
Add component (AddParameter): Name = "Lead Free"; Value = "Lead Free"; VariantName = "[No Variations]"
Add component (AddParameter): Name = "Lead Pitch"; Value = "2mm"; VariantName = "[No Variations]"
Add component (AddParameter): Name = "Length"; Value = "5.9mm"; VariantName = "[No Variations]"
Add component (AddParameter): Name = "Manufacturer"; Value = "JST"; VariantName = "[No Variations]"
Add component (AddParameter): Name = "Manufacturer Part Number"; Value = "B2BPHKSLFSN"; VariantName = "[No Variations]"
Add component (AddParameter): Name = "Max Current Rating"; Value = "2A"; VariantName = "[No Variations]"
Add component (AddParameter): Name = "Max Operating Temperature"; Value = "85°C"; VariantName = "[No Variations]"
Add component (AddParameter): Name = "Max Voltage Rating (AC)"; Value = "100V"; VariantName = "[No Variations]"
Add component (AddParameter): Name = "Max Voltage Rating (DC)"; Value = "100V"; VariantName = "[No Variations]"
Add component (AddParameter): Name = "Min Operating Temperature"; Value = "-25°C"; VariantName = "[No Variations]"
Add component (AddParameter): Name = "Mount"; Value = "Through Hole"; VariantName = "[No Variations]"
Add component (AddParameter): Name = "Number of Contacts"; Value = "2"; VariantName = "[No Variations]"
Add component (AddParameter): Name = "Number of Pins"; Value = "2"; VariantName = "[No Variations]"
Add component (AddParameter): Name = "Number of Poles"; Value = "2"; VariantName = "[No Variations]"
Add component (AddParameter): Name = "Number of Positions"; Value = "2"; VariantName = "[No Variations]"
Add component (AddParameter): Name = "Number of Rows"; Value = "1"; VariantName = "[No Variations]"
Add component (AddParameter): Name = "Orientation"; Value = "Straight"; VariantName = "[No Variations]"
Add component (AddParameter): Name = "Packaging"; Value = "Bulk"; VariantName = "[No Variations]"
Add component (AddParameter): Name = "Pitch"; Value = "2mm"; VariantName = "[No Variations]"
Add component (AddParameter): Name = "REACH SVHC"; Value = "No SVHC"; VariantName = "[No Variations]"
Add component (AddParameter): Name = "Supplier 1"; Value = "Newark"; VariantName = "[No Variations]"
Add component (AddParameter): Name = "Supplier 2"; Value = "Digi-Key"; VariantName = "[No Variations]"
Add component (AddParameter): Name = "Supplier Part Number 1"; Value = "37K9940"; VariantName = "[No Variations]"
Add component (AddParameter): Name = "Supplier Part Number 2"; Value = "455-1704-ND"; VariantName = "[No Variations]"
Add component (AddParameter): Name = "Termination"; Value = "Solder"; VariantName = "[No Variations]"
Add component (AddParameter): Name = "Voltage Rating"; Value = "100V"; VariantName = "[No Variations]"
Add component (AddParameter): Name = "Voltage Rating (AC)"; Value = "100V"; VariantName = "[No Variations]"
Add component (AddParameter): Name = "Width"; Value = "4.5mm"; VariantName = "[No Variations]"
Add component (AddParameter): Name = "Working Voltage"; Value = "100V"; VariantName = "[No Variations]"
Added Component: Designator=J11(CON4-1X4_UZ_DF22)
Add component (AddParameter): Name = "Category"; Value = "Headers and Wire Housings"; VariantName = "[No Variations]"
Add component (AddParameter): Name = "Color"; Value = "Beige"; VariantName = "[No Variations]"
Add component (AddParameter): Name = "Connector Type"; Value = "Male Pin"; VariantName = "[No Variations]"
Add component (AddParameter): Name = "Contact Material"; Value = "Copper Alloy"; VariantName = "[No Variations]"
Add component (AddParameter): Name = "Contact Mating Length"; Value = "0.354inch"; VariantName = "[No Variations]"
Add component (AddParameter): Name = "Contact Plating"; Value = "Tin,Lead"; VariantName = "[No Variations]"
Add component (AddParameter): Name = "Contact Resistance"; Value = "5mR"; VariantName = "[No Variations]"
Add component (AddParameter): Name = "Depth"; Value = "12.45mm"; VariantName = "[No Variations]"
Add component (AddParameter): Name = "Gender"; Value = "Male"; VariantName = "[No Variations]"
Add component (AddParameter): Name = "Housing Color"; Value = "Natural"; VariantName = "[No Variations]"
Add component (AddParameter): Name = "Housing Material"; Value = "Polyamide"; VariantName = "[No Variations]"
Add component (AddParameter): Name = "Lead Free"; Value = "Lead Free"; VariantName = "[No Variations]"
Add component (AddParameter): Name = "Length"; Value = "33.06mm"; VariantName = "[No Variations]"
Add component (AddParameter): Name = "Manufacturer"; Value = "Hirose"; VariantName = "[No Variations]"
Add component (AddParameter): Name = "Manufacturer Part Number"; Value = "DF22-4P-7.92DSA(05)"; VariantName = "[No Variations]"
Add component (AddParameter): Name = "Max Operating Temperature"; Value = "85°C"; VariantName = "[No Variations]"
Add component (AddParameter): Name = "Max Voltage Rating (AC)"; Value = "1kV"; VariantName = "[No Variations]"
Add component (AddParameter): Name = "Min Operating Temperature"; Value = "-35°C"; VariantName = "[No Variations]"
Add component (AddParameter): Name = "Mount"; Value = "Through Hole"; VariantName = "[No Variations]"
Add component (AddParameter): Name = "Number of Contacts"; Value = "4"; VariantName = "[No Variations]"
Add component (AddParameter): Name = "Number of Positions"; Value = "4"; VariantName = "[No Variations]"
Add component (AddParameter): Name = "Number of Rows"; Value = "1"; VariantName = "[No Variations]"
Add component (AddParameter): Name = "Orientation"; Value = "Straight"; VariantName = "[No Variations]"
Add component (AddParameter): Name = "Package Quantity"; Value = "100"; VariantName = "[No Variations]"
Add component (AddParameter): Name = "Packaging"; Value = "Bulk"; VariantName = "[No Variations]"
Add component (AddParameter): Name = "Pitch"; Value = "7.92mm"; VariantName = "[No Variations]"
Add component (AddParameter): Name = "Radiation Hardening"; Value = "No"; VariantName = "[No Variations]"
Add component (AddParameter): Name = "REACH SVHC"; Value = "Unknown"; VariantName = "[No Variations]"
Add component (AddParameter): Name = "Supplier 1"; Value = "Mouser"; VariantName = "[No Variations]"
Add component (AddParameter): Name = "Supplier Part Number 1"; Value = "798-DF22-4P7.92DSA05"; VariantName = "[No Variations]"
Add component (AddParameter): Name = "Termination"; Value = "Solder"; VariantName = "[No Variations]"
Add component (AddParameter): Name = "Voltage Rating"; Value = "1kV"; VariantName = "[No Variations]"
Add component (AddParameter): Name = "Voltage Rating (DC)"; Value = "1kV"; VariantName = "[No Variations]"
Added Component: Designator=NT1(20MIL_TIE)
Added Component: Designator=R1(0603_RES)
Add component (AddParameter): Name = "Description in Visual"; Value = "Res SMT 0 0603  5%  0.1W"; VariantName = "[No Variations]"
Add component (AddParameter): Name = "Manufacturer"; Value = "Various"; VariantName = "[No Variations]"
Add component (AddParameter): Name = "Manufacturer P/N"; Value = "Various"; VariantName = "[No Variations]"
Add component (AddParameter): Name = "P/N"; Value = "RES 0603 0 5%"; VariantName = "[No Variations]"
Add component (AddParameter): Name = "PCB Package"; Value = "0603"; VariantName = "[No Variations]"
Add component (AddParameter): Name = "Power_Rating"; Value = "0.1W"; VariantName = "[No Variations]"
Add component (AddParameter): Name = "Tol"; Value = "5%"; VariantName = "[No Variations]"
Add component (AddParameter): Name = "Tolerance"; Value = "5%"; VariantName = "[No Variations]"
Add component (AddParameter): Name = "Val"; Value = "0"; VariantName = "[No Variations]"
Add component (AddParameter): Name = "Value"; Value = "0"; VariantName = "[No Variations]"
Added Pin To Net: NetName=GLV+ Pin=F2-1
Added Pin To Net: NetName=GND Pin=J1-2
Added Pin To Net: NetName=EM_D_P Pin=J4-34
Added Pin To Net: NetName=EM_D_N Pin=J4-35
Added Pin To Net: NetName=GND Pin=J6-2
Added Pin To Net: NetName=GND Pin=J8-2
Added Pin To Net: NetName=GND Pin=J9-1
Added Pin To Net: NetName=GND Pin=J11-2
Added Pin To Net: NetName=GND Pin=NT1-1
Added Pin To Net: NetName=GND Pin=R1-1
Added Pin To Net: NetName=+5_BRAKE Pin=J4-29
Added Pin To Net: NetName=+5_BRAKE Pin=J6-7
Added Net: Name=+5_BRAKE
Added Pin To Net: NetName=+BATT Pin=J1-3
Added Pin To Net: NetName=+BATT Pin=J11-3
Added Net: Name=+BATT
Added Pin To Net: NetName=+EM Pin=D1-2
Added Pin To Net: NetName=+EM Pin=F1-1
Added Pin To Net: NetName=+EM Pin=J4-32
Added Net: Name=+EM
Added Pin To Net: NetName=+GLV Pin=D1-1
Added Pin To Net: NetName=+GLV Pin=J1-1
Added Pin To Net: NetName=+GLV Pin=J6-1
Added Pin To Net: NetName=+GLV Pin=J9-2
Added Pin To Net: NetName=+GLV Pin=J11-1
Added Net: Name=+GLV
Added Pin To Net: NetName=BATT_GND Pin=J1-4
Added Pin To Net: NetName=BATT_GND Pin=J11-4
Added Net: Name=BATT_GND
Added Pin To Net: NetName=BRAKE_IN Pin=J4-30
Added Pin To Net: NetName=BRAKE_IN Pin=J6-6
Added Net: Name=BRAKE_IN
Added Pin To Net: NetName=BRAKE_OUT Pin=J6-3
Added Net: Name=BRAKE_OUT
Added Pin To Net: NetName=BSPD_FAULT Pin=J6-4
Added Net: Name=BSPD_FAULT
Added Pin To Net: NetName=CUR_OUT Pin=J6-5
Added Net: Name=CUR_OUT
Added Pin To Net: NetName=EM_FUSED Pin=F1-2
Added Pin To Net: NetName=EM_FUSED Pin=J2-1
Added Net: Name=EM_FUSED
Added Pin To Net: NetName=GND_BRAKE Pin=J4-31
Added Pin To Net: NetName=GND_BRAKE Pin=J6-8
Added Net: Name=GND_BRAKE
Added Pin To Net: NetName=GND_EM Pin=J2-2
Added Pin To Net: NetName=GND_EM Pin=J4-33
Added Pin To Net: NetName=GND_EM Pin=NT1-2
Added Net: Name=GND_EM
Added Pin To Net: NetName=HECS+ Pin=F2-2
Added Pin To Net: NetName=HECS+ Pin=J3-2
Added Net: Name=HECS+
Added Pin To Net: NetName=NTC_GND Pin=J10-2
Added Pin To Net: NetName=NTC_GND Pin=R1-2
Added Net: Name=NTC_GND
Added Pin To Net: NetName=SHDN_IN Pin=J7-2
Added Net: Name=SHDN_IN
Added Pin To Net: NetName=SHDN_OUT Pin=J7-1
Added Pin To Net: NetName=SHDN_OUT Pin=J8-1
Added Net: Name=SHDN_OUT
Added Pin To Net: NetName=TSAL_GREEN+ Pin=J9-4
Added Net: Name=TSAL_GREEN+
Added Pin To Net: NetName=TSAL_NTC Pin=J10-1
Added Net: Name=TSAL_NTC
Added Pin To Net: NetName=TSAL_RED+ Pin=J9-3
Added Net: Name=TSAL_RED+
Added Member To Class: ClassName=HV Box Connector Board Member=Component F1 610 mA PTC
Added Member To Class: ClassName=HV Box Connector Board Member=Component F2 610 mA PTC
Added Member To Class: ClassName=HV Box Connector Board Member=Component J9 B4B-PH-K-S(LF)(SN)
Added Member To Class: ClassName=HV Box Connector Board Member=Component J10 B2B-PH-K-S(LF)(SN)
Added Member To Class: ClassName=HV Box Connector Board Member=Component J11 DF22-4P-7.92DSA(05)
Added Member To Class: ClassName=HV Box Connector Board Member=Component NT1 NET TIE
Added Member To Class: ClassName=HV Box Connector Board Member=Component R1 RES 0603 0 5%
