Replace Part C1 URS1E222MHD in C:\git\AERO_2019-2020\HV Box Connector Board\HV Box Connector Board.SchDoc with URS1E222MHD from AERO Parts.IntLib
Replace Part C2 URS1E222MHD in C:\git\AERO_2019-2020\HV Box Connector Board\HV Box Connector Board.SchDoc with URS1E222MHD from AERO Parts.IntLib
Update Managed Component D1 From CMP-1667-00003-1[B340A-13-F] To CMP-1667-00003-1[B340A-13-F] in HV Box Connector Board.SchDoc
Update Managed Component D2 From CMP-2000-04993-1[1N4148W-TP] To CMP-2000-04993-1[1N4148W-TP] in HV Box Connector Board.SchDoc
Replace Part F1 fuse in C:\git\AERO_2019-2020\HV Box Connector Board\HV Box Connector Board.SchDoc with fuse from Passive Components.DbLib
Replace Part F2 fuse in C:\git\AERO_2019-2020\HV Box Connector Board\HV Box Connector Board.SchDoc with fuse from Passive Components.DbLib
Replace Part F3 fuse in C:\git\AERO_2019-2020\HV Box Connector Board\HV Box Connector Board.SchDoc with fuse from Passive Components.DbLib
Replace Part F4 0ZCF0200AF2C in C:\git\AERO_2019-2020\HV Box Connector Board\HV Box Connector Board.SchDoc with 0ZCF0200AF2C from AERO Parts.IntLib
Replace Part J1 1217861-1 in C:\git\AERO_2019-2020\HV Box Connector Board\HV Box Connector Board.SchDoc with 1217861-1 from AERO Parts.IntLib
Replace Part J2 1217861-1 in C:\git\AERO_2019-2020\HV Box Connector Board\HV Box Connector Board.SchDoc with 1217861-1 from AERO Parts.IntLib
Replace Part J3 1217861-1 in C:\git\AERO_2019-2020\HV Box Connector Board\HV Box Connector Board.SchDoc with 1217861-1 from AERO Parts.IntLib
Replace Part J4 1217861-1 in C:\git\AERO_2019-2020\HV Box Connector Board\HV Box Connector Board.SchDoc with 1217861-1 from AERO Parts.IntLib
Replace Part J6 B2B-XH-A(LF)(SN) in C:\git\AERO_2019-2020\HV Box Connector Board\HV Box Connector Board.SchDoc with B2B-XH-A(LF)(SN) from AERO Parts.IntLib
Replace Part J7 B5B-XH-A(LF)(SN) in C:\git\AERO_2019-2020\HV Box Connector Board\HV Box Connector Board.SchDoc with B5B-XH-A(LF)(SN) from AERO Parts.IntLib
Replace Part J8 B8B-PH-K-S(LF)(SN) in C:\git\AERO_2019-2020\HV Box Connector Board\HV Box Connector Board.SchDoc with B8B-PH-K-S(LF)(SN) from AERO Parts.IntLib
Replace Part J9 1-776231-1 in C:\git\AERO_2019-2020\HV Box Connector Board\HV Box Connector Board.SchDoc with 1-776231-1 from AERO Parts.IntLib
Replace Part J10 B6B-XH-A(LF)(SN) in C:\git\AERO_2019-2020\HV Box Connector Board\HV Box Connector Board.SchDoc with B6B-XH-A(LF)(SN) from AERO Parts.IntLib
Replace Part J11 B8B-PH-K-S(LF)(SN) in C:\git\AERO_2019-2020\HV Box Connector Board\HV Box Connector Board.SchDoc with B8B-PH-K-S(LF)(SN) from AERO Parts.IntLib
Replace Part J13 1-770872-0 in C:\git\AERO_2019-2020\HV Box Connector Board\HV Box Connector Board.SchDoc with 1-770872-0 from AERO Parts.IntLib
Replace Part J14 DF22-2P-7.92DSA(05) in C:\git\AERO_2019-2020\HV Box Connector Board\HV Box Connector Board.SchDoc with DF22-2P-7.92DSA(05) from AERO Parts.IntLib
Replace Part J15 B2B-PH-K-S(LF)(SN) in C:\git\AERO_2019-2020\HV Box Connector Board\HV Box Connector Board.SchDoc with B2B-PH-K-S(LF)(SN) from AERO Parts.IntLib
Replace Part J16 B2B-PH-K-S(LF)(SN) in C:\git\AERO_2019-2020\HV Box Connector Board\HV Box Connector Board.SchDoc with B2B-PH-K-S(LF)(SN) from AERO Parts.IntLib
Replace Part NT1 NET TIE in C:\git\AERO_2019-2020\HV Box Connector Board\HV Box Connector Board.SchDoc with NET TIE from AERO Parts.IntLib
Replace Part Q1 DMN3404L-7 in C:\git\AERO_2019-2020\HV Box Connector Board\HV Box Connector Board.SchDoc with DMN3404L-7 from AERO Parts.IntLib
Replace Part R1 res in C:\git\AERO_2019-2020\HV Box Connector Board\HV Box Connector Board.SchDoc with res from Passive Components.DbLib
Replace Part R2 res in C:\git\AERO_2019-2020\HV Box Connector Board\HV Box Connector Board.SchDoc with res from Passive Components.DbLib
Replace Part R3 res in C:\git\AERO_2019-2020\HV Box Connector Board\HV Box Connector Board.SchDoc with res from Passive Components.DbLib
Replace Part R4 res in C:\git\AERO_2019-2020\HV Box Connector Board\HV Box Connector Board.SchDoc with res from Passive Components.DbLib
Replace Part R5 res in C:\git\AERO_2019-2020\HV Box Connector Board\HV Box Connector Board.SchDoc with res from Passive Components.DbLib
Replace Part R6 res in C:\git\AERO_2019-2020\HV Box Connector Board\HV Box Connector Board.SchDoc with res from Passive Components.DbLib
