Removed Pin From Net: NetName=BATT_GND Pin=J3-1
Removed Pin From Net: NetName=+BATT Pin=J3-2
Removed Pin From Net: NetName=GND Pin=J3-3
Removed Pin From Net: NetName=+GLV Pin=J3-4
Removed Pin From Net: NetName=CAN_N Pin=J6-1
Removed Pin From Net: NetName=CAN_P Pin=J6-2
Removed Pin From Net: NetName=SHDN_IN Pin=J6-3
Removed Pin From Net: NetName=SHDN_OUT Pin=J6-4
Removed Pin From Net: NetName=TSAL_GREEN+ Pin=J6-5
Removed Pin From Net: NetName=TSAL_RED+ Pin=J6-6
Removed Pin From Net: NetName=GND Pin=J6-7
Removed Pin From Net: NetName=BENDER_OK Pin=J6-8
Removed Pin From Net: NetName=CAN_N Pin=J6-13
Removed Pin From Net: NetName=CAN_P Pin=J6-14
Removed Pin From Net: NetName=HECS2 Pin=J6-17
Removed Pin From Net: NetName=HECS3 Pin=J6-18
Removed Pin From Net: NetName=CHASS Pin=J6-27
Removed Pin From Net: NetName=CHASS Pin=J6-28
Removed Pin From Net: NetName=+5_BRAKE Pin=J6-29
Removed Pin From Net: NetName=BRAKE_IN Pin=J6-30
Removed Pin From Net: NetName=GND_BRAKE Pin=J6-31
Removed Pin From Net: NetName=+EM Pin=J6-32
Removed Pin From Net: NetName=GND_EM Pin=J6-33
Removed Pin From Net: NetName=EM_D_P Pin=J6-34
Removed Pin From Net: NetName=EM_D_N Pin=J6-35
Removed Pin From Net: NetName=CHASS Pin=J8-3
Removed Pin From Net: NetName=CHASS Pin=J8-4
Removed Pin From Net: NetName=GND Pin=NT2-1
Removed Pin From Net: NetName=CHASS Pin=NT2-2
Removed Member From Class: ClassName=HV Box Connector Board Member=J3
Removed Member From Class: ClassName=HV Box Connector Board Member=J6
Removed Member From Class: ClassName=HV Box Connector Board Member=J19
Removed Member From Class: ClassName=HV Box Connector Board Member=NT2
Added Component: Designator=J?(TE_776163-1)
Add component (AddParameter): Name = "Category"; Value = "Headers and Wire Housings"; VariantName = "[No Variations]"
Add component (AddParameter): Name = "Circuit Application"; Value = "Power"; VariantName = "[No Variations]"
Add component (AddParameter): Name = "Color"; Value = "Black"; VariantName = "[No Variations]"
Add component (AddParameter): Name = "Connector System"; Value = "Wire-to-Device"; VariantName = "[No Variations]"
Add component (AddParameter): Name = "Connector Type"; Value = "Male Pin"; VariantName = "[No Variations]"
Add component (AddParameter): Name = "Contact Material"; Value = "Brass"; VariantName = "[No Variations]"
Add component (AddParameter): Name = "Contact Plating"; Value = "Tin"; VariantName = "[No Variations]"
Add component (AddParameter): Name = "Current Rating"; Value = "17A"; VariantName = "[No Variations]"
Add component (AddParameter): Name = "Depth"; Value = "37.9mm"; VariantName = "[No Variations]"
Add component (AddParameter): Name = "ELV"; Value = "Compliant"; VariantName = "[No Variations]"
Add component (AddParameter): Name = "Fastening Type"; Value = "Ramp"; VariantName = "[No Variations]"
Add component (AddParameter): Name = "Flammability Rating"; Value = "UL94 V-0"; VariantName = "[No Variations]"
Add component (AddParameter): Name = "Gender"; Value = "Male"; VariantName = "[No Variations]"
Add component (AddParameter): Name = "Height"; Value = "32.1mm"; VariantName = "[No Variations]"
Add component (AddParameter): Name = "Housing Material"; Value = "Thermoplastic"; VariantName = "[No Variations]"
Add component (AddParameter): Name = "Insulation"; Value = "Insulated"; VariantName = "[No Variations]"
Add component (AddParameter): Name = "Lead Free"; Value = "Lead Free"; VariantName = "[No Variations]"
Add component (AddParameter): Name = "Length"; Value = "3.03inch"; VariantName = "[No Variations]"
Add component (AddParameter): Name = "Manufacturer"; Value = "TE Connectivity"; VariantName = "[No Variations]"
Add component (AddParameter): Name = "Manufacturer Part Number"; Value = "776163-1"; VariantName = "[No Variations]"
Add component (AddParameter): Name = "Max Operating Temperature"; Value = "221°C"; VariantName = "[No Variations]"
Add component (AddParameter): Name = "Max Voltage Rating (AC)"; Value = "250V"; VariantName = "[No Variations]"
Add component (AddParameter): Name = "Min Operating Temperature"; Value = "-40°C"; VariantName = "[No Variations]"
Add component (AddParameter): Name = "Mount"; Value = "Through Hole,Panel"; VariantName = "[No Variations]"
Add component (AddParameter): Name = "Number of Contacts"; Value = "35"; VariantName = "[No Variations]"
Add component (AddParameter): Name = "Number of Positions"; Value = "35"; VariantName = "[No Variations]"
Add component (AddParameter): Name = "Number of Rows"; Value = "3"; VariantName = "[No Variations]"
Add component (AddParameter): Name = "Number of Signal Positions"; Value = "35"; VariantName = "[No Variations]"
Add component (AddParameter): Name = "Orientation"; Value = "Right Angle"; VariantName = "[No Variations]"
Add component (AddParameter): Name = "Package Quantity"; Value = "1"; VariantName = "[No Variations]"
Add component (AddParameter): Name = "Packaging"; Value = "Bulk"; VariantName = "[No Variations]"
Add component (AddParameter): Name = "PCB Mount Alignment"; Value = "Yes (With)"; VariantName = "[No Variations]"
Add component (AddParameter): Name = "PCB Mount Retention"; Value = "With"; VariantName = "[No Variations]"
Add component (AddParameter): Name = "PCB Thickness"; Value = "0.062inch"; VariantName = "[No Variations]"
Add component (AddParameter): Name = "Pitch"; Value = "0.157inch"; VariantName = "[No Variations]"
Add component (AddParameter): Name = "Radiation Hardening"; Value = "No"; VariantName = "[No Variations]"
Add component (AddParameter): Name = "REACH SVHC"; Value = "Unknown"; VariantName = "[No Variations]"
Add component (AddParameter): Name = "Row Spacing"; Value = "0.157inch"; VariantName = "[No Variations]"
Add component (AddParameter): Name = "Sealable"; Value = "Yes (With)"; VariantName = "[No Variations]"
Add component (AddParameter): Name = "Shielding"; Value = "Unshielded"; VariantName = "[No Variations]"
Add component (AddParameter): Name = "Supplier 1"; Value = "Digi-Key"; VariantName = "[No Variations]"
Add component (AddParameter): Name = "Supplier Part Number 1"; Value = "A106460-ND"; VariantName = "[No Variations]"
Add component (AddParameter): Name = "Tab Thickness"; Value = "1.3mm"; VariantName = "[No Variations]"
Add component (AddParameter): Name = "Termination"; Value = "Solder"; VariantName = "[No Variations]"
Add component (AddParameter): Name = "Width"; Value = "37.9mm"; VariantName = "[No Variations]"
Added Pin To Net: NetName=GND Pin=J?-31
Added Pin To Net: NetName=GND Pin=J?-32
Added Pin To Net: NetName=GND Pin=J?-33
Added Pin To Net: NetName=GND Pin=J?-34
Added Pin To Net: NetName=GND Pin=J?-35
Added Pin To Net: NetName=CHASS1 Pin=J8-3
Added Net: Name=CHASS1
Added Pin To Net: NetName=CHASS2 Pin=J8-4
Added Net: Name=CHASS2
Added Pin To Net: NetName=DCDC Pin=J?-20
Added Pin To Net: NetName=DCDC Pin=J?-21
Added Pin To Net: NetName=DCDC Pin=J?-22
Added Pin To Net: NetName=DCDC Pin=J?-23
Added Net: Name=DCDC
Added Member To Class: ClassName=HV Box Connector Board Member=Component J1 DF22-4P-7.92DSA(05)
Added Member To Class: ClassName=HV Box Connector Board Member=Component J? 776163-1
