Removed Member From Class: ClassName=HV Box Connector Board Member=J17
Removed Member From Class: ClassName=HV Box Connector Board Member=J?
Change Component Designator: OldDesignator=J1 NewDesignator=J9
Change Component Designator: OldDesignator=J2 NewDesignator=J5
Change Component Designator: OldDesignator=J4 NewDesignator=J6
Change Component Designator: OldDesignator=J5 NewDesignator=J7
Change Component Designator: OldDesignator=J7 NewDesignator=J8
Change Component Designator: OldDesignator=J8 NewDesignator=J10
Change Component Designator: OldDesignator=J9 NewDesignator=J11
Change Component Designator: OldDesignator=J10 NewDesignator=J12
Change Component Designator: OldDesignator=J11 NewDesignator=J13
Change Component Designator: OldDesignator=J12 NewDesignator=J15
Change Component Designator: OldDesignator=J13 NewDesignator=J16
Change Component Designator: OldDesignator=J14 NewDesignator=J1
Change Component Designator: OldDesignator=J15 NewDesignator=J2
Change Component Designator: OldDesignator=J16 NewDesignator=J3
Change Component Designator: OldDesignator=J17 NewDesignator=J4
Change Component Designator: OldDesignator=J? NewDesignator=J14
Change Component Designator: OldDesignator=R1 NewDesignator=R4
Change Component Designator: OldDesignator=R2 NewDesignator=R5
Change Component Designator: OldDesignator=R3 NewDesignator=R6
Change Component Designator: OldDesignator=R4 NewDesignator=R7
Change Component Designator: OldDesignator=R5 NewDesignator=R1
Change Component Designator: OldDesignator=R6 NewDesignator=R3
Change Component Designator: OldDesignator=R7 NewDesignator=R2
Added Member To Class: ClassName=HV Box Connector Board Member=Component J6 B2B-PH-K-S(LF)(SN)
Added Member To Class: ClassName=HV Box Connector Board Member=Component J16 B2B-PH-K-S(LF)(SN)
