Change Physical Footprint: Designator=C1 Old Footprint=Nichicon_18x15 New Footprint=Nichicon_18x15
Change Physical Footprint: Designator=C2 Old Footprint=Nichicon_18x15 New Footprint=Nichicon_18x15
Change Physical Footprint: Designator=D1 Old Footprint=DIOD-SMA-2_V New Footprint=DIOD-SMA-2_V
Change Physical Footprint: Designator=D2 Old Footprint=MCC-SOD123_V New Footprint=MCC-SOD123_V
Change Physical Footprint: Designator=F1 Old Footprint=1206_FUSE_40H New Footprint=1206_FUSE_40H
Change Physical Footprint: Designator=F2 Old Footprint=1206_FUSE_40H New Footprint=1206_FUSE_40H
Change Physical Footprint: Designator=F3 Old Footprint=1206_FUSE_40H New Footprint=1206_FUSE_40H
Change Physical Footprint: Designator=F4 Old Footprint=Bel_0ZCF0200AF2C_0 New Footprint=Bel_0ZCF0200AF2C_0
Change Physical Footprint: Designator=J1 Old Footprint=te-1217861-1 New Footprint=te-1217861-1
Change Physical Footprint: Designator=J2 Old Footprint=te-1217861-1 New Footprint=te-1217861-1
Change Physical Footprint: Designator=J3 Old Footprint=te-1217861-1 New Footprint=te-1217861-1
Change Physical Footprint: Designator=J4 Old Footprint=te-1217861-1 New Footprint=te-1217861-1
Change Physical Footprint: Designator=J6 Old Footprint=B2B-XH-A(LF)(SN) New Footprint=B2B-XH-A(LF)(SN)
Change Physical Footprint: Designator=J7 Old Footprint=JST_B5B-XH-A_LF_SN_0 New Footprint=JST_B5B-XH-A_LF_SN_0
Change Physical Footprint: Designator=J8 Old Footprint=B8B-PH-K New Footprint=B8B-PH-K
Change Physical Footprint: Designator=J9 Old Footprint=TE_1-776231-1 New Footprint=TE_1-776231-1
Change Physical Footprint: Designator=J10 Old Footprint=CONN_B6B-XH-A(LF New Footprint=CONN_B6B-XH-A(LF
Change Physical Footprint: Designator=J11 Old Footprint=B8B-PH-K New Footprint=B8B-PH-K
Change Physical Footprint: Designator=J13 Old Footprint=CON2_1X2_P163_VM New Footprint=CON2_1X2_P163_VM
Change Physical Footprint: Designator=J14 Old Footprint=DF22-2P-7.92DSA_05_0 New Footprint=DF22-2P-7.92DSA_05_0
Change Physical Footprint: Designator=J15 Old Footprint=JST_Sales_America_Inc._B2B-PH-K-S_LF_SN_0 New Footprint=JST_Sales_America_Inc._B2B-PH-K-S_LF_SN_0
Change Physical Footprint: Designator=J16 Old Footprint=JST_Sales_America_Inc._B2B-PH-K-S_LF_SN_0 New Footprint=JST_Sales_America_Inc._B2B-PH-K-S_LF_SN_0
Change Physical Footprint: Designator=NT1 Old Footprint=20MIL_TIE New Footprint=20MIL_TIE
Change Physical Footprint: Designator=Q1 Old Footprint=SOT23-FET-DI New Footprint=SOT23-FET-DI
Change Physical Footprint: Designator=R1 Old Footprint=1206_RES_28H New Footprint=1206_RES_28H
Change Physical Footprint: Designator=R2 Old Footprint=0805_RES New Footprint=0805_RES
Change Physical Footprint: Designator=R3 Old Footprint=0805_RES New Footprint=0805_RES
Change Physical Footprint: Designator=R4 Old Footprint=0603_RES New Footprint=0603_RES
Change Physical Footprint: Designator=R5 Old Footprint=0603_RES New Footprint=0603_RES
Change Physical Footprint: Designator=R6 Old Footprint=0603_RES New Footprint=0603_RES
Change Physical Footprint: Designator=R7 Old Footprint=0603_RES New Footprint=0603_RES
