Removed Pin From Net: NetName=+GLV Pin=J1-3
Removed Pin From Net: NetName=GND Pin=J1-4
Removed Pin From Net: NetName=CHASS Pin=J18-1a
Removed Pin From Net: NetName=CHASS Pin=J18-1b
Removed Pin From Net: NetName=CHASS Pin=J18-1c
Removed Member From Class: ClassName=HV Box Connector Board Member=J18
Removed Member From Class: ClassName=HV Box Connector Board Member=J?
Change Component Footprint: Designator=J? Old Footprint=TE_776163-1 New Footprint=TE_1-776231-1
Change Component Comment : Designator=J? Old Comment=776163-1 New Comment=1-776231-1
Change Component Designator: OldDesignator=J? NewDesignator=J1
Change component parameters: Designator = "J?" ("J1"); Footprint = "TE_776163-1"; UniqueID = "\ABUWOREG" ("\ABUWOREG")
Change component parameters (AddParameter): Name = "Category"; Value = "Headers and Wire Housings"; VariantName = "[No Variations]"
Change component parameters (AddParameter): Name = "Circuit Application"; Value = "Power"; VariantName = "[No Variations]"
Change component parameters (AddParameter): Name = "Color"; Value = "Black"; VariantName = "[No Variations]"
Change component parameters (AddParameter): Name = "Connector System"; Value = "Wire-to-Device"; VariantName = "[No Variations]"
Change component parameters (AddParameter): Name = "Connector Type"; Value = "Male Pin"; VariantName = "[No Variations]"
Change component parameters (AddParameter): Name = "Contact Material"; Value = "Brass"; VariantName = "[No Variations]"
Change component parameters (AddParameter): Name = "Contact Plating"; Value = "Gold"; VariantName = "[No Variations]"
Change component parameters (AddParameter): Name = "Depth"; Value = "32.1mm"; VariantName = "[No Variations]"
Change component parameters (AddParameter): Name = "Fastening Type"; Value = "Ramp"; VariantName = "[No Variations]"
Change component parameters (AddParameter): Name = "Flammability Rating"; Value = "UL94 V-0"; VariantName = "[No Variations]"
Change component parameters (AddParameter): Name = "Gender"; Value = "Male"; VariantName = "[No Variations]"
Change component parameters (AddParameter): Name = "Housing Material"; Value = "Thermoplastic"; VariantName = "[No Variations]"
Change component parameters (AddParameter): Name = "Length"; Value = "3.03inch"; VariantName = "[No Variations]"
Change component parameters (AddParameter): Name = "Manufacturer"; Value = "TE Connectivity"; VariantName = "[No Variations]"
Change component parameters (AddParameter): Name = "Manufacturer Part Number"; Value = "1-776231-1"; VariantName = "[No Variations]"
Change component parameters (AddParameter): Name = "Max Operating Temperature"; Value = "125°C"; VariantName = "[No Variations]"
Change component parameters (AddParameter): Name = "Max Voltage Rating (AC)"; Value = "250V"; VariantName = "[No Variations]"
Change component parameters (AddParameter): Name = "Min Operating Temperature"; Value = "-40°C"; VariantName = "[No Variations]"
Change component parameters (AddParameter): Name = "Mount"; Value = "Through Hole,Panel"; VariantName = "[No Variations]"
Change component parameters (AddParameter): Name = "Number of Contacts"; Value = "35"; VariantName = "[No Variations]"
Change component parameters (AddParameter): Name = "Number of Ports"; Value = "1"; VariantName = "[No Variations]"
Change component parameters (AddParameter): Name = "Number of Positions"; Value = "35"; VariantName = "[No Variations]"
Change component parameters (AddParameter): Name = "Number of Rows"; Value = "3"; VariantName = "[No Variations]"
Change component parameters (AddParameter): Name = "Number of Signal Positions"; Value = "35"; VariantName = "[No Variations]"
Change component parameters (AddParameter): Name = "Number of Terminals"; Value = "35"; VariantName = "[No Variations]"
Change component parameters (AddParameter): Name = "Orientation"; Value = "Straight"; VariantName = "[No Variations]"
Change component parameters (AddParameter): Name = "Package Quantity"; Value = "220"; VariantName = "[No Variations]"
Change component parameters (AddParameter): Name = "Packaging"; Value = "Bulk"; VariantName = "[No Variations]"
Change component parameters (AddParameter): Name = "PCB Mount Alignment"; Value = "Yes (With)"; VariantName = "[No Variations]"
Change component parameters (AddParameter): Name = "PCB Mount Retention"; Value = "Without"; VariantName = "[No Variations]"
Change component parameters (AddParameter): Name = "PCB Thickness"; Value = "0.062inch"; VariantName = "[No Variations]"
Change component parameters (AddParameter): Name = "Pitch"; Value = "0.157inch"; VariantName = "[No Variations]"
Change component parameters (AddParameter): Name = "Radiation Hardening"; Value = "No"; VariantName = "[No Variations]"
Change component parameters (AddParameter): Name = "Row Spacing"; Value = "0.157inch"; VariantName = "[No Variations]"
Change component parameters (AddParameter): Name = "Sealable"; Value = "Yes (With)"; VariantName = "[No Variations]"
Change component parameters (AddParameter): Name = "Shielding"; Value = "Unshielded"; VariantName = "[No Variations]"
Change component parameters (AddParameter): Name = "Supplier 1"; Value = "Digi-Key"; VariantName = "[No Variations]"
Change component parameters (AddParameter): Name = "Supplier Part Number 1"; Value = "A104915-ND"; VariantName = "[No Variations]"
Change component parameters (AddParameter): Name = "Tab Thickness"; Value = "1.3mm"; VariantName = "[No Variations]"
Change component parameters (AddParameter): Name = "Termination"; Value = "Solder"; VariantName = "[No Variations]"
Change component parameters (AddParameter): Name = "Width"; Value = "1.264inch"; VariantName = "[No Variations]"
Added Pin To Net: NetName=+GLV Pin=F3-1
Added Pin To Net: NetName=HECS3 Pin=J1-1
Added Pin To Net: NetName=HECS2 Pin=J1-2
Added Pin To Net: NetName=HECS1 Pin=J1-3
Added Pin To Net: NetName=+GLV Pin=J1-4
Added Pin To Net: NetName=GND_EM Pin=J1-5
Added Pin To Net: NetName=EM_D_P Pin=J1-6
Added Pin To Net: NetName=BENDER_OK Pin=J1-7
Added Pin To Net: NetName=SHDN_IN Pin=J1-8
Added Pin To Net: NetName=BRAKE_IN Pin=J1-9
Added Pin To Net: NetName=CAN_N Pin=J1-10
Added Pin To Net: NetName=CAN_P Pin=J1-11
Added Pin To Net: NetName=CHASS Pin=J1-12
Added Pin To Net: NetName=EM_D_N Pin=J1-17
Added Pin To Net: NetName=+EM Pin=J1-18
Added Pin To Net: NetName=SHDN_OUT Pin=J1-19
Added Pin To Net: NetName=GND_BRAKE Pin=J1-20
Added Pin To Net: NetName=+5_BRAKE Pin=J1-21
Added Pin To Net: NetName=CAN_N Pin=J1-22
Added Pin To Net: NetName=CAN_P Pin=J1-23
Added Pin To Net: NetName=TSAL_RED+ Pin=J1-32
Added Pin To Net: NetName=TSAL_GREEN+ Pin=J1-33
Added Pin To Net: NetName=GND Pin=J1-34
Added Pin To Net: NetName=CHASS2 Pin=J1-35
Added Pin To Net: NetName=CHASS Pin=J8-3
Change Net Name : Old Net Name=CHASS New Net Name=CHASS1
Change Net Name : Old Net Name=DCDC New Net Name=+DCDC
