Replace Part A? VicorASM_ALT in C:\git\AERO_2019-2020\HV Interface\DCDC.SchDoc with VicorASM_ALT from AERO Parts.SchLib
Replace Part C? cap in C:\git\AERO_2019-2020\HV Interface\DCDC.SchDoc with cap from Passive Components.DbLib
Replace Part C? CS45-B2GA151K-NKA in C:\git\AERO_2019-2020\HV Interface\DCDC.SchDoc with CS45-B2GA151K-NKA from AERO Parts.IntLib
Replace Part C? B32021A3472K289 in C:\git\AERO_2019-2020\HV Interface\DCDC.SchDoc with B32021A3472K289 from AERO Parts.IntLib
Replace Part C? B32922C3334M000 in C:\git\AERO_2019-2020\HV Interface\DCDC.SchDoc with B32922C3334M000 from AERO Parts.IntLib
Replace Part C? B32021A3472K289 in C:\git\AERO_2019-2020\HV Interface\DCDC.SchDoc with B32021A3472K289 from AERO Parts.IntLib
Replace Part C? cap in C:\git\AERO_2019-2020\HV Interface\DCDC.SchDoc with cap from Passive Components.DbLib
Replace Part C? cap in C:\git\AERO_2019-2020\HV Interface\DCDC.SchDoc with cap from Passive Components.DbLib
Replace Part C? B32021A3472K289 in C:\git\AERO_2019-2020\HV Interface\DCDC.SchDoc with B32021A3472K289 from AERO Parts.IntLib
Replace Part C? B32021A3472K289 in C:\git\AERO_2019-2020\HV Interface\DCDC.SchDoc with B32021A3472K289 from AERO Parts.IntLib
Replace Part C? B32021A3472K289 in C:\git\AERO_2019-2020\HV Interface\DCDC.SchDoc with B32021A3472K289 from AERO Parts.IntLib
Replace Part C? B32021A3472K289 in C:\git\AERO_2019-2020\HV Interface\DCDC.SchDoc with B32021A3472K289 from AERO Parts.IntLib
Replace Part C? cap in C:\git\AERO_2019-2020\HV Interface\DCDC.SchDoc with cap from Passive Components.DbLib
Replace Part C? B32774D4226K000 in C:\git\AERO_2019-2020\HV Interface\DCDC.SchDoc with B32774D4226K000 from AERO Parts.IntLib
Replace Part C? cap in C:\git\AERO_2019-2020\HV Interface\DCDC.SchDoc with cap from Passive Components.DbLib
Replace Part C? ECA-1VM472 in C:\git\AERO_2019-2020\HV Interface\DCDC.SchDoc with ECA-1VM472 from AERO Parts.IntLib
Replace Part FB? Ferrite Bead in C:\git\AERO_2019-2020\HV Interface\DCDC.SchDoc with Ferrite Bead from Passive Components.DbLib
Replace Part J? 22-23-2031 in C:\git\AERO_2019-2020\HV Interface\DCDC.SchDoc with 22-23-2031 from AERO Parts.SchLib
Replace Part J? B2B-PH-K-S(LF)(SN) in C:\git\AERO_2019-2020\HV Interface\DCDC.SchDoc with B2B-PH-K-S(LF)(SN) from AERO Parts.IntLib
Replace Part L? 744314101 in C:\git\AERO_2019-2020\HV Interface\DCDC.SchDoc with 744314101 from AERO Parts.IntLib
Replace Part L? B82722J2302N001 in C:\git\AERO_2019-2020\HV Interface\DCDC.SchDoc with B82722J2302N001 from AERO Parts.IntLib
Replace Part R? 91AR50KLF in C:\git\AERO_2019-2020\HV Interface\DCDC.SchDoc with 91AR50KLF from AERO Parts.IntLib
Replace Part R? res in C:\git\AERO_2019-2020\HV Interface\DCDC.SchDoc with res from Passive Components.DbLib
Replace Part R? MHR0422SA107F70 in C:\git\AERO_2019-2020\HV Interface\DCDC.SchDoc with MHR0422SA107F70 from AERO Parts.IntLib
Replace Part R? res in C:\git\AERO_2019-2020\HV Interface\DCDC.SchDoc with res from Passive Components.DbLib
Replace Part R? res in C:\git\AERO_2019-2020\HV Interface\DCDC.SchDoc with res from Passive Components.DbLib
Replace Part R? res in C:\git\AERO_2019-2020\HV Interface\DCDC.SchDoc with res from Passive Components.DbLib
Replace Part R? RR01JR75TB in C:\git\AERO_2019-2020\HV Interface\DCDC.SchDoc with RR01JR75TB from AERO Parts.IntLib
Replace Part U? LR8K4-G in C:\git\AERO_2019-2020\HV Interface\DCDC.SchDoc with LR8K4-G from AERO Parts.IntLib
Replace Part U? ADUM226N0BRIZ in C:\git\AERO_2019-2020\HV Interface\DCDC.SchDoc with ADUM226N0BRIZ from AERO Parts.IntLib
