Change Component Designator: Old Designator=A2 New Designator=A1
Change Component Designator: Old Designator=C1 New Designator=C13
Change Component Designator: Old Designator=C2 New Designator=C14
Change Component Designator: Old Designator=C15 New Designator=C1
Change Component Designator: Old Designator=C16 New Designator=C4
Change Component Designator: Old Designator=C17 New Designator=C5
Change Component Designator: Old Designator=C18 New Designator=C7
Change Component Designator: Old Designator=C21 New Designator=C2
Change Component Designator: Old Designator=C22 New Designator=C3
Change Component Designator: Old Designator=C23 New Designator=C6
Change Component Designator: Old Designator=C24 New Designator=C9
Change Component Designator: Old Designator=C25 New Designator=C8
Change Component Designator: Old Designator=C? New Designator=C10
Change Component Designator: Old Designator=C? New Designator=C11
Change Component Designator: Old Designator=C? New Designator=C12
Change Component Designator: Old Designator=J7 New Designator=J5
Change Component Designator: Old Designator=J8 New Designator=J6
Change Component Designator: Old Designator=L2 New Designator=L1
Change Component Designator: Old Designator=L3 New Designator=L2
Change Component Designator: Old Designator=R3 New Designator=R5
Change Component Designator: Old Designator=R4 New Designator=R1
Change Component Designator: Old Designator=R5 New Designator=R2
Change Component Designator: Old Designator=R22 New Designator=R6
Change Component Designator: Old Designator=R? New Designator=R3
Change Component Designator: Old Designator=R? New Designator=R4
Change Component Designator: Old Designator=U? New Designator=U2
