Removed Pin From Net: NetName=BSPD_FAULT Pin=J5-3
Removed Pin From Net: NetName=CUR_OUT Pin=J5-5
Removed Pin From Net: NetName=CAN_P Pin=J5-7
Removed Pin From Net: NetName=CAN_N Pin=J5-9
Removed Pin From Net: NetName=TSAL_NTC Pin=J5-11
Removed Pin From Net: NetName=BENDER_PWM Pin=J5-13
Removed Pin From Net: NetName=FAN2_PWM Pin=J5-15
Removed Member From Class: ClassName=U_MCU Member=R28
Removed Member From Class: ClassName=U_MCU Member=R33
Removed Member From Class: ClassName=U_PWR_DIST Member=R33
Removed Member From Class: ClassName=U_PWR_DIST Member=R34
Change Component Footprint: Designator=J5 Old Footprint=IPL1-110-01-F-D-RA-K New Footprint=CONN_S8B-PH-K-S
Change Component Comment : Designator=J5 Old Comment=IPL1-110-01-F-D-RA-K New Comment=S8B-PH-K-S(LF)(SN)
Change component parameters: Designator = "J5" ("J5"); Footprint = "IPL1-110-01-F-D-RA-K"; UniqueID = "\TTDYAIIN" ("\TTDYAIIN")
Change component parameters (AddParameter): Name = "Category"; Value = "Headers and Wire Housings"; VariantName = "[No Variations]"
Change component parameters (AddParameter): Name = "Color"; Value = "Natural,White"; VariantName = "[No Variations]"
Change component parameters (AddParameter): Name = "Connector Type"; Value = "Male Pin"; VariantName = "[No Variations]"
Change component parameters (AddParameter): Name = "Contact Material"; Value = "Brass,Tin,Bronze"; VariantName = "[No Variations]"
Change component parameters (AddParameter): Name = "Contact Mating Length"; Value = "0.13inch"; VariantName = "[No Variations]"
Change component parameters (AddParameter): Name = "Contact Plating"; Value = "Tin,Copper"; VariantName = "[No Variations]"
Change component parameters (AddParameter): Name = "Contact Resistance"; Value = "20mR"; VariantName = "[No Variations]"
Change component parameters (AddParameter): Name = "Current Rating"; Value = "2A"; VariantName = "[No Variations]"
Change component parameters (AddParameter): Name = "Depth"; Value = "7.6mm"; VariantName = "[No Variations]"
Change component parameters (AddParameter): Name = "Fastening Type"; Value = "Detent"; VariantName = "[No Variations]"
Change component parameters (AddParameter): Name = "Flammability Rating"; Value = "UL94 V-0"; VariantName = "[No Variations]"
Change component parameters (AddParameter): Name = "Gender"; Value = "Male"; VariantName = "[No Variations]"
Change component parameters (AddParameter): Name = "Height"; Value = "9.4mm"; VariantName = "[No Variations]"
Change component parameters (AddParameter): Name = "Housing Color"; Value = "White"; VariantName = "[No Variations]"
Change component parameters (AddParameter): Name = "Housing Material"; Value = "Polyamide"; VariantName = "[No Variations]"
Change component parameters (AddParameter): Name = "Insulation Resistance"; Value = "1GR"; VariantName = "[No Variations]"
Change component parameters (AddParameter): Name = "Lead Free"; Value = "Lead Free"; VariantName = "[No Variations]"
Change component parameters (AddParameter): Name = "Lead Pitch"; Value = "2mm"; VariantName = "[No Variations]"
Change component parameters (AddParameter): Name = "Length"; Value = "17.9mm"; VariantName = "[No Variations]"
Change component parameters (AddParameter): Name = "Manufacturer"; Value = "JST"; VariantName = "[No Variations]"
Change component parameters (AddParameter): Name = "Manufacturer Part Number"; Value = "S8B-PH-K-S(LF)(SN)"; VariantName = "[No Variations]"
Change component parameters (AddParameter): Name = "Max Current Rating"; Value = "2A"; VariantName = "[No Variations]"
Change component parameters (AddParameter): Name = "Max Operating Temperature"; Value = "85°C"; VariantName = "[No Variations]"
Change component parameters (AddParameter): Name = "Max Voltage Rating (AC)"; Value = "100V"; VariantName = "[No Variations]"
Change component parameters (AddParameter): Name = "Min Operating Temperature"; Value = "-25°C"; VariantName = "[No Variations]"
Change component parameters (AddParameter): Name = "Mount"; Value = "Through Hole"; VariantName = "[No Variations]"
Change component parameters (AddParameter): Name = "Number of Contacts"; Value = "8"; VariantName = "[No Variations]"
Change component parameters (AddParameter): Name = "Number of Pins"; Value = "8"; VariantName = "[No Variations]"
Change component parameters (AddParameter): Name = "Number of Poles"; Value = "8"; VariantName = "[No Variations]"
Change component parameters (AddParameter): Name = "Number of Positions"; Value = "8"; VariantName = "[No Variations]"
Change component parameters (AddParameter): Name = "Number of Rows"; Value = "1"; VariantName = "[No Variations]"
Change component parameters (AddParameter): Name = "Orientation"; Value = "Right Angle"; VariantName = "[No Variations]"
Change component parameters (AddParameter): Name = "Packaging"; Value = "Bulk"; VariantName = "[No Variations]"
Change component parameters (AddParameter): Name = "Pitch"; Value = "2mm"; VariantName = "[No Variations]"
Change component parameters (AddParameter): Name = "REACH SVHC"; Value = "No SVHC"; VariantName = "[No Variations]"
Change component parameters (AddParameter): Name = "Supplier 1"; Value = "Newark"; VariantName = "[No Variations]"
Change component parameters (AddParameter): Name = "Supplier Part Number 1"; Value = "38K8085"; VariantName = "[No Variations]"
Change component parameters (AddParameter): Name = "Termination"; Value = "Solder"; VariantName = "[No Variations]"
Change component parameters (AddParameter): Name = "Voltage Rating"; Value = "100V"; VariantName = "[No Variations]"
Change component parameters (AddParameter): Name = "Voltage Rating (AC)"; Value = "100V"; VariantName = "[No Variations]"
Change component parameters (AddParameter): Name = "Width"; Value = "4.5mm"; VariantName = "[No Variations]"
Change component parameters (AddParameter): Name = "Working Voltage"; Value = "100V"; VariantName = "[No Variations]"
Added Pin To Net: NetName=BSPD_FAULT Pin=D2-2
Added Pin To Net: NetName=BENDER_PWM Pin=D3-2
Added Pin To Net: NetName=BSPD_FAULT Pin=J5-2
Added Pin To Net: NetName=CUR_OUT Pin=J5-3
Added Pin To Net: NetName=CAN_P Pin=J5-4
Added Pin To Net: NetName=CAN_N Pin=J5-5
Added Pin To Net: NetName=TSAL_NTC Pin=J5-6
Added Pin To Net: NetName=BENDER_PWM Pin=J5-7
Added Pin To Net: NetName=FAN2_PWM Pin=J5-8
Added Member To Class: ClassName=U_MCU Member=Component R23 RES 0603 2.2K 1%
Added Member To Class: ClassName=U_MCU Member=Component R24 RES 0603 2.2K 1%
Added Member To Class: ClassName=U_MCU Member=Component R25 RES 0603 100K 1%
Added Member To Class: ClassName=U_MCU Member=Component R26 RES 0603 1K 1%
Added Member To Class: ClassName=U_MCU Member=Component R27 RES 0603 10K 1%
Added Member To Class: ClassName=U_PWR_DIST Member=Component R28 RR01J2R0TB
Added Member To Class: ClassName=U_PWR_DIST Member=Component R29 RES 0805 10M 1%
Added Member To Class: ClassName=U_PWR_DIST Member=Component R30 RES 2512 20 1%
Added Member To Class: ClassName=U_PWR_DIST Member=Component R31 RES 2512 20 1%
Added Member To Class: ClassName=U_PWR_DIST Member=Component R32 RES 0805 2 1%
Added Member To Class: ClassName=U_IO Member=Component R33 RES 0603 11.5K 1%
Added Member To Class: ClassName=U_IO Member=Component R34 RES 0603 6.98K 1%
Added Member To Class: ClassName=U_IO Member=Component R35 RES 0603 11.5K 1%
Added Member To Class: ClassName=U_IO Member=Component R36 RES 0603 1K 1%
Added Member To Class: ClassName=U_IO Member=Component R37 RES 0603 10K 1%
