Removed Pin From Net: NetName=GND Pin=C19-1
Removed Pin From Net: NetName=+5 Pin=C19-2
Removed Member From Class: ClassName=U_CAN Member=C19
Removed Member From Class: ClassName=U2_Nets Member=NetC11_1
Change Component Footprint: Designator=U3A Old Footprint=D0008A_N New Footprint=D0008A_N
Change Component Footprint: Designator=U3B Old Footprint=D0008A_N New Footprint=D0008A_N
Change Component Footprint: Designator=U3C Old Footprint=D0008A_N New Footprint=D0008A_N
Change Component Footprint: Designator=C6 Old Footprint=ECA-1VM472 New Footprint=ECA-1VM472
Change Component Footprint: Designator=C20 Old Footprint=ECA-1VM472 New Footprint=ECA-1VM472
Change Component Footprint: Designator=C21 Old Footprint=ECA-1VM472 New Footprint=ECA-1VM472
Change Component Footprint: Designator=C22 Old Footprint=ECA-1VM472 New Footprint=ECA-1VM472
Change Component Footprint: Designator=L4 Old Footprint=IND_1225AS-H-120M=P2 New Footprint=IND_1225AS-H-120M=P2
Change Component Footprint: Designator=J5 Old Footprint=MOLX-22-23-2031_V New Footprint=MOLX-22-23-2031_V
Change Component Footprint: Designator=Y1 Old Footprint=MURA-CSTCE_G_A-3_V New Footprint=MURA-CSTCE_G_A-3_V
Change Component Footprint: Designator=C23 Old Footprint=NIC-CAPA2-10X10_V New Footprint=NIC-CAPA2-10X10_V
Change Component Footprint: Designator=C24 Old Footprint=NIC-CAPA2-10X10_V New Footprint=NIC-CAPA2-10X10_V
Change Component Footprint: Designator=D3 Old Footprint=ONSC-SOD-523-2-502-01_V New Footprint=ONSC-SOD-523-2-502-01_V
Change Component Footprint: Designator=L1 Old Footprint=WE-HCI-7050 New Footprint=WE-HCI-7050
Added Component: Designator=C29(0603_CAP)
Add component (AddParameter): Name = "ComponentLink1Description"; Value = "Manufacturer Website"; VariantName = "[No Variations]"
Add component (AddParameter): Name = "ComponentLink2Description"; Value = "Component Datasheet"; VariantName = "[No Variations]"
Add component (AddParameter): Name = "ComponentLink3Description"; Value = "Octopart Link"; VariantName = "[No Variations]"
Add component (AddParameter): Name = "Description in Visual"; Value = "Cap SMT 0603 0.1UF 50V 10%  Cer X7R"; VariantName = "[No Variations]"
Add component (AddParameter): Name = "Manufacturer"; Value = "Various"; VariantName = "[No Variations]"
Add component (AddParameter): Name = "Manufacturer P/N"; Value = "Various"; VariantName = "[No Variations]"
Add component (AddParameter): Name = "P/N"; Value = "CAP 0603 0.1UF 50V 10% X7R"; VariantName = "[No Variations]"
Add component (AddParameter): Name = "PCB Package"; Value = "0603"; VariantName = "[No Variations]"
Add component (AddParameter): Name = "Tolerance"; Value = "10%"; VariantName = "[No Variations]"
Add component (AddParameter): Name = "Type"; Value = "Ceramic X7R"; VariantName = "[No Variations]"
Add component (AddParameter): Name = "Val"; Value = "0.1UF"; VariantName = "[No Variations]"
Add component (AddParameter): Name = "Value"; Value = "0.1UF"; VariantName = "[No Variations]"
Add component (AddParameter): Name = "Vol"; Value = "50V"; VariantName = "[No Variations]"
Add component (AddParameter): Name = "Voltage"; Value = "50V"; VariantName = "[No Variations]"
Added Component: Designator=C30(0603_CAP)
Add component (AddParameter): Name = "ComponentLink1Description"; Value = "Manufacturer Website"; VariantName = "[No Variations]"
Add component (AddParameter): Name = "ComponentLink2Description"; Value = "Component Datasheet"; VariantName = "[No Variations]"
Add component (AddParameter): Name = "ComponentLink3Description"; Value = "Octopart Link"; VariantName = "[No Variations]"
Add component (AddParameter): Name = "Description in Visual"; Value = "Cap SMT 0603 1UF 50V 10% Ceramic X7R"; VariantName = "[No Variations]"
Add component (AddParameter): Name = "Manufacturer"; Value = "Various"; VariantName = "[No Variations]"
Add component (AddParameter): Name = "Manufacturer P/N"; Value = "Various"; VariantName = "[No Variations]"
Add component (AddParameter): Name = "P/N"; Value = "CAP 0603 1UF 50V 10% X7R"; VariantName = "[No Variations]"
Add component (AddParameter): Name = "PCB Package"; Value = "0603"; VariantName = "[No Variations]"
Add component (AddParameter): Name = "Tolerance"; Value = "10%"; VariantName = "[No Variations]"
Add component (AddParameter): Name = "Type"; Value = "Ceramic X7R"; VariantName = "[No Variations]"
Add component (AddParameter): Name = "Val"; Value = "1UF"; VariantName = "[No Variations]"
Add component (AddParameter): Name = "Value"; Value = "1UF"; VariantName = "[No Variations]"
Add component (AddParameter): Name = "Vol"; Value = "50V"; VariantName = "[No Variations]"
Add component (AddParameter): Name = "Voltage"; Value = "50V"; VariantName = "[No Variations]"
Added Component: Designator=C31(0603_CAP)
Add component (AddParameter): Name = "ComponentLink1Description"; Value = "Manufacturer Website"; VariantName = "[No Variations]"
Add component (AddParameter): Name = "ComponentLink2Description"; Value = "Component Datasheet"; VariantName = "[No Variations]"
Add component (AddParameter): Name = "ComponentLink3Description"; Value = "Octopart Link"; VariantName = "[No Variations]"
Add component (AddParameter): Name = "Description in Visual"; Value = "Cap SMT 0603 0.1UF 25V 10%  Cer X7R"; VariantName = "[No Variations]"
Add component (AddParameter): Name = "Manufacturer"; Value = "Various"; VariantName = "[No Variations]"
Add component (AddParameter): Name = "Manufacturer P/N"; Value = "Various"; VariantName = "[No Variations]"
Add component (AddParameter): Name = "P/N"; Value = "CAP 0603 0.1UF 25V 10% X7R"; VariantName = "[No Variations]"
Add component (AddParameter): Name = "PCB Package"; Value = "0603"; VariantName = "[No Variations]"
Add component (AddParameter): Name = "Tolerance"; Value = "10%"; VariantName = "[No Variations]"
Add component (AddParameter): Name = "Type"; Value = "Ceramic X7R"; VariantName = "[No Variations]"
Add component (AddParameter): Name = "Val"; Value = "0.1UF"; VariantName = "[No Variations]"
Add component (AddParameter): Name = "Value"; Value = "0.1UF"; VariantName = "[No Variations]"
Add component (AddParameter): Name = "Vol"; Value = "25V"; VariantName = "[No Variations]"
Add component (AddParameter): Name = "Voltage"; Value = "25V"; VariantName = "[No Variations]"
Added Component: Designator=C32(0603_CAP)
Add component (AddParameter): Name = "ComponentLink1Description"; Value = "Manufacturer Website"; VariantName = "[No Variations]"
Add component (AddParameter): Name = "ComponentLink2Description"; Value = "Component Datasheet"; VariantName = "[No Variations]"
Add component (AddParameter): Name = "ComponentLink3Description"; Value = "Octopart Link"; VariantName = "[No Variations]"
Add component (AddParameter): Name = "Description in Visual"; Value = "Cap SMT 0603 0.01UF 100V 10%  Cer X7R"; VariantName = "[No Variations]"
Add component (AddParameter): Name = "Manufacturer"; Value = "Various"; VariantName = "[No Variations]"
Add component (AddParameter): Name = "Manufacturer P/N"; Value = "Various"; VariantName = "[No Variations]"
Add component (AddParameter): Name = "P/N"; Value = "CAP 0603 0.01UF 100V 10% X7R"; VariantName = "[No Variations]"
Add component (AddParameter): Name = "PCB Package"; Value = "0603"; VariantName = "[No Variations]"
Add component (AddParameter): Name = "Tolerance"; Value = "10%"; VariantName = "[No Variations]"
Add component (AddParameter): Name = "Type"; Value = "Ceramic X7R"; VariantName = "[No Variations]"
Add component (AddParameter): Name = "Val"; Value = "0.01UF"; VariantName = "[No Variations]"
Add component (AddParameter): Name = "Value"; Value = "0.01UF"; VariantName = "[No Variations]"
Add component (AddParameter): Name = "Vol"; Value = "100V"; VariantName = "[No Variations]"
Add component (AddParameter): Name = "Voltage"; Value = "100V"; VariantName = "[No Variations]"
Added Component: Designator=C33(0603_CAP)
Add component (AddParameter): Name = "ComponentLink1Description"; Value = "Manufacturer Website"; VariantName = "[No Variations]"
Add component (AddParameter): Name = "ComponentLink2Description"; Value = "Component Datasheet"; VariantName = "[No Variations]"
Add component (AddParameter): Name = "ComponentLink3Description"; Value = "Octopart Link"; VariantName = "[No Variations]"
Add component (AddParameter): Name = "Description in Visual"; Value = "Cap SMT 0603 0.01UF 16V 10%  Cer X7R"; VariantName = "[No Variations]"
Add component (AddParameter): Name = "Manufacturer"; Value = "Various"; VariantName = "[No Variations]"
Add component (AddParameter): Name = "Manufacturer P/N"; Value = "Various"; VariantName = "[No Variations]"
Add component (AddParameter): Name = "P/N"; Value = "CAP 0603 0.01UF 16V 10% X7R"; VariantName = "[No Variations]"
Add component (AddParameter): Name = "PCB Package"; Value = "0603"; VariantName = "[No Variations]"
Add component (AddParameter): Name = "Tolerance"; Value = "10%"; VariantName = "[No Variations]"
Add component (AddParameter): Name = "Type"; Value = "Ceramic X7R"; VariantName = "[No Variations]"
Add component (AddParameter): Name = "Val"; Value = "0.01UF"; VariantName = "[No Variations]"
Add component (AddParameter): Name = "Value"; Value = "0.01UF"; VariantName = "[No Variations]"
Add component (AddParameter): Name = "Vol"; Value = "16V"; VariantName = "[No Variations]"
Add component (AddParameter): Name = "Voltage"; Value = "16V"; VariantName = "[No Variations]"
Added Component: Designator=C34(0603_CAP)
Add component (AddParameter): Name = "ComponentLink1Description"; Value = "Manufacturer Website"; VariantName = "[No Variations]"
Add component (AddParameter): Name = "ComponentLink2Description"; Value = "Component Datasheet"; VariantName = "[No Variations]"
Add component (AddParameter): Name = "ComponentLink3Description"; Value = "Octopart Link"; VariantName = "[No Variations]"
Add component (AddParameter): Name = "Description in Visual"; Value = "Cap SMT 0603 0.1UF 25V 10%  Cer X7R"; VariantName = "[No Variations]"
Add component (AddParameter): Name = "Manufacturer"; Value = "Various"; VariantName = "[No Variations]"
Add component (AddParameter): Name = "Manufacturer P/N"; Value = "Various"; VariantName = "[No Variations]"
Add component (AddParameter): Name = "P/N"; Value = "CAP 0603 0.1UF 25V 10% X7R"; VariantName = "[No Variations]"
Add component (AddParameter): Name = "PCB Package"; Value = "0603"; VariantName = "[No Variations]"
Add component (AddParameter): Name = "Tolerance"; Value = "10%"; VariantName = "[No Variations]"
Add component (AddParameter): Name = "Type"; Value = "Ceramic X7R"; VariantName = "[No Variations]"
Add component (AddParameter): Name = "Val"; Value = "0.1UF"; VariantName = "[No Variations]"
Add component (AddParameter): Name = "Value"; Value = "0.1UF"; VariantName = "[No Variations]"
Add component (AddParameter): Name = "Vol"; Value = "25V"; VariantName = "[No Variations]"
Add component (AddParameter): Name = "Voltage"; Value = "25V"; VariantName = "[No Variations]"
Added Component: Designator=C35(0603_CAP)
Add component (AddParameter): Name = "ComponentLink1Description"; Value = "Manufacturer Website"; VariantName = "[No Variations]"
Add component (AddParameter): Name = "ComponentLink2Description"; Value = "Component Datasheet"; VariantName = "[No Variations]"
Add component (AddParameter): Name = "ComponentLink3Description"; Value = "Octopart Link"; VariantName = "[No Variations]"
Add component (AddParameter): Name = "Description in Visual"; Value = "Cap SMT 0603 0.1UF 25V 10%  Cer X7R"; VariantName = "[No Variations]"
Add component (AddParameter): Name = "Manufacturer"; Value = "Various"; VariantName = "[No Variations]"
Add component (AddParameter): Name = "Manufacturer P/N"; Value = "Various"; VariantName = "[No Variations]"
Add component (AddParameter): Name = "P/N"; Value = "CAP 0603 0.1UF 25V 10% X7R"; VariantName = "[No Variations]"
Add component (AddParameter): Name = "PCB Package"; Value = "0603"; VariantName = "[No Variations]"
Add component (AddParameter): Name = "Tolerance"; Value = "10%"; VariantName = "[No Variations]"
Add component (AddParameter): Name = "Type"; Value = "Ceramic X7R"; VariantName = "[No Variations]"
Add component (AddParameter): Name = "Val"; Value = "0.1UF"; VariantName = "[No Variations]"
Add component (AddParameter): Name = "Value"; Value = "0.1UF"; VariantName = "[No Variations]"
Add component (AddParameter): Name = "Vol"; Value = "25V"; VariantName = "[No Variations]"
Add component (AddParameter): Name = "Voltage"; Value = "25V"; VariantName = "[No Variations]"
Added Component: Designator=C36(0603_CAP)
Add component (AddParameter): Name = "ComponentLink1Description"; Value = "Manufacturer Website"; VariantName = "[No Variations]"
Add component (AddParameter): Name = "ComponentLink2Description"; Value = "Component Datasheet"; VariantName = "[No Variations]"
Add component (AddParameter): Name = "ComponentLink3Description"; Value = "Octopart Link"; VariantName = "[No Variations]"
Add component (AddParameter): Name = "Description in Visual"; Value = "Cap SMT 0603 0.1UF 25V 10%  Cer X7R"; VariantName = "[No Variations]"
Add component (AddParameter): Name = "Manufacturer"; Value = "Various"; VariantName = "[No Variations]"
Add component (AddParameter): Name = "Manufacturer P/N"; Value = "Various"; VariantName = "[No Variations]"
Add component (AddParameter): Name = "P/N"; Value = "CAP 0603 0.1UF 25V 10% X7R"; VariantName = "[No Variations]"
Add component (AddParameter): Name = "PCB Package"; Value = "0603"; VariantName = "[No Variations]"
Add component (AddParameter): Name = "Tolerance"; Value = "10%"; VariantName = "[No Variations]"
Add component (AddParameter): Name = "Type"; Value = "Ceramic X7R"; VariantName = "[No Variations]"
Add component (AddParameter): Name = "Val"; Value = "0.1UF"; VariantName = "[No Variations]"
Add component (AddParameter): Name = "Value"; Value = "0.1UF"; VariantName = "[No Variations]"
Add component (AddParameter): Name = "Vol"; Value = "25V"; VariantName = "[No Variations]"
Add component (AddParameter): Name = "Voltage"; Value = "25V"; VariantName = "[No Variations]"
Added Component: Designator=C37(0603_CAP)
Add component (AddParameter): Name = "ComponentLink1Description"; Value = "Manufacturer Website"; VariantName = "[No Variations]"
Add component (AddParameter): Name = "ComponentLink2Description"; Value = "Component Datasheet"; VariantName = "[No Variations]"
Add component (AddParameter): Name = "ComponentLink3Description"; Value = "Octopart Link"; VariantName = "[No Variations]"
Add component (AddParameter): Name = "Description in Visual"; Value = "Cap SMT 0603 1UF 50V 10% Ceramic X7R"; VariantName = "[No Variations]"
Add component (AddParameter): Name = "Manufacturer"; Value = "Various"; VariantName = "[No Variations]"
Add component (AddParameter): Name = "Manufacturer P/N"; Value = "Various"; VariantName = "[No Variations]"
Add component (AddParameter): Name = "P/N"; Value = "CAP 0603 1UF 50V 10% X7R"; VariantName = "[No Variations]"
Add component (AddParameter): Name = "PCB Package"; Value = "0603"; VariantName = "[No Variations]"
Add component (AddParameter): Name = "Tolerance"; Value = "10%"; VariantName = "[No Variations]"
Add component (AddParameter): Name = "Type"; Value = "Ceramic X7R"; VariantName = "[No Variations]"
Add component (AddParameter): Name = "Val"; Value = "1UF"; VariantName = "[No Variations]"
Add component (AddParameter): Name = "Value"; Value = "1UF"; VariantName = "[No Variations]"
Add component (AddParameter): Name = "Vol"; Value = "50V"; VariantName = "[No Variations]"
Add component (AddParameter): Name = "Voltage"; Value = "50V"; VariantName = "[No Variations]"
Added Component: Designator=D4(LEDC2012X135N_SM0805GCL(Primary))
Add component (AddParameter): Name = "Case Code (Imperial)"; Value = "0805"; VariantName = "[No Variations]"
Add component (AddParameter): Name = "Case Code (Metric)"; Value = "2012"; VariantName = "[No Variations]"
Add component (AddParameter): Name = "Case/Package"; Value = "0805"; VariantName = "[No Variations]"
Add component (AddParameter): Name = "Category"; Value = "LEDs"; VariantName = "[No Variations]"
Add component (AddParameter): Name = "Color"; Value = "Green"; VariantName = "[No Variations]"
Add component (AddParameter): Name = "Dominant Wavelength"; Value = "574nm"; VariantName = "[No Variations]"
Add component (AddParameter): Name = "Forward Current"; Value = "2mA"; VariantName = "[No Variations]"
Add component (AddParameter): Name = "Forward Voltage"; Value = "1.9V"; VariantName = "[No Variations]"
Add component (AddParameter): Name = "Height"; Value = "0.8mm"; VariantName = "[No Variations]"
Add component (AddParameter): Name = "Illumination Color"; Value = "Green"; VariantName = "[No Variations]"
Add component (AddParameter): Name = "Lead Free"; Value = "Lead Free"; VariantName = "[No Variations]"
Add component (AddParameter): Name = "Length"; Value = "2mm"; VariantName = "[No Variations]"
Add component (AddParameter): Name = "Lens Color"; Value = "Colorless"; VariantName = "[No Variations]"
Add component (AddParameter): Name = "Lens Transparency"; Value = "Clear"; VariantName = "[No Variations]"
Add component (AddParameter): Name = "Luminous Intensity"; Value = "3.6mcd"; VariantName = "[No Variations]"
Add component (AddParameter): Name = "Manufacturer"; Value = "Bivar"; VariantName = "[No Variations]"
Add component (AddParameter): Name = "Manufacturer Part Number"; Value = "SM0805GCL"; VariantName = "[No Variations]"
Add component (AddParameter): Name = "Max Operating Temperature"; Value = "80°C"; VariantName = "[No Variations]"
Add component (AddParameter): Name = "Min Operating Temperature"; Value = "-30°C"; VariantName = "[No Variations]"
Add component (AddParameter): Name = "Mount"; Value = "Surface Mount"; VariantName = "[No Variations]"
Add component (AddParameter): Name = "Package Quantity"; Value = "4000"; VariantName = "[No Variations]"
Add component (AddParameter): Name = "Packaging"; Value = "Tape and Reel"; VariantName = "[No Variations]"
Add component (AddParameter): Name = "Supplier 1"; Value = "Digi-Key"; VariantName = "[No Variations]"
Add component (AddParameter): Name = "Supplier Part Number 1"; Value = "492-2525-1-ND"; VariantName = "[No Variations]"
Add component (AddParameter): Name = "Test Current"; Value = "2mA"; VariantName = "[No Variations]"
Add component (AddParameter): Name = "Viewing Angle"; Value = "130°"; VariantName = "[No Variations]"
Add component (AddParameter): Name = "Width"; Value = "1.2mm"; VariantName = "[No Variations]"
Added Component: Designator=D5(LEDC2012X135N_SM0805HCL(Primary))
Add component (AddParameter): Name = "Case Code (Imperial)"; Value = "0805"; VariantName = "[No Variations]"
Add component (AddParameter): Name = "Case Code (Metric)"; Value = "2012"; VariantName = "[No Variations]"
Add component (AddParameter): Name = "Case/Package"; Value = "0805"; VariantName = "[No Variations]"
Add component (AddParameter): Name = "Category"; Value = "LEDs"; VariantName = "[No Variations]"
Add component (AddParameter): Name = "Color"; Value = "Red"; VariantName = "[No Variations]"
Add component (AddParameter): Name = "Dominant Wavelength"; Value = "631nm"; VariantName = "[No Variations]"
Add component (AddParameter): Name = "Forward Current"; Value = "2mA"; VariantName = "[No Variations]"
Add component (AddParameter): Name = "Forward Voltage"; Value = "1.9V"; VariantName = "[No Variations]"
Add component (AddParameter): Name = "Height"; Value = "0.8mm"; VariantName = "[No Variations]"
Add component (AddParameter): Name = "Illumination Color"; Value = "Red"; VariantName = "[No Variations]"
Add component (AddParameter): Name = "Lead Free"; Value = "Lead Free"; VariantName = "[No Variations]"
Add component (AddParameter): Name = "Length"; Value = "2mm"; VariantName = "[No Variations]"
Add component (AddParameter): Name = "Lens Color"; Value = "Colorless"; VariantName = "[No Variations]"
Add component (AddParameter): Name = "Lens Transparency"; Value = "Clear"; VariantName = "[No Variations]"
Add component (AddParameter): Name = "Luminous Intensity"; Value = "11.5mcd"; VariantName = "[No Variations]"
Add component (AddParameter): Name = "Manufacturer"; Value = "Bivar"; VariantName = "[No Variations]"
Add component (AddParameter): Name = "Manufacturer Part Number"; Value = "SM0805HCL"; VariantName = "[No Variations]"
Add component (AddParameter): Name = "Max Operating Temperature"; Value = "80°C"; VariantName = "[No Variations]"
Add component (AddParameter): Name = "Min Operating Temperature"; Value = "-30°C"; VariantName = "[No Variations]"
Add component (AddParameter): Name = "Mount"; Value = "Surface Mount"; VariantName = "[No Variations]"
Add component (AddParameter): Name = "Package Quantity"; Value = "4000"; VariantName = "[No Variations]"
Add component (AddParameter): Name = "Packaging"; Value = "Tape and Reel"; VariantName = "[No Variations]"
Add component (AddParameter): Name = "Power Rating"; Value = "78mW"; VariantName = "[No Variations]"
Add component (AddParameter): Name = "Supplier 1"; Value = "Digi-Key"; VariantName = "[No Variations]"
Add component (AddParameter): Name = "Supplier Part Number 1"; Value = "492-2281-1-ND"; VariantName = "[No Variations]"
Add component (AddParameter): Name = "Test Current"; Value = "2mA"; VariantName = "[No Variations]"
Add component (AddParameter): Name = "Viewing Angle"; Value = "130°"; VariantName = "[No Variations]"
Add component (AddParameter): Name = "Width"; Value = "1.2mm"; VariantName = "[No Variations]"
Added Component: Designator=D6(LEDC2012X135N_SM0805YCL(Primary))
Add component (AddParameter): Name = "Case Code (Imperial)"; Value = "0805"; VariantName = "[No Variations]"
Add component (AddParameter): Name = "Case Code (Metric)"; Value = "2012"; VariantName = "[No Variations]"
Add component (AddParameter): Name = "Case/Package"; Value = "0805"; VariantName = "[No Variations]"
Add component (AddParameter): Name = "Category"; Value = "LEDs"; VariantName = "[No Variations]"
Add component (AddParameter): Name = "Color"; Value = "Yellow"; VariantName = "[No Variations]"
Add component (AddParameter): Name = "Dominant Wavelength"; Value = "592nm"; VariantName = "[No Variations]"
Add component (AddParameter): Name = "Forward Current"; Value = "2mA"; VariantName = "[No Variations]"
Add component (AddParameter): Name = "Forward Voltage"; Value = "1.9V"; VariantName = "[No Variations]"
Add component (AddParameter): Name = "Height"; Value = "0.8mm"; VariantName = "[No Variations]"
Add component (AddParameter): Name = "Illumination Color"; Value = "Yellow"; VariantName = "[No Variations]"
Add component (AddParameter): Name = "Lead Free"; Value = "Lead Free"; VariantName = "[No Variations]"
Add component (AddParameter): Name = "Length"; Value = "2mm"; VariantName = "[No Variations]"
Add component (AddParameter): Name = "Lens Color"; Value = "Colorless"; VariantName = "[No Variations]"
Add component (AddParameter): Name = "Lens Transparency"; Value = "Clear"; VariantName = "[No Variations]"
Add component (AddParameter): Name = "Luminous Intensity"; Value = "11.5mcd"; VariantName = "[No Variations]"
Add component (AddParameter): Name = "Manufacturer"; Value = "Bivar"; VariantName = "[No Variations]"
Add component (AddParameter): Name = "Manufacturer Part Number"; Value = "SM0805YCL"; VariantName = "[No Variations]"
Add component (AddParameter): Name = "Max Operating Temperature"; Value = "80°C"; VariantName = "[No Variations]"
Add component (AddParameter): Name = "Min Operating Temperature"; Value = "-30°C"; VariantName = "[No Variations]"
Add component (AddParameter): Name = "Mount"; Value = "Surface Mount"; VariantName = "[No Variations]"
Add component (AddParameter): Name = "Package Quantity"; Value = "4000"; VariantName = "[No Variations]"
Add component (AddParameter): Name = "Packaging"; Value = "Tape and Reel"; VariantName = "[No Variations]"
Add component (AddParameter): Name = "Supplier 1"; Value = "Digi-Key"; VariantName = "[No Variations]"
Add component (AddParameter): Name = "Supplier Part Number 1"; Value = "492-2526-1-ND"; VariantName = "[No Variations]"
Add component (AddParameter): Name = "Test Current"; Value = "2mA"; VariantName = "[No Variations]"
Add component (AddParameter): Name = "Viewing Angle"; Value = "130°"; VariantName = "[No Variations]"
Add component (AddParameter): Name = "Width"; Value = "1.2mm"; VariantName = "[No Variations]"
Added Component: Designator=FB3(0603)
Add component (AddParameter): Name = "ComponentLink1Description"; Value = "Manufacturer Website"; VariantName = "[No Variations]"
Add component (AddParameter): Name = "ComponentLink1URL"; Value = "http://www.tdk.com/"; VariantName = "[No Variations]"
Add component (AddParameter): Name = "ComponentLink2Description"; Value = "Component Datasheet"; VariantName = "[No Variations]"
Add component (AddParameter): Name = "ComponentLink2URL"; Value = "http://www.tdk.co.jp/tefe02/e9412_mmz1608.pdf"; VariantName = "[No Variations]"
Add component (AddParameter): Name = "ComponentLink3Description"; Value = "Octopart Link"; VariantName = "[No Variations]"
Add component (AddParameter): Name = "ComponentLink3URL"; Value = "http://octopart.com/partsearch/#search/requestData&q=MMZ1608A252B"; VariantName = "[No Variations]"
Add component (AddParameter): Name = "Current (mA)"; Value = "200"; VariantName = "[No Variations]"
Add component (AddParameter): Name = "DC Resistance (ohms)"; Value = "0.8"; VariantName = "[No Variations]"
Add component (AddParameter): Name = "Description in Visual"; Value = "Ferrite SMT 200mA 2500Ohm Dif Mode 0603"; VariantName = "[No Variations]"
Add component (AddParameter): Name = "Filter type"; Value = "Differential Mode - Single"; VariantName = "[No Variations]"
Add component (AddParameter): Name = "Frequency"; Value = "100 MHz"; VariantName = "[No Variations]"
Add component (AddParameter): Name = "Impedance at Freq (ohms)"; Value = "2500"; VariantName = "[No Variations]"
Add component (AddParameter): Name = "Manufacturer"; Value = "TDK"; VariantName = "[No Variations]"
Add component (AddParameter): Name = "Manufacturer P/N"; Value = "MMZ1608A252B"; VariantName = "[No Variations]"
Add component (AddParameter): Name = "Operating Temperature Range"; Value = "-55 to +125 °C"; VariantName = "[No Variations]"
Add component (AddParameter): Name = "P/N"; Value = "MMZ1608A252B"; VariantName = "[No Variations]"
Add component (AddParameter): Name = "PCB Package"; Value = "0603"; VariantName = "[No Variations]"
Add component (AddParameter): Name = "Usage"; Value = "Signal Line"; VariantName = "[No Variations]"
Added Component: Designator=J8(Con 1x3 UART)
Add component (AddParameter): Name = "Colour"; Value = "Black"; VariantName = "[No Variations]"
Add component (AddParameter): Name = "Component Name"; Value = ""; VariantName = "[No Variations]"
Add component (AddParameter): Name = "Connector Type"; Value = "Male Pin"; VariantName = "[No Variations]"
Add component (AddParameter): Name = "Contact Material"; Value = "Copper"; VariantName = "[No Variations]"
Add component (AddParameter): Name = "Contact Mating Length"; Value = "0.236inch"; VariantName = "[No Variations]"
Add component (AddParameter): Name = "Contact Plating"; Value = "Gold"; VariantName = "[No Variations]"
Add component (AddParameter): Name = "Gender"; Value = "Male"; VariantName = "[No Variations]"
Add component (AddParameter): Name = "HelpURL"; Value = ""; VariantName = "[No Variations]"
Add component (AddParameter): Name = "Lead Free"; Value = "Lead Free"; VariantName = "[No Variations]"
Add component (AddParameter): Name = "Mount"; Value = "Through Hole"; VariantName = "[No Variations]"
Add component (AddParameter): Name = "Number of Contacts"; Value = "3"; VariantName = "[No Variations]"
Add component (AddParameter): Name = "Number of Positions"; Value = "3"; VariantName = "[No Variations]"
Add component (AddParameter): Name = "Number of Rows"; Value = "1"; VariantName = "[No Variations]"
Add component (AddParameter): Name = "Packaging"; Value = "Bulk"; VariantName = "[No Variations]"
Add component (AddParameter): Name = "Pin Count"; Value = ""; VariantName = "[No Variations]"
Add component (AddParameter): Name = "Pitch"; Value = "0.1inch"; VariantName = "[No Variations]"
Add component (AddParameter): Name = "REACH SVHC"; Value = "Unknown"; VariantName = "[No Variations]"
Add component (AddParameter): Name = "Supplier 1"; Value = "Digi-Key"; VariantName = "[No Variations]"
Add component (AddParameter): Name = "Supplier 2"; Value = "Digi-Key"; VariantName = "[No Variations]"
Add component (AddParameter): Name = "Supplier 3"; Value = "Digi-Key"; VariantName = "[No Variations]"
Add component (AddParameter): Name = "Supplier Part Number 1"; Value = "732-5316-ND"; VariantName = "[No Variations]"
Add component (AddParameter): Name = "Supplier Part Number 2"; Value = "S9014E-03-ND"; VariantName = "[No Variations]"
Add component (AddParameter): Name = "Supplier Part Number 3"; Value = "952-2263-ND"; VariantName = "[No Variations]"
Add component (AddParameter): Name = "Termination"; Value = "Solder"; VariantName = "[No Variations]"
Added Component: Designator=R22(0805_RES)
Add component (AddParameter): Name = "Description in Visual"; Value = "Res SMT 50.5 0805  0.1%  0.125W"; VariantName = "[No Variations]"
Add component (AddParameter): Name = "Manufacturer"; Value = "Various"; VariantName = "[No Variations]"
Add component (AddParameter): Name = "Manufacturer P/N"; Value = "Various"; VariantName = "[No Variations]"
Add component (AddParameter): Name = "P/N"; Value = "RES 0805 50.5 0.1%"; VariantName = "[No Variations]"
Add component (AddParameter): Name = "PCB Package"; Value = "0805"; VariantName = "[No Variations]"
Add component (AddParameter): Name = "Power_Rating"; Value = "0.125W"; VariantName = "[No Variations]"
Add component (AddParameter): Name = "Tol"; Value = "0.1%"; VariantName = "[No Variations]"
Add component (AddParameter): Name = "Tolerance"; Value = "0.1%"; VariantName = "[No Variations]"
Add component (AddParameter): Name = "Val"; Value = "50.5"; VariantName = "[No Variations]"
Add component (AddParameter): Name = "Value"; Value = "50.5"; VariantName = "[No Variations]"
Added Component: Designator=R23(0603_RES)
Add component (AddParameter): Name = "Description in Visual"; Value = "Res SMT 10K 0603  1%  0.1W"; VariantName = "[No Variations]"
Add component (AddParameter): Name = "Manufacturer"; Value = "Various"; VariantName = "[No Variations]"
Add component (AddParameter): Name = "Manufacturer P/N"; Value = "Various"; VariantName = "[No Variations]"
Add component (AddParameter): Name = "P/N"; Value = "RES 0603 10K 1%"; VariantName = "[No Variations]"
Add component (AddParameter): Name = "PCB Package"; Value = "0603"; VariantName = "[No Variations]"
Add component (AddParameter): Name = "Power_Rating"; Value = "0.1W"; VariantName = "[No Variations]"
Add component (AddParameter): Name = "Tol"; Value = "1%"; VariantName = "[No Variations]"
Add component (AddParameter): Name = "Tolerance"; Value = "1%"; VariantName = "[No Variations]"
Add component (AddParameter): Name = "Val"; Value = "10K"; VariantName = "[No Variations]"
Add component (AddParameter): Name = "Value"; Value = "10K"; VariantName = "[No Variations]"
Added Component: Designator=R24(0603_RES)
Add component (AddParameter): Name = "Description in Visual"; Value = "Res SMT 1.5K 0603  1%  0.1W"; VariantName = "[No Variations]"
Add component (AddParameter): Name = "Manufacturer"; Value = "Various"; VariantName = "[No Variations]"
Add component (AddParameter): Name = "Manufacturer P/N"; Value = "Various"; VariantName = "[No Variations]"
Add component (AddParameter): Name = "P/N"; Value = "RES 0603 1.5K 1%"; VariantName = "[No Variations]"
Add component (AddParameter): Name = "PCB Package"; Value = "0603"; VariantName = "[No Variations]"
Add component (AddParameter): Name = "Power_Rating"; Value = "0.1W"; VariantName = "[No Variations]"
Add component (AddParameter): Name = "Tol"; Value = "1%"; VariantName = "[No Variations]"
Add component (AddParameter): Name = "Tolerance"; Value = "1%"; VariantName = "[No Variations]"
Add component (AddParameter): Name = "Val"; Value = "1.5K"; VariantName = "[No Variations]"
Add component (AddParameter): Name = "Value"; Value = "1.5K"; VariantName = "[No Variations]"
Added Component: Designator=R25(0603_RES)
Add component (AddParameter): Name = "Description in Visual"; Value = "Res SMT 1.5K 0603  1%  0.1W"; VariantName = "[No Variations]"
Add component (AddParameter): Name = "Manufacturer"; Value = "Various"; VariantName = "[No Variations]"
Add component (AddParameter): Name = "Manufacturer P/N"; Value = "Various"; VariantName = "[No Variations]"
Add component (AddParameter): Name = "P/N"; Value = "RES 0603 1.5K 1%"; VariantName = "[No Variations]"
Add component (AddParameter): Name = "PCB Package"; Value = "0603"; VariantName = "[No Variations]"
Add component (AddParameter): Name = "Power_Rating"; Value = "0.1W"; VariantName = "[No Variations]"
Add component (AddParameter): Name = "Tol"; Value = "1%"; VariantName = "[No Variations]"
Add component (AddParameter): Name = "Tolerance"; Value = "1%"; VariantName = "[No Variations]"
Add component (AddParameter): Name = "Val"; Value = "1.5K"; VariantName = "[No Variations]"
Add component (AddParameter): Name = "Value"; Value = "1.5K"; VariantName = "[No Variations]"
Added Component: Designator=R26(0603_RES)
Add component (AddParameter): Name = "Description in Visual"; Value = "Res SMT 1.5K 0603  1%  0.1W"; VariantName = "[No Variations]"
Add component (AddParameter): Name = "Manufacturer"; Value = "Various"; VariantName = "[No Variations]"
Add component (AddParameter): Name = "Manufacturer P/N"; Value = "Various"; VariantName = "[No Variations]"
Add component (AddParameter): Name = "P/N"; Value = "RES 0603 1.5K 1%"; VariantName = "[No Variations]"
Add component (AddParameter): Name = "PCB Package"; Value = "0603"; VariantName = "[No Variations]"
Add component (AddParameter): Name = "Power_Rating"; Value = "0.1W"; VariantName = "[No Variations]"
Add component (AddParameter): Name = "Tol"; Value = "1%"; VariantName = "[No Variations]"
Add component (AddParameter): Name = "Tolerance"; Value = "1%"; VariantName = "[No Variations]"
Add component (AddParameter): Name = "Val"; Value = "1.5K"; VariantName = "[No Variations]"
Add component (AddParameter): Name = "Value"; Value = "1.5K"; VariantName = "[No Variations]"
Added Component: Designator=R27(0603_RES)
Add component (AddParameter): Name = "Description in Visual"; Value = "Res SMT 100K 0603  1%  0.1W"; VariantName = "[No Variations]"
Add component (AddParameter): Name = "Manufacturer"; Value = "Various"; VariantName = "[No Variations]"
Add component (AddParameter): Name = "Manufacturer P/N"; Value = "Various"; VariantName = "[No Variations]"
Add component (AddParameter): Name = "P/N"; Value = "RES 0603 100K 1%"; VariantName = "[No Variations]"
Add component (AddParameter): Name = "PCB Package"; Value = "0603"; VariantName = "[No Variations]"
Add component (AddParameter): Name = "Power_Rating"; Value = "0.1W"; VariantName = "[No Variations]"
Add component (AddParameter): Name = "Tol"; Value = "1%"; VariantName = "[No Variations]"
Add component (AddParameter): Name = "Tolerance"; Value = "1%"; VariantName = "[No Variations]"
Add component (AddParameter): Name = "Val"; Value = "100K"; VariantName = "[No Variations]"
Add component (AddParameter): Name = "Value"; Value = "100K"; VariantName = "[No Variations]"
Added Component: Designator=R28(0603_RES)
Add component (AddParameter): Name = "Description in Visual"; Value = "Res SMT 1K 0603  1%  0.1W"; VariantName = "[No Variations]"
Add component (AddParameter): Name = "Manufacturer"; Value = "Various"; VariantName = "[No Variations]"
Add component (AddParameter): Name = "Manufacturer P/N"; Value = "Various"; VariantName = "[No Variations]"
Add component (AddParameter): Name = "P/N"; Value = "RES 0603 1K 1%"; VariantName = "[No Variations]"
Add component (AddParameter): Name = "PCB Package"; Value = "0603"; VariantName = "[No Variations]"
Add component (AddParameter): Name = "Power_Rating"; Value = "0.1W"; VariantName = "[No Variations]"
Add component (AddParameter): Name = "Tol"; Value = "1%"; VariantName = "[No Variations]"
Add component (AddParameter): Name = "Tolerance"; Value = "1%"; VariantName = "[No Variations]"
Add component (AddParameter): Name = "Val"; Value = "1K"; VariantName = "[No Variations]"
Add component (AddParameter): Name = "Value"; Value = "1K"; VariantName = "[No Variations]"
Added Component: Designator=R29(0603_RES)
Add component (AddParameter): Name = "Description in Visual"; Value = "Res SMT 10K 0603  1%  0.1W"; VariantName = "[No Variations]"
Add component (AddParameter): Name = "Manufacturer"; Value = "Various"; VariantName = "[No Variations]"
Add component (AddParameter): Name = "Manufacturer P/N"; Value = "Various"; VariantName = "[No Variations]"
Add component (AddParameter): Name = "P/N"; Value = "RES 0603 10K 1%"; VariantName = "[No Variations]"
Add component (AddParameter): Name = "PCB Package"; Value = "0603"; VariantName = "[No Variations]"
Add component (AddParameter): Name = "Power_Rating"; Value = "0.1W"; VariantName = "[No Variations]"
Add component (AddParameter): Name = "Tol"; Value = "1%"; VariantName = "[No Variations]"
Add component (AddParameter): Name = "Tolerance"; Value = "1%"; VariantName = "[No Variations]"
Add component (AddParameter): Name = "Val"; Value = "10K"; VariantName = "[No Variations]"
Add component (AddParameter): Name = "Value"; Value = "10K"; VariantName = "[No Variations]"
Added Component: Designator=SW1(TECO-FSMSMTR_V)
Add component (AddParameter): Name = "Actuator Length"; Value = "1.07mm"; VariantName = "[No Variations]"
Add component (AddParameter): Name = "Actuator Material"; Value = "Polyamide"; VariantName = "[No Variations]"
Add component (AddParameter): Name = "Case\/Package"; Value = "SMD/SMT"; VariantName = "[No Variations]"
Add component (AddParameter): Name = "Contact Current Rating"; Value = "50mA"; VariantName = "[No Variations]"
Add component (AddParameter): Name = "Contact Material"; Value = "Brass"; VariantName = "[No Variations]"
Add component (AddParameter): Name = "Contact Plating"; Value = "Silver"; VariantName = "[No Variations]"
Add component (AddParameter): Name = "Contact Resistance"; Value = "100mOhm"; VariantName = "[No Variations]"
Add component (AddParameter): Name = "Current Rating"; Value = "50mA"; VariantName = "[No Variations]"
Add component (AddParameter): Name = "Datasheet URL"; Value = "http://www.te.com/commerce/DocumentDelivery/DDEController?Action=showdoc&DocId=Customer+Drawing%7F1437566-3%7FC2%7Fpdf%7FEnglish%7FENG_CD_1437566-3_C2_1437566_3_1_c.dwg.pdf%7F1437566-4"; VariantName = "[No Variations]"
Add component (AddParameter): Name = "Datasheet Version"; Value = "Rev. C2, 08/2014"; VariantName = "[No Variations]"
Add component (AddParameter): Name = "Electrical Life"; Value = "20000Cycles"; VariantName = "[No Variations]"
Add component (AddParameter): Name = "ELV"; Value = "Compliant"; VariantName = "[No Variations]"
Add component (AddParameter): Name = "Illumination Type"; Value = "Illuminated"; VariantName = "[No Variations]"
Add component (AddParameter): Name = "Lead Free"; Value = "LeadFree"; VariantName = "[No Variations]"
Add component (AddParameter): Name = "Manufacturer"; Value = "TE Connectivity"; VariantName = "[No Variations]"
Add component (AddParameter): Name = "Manufacturer 1"; Value = "TE Connectivity"; VariantName = "[No Variations]"
Add component (AddParameter): Name = "Manufacturer Part Number 1"; Value = "FSMSMTR"; VariantName = "[No Variations]"
Add component (AddParameter): Name = "Manufacturer URL"; Value = "http://www.te.com/"; VariantName = "[No Variations]"
Add component (AddParameter): Name = "Max Operating Temperature"; Value = "85degC"; VariantName = "[No Variations]"
Add component (AddParameter): Name = "Max Voltage Rating (DC)"; Value = "12V"; VariantName = "[No Variations]"
Add component (AddParameter): Name = "Mechanical Life"; Value = "20000Cycles"; VariantName = "[No Variations]"
Add component (AddParameter): Name = "Min Operating Temperature"; Value = "-35degC"; VariantName = "[No Variations]"
Add component (AddParameter): Name = "Mount"; Value = "SurfaceMount"; VariantName = "[No Variations]"
Add component (AddParameter): Name = "Mounting Technology"; Value = "SurfaceMount"; VariantName = "[No Variations]"
Add component (AddParameter): Name = "Operating Force"; Value = "180gf"; VariantName = "[No Variations]"
Add component (AddParameter): Name = "Orientation"; Value = "Straight"; VariantName = "[No Variations]"
Add component (AddParameter): Name = "Package Description"; Value = "2-Pin Surface Mount Device, Body 6 x 3.5 mm, Pitch 9.19 mm"; VariantName = "[No Variations]"
Add component (AddParameter): Name = "Package Quantity"; Value = "1800"; VariantName = "[No Variations]"
Add component (AddParameter): Name = "Package Reference"; Value = "FSMSMTR"; VariantName = "[No Variations]"
Add component (AddParameter): Name = "Packaging"; Value = "TapeandReel"; VariantName = "[No Variations]"
Add component (AddParameter): Name = "REACH SVHC"; Value = "Unknown"; VariantName = "[No Variations]"
Add component (AddParameter): Name = "RoHSCompliant"; Value = "true"; VariantName = "[No Variations]"
Add component (AddParameter): Name = "Supplier 1"; Value = "Digi-Key"; VariantName = "[No Variations]"
Add component (AddParameter): Name = "Supplier Part Number 1"; Value = "450-1758-1-ND"; VariantName = "[No Variations]"
Add component (AddParameter): Name = "Switch Travel"; Value = "0.25mm"; VariantName = "[No Variations]"
Add component (AddParameter): Name = "Termination"; Value = "GullWing"; VariantName = "[No Variations]"
Add component (AddParameter): Name = "Throw Configuration"; Value = "SPST"; VariantName = "[No Variations]"
Add component (AddParameter): Name = "Voltage Rating (DC)"; Value = "24V"; VariantName = "[No Variations]"
Added Component: Designator=U7(SOT95P280X145-5N)
Add component (AddParameter): Name = "ComponentLink1Description"; Value = "Upverter"; VariantName = "[No Variations]"
Add component (AddParameter): Name = "ComponentLink1URL"; Value = "https://upverter.com/upn/revision/bed08d647fcd8b7a/"; VariantName = "[No Variations]"
Add component (AddParameter): Name = "ComponentLink2Description"; Value = "Datasheet"; VariantName = "[No Variations]"
Add component (AddParameter): Name = "ComponentLink2URL"; Value = "http://www.st.com/content/ccc/resource/technical/document/datasheet/e8/d7/48/25/eb/87/45/b3/CD00167470.pdf/files/CD00167470.pdf/jcr:content/translations/en.CD00167470.pdf"; VariantName = "[No Variations]"
Add component (AddParameter): Name = "Current - Output (Max)"; Value = "500mA"; VariantName = "[No Variations]"
Add component (AddParameter): Name = "Digikey Description"; Value = "IC PWR SWITCH 1CH 500MA SOT23-5"; VariantName = "[No Variations]"
Add component (AddParameter): Name = "Digikey Part Number"; Value = "497-6933-1-ND"; VariantName = "[No Variations]"
Add component (AddParameter): Name = "helpURL"; Value = "https://upverter.com/upn/revision/bed08d647fcd8b7a/"; VariantName = "[No Variations]"
Add component (AddParameter): Name = "Lead Free"; Value = "yes"; VariantName = "[No Variations]"
Add component (AddParameter): Name = "Manufacturer"; Value = "STMicroelectronics"; VariantName = "[No Variations]"
Add component (AddParameter): Name = "Manufacturer Product Page"; Value = "http://www.st.com/content/st_com/en/products/switches-and-multiplexers/power-load-switches/stmps2141.html"; VariantName = "[No Variations]"
Add component (AddParameter): Name = "Mfg Package Ident"; Value = "SOT23-5L"; VariantName = "[No Variations]"
Add component (AddParameter): Name = "Mouser Part Number"; Value = "511-STMPS2141STR"; VariantName = "[No Variations]"
Add component (AddParameter): Name = "Package"; Value = "SOT23-5L"; VariantName = "[No Variations]"
Add component (AddParameter): Name = "Part Number"; Value = "STMPS2141STR"; VariantName = "[No Variations]"
Add component (AddParameter): Name = "Price"; Value = "0.377534036938"; VariantName = "[No Variations]"
Add component (AddParameter): Name = "Rds On (Typ)"; Value = "90 mOhm"; VariantName = "[No Variations]"
Add component (AddParameter): Name = "RoHS"; Value = "TRUE"; VariantName = "[No Variations]"
Add component (AddParameter): Name = "Supplier 1"; Value = "Digi-Key"; VariantName = "[No Variations]"
Add component (AddParameter): Name = "Supplier 2"; Value = "Mouser"; VariantName = "[No Variations]"
Add component (AddParameter): Name = "Supplier Part Number 1"; Value = "497-6933-1-ND"; VariantName = "[No Variations]"
Add component (AddParameter): Name = "Supplier Part Number 2"; Value = "511-STMPS2141STR"; VariantName = "[No Variations]"
Add component (AddParameter): Name = "Temperature"; Value = "-40°C to +125°C"; VariantName = "[No Variations]"
Add component (AddParameter): Name = "Temperature Range High"; Value = "+125°C"; VariantName = "[No Variations]"
Add component (AddParameter): Name = "Temperature Range Low"; Value = "-40°C"; VariantName = "[No Variations]"
Add component (AddParameter): Name = "Voltage - Load"; Value = "2.7 V ~ 5.5 V"; VariantName = "[No Variations]"
Added Pin To Net: NetName=GND Pin=C11-1
Added Pin To Net: NetName=GND Pin=C29-1
Added Pin To Net: NetName=GND Pin=C30-1
Added Pin To Net: NetName=GND Pin=C31-1
Added Pin To Net: NetName=GND Pin=C32-1
Added Pin To Net: NetName=GND Pin=C33-1
Added Pin To Net: NetName=GND Pin=C34-2
Added Pin To Net: NetName=GND Pin=C35-2
Added Pin To Net: NetName=GND Pin=C36-2
Added Pin To Net: NetName=GND Pin=C37-1
Added Pin To Net: NetName=GND Pin=J8-1
Added Pin To Net: NetName=HV- Pin=R22-1
Added Pin To Net: NetName=FAULT_HV Pin=R22-2
Added Pin To Net: NetName=GND Pin=R23-1
Added Pin To Net: NetName=GND Pin=R24-2
Added Pin To Net: NetName=GND Pin=R25-2
Added Pin To Net: NetName=GND Pin=R26-2
Added Pin To Net: NetName=\MCURST Pin=R29-1
Added Pin To Net: NetName=GND Pin=SW1-1
Added Pin To Net: NetName=GND Pin=U2-4
Added Pin To Net: NetName=GND Pin=U5-3
Added Pin To Net: NetName=GND Pin=U5-5
Added Pin To Net: NetName=GND Pin=U5-21
Added Pin To Net: NetName=I2C.SDA Pin=U5-27
Added Pin To Net: NetName=I2C.SCL Pin=U5-28
Added Pin To Net: NetName=GND Pin=U6-9
Added Pin To Net: NetName=GND Pin=U7-2
Added Pin To Net: NetName=+5 Pin=U7-5
Added Pin To Net: NetName=+5_AVCC Pin=C30-2
Added Pin To Net: NetName=+5_AVCC Pin=C31-2
Added Pin To Net: NetName=+5_AVCC Pin=C32-2
Added Pin To Net: NetName=+5_AVCC Pin=FB3-2
Added Pin To Net: NetName=+5_AVCC Pin=U5-18
Added Pin To Net: NetName=+5_AVCC Pin=U5-20
Added Net: Name=+5_AVCC
Added Pin To Net: NetName=+5_MCU Pin=C29-2
Added Pin To Net: NetName=+5_MCU Pin=C34-1
Added Pin To Net: NetName=+5_MCU Pin=C35-1
Added Pin To Net: NetName=+5_MCU Pin=C36-1
Added Pin To Net: NetName=+5_MCU Pin=FB3-1
Added Pin To Net: NetName=+5_MCU Pin=R27-2
Added Pin To Net: NetName=+5_MCU Pin=U5-4
Added Pin To Net: NetName=+5_MCU Pin=U5-6
Added Pin To Net: NetName=+5_MCU Pin=U6-18
Added Pin To Net: NetName=+5_MCU Pin=U7-1
Added Net: Name=+5_MCU
Added Pin To Net: NetName=\CAN_INT Pin=U5-32
Added Pin To Net: NetName=\CAN_INT Pin=U6-12
Added Net: Name=\CAN_INT
Added Pin To Net: NetName=\CAN_RST_IN Pin=R28-1
Added Pin To Net: NetName=\CAN_RST_IN Pin=U6-17
Added Net: Name=\CAN_RST_IN
Added Pin To Net: NetName=\CAN_RST Pin=C33-2
Added Pin To Net: NetName=\CAN_RST Pin=R27-1
Added Pin To Net: NetName=\CAN_RST Pin=R28-2
Added Net: Name=\CAN_RST
Added Pin To Net: NetName=\CANCS Pin=U5-11
Added Net: Name=\CANCS
Added Pin To Net: NetName=BRAKE Pin=U5-23
Added Net: Name=BRAKE
Added Pin To Net: NetName=BSPD_FLT Pin=U5-25
Added Net: Name=BSPD_FLT
Added Pin To Net: NetName=CAN_STBY Pin=U5-2
Added Net: Name=CAN_STBY
Added Pin To Net: NetName=DCDC_FLT Pin=U5-1
Added Net: Name=DCDC_FLT
Added Pin To Net: NetName=FAN1_PWM Pin=U5-9
Added Net: Name=FAN1_PWM
Added Pin To Net: NetName=FAN2_PWM Pin=U5-10
Added Net: Name=FAN2_PWM
Added Pin To Net: NetName=HV_CUR Pin=U5-24
Added Net: Name=HV_CUR
Added Pin To Net: NetName=LED1 Pin=D4-A
Added Pin To Net: NetName=LED1 Pin=U5-12
Added Net: Name=LED1
Added Pin To Net: NetName=LED2 Pin=D5-A
Added Pin To Net: NetName=LED2 Pin=U5-13
Added Net: Name=LED2
Added Pin To Net: NetName=LED3 Pin=D6-A
Added Pin To Net: NetName=LED3 Pin=U5-14
Added Net: Name=LED3
Added Pin To Net: NetName=NetC37_2 Pin=C37-2
Added Pin To Net: NetName=NetC37_2 Pin=R29-2
Added Pin To Net: NetName=NetC37_2 Pin=SW1-2
Added Net: Name=NetC37_2
Added Pin To Net: NetName=NetD4_C Pin=D4-C
Added Pin To Net: NetName=NetD4_C Pin=R24-1
Added Net: Name=NetD4_C
Added Pin To Net: NetName=NetD5_C Pin=D5-C
Added Pin To Net: NetName=NetD5_C Pin=R25-1
Added Net: Name=NetD5_C
Added Pin To Net: NetName=NetD6_C Pin=D6-C
Added Pin To Net: NetName=NetD6_C Pin=R26-1
Added Net: Name=NetD6_C
Added Pin To Net: NetName=NetR23_2 Pin=R23-2
Added Pin To Net: NetName=NetR23_2 Pin=U7-4
Added Net: Name=NetR23_2
Added Pin To Net: NetName=RX_CAN Pin=U6-2
Added Net: Name=RX_CAN
Added Pin To Net: NetName=SPI.MISO Pin=U5-16
Added Pin To Net: NetName=SPI.MISO Pin=U6-15
Added Net: Name=SPI.MISO
Added Pin To Net: NetName=SPI.MOSI Pin=U5-15
Added Pin To Net: NetName=SPI.MOSI Pin=U6-14
Added Net: Name=SPI.MOSI
Added Pin To Net: NetName=SPI.SCK Pin=U5-17
Added Pin To Net: NetName=SPI.SCK Pin=U6-13
Added Net: Name=SPI.SCK
Added Pin To Net: NetName=TSAL_THERM Pin=U5-22
Added Net: Name=TSAL_THERM
Added Pin To Net: NetName=TX_CAN Pin=U6-1
Added Net: Name=TX_CAN
Added Pin To Net: NetName=UART.RXD Pin=J8-3
Added Pin To Net: NetName=UART.RXD Pin=U5-30
Added Net: Name=UART.RXD
Added Pin To Net: NetName=UART.TXD Pin=J8-2
Added Pin To Net: NetName=UART.TXD Pin=U5-31
Added Net: Name=UART.TXD
Added Pin To Net: NetName=VICOR_THERM Pin=U5-19
Added Net: Name=VICOR_THERM
Change Class Name : Old Net Name=C19_Nets New Net Name=C11_Nets
Added Class: Name=C19_Nets
Added Class: Name=C29_Nets
Added Class: Name=C30_Nets
Added Class: Name=C31_Nets
Added Class: Name=C32_Nets
Added Class: Name=C33_Nets
Added Class: Name=C34_Nets
Added Class: Name=C35_Nets
Added Class: Name=C36_Nets
Added Class: Name=C37_Nets
Added Class: Name=D4_Nets
Added Class: Name=D5_Nets
Added Class: Name=D6_Nets
Added Class: Name=FB3_Nets
Added Class: Name=J7_Nets
Added Class: Name=J8_Nets
Added Class: Name=R22_Nets
Added Class: Name=R23_Nets
Added Class: Name=R24_Nets
Added Class: Name=R25_Nets
Added Class: Name=R26_Nets
Added Class: Name=R27_Nets
Added Class: Name=R28_Nets
Added Class: Name=R29_Nets
Added Class: Name=SPI
Added Class: Name=SW1_Nets
Added Class: Name=U7_Nets
Added Class: Name=UART
Added Member To Class: ClassName=U_MCU Member=Component C29 CAP 0603 0.1UF 50V 10% X7R
Added Member To Class: ClassName=U_MCU Member=Component C30 CAP 0603 1UF 50V 10% X7R
Added Member To Class: ClassName=U_MCU Member=Component C31 CAP 0603 0.1UF 25V 10% X7R
Added Member To Class: ClassName=U_MCU Member=Component C32 CAP 0603 0.01UF 100V 10% X7R
Added Member To Class: ClassName=U_MCU Member=Component C33 CAP 0603 0.01UF 16V 10% X7R
Added Member To Class: ClassName=U_MCU Member=Component C34 CAP 0603 0.1UF 25V 10% X7R
Added Member To Class: ClassName=U_MCU Member=Component C35 CAP 0603 0.1UF 25V 10% X7R
Added Member To Class: ClassName=U_MCU Member=Component C36 CAP 0603 0.1UF 25V 10% X7R
Added Member To Class: ClassName=U_MCU Member=Component C37 CAP 0603 1UF 50V 10% X7R
Added Member To Class: ClassName=U_MCU Member=Component D4 SM0805GCL
Added Member To Class: ClassName=U_MCU Member=Component D5 SM0805HCL
Added Member To Class: ClassName=U_MCU Member=Component D6 SM0805YCL
Added Member To Class: ClassName=U_MCU Member=Component FB3 Ferrite Chip 2500 Ohms
Added Member To Class: ClassName=U_MCU Member=Component J8 Con_1x3_UART
Added Member To Class: ClassName=U_DCDC Member=Component R22 RES 0805 50.5 0.1%
Added Member To Class: ClassName=U_MCU Member=Component R23 RES 0603 10K 1%
Added Member To Class: ClassName=U_MCU Member=Component R24 RES 0603 1.5K 1%
Added Member To Class: ClassName=U_MCU Member=Component R25 RES 0603 1.5K 1%
Added Member To Class: ClassName=U_MCU Member=Component R26 RES 0603 1.5K 1%
Added Member To Class: ClassName=U_MCU Member=Component R27 RES 0603 100K 1%
Added Member To Class: ClassName=U_MCU Member=Component R28 RES 0603 1K 1%
Added Member To Class: ClassName=U_MCU Member=Component R29 RES 0603 10K 1%
Added Member To Class: ClassName=U_MCU Member=Component SW1 FSMSMTR
Added Member To Class: ClassName=U_MCU Member=Component U7 STMPS2141STR
Added Member To Class: ClassName=U5_Nets Member=Wire +5_AVCC
Added Member To Class: ClassName=U5_Nets Member=Wire +5_MCU
Added Member To Class: ClassName=U6_Nets Member=Wire +5_MCU
Added Member To Class: ClassName=U5_Nets Member=Wire \CAN_INT
Added Member To Class: ClassName=U6_Nets Member=Wire \CAN_INT
Added Member To Class: ClassName=U6_Nets Member=Wire \CAN_RST_IN
Added Member To Class: ClassName=U5_Nets Member=Wire \CANCS
Added Member To Class: ClassName=U5_Nets Member=Wire BRAKE
Added Member To Class: ClassName=U5_Nets Member=Wire BSPD_FLT
Added Member To Class: ClassName=U5_Nets Member=Wire CAN_STBY
Added Member To Class: ClassName=U5_Nets Member=Wire DCDC_EN
Added Member To Class: ClassName=U5_Nets Member=Wire DCDC_FLT
Added Member To Class: ClassName=U5_Nets Member=Wire FAN1_PWM
Added Member To Class: ClassName=U5_Nets Member=Wire FAN2_PWM
Added Member To Class: ClassName=U2_Nets Member=Wire GND
Added Member To Class: ClassName=U5_Nets Member=Wire GND
Added Member To Class: ClassName=U6_Nets Member=Wire GND
Added Member To Class: ClassName=U5_Nets Member=Wire HV_CUR
Added Member To Class: ClassName=U5_Nets Member=Wire I2C.SCL
Added Member To Class: ClassName=U5_Nets Member=Wire I2C.SDA
Added Member To Class: ClassName=U5_Nets Member=Wire LED1
Added Member To Class: ClassName=U5_Nets Member=Wire LED2
Added Member To Class: ClassName=U5_Nets Member=Wire LED3
Added Member To Class: ClassName=U6_Nets Member=Wire RX_CAN
Added Member To Class: ClassName=U5_Nets Member=Wire SPI.MISO
Added Member To Class: ClassName=U6_Nets Member=Wire SPI.MISO
Added Member To Class: ClassName=U5_Nets Member=Wire SPI.MOSI
Added Member To Class: ClassName=U6_Nets Member=Wire SPI.MOSI
Added Member To Class: ClassName=U5_Nets Member=Wire SPI.SCK
Added Member To Class: ClassName=U6_Nets Member=Wire SPI.SCK
Added Member To Class: ClassName=U5_Nets Member=Wire TSAL_THERM
Added Member To Class: ClassName=U6_Nets Member=Wire TX_CAN
Added Member To Class: ClassName=U5_Nets Member=Wire UART.RXD
Added Member To Class: ClassName=U5_Nets Member=Wire UART.TXD
Added Member To Class: ClassName=U5_Nets Member=Wire VICOR_THERM
