Removed Pin From Net: NetName=+12 Pin=L4-1
Removed Pin From Net: NetName=NetC26_2 Pin=L4-2
Removed Member From Class: ClassName=Top Member=L4
Change Component Footprint: Designator=C5 Old Footprint=ECA-1VM472 New Footprint=ECA-1VM472
Change Component Footprint: Designator=C10 Old Footprint=ECA-1VM472 New Footprint=ECA-1VM472
Added Component: Designator=L3(MSS5131_L)
Add component (AddParameter): Name = "ComponentLink1Description"; Value = "Manufacturer Website"; VariantName = "[No Variations]"
Add component (AddParameter): Name = "ComponentLink1URL"; Value = "http://www.coilcraft.com"; VariantName = "[No Variations]"
Add component (AddParameter): Name = "ComponentLink2Description"; Value = "Component Datasheet"; VariantName = "[No Variations]"
Add component (AddParameter): Name = "ComponentLink2URL"; Value = "http://www.coilcraft.com/pdfs/mss5131.pdf"; VariantName = "[No Variations]"
Add component (AddParameter): Name = "ComponentLink3Description"; Value = "Octopart Link"; VariantName = "[No Variations]"
Add component (AddParameter): Name = "ComponentLink3URL"; Value = "http://octopart.com/partsearch/#search/requestData&q=MSS5131-123MS"; VariantName = "[No Variations]"
Add component (AddParameter): Name = "DCR Typ (mohms)"; Value = "100"; VariantName = "[No Variations]"
Add component (AddParameter): Name = "Description in Visual"; Value = "Inductor SMT 12uH 0.97AIrms 100mOhms"; VariantName = "[No Variations]"
Add component (AddParameter): Name = "Inductance"; Value = "12uH"; VariantName = "[No Variations]"
Add component (AddParameter): Name = "Irms (A)"; Value = "0.97"; VariantName = "[No Variations]"
Add component (AddParameter): Name = "Isat (A)"; Value = "0.72"; VariantName = "[No Variations]"
Add component (AddParameter): Name = "Manufacturer"; Value = "Coilcraft"; VariantName = "[No Variations]"
Add component (AddParameter): Name = "Manufacturer P/N"; Value = "MSS5131-123MS"; VariantName = "[No Variations]"
Add component (AddParameter): Name = "P/N"; Value = "MSS5131-123MS"; VariantName = "[No Variations]"
Add component (AddParameter): Name = "PCB Package"; Value = "NON-STD SMT"; VariantName = "[No Variations]"
Add component (AddParameter): Name = "Shielding"; Value = "Shielded"; VariantName = "[No Variations]"
Added Pin To Net: NetName=+12 Pin=L3-1
Added Pin To Net: NetName=+12 Pin=L3-1
Added Pin To Net: NetName=+12 Pin=L3-1
Added Pin To Net: NetName=NetC26_2 Pin=L3-2
Added Pin To Net: NetName=NetC26_2 Pin=L3-2
Added Pin To Net: NetName=NetC26_2 Pin=L3-2
Added Member To Class: ClassName=Top Member=Component L3 Inductor
