Removed Member From Class: ClassName=U_DCDC Member=C42
Removed Member From Class: ClassName=U_DCDC Member=C43
Removed Member From Class: ClassName=U_DCDC Member=C44
Removed Member From Class: ClassName=U_DCDC Member=C45
Removed Member From Class: ClassName=U_DCDC Member=C46
Removed Member From Class: ClassName=U_DCDC Member=R32
Removed Member From Class: ClassName=U_DCDC Member=R33
Removed Member From Class: ClassName=U_MCU Member=R35
Removed Member From Class: ClassName=C12_Nets Member=BASE
Removed Member From Class: ClassName=C8_Nets Member=DCDC_CAP
Removed Member From Class: ClassName=C43_Nets Member=FILT
Removed Member From Class: ClassName=SW1_Nets Member=NetC33_2
Removed Member From Class: ClassName=L5_Nets Member=NetC37_2
Removed Member From Class: ClassName=PS2_Nets Member=NetC37_2
Removed Member From Class: ClassName=PWR Member=NetC37_2
Removed Member From Class: ClassName=TS Member=NetR5_1
Removed Member From Class: ClassName=U3_Nets Member=NetR15_2
Removed Member From Class: ClassName=U4_Nets Member=NetR18_2
Removed Member From Class: ClassName=U7_Nets Member=NetR26_1
Removed Member From Class: ClassName=C9_Nets Member=VICOR_OUT
Change Component Designator: OldDesignator=C1 NewDesignator=C4
Change Component Designator: OldDesignator=C2 NewDesignator=C5
Change Component Designator: OldDesignator=C3 NewDesignator=C6
Change Component Designator: OldDesignator=C4 NewDesignator=C7
Change Component Designator: OldDesignator=C5 NewDesignator=C8
Change Component Designator: OldDesignator=C7 NewDesignator=C1
Change Component Designator: OldDesignator=C8 NewDesignator=C2
Change Component Designator: OldDesignator=C9 NewDesignator=C13
Change Component Designator: OldDesignator=C10 NewDesignator=C14
Change Component Designator: OldDesignator=C11 NewDesignator=C15
Change Component Designator: OldDesignator=C12 NewDesignator=C16
Change Component Designator: OldDesignator=C13 NewDesignator=C17
Change Component Designator: OldDesignator=C14 NewDesignator=C18
Change Component Designator: OldDesignator=C15 NewDesignator=C19
Change Component Designator: OldDesignator=C16 NewDesignator=C20
Change Component Designator: OldDesignator=C17 NewDesignator=C21
Change Component Designator: OldDesignator=C18 NewDesignator=C22
Change Component Designator: OldDesignator=C19 NewDesignator=C23
Change Component Designator: OldDesignator=C20 NewDesignator=C24
Change Component Designator: OldDesignator=C21 NewDesignator=C25
Change Component Designator: OldDesignator=C22 NewDesignator=C26
Change Component Designator: OldDesignator=C23 NewDesignator=C27
Change Component Designator: OldDesignator=C24 NewDesignator=C28
Change Component Designator: OldDesignator=C25 NewDesignator=C29
Change Component Designator: OldDesignator=C26 NewDesignator=C30
Change Component Designator: OldDesignator=C27 NewDesignator=C31
Change Component Designator: OldDesignator=C28 NewDesignator=C32
Change Component Designator: OldDesignator=C29 NewDesignator=C33
Change Component Designator: OldDesignator=C30 NewDesignator=C34
Change Component Designator: OldDesignator=C31 NewDesignator=C35
Change Component Designator: OldDesignator=C32 NewDesignator=C36
Change Component Designator: OldDesignator=C33 NewDesignator=C37
Change Component Designator: OldDesignator=C34 NewDesignator=C38
Change Component Designator: OldDesignator=C35 NewDesignator=C39
Change Component Designator: OldDesignator=C36 NewDesignator=C40
Change Component Designator: OldDesignator=C37 NewDesignator=C41
Change Component Designator: OldDesignator=C38 NewDesignator=C42
Change Component Designator: OldDesignator=C39 NewDesignator=C43
Change Component Designator: OldDesignator=C40 NewDesignator=C44
Change Component Designator: OldDesignator=C41 NewDesignator=C45
Change Component Designator: OldDesignator=C42 NewDesignator=C3
Change Component Designator: OldDesignator=C43 NewDesignator=C9
Change Component Designator: OldDesignator=C44 NewDesignator=C10
Change Component Designator: OldDesignator=C45 NewDesignator=C11
Change Component Designator: OldDesignator=C46 NewDesignator=C12
Change Component Designator: OldDesignator=D1 NewDesignator=D2
Change Component Designator: OldDesignator=D2 NewDesignator=D1
Change Component Designator: OldDesignator=D7 NewDesignator=D8
Change Component Designator: OldDesignator=D8 NewDesignator=D10
Change Component Designator: OldDesignator=D10 NewDesignator=D7
Change Component Designator: OldDesignator=J2 NewDesignator=J4
Change Component Designator: OldDesignator=J4 NewDesignator=J2
Change Component Designator: OldDesignator=J6 NewDesignator=J5
Change Component Designator: OldDesignator=J7 NewDesignator=J6
Change Component Designator: OldDesignator=J9 NewDesignator=J8
Change Component Designator: OldDesignator=J10 NewDesignator=J9
Change Component Designator: OldDesignator=J11 NewDesignator=J10
Change Component Designator: OldDesignator=R1 NewDesignator=R4
Change Component Designator: OldDesignator=R2 NewDesignator=R3
Change Component Designator: OldDesignator=R3 NewDesignator=R5
Change Component Designator: OldDesignator=R4 NewDesignator=R6
Change Component Designator: OldDesignator=R5 NewDesignator=R7
Change Component Designator: OldDesignator=R6 NewDesignator=R9
Change Component Designator: OldDesignator=R7 NewDesignator=R10
Change Component Designator: OldDesignator=R8 NewDesignator=R11
Change Component Designator: OldDesignator=R9 NewDesignator=R12
Change Component Designator: OldDesignator=R10 NewDesignator=R13
Change Component Designator: OldDesignator=R11 NewDesignator=R14
Change Component Designator: OldDesignator=R12 NewDesignator=R15
Change Component Designator: OldDesignator=R13 NewDesignator=R16
Change Component Designator: OldDesignator=R14 NewDesignator=R17
Change Component Designator: OldDesignator=R15 NewDesignator=R18
Change Component Designator: OldDesignator=R16 NewDesignator=R19
Change Component Designator: OldDesignator=R17 NewDesignator=R20
Change Component Designator: OldDesignator=R18 NewDesignator=R22
Change Component Designator: OldDesignator=R19 NewDesignator=R23
Change Component Designator: OldDesignator=R20 NewDesignator=R24
Change Component Designator: OldDesignator=R21 NewDesignator=R25
Change Component Designator: OldDesignator=R22 NewDesignator=R26
Change Component Designator: OldDesignator=R23 NewDesignator=R27
Change Component Designator: OldDesignator=R24 NewDesignator=R28
Change Component Designator: OldDesignator=R25 NewDesignator=R29
Change Component Designator: OldDesignator=R26 NewDesignator=R30
Change Component Designator: OldDesignator=R27 NewDesignator=R31
Change Component Designator: OldDesignator=R28 NewDesignator=R32
Change Component Designator: OldDesignator=R29 NewDesignator=R33
Change Component Designator: OldDesignator=R30 NewDesignator=R34
Change Component Designator: OldDesignator=R31 NewDesignator=R35
Change Component Designator: OldDesignator=R32 NewDesignator=R1
Change Component Designator: OldDesignator=R33 NewDesignator=R2
Change Component Designator: OldDesignator=R34 NewDesignator=R8
Change Component Designator: OldDesignator=R35 NewDesignator=R21
Change Net Name : Old Net Name=NetC33_2 New Net Name=NetC37_2
Change Net Name : Old Net Name=NetC37_2 New Net Name=NetC41_2
Change Net Name : Old Net Name=NetR5_1 New Net Name=NetR7_1
Change Net Name : Old Net Name=NetR15_2 New Net Name=NetR18_2
Change Net Name : Old Net Name=NetR18_2 New Net Name=NetR22_2
Change Net Name : Old Net Name=NetR26_1 New Net Name=NetR30_1
Change Class Name : Old Net Name=C1_Nets New Net Name=C4_Nets
Change Class Name : Old Net Name=C2_Nets New Net Name=C5_Nets
Change Class Name : Old Net Name=C3_Nets New Net Name=C6_Nets
Change Class Name : Old Net Name=C4_Nets New Net Name=C7_Nets
Change Class Name : Old Net Name=C5_Nets New Net Name=R5_Nets
Change Class Name : Old Net Name=C10_Nets New Net Name=C14_Nets
Change Class Name : Old Net Name=C11_Nets New Net Name=C15_Nets
Change Class Name : Old Net Name=C13_Nets New Net Name=C21_Nets
Change Class Name : Old Net Name=C14_Nets New Net Name=C25_Nets
Change Class Name : Old Net Name=C15_Nets New Net Name=C19_Nets
Change Class Name : Old Net Name=C16_Nets New Net Name=C20_Nets
Change Class Name : Old Net Name=C19_Nets New Net Name=C23_Nets
Change Class Name : Old Net Name=C20_Nets New Net Name=C24_Nets
Change Class Name : Old Net Name=C21_Nets New Net Name=C27_Nets
Change Class Name : Old Net Name=C22_Nets New Net Name=C26_Nets
Change Class Name : Old Net Name=C24_Nets New Net Name=C30_Nets
Change Class Name : Old Net Name=C25_Nets New Net Name=C29_Nets
Change Class Name : Old Net Name=C26_Nets New Net Name=C28_Nets
Change Class Name : Old Net Name=C27_Nets New Net Name=C31_Nets
Change Class Name : Old Net Name=C28_Nets New Net Name=C32_Nets
Change Class Name : Old Net Name=C31_Nets New Net Name=C34_Nets
Change Class Name : Old Net Name=C32_Nets New Net Name=C33_Nets
Change Class Name : Old Net Name=C34_Nets New Net Name=C38_Nets
Change Class Name : Old Net Name=C35_Nets New Net Name=C39_Nets
Change Class Name : Old Net Name=C36_Nets New Net Name=C40_Nets
Change Class Name : Old Net Name=C38_Nets New Net Name=C45_Nets
Change Class Name : Old Net Name=C40_Nets New Net Name=C44_Nets
Change Class Name : Old Net Name=C41_Nets New Net Name=C42_Nets
Change Class Name : Old Net Name=D2_Nets New Net Name=D1_Nets
Change Class Name : Old Net Name=D7_Nets New Net Name=D8_Nets
Change Class Name : Old Net Name=D8_Nets New Net Name=D10_Nets
Change Class Name : Old Net Name=D10_Nets New Net Name=D7_Nets
Change Class Name : Old Net Name=J2_Nets New Net Name=J4_Nets
Change Class Name : Old Net Name=J6_Nets New Net Name=J5_Nets
Change Class Name : Old Net Name=J7_Nets New Net Name=J6_Nets
Change Class Name : Old Net Name=J9_Nets New Net Name=J8_Nets
Change Class Name : Old Net Name=J10_Nets New Net Name=J9_Nets
Change Class Name : Old Net Name=J11_Nets New Net Name=J10_Nets
Change Class Name : Old Net Name=R1_Nets New Net Name=R4_Nets
Change Class Name : Old Net Name=R2_Nets New Net Name=R3_Nets
Change Class Name : Old Net Name=R4_Nets New Net Name=R6_Nets
Change Class Name : Old Net Name=R6_Nets New Net Name=R9_Nets
Change Class Name : Old Net Name=R7_Nets New Net Name=R10_Nets
Change Class Name : Old Net Name=R8_Nets New Net Name=R11_Nets
Change Class Name : Old Net Name=R9_Nets New Net Name=R12_Nets
Change Class Name : Old Net Name=R10_Nets New Net Name=R13_Nets
Change Class Name : Old Net Name=R11_Nets New Net Name=R14_Nets
Change Class Name : Old Net Name=R12_Nets New Net Name=R15_Nets
Change Class Name : Old Net Name=R13_Nets New Net Name=R16_Nets
Change Class Name : Old Net Name=R14_Nets New Net Name=R17_Nets
Change Class Name : Old Net Name=R16_Nets New Net Name=R19_Nets
Change Class Name : Old Net Name=R17_Nets New Net Name=R20_Nets
Change Class Name : Old Net Name=R19_Nets New Net Name=R23_Nets
Change Class Name : Old Net Name=R20_Nets New Net Name=R24_Nets
Change Class Name : Old Net Name=R21_Nets New Net Name=R25_Nets
Change Class Name : Old Net Name=R22_Nets New Net Name=R26_Nets
Change Class Name : Old Net Name=R24_Nets New Net Name=R28_Nets
Change Class Name : Old Net Name=R25_Nets New Net Name=R29_Nets
Change Class Name : Old Net Name=R27_Nets New Net Name=R31_Nets
Change Class Name : Old Net Name=R28_Nets New Net Name=R32_Nets
Change Class Name : Old Net Name=R29_Nets New Net Name=R33_Nets
Change Class Name : Old Net Name=R30_Nets New Net Name=R34_Nets
Change Class Name : Old Net Name=R31_Nets New Net Name=R35_Nets
Change Class Name : Old Net Name=R32_Nets New Net Name=R1_Nets
Change Class Name : Old Net Name=R35_Nets New Net Name=R21_Nets
Added Class: Name=C1_Nets
Added Class: Name=C2_Nets
Added Class: Name=C3_Nets
Added Class: Name=C10_Nets
Added Class: Name=C11_Nets
Added Class: Name=C13_Nets
Added Class: Name=C16_Nets
Added Class: Name=C22_Nets
Added Class: Name=C35_Nets
Added Class: Name=C36_Nets
Added Class: Name=C41_Nets
Added Class: Name=D2_Nets
Added Class: Name=J2_Nets
Added Class: Name=J7_Nets
Added Class: Name=R2_Nets
Added Class: Name=R7_Nets
Added Class: Name=R8_Nets
Added Class: Name=R22_Nets
Added Class: Name=R27_Nets
Added Class: Name=R30_Nets
Added Member To Class: ClassName=U_DCDC Member=Component C6 B32021A3222K000
Added Member To Class: ClassName=U_DCDC Member=Component C20 CAP 0805 0.1UF 100V 10% X7R
Added Member To Class: ClassName=U_DCDC Member=Component C21 CAP 0603 10UF 16V 20% X5R
Added Member To Class: ClassName=U_DCDC Member=Component C22 CAP 0603 4.7UF 35V 10% X5R
Added Member To Class: ClassName=U_DCDC Member=Component C23 CAP 0805 0.1UF 100V 10% X7R
Added Member To Class: ClassName=U_DCDC Member=Component R6 RES 0805 50.5 0.1%
Added Member To Class: ClassName=U_DCDC Member=Component R7 RES 0603 62.6K 0.1%
Added Member To Class: ClassName=U_MCU Member=Component R25 RES 0603 100K 1%
Added Member To Class: ClassName=C43_Nets Member=Wire +5
Added Member To Class: ClassName=C9_Nets Member=Wire FILT
Added Member To Class: ClassName=C12_Nets Member=Wire FILT
Added Member To Class: ClassName=C43_Nets Member=Wire GND
Added Member To Class: ClassName=C8_Nets Member=Wire HV+
Added Member To Class: ClassName=C8_Nets Member=Wire HV-
Added Member To Class: ClassName=SW1_Nets Member=Wire NetC37_2
Added Member To Class: ClassName=L5_Nets Member=Wire NetC41_2
Added Member To Class: ClassName=PS2_Nets Member=Wire NetC41_2
Added Member To Class: ClassName=PWR Member=Wire NetC41_2
Added Member To Class: ClassName=TS Member=Wire NetR7_1
Added Member To Class: ClassName=U3_Nets Member=Wire NetR18_2
Added Member To Class: ClassName=U4_Nets Member=Wire NetR22_2
Added Member To Class: ClassName=U7_Nets Member=Wire NetR30_1
Added Member To Class: ClassName=A1_Nets Member=Wire PGND
Added Member To Class: ClassName=C9_Nets Member=Wire PGND
Added Member To Class: ClassName=C12_Nets Member=Wire PGND
Added Member To Class: ClassName=HICUR Member=Wire PGND
Added Member To Class: ClassName=NT1_Nets Member=Wire PGND
