Change Component Footprint: Designator=C9 Old Footprint=ECA-1VM472 New Footprint=ECA-1VM472
Change Component Footprint: Designator=C10 Old Footprint=ECA-1VM472 New Footprint=ECA-1VM472
Change Component Footprint: Designator=C11 Old Footprint=ECA-1VM472 New Footprint=ECA-1VM472
Change Component Footprint: Designator=J1 Old Footprint=te-1217861-1 New Footprint=te-1217861-1
Added Pin To Net: NetName=HV+ Pin=A1-1
Added Pin To Net: NetName=HV- Pin=A1-2
Added Pin To Net: NetName=GND Pin=A1-4
Added Pin To Net: NetName=HV+ Pin=C7-1
Added Pin To Net: NetName=GND Pin=C9-2
Added Pin To Net: NetName=GND Pin=C10-2
Added Pin To Net: NetName=GND Pin=C11-2
Added Pin To Net: NetName=HV- Pin=C12-2
Added Pin To Net: NetName=GND Pin=C13-2
Added Pin To Net: NetName=GND Pin=C16-1
Added Pin To Net: NetName=GND Pin=C17-1
Added Pin To Net: NetName=GND Pin=C18-2
Added Pin To Net: NetName=GND Pin=C19-1
Added Pin To Net: NetName=HV- Pin=C20-1
Added Pin To Net: NetName=HV- Pin=C21-2
Added Pin To Net: NetName=3.3_HV Pin=C23-2
Added Pin To Net: NetName=GND Pin=C25-1
Added Pin To Net: NetName=GND Pin=C26-1
Added Pin To Net: NetName=GND Pin=C27-1
Added Pin To Net: NetName=3.3_HV Pin=FB3-1
Added Pin To Net: NetName=GND Pin=PS1-2
Added Pin To Net: NetName=EN Pin=U1-17
Added Pin To Net: NetName=FAULT Pin=U1-18
Added Pin To Net: NetName=+5 Pin=C16-2
Added Pin To Net: NetName=+5 Pin=C27-2
Added Pin To Net: NetName=+5 Pin=FB2-1
Added Pin To Net: NetName=+5 Pin=PS1-3
Added Net: Name=+5
Added Pin To Net: NetName=+12 Pin=C10-1
Added Pin To Net: NetName=+12 Pin=C11-1
Added Pin To Net: NetName=+12 Pin=C25-2
Added Pin To Net: NetName=+12 Pin=L3-2
Added Pin To Net: NetName=+12 Pin=L4-1
Added Pin To Net: NetName=+12 Pin=R4-2
Added Net: Name=+12
Added Pin To Net: NetName=EN_IN Pin=U1-4
Added Net: Name=EN_IN
Added Pin To Net: NetName=FAULT_OUT Pin=U1-3
Added Net: Name=FAULT_OUT
Added Pin To Net: NetName=NetA1_3 Pin=A1-3
Added Pin To Net: NetName=NetA1_3 Pin=C8-1
Added Pin To Net: NetName=NetA1_3 Pin=C9-1
Added Pin To Net: NetName=NetA1_3 Pin=L3-1
Added Pin To Net: NetName=NetA1_3 Pin=R4-1
Added Net: Name=NetA1_3
Added Pin To Net: NetName=NetC17_2 Pin=C17-2
Added Pin To Net: NetName=NetC17_2 Pin=C18-1
Added Pin To Net: NetName=NetC17_2 Pin=C19-2
Added Pin To Net: NetName=NetC17_2 Pin=FB2-2
Added Pin To Net: NetName=NetC17_2 Pin=U1-1
Added Pin To Net: NetName=NetC17_2 Pin=U1-9
Added Net: Name=NetC17_2
Added Pin To Net: NetName=NetC20_2 Pin=C20-2
Added Pin To Net: NetName=NetC20_2 Pin=C21-1
Added Pin To Net: NetName=NetC20_2 Pin=C22-2
Added Pin To Net: NetName=NetC20_2 Pin=FB3-2
Added Pin To Net: NetName=NetC20_2 Pin=U1-12
Added Pin To Net: NetName=NetC20_2 Pin=U1-20
Added Net: Name=NetC20_2
Added Pin To Net: NetName=NetC26_2 Pin=C26-2
Added Pin To Net: NetName=NetC26_2 Pin=L4-2
Added Pin To Net: NetName=NetC26_2 Pin=PS1-1
Added Net: Name=NetC26_2
Added Pin To Net: NetName=VSEL Pin=R5-1
Added Pin To Net: NetName=VSEL Pin=R6-2
Added Pin To Net: NetName=VSEL Pin=U1-13
Added Net: Name=VSEL
