Removed Member From Class: ClassName=U_Filter Member=C11
Removed Member From Class: ClassName=U_Filter Member=C13
Removed Member From Class: ClassName=U_Filter Member=C15
Removed Member From Class: ClassName=U_Filter Member=C17
Removed Member From Class: ClassName=U_Current Sense Member=C19
Removed Member From Class: ClassName=U_DCDC Member=C19
Removed Member From Class: ClassName=U_DCDC Member=C25
Removed Member From Class: ClassName=U_Filter Member=R8
Change Component Footprint: Designator=C28 Old Footprint=ECA-1VM472 New Footprint=ECA-1VM472
Change Component Footprint: Designator=J7 Old Footprint=MOLX-22-23-2031_V New Footprint=MOLX-22-23-2031_V
Change Component Footprint: Designator=L2 Old Footprint=WE-HCI-7050 New Footprint=WE-HCI-7050
Added Member To Class: ClassName=Top Member=Component C9 CAP 0603 0.1UF 25V 10% X7R
Added Member To Class: ClassName=Top Member=Component C16 CAP 0603 10UF 25V 20% X5R
Added Member To Class: ClassName=Top Member=Component C18 CAP 0603 10UF 25V 20% X5R
Added Member To Class: ClassName=U_Filter Member=Component C20 B32021A3472K289
Added Member To Class: ClassName=U_Filter Member=Component C21 B32922C3334M000
Added Member To Class: ClassName=U_Filter Member=Component C22 B32774D4226K000
Added Member To Class: ClassName=U_Filter Member=Component C23 B32021A3472K289
Added Member To Class: ClassName=U_Current Sense Member=Component C24 CAP 0603 0.1UF 10V 10% X7R
Added Member To Class: ClassName=U_DCDC Member=Component C29 B32021A3472K289
Added Member To Class: ClassName=U_DCDC Member=Component C30 B32021A3472K289
Added Member To Class: ClassName=Top Member=Component R7 RES 0603 10K 1%
Added Member To Class: ClassName=Top Member=Component R9 RES 0603 10K 1%
Added Member To Class: ClassName=U_Filter Member=Component R10 MHR0422SA107F70
Added Member To Class: ClassName=U_Current Sense Member=Component R13 RES 0603 0 5%
Added Member To Class: ClassName=U_Current Sense Member=Component R14 RES 0603 0 5%
Added Member To Class: ClassName=U_Current Sense Member=Component R15 RES 0603 0 5%
