Removed Pin From Net: NetName=HV+ Pin=R2-1
Removed Pin From Net: NetName=HV- Pin=R2-2
Change Component Footprint: Designator=R2 Old Footprint=mur_MHR0317SA106F70 New Footprint=mur_MHR0422SA107F70
Change Component Footprint: Designator=J1 Old Footprint=te-1217861-1 New Footprint=te-1217861-1
Change Component Comment : Designator=R2 Old Comment=MHR0317SA106F70 New Comment=MHR0422SA107F70
Change component parameters: Designator = "R2" ("R2"); Footprint = "mur_MHR0317SA106F70"; UniqueID = "\USQEXGVK" ("\USQEXGVK")
Change component parameters (AddParameter): Name = "Manufacturer"; Value = "Murata"; VariantName = "[No Variations]"
Change component parameters (AddParameter): Name = "Manufacturer Part Number"; Value = "MHR0422SA107F70"; VariantName = "[No Variations]"
Change component parameters (AddParameter): Name = "Power"; Value = "1.3W"; VariantName = "[No Variations]"
Change component parameters (AddParameter): Name = "Supplier 1"; Value = "Digi-Key"; VariantName = "[No Variations]"
Change component parameters (AddParameter): Name = "Supplier Part Number 1"; Value = "490-18226-ND"; VariantName = "[No Variations]"
Change component parameters (AddParameter): Name = "Value"; Value = "100M"; VariantName = "[No Variations]"
Added Component: Designator=J2(IPL1-110-01-F-D-RA-K)
Add component (AddParameter): Name = "Category"; Value = "Connectors"; VariantName = "[No Variations]"
Add component (AddParameter): Name = "Gender"; Value = "Male"; VariantName = "[No Variations]"
Add component (AddParameter): Name = "Manufacturer"; Value = "Samtec"; VariantName = "[No Variations]"
Add component (AddParameter): Name = "Manufacturer Part Number"; Value = "IPL1-110-01-F-D-RA-K"; VariantName = "[No Variations]"
Add component (AddParameter): Name = "Mount"; Value = "Through Hole"; VariantName = "[No Variations]"
Add component (AddParameter): Name = "Number of Contacts"; Value = "20"; VariantName = "[No Variations]"
Add component (AddParameter): Name = "Orientation"; Value = "Right Angle"; VariantName = "[No Variations]"
Add component (AddParameter): Name = "Packaging"; Value = "Bulk"; VariantName = "[No Variations]"
Add component (AddParameter): Name = "Pitch"; Value = "2.54mm"; VariantName = "[No Variations]"
Add component (AddParameter): Name = "Radiation Hardening"; Value = "No"; VariantName = "[No Variations]"
Add component (AddParameter): Name = "Termination"; Value = "Solder"; VariantName = "[No Variations]"
Added Pin To Net: NetName=HV- Pin=R2-1
Added Pin To Net: NetName=HV+ Pin=R2-2
Added Member To Class: ClassName=Top Member=Component J2 IPL1-110-01-F-D-RA-K
