Removed Member From Class: ClassName=U_DCDC Member=C40
Removed Member From Class: ClassName=U_DCDC Member=C41
Removed Member From Class: ClassName=U_DCDC Member=C42
Removed Member From Class: ClassName=U_DCDC Member=L5
Removed Member From Class: ClassName=U_DCDC Member=R37
Removed Member From Class: ClassName=C22_Nets Member=+5_AVCC
Removed Member From Class: ClassName=R3_Nets Member=ADJ
Removed Member From Class: ClassName=C28_Nets Member=NetC28_2
Removed Member From Class: ClassName=SW1_Nets Member=NetC28_2
Removed Member From Class: ClassName=C35_Nets Member=NetC35_2
Removed Member From Class: ClassName=PS1_Nets Member=NetC35_2
Removed Member From Class: ClassName=R3_Nets Member=NetR3_2
Removed Member From Class: ClassName=U1_Nets Member=NetR3_2
Removed Member From Class: ClassName=U4_Nets Member=NetR17_2
Removed Member From Class: ClassName=U5_Nets Member=NetR21_2
Removed Member From Class: ClassName=U8_Nets Member=NetR31_1
Change Component Designator: OldDesignator=C3 NewDesignator=C4
Change Component Designator: OldDesignator=C4 NewDesignator=C5
Change Component Designator: OldDesignator=C5 NewDesignator=C3
Change Component Designator: OldDesignator=C6 NewDesignator=C9
Change Component Designator: OldDesignator=C7 NewDesignator=C10
Change Component Designator: OldDesignator=C8 NewDesignator=C11
Change Component Designator: OldDesignator=C9 NewDesignator=C12
Change Component Designator: OldDesignator=C10 NewDesignator=C13
Change Component Designator: OldDesignator=C11 NewDesignator=C14
Change Component Designator: OldDesignator=C12 NewDesignator=C15
Change Component Designator: OldDesignator=C13 NewDesignator=C16
Change Component Designator: OldDesignator=C14 NewDesignator=C17
Change Component Designator: OldDesignator=C15 NewDesignator=C18
Change Component Designator: OldDesignator=C16A NewDesignator=C19A
Change Component Designator: OldDesignator=C16B NewDesignator=C19B
Change Component Designator: OldDesignator=C16C NewDesignator=C19C
Change Component Designator: OldDesignator=C17A NewDesignator=C20A
Change Component Designator: OldDesignator=C17B NewDesignator=C20B
Change Component Designator: OldDesignator=C17C NewDesignator=C20C
Change Component Designator: OldDesignator=C18 NewDesignator=C21
Change Component Designator: OldDesignator=C19 NewDesignator=C22
Change Component Designator: OldDesignator=C20 NewDesignator=C23
Change Component Designator: OldDesignator=C21 NewDesignator=C24
Change Component Designator: OldDesignator=C22 NewDesignator=C25
Change Component Designator: OldDesignator=C23 NewDesignator=C26
Change Component Designator: OldDesignator=C24 NewDesignator=C27
Change Component Designator: OldDesignator=C25 NewDesignator=C28
Change Component Designator: OldDesignator=C26 NewDesignator=C29
Change Component Designator: OldDesignator=C27 NewDesignator=C30
Change Component Designator: OldDesignator=C28 NewDesignator=C31
Change Component Designator: OldDesignator=C29 NewDesignator=C32
Change Component Designator: OldDesignator=C30 NewDesignator=C33
Change Component Designator: OldDesignator=C32 NewDesignator=C34
Change Component Designator: OldDesignator=C33 NewDesignator=C35
Change Component Designator: OldDesignator=C34 NewDesignator=C36
Change Component Designator: OldDesignator=C35 NewDesignator=C37
Change Component Designator: OldDesignator=C36 NewDesignator=C38
Change Component Designator: OldDesignator=C37 NewDesignator=C39
Change Component Designator: OldDesignator=C38 NewDesignator=C40
Change Component Designator: OldDesignator=C39 NewDesignator=C41
Change Component Designator: OldDesignator=C40 NewDesignator=C6
Change Component Designator: OldDesignator=C41 NewDesignator=C7
Change Component Designator: OldDesignator=C42 NewDesignator=C8
Change Component Designator: OldDesignator=L2 NewDesignator=L3
Change Component Designator: OldDesignator=L3 NewDesignator=L4
Change Component Designator: OldDesignator=L4 NewDesignator=L5
Change Component Designator: OldDesignator=L5 NewDesignator=L2
Change Component Designator: OldDesignator=R2 NewDesignator=R3
Change Component Designator: OldDesignator=R3 NewDesignator=R4
Change Component Designator: OldDesignator=R4 NewDesignator=R5
Change Component Designator: OldDesignator=R5 NewDesignator=R6
Change Component Designator: OldDesignator=R6 NewDesignator=R7
Change Component Designator: OldDesignator=R7 NewDesignator=R8
Change Component Designator: OldDesignator=R8A NewDesignator=R9A
Change Component Designator: OldDesignator=R8B NewDesignator=R9B
Change Component Designator: OldDesignator=R8C NewDesignator=R9C
Change Component Designator: OldDesignator=R9A NewDesignator=R10A
Change Component Designator: OldDesignator=R9B NewDesignator=R10B
Change Component Designator: OldDesignator=R9C NewDesignator=R10C
Change Component Designator: OldDesignator=R10A NewDesignator=R11A
Change Component Designator: OldDesignator=R10B NewDesignator=R11B
Change Component Designator: OldDesignator=R10C NewDesignator=R11C
Change Component Designator: OldDesignator=R11A NewDesignator=R12A
Change Component Designator: OldDesignator=R11B NewDesignator=R12B
Change Component Designator: OldDesignator=R11C NewDesignator=R12C
Change Component Designator: OldDesignator=R12A NewDesignator=R13A
Change Component Designator: OldDesignator=R12B NewDesignator=R13B
Change Component Designator: OldDesignator=R12C NewDesignator=R13C
Change Component Designator: OldDesignator=R13A NewDesignator=R14A
Change Component Designator: OldDesignator=R13B NewDesignator=R14B
Change Component Designator: OldDesignator=R13C NewDesignator=R14C
Change Component Designator: OldDesignator=R14A NewDesignator=R15A
Change Component Designator: OldDesignator=R14B NewDesignator=R15B
Change Component Designator: OldDesignator=R14C NewDesignator=R15C
Change Component Designator: OldDesignator=R15 NewDesignator=R16
Change Component Designator: OldDesignator=R16 NewDesignator=R17
Change Component Designator: OldDesignator=R17 NewDesignator=R18
Change Component Designator: OldDesignator=R18 NewDesignator=R19
Change Component Designator: OldDesignator=R19 NewDesignator=R20
Change Component Designator: OldDesignator=R20 NewDesignator=R21
Change Component Designator: OldDesignator=R21 NewDesignator=R22
Change Component Designator: OldDesignator=R22 NewDesignator=R23
Change Component Designator: OldDesignator=R23 NewDesignator=R24
Change Component Designator: OldDesignator=R24 NewDesignator=R25
Change Component Designator: OldDesignator=R25 NewDesignator=R26
Change Component Designator: OldDesignator=R26 NewDesignator=R27
Change Component Designator: OldDesignator=R27 NewDesignator=R28
Change Component Designator: OldDesignator=R28 NewDesignator=R29
Change Component Designator: OldDesignator=R29 NewDesignator=R30
Change Component Designator: OldDesignator=R30 NewDesignator=R31
Change Component Designator: OldDesignator=R31 NewDesignator=R32
Change Component Designator: OldDesignator=R32 NewDesignator=R33
Change Component Designator: OldDesignator=R33 NewDesignator=R34
Change Component Designator: OldDesignator=R34 NewDesignator=R35
Change Component Designator: OldDesignator=R35 NewDesignator=R36
Change Component Designator: OldDesignator=R36 NewDesignator=R37
Change Component Designator: OldDesignator=R37 NewDesignator=R2
Added Pin To Net: NetName=GND Pin=D2-2
Added Pin To Net: NetName=GND Pin=D3-2
Change Net Name : Old Net Name=NetC28_2 New Net Name=NetC31_2
Change Net Name : Old Net Name=NetC35_2 New Net Name=NetC37_2
Change Net Name : Old Net Name=NetR3_2 New Net Name=NetR4_2
Change Net Name : Old Net Name=NetR17_2 New Net Name=NetR18_2
Change Net Name : Old Net Name=NetR21_2 New Net Name=NetR22_2
Change Net Name : Old Net Name=NetR31_1 New Net Name=NetR32_1
Change Class Name : Old Net Name=C3_Nets New Net Name=C4_Nets
Change Class Name : Old Net Name=C4_Nets New Net Name=C5_Nets
Change Class Name : Old Net Name=C5_Nets New Net Name=C3_Nets
Change Class Name : Old Net Name=C6_Nets New Net Name=C9_Nets
Change Class Name : Old Net Name=C7_Nets New Net Name=C10_Nets
Change Class Name : Old Net Name=C8_Nets New Net Name=C11_Nets
Change Class Name : Old Net Name=C9_Nets New Net Name=C12_Nets
Change Class Name : Old Net Name=C10_Nets New Net Name=C15_Nets
Change Class Name : Old Net Name=C11_Nets New Net Name=C20B_Nets
Change Class Name : Old Net Name=C12_Nets New Net Name=C13_Nets
Change Class Name : Old Net Name=C13_Nets New Net Name=C16_Nets
Change Class Name : Old Net Name=C14_Nets New Net Name=R8_Nets
Change Class Name : Old Net Name=C15_Nets New Net Name=C18_Nets
Change Class Name : Old Net Name=C16A_Nets New Net Name=C19A_Nets
Change Class Name : Old Net Name=C16B_Nets New Net Name=C19B_Nets
Change Class Name : Old Net Name=C16C_Nets New Net Name=C19C_Nets
Change Class Name : Old Net Name=C18_Nets New Net Name=C21_Nets
Change Class Name : Old Net Name=C20_Nets New Net Name=C24_Nets
Change Class Name : Old Net Name=C21_Nets New Net Name=C25_Nets
Change Class Name : Old Net Name=C23_Nets New Net Name=C26_Nets
Change Class Name : Old Net Name=C24_Nets New Net Name=C30_Nets
Change Class Name : Old Net Name=C25_Nets New Net Name=C29_Nets
Change Class Name : Old Net Name=C29_Nets New Net Name=R27_Nets
Change Class Name : Old Net Name=C30_Nets New Net Name=C32_Nets
Change Class Name : Old Net Name=C33_Nets New Net Name=C34_Nets
Change Class Name : Old Net Name=C34_Nets New Net Name=C36_Nets
Change Class Name : Old Net Name=C37_Nets New Net Name=C20C_Nets
Change Class Name : Old Net Name=C38_Nets New Net Name=R33_Nets
Change Class Name : Old Net Name=C41_Nets New Net Name=C6_Nets
Change Class Name : Old Net Name=C42_Nets New Net Name=C8_Nets
Change Class Name : Old Net Name=L2_Nets New Net Name=L3_Nets
Change Class Name : Old Net Name=L3_Nets New Net Name=L4_Nets
Change Class Name : Old Net Name=L5_Nets New Net Name=R2_Nets
Change Class Name : Old Net Name=R4_Nets New Net Name=R5_Nets
Change Class Name : Old Net Name=R5_Nets New Net Name=R6_Nets
Change Class Name : Old Net Name=R7_Nets New Net Name=C17_Nets
Change Class Name : Old Net Name=R8A_Nets New Net Name=R9A_Nets
Change Class Name : Old Net Name=R8B_Nets New Net Name=R9B_Nets
Change Class Name : Old Net Name=R8C_Nets New Net Name=R9C_Nets
Change Class Name : Old Net Name=R9A_Nets New Net Name=R10A_Nets
Change Class Name : Old Net Name=R9B_Nets New Net Name=R10B_Nets
Change Class Name : Old Net Name=R9C_Nets New Net Name=R10C_Nets
Change Class Name : Old Net Name=R10A_Nets New Net Name=R11A_Nets
Change Class Name : Old Net Name=R10B_Nets New Net Name=R11B_Nets
Change Class Name : Old Net Name=R10C_Nets New Net Name=R11C_Nets
Change Class Name : Old Net Name=R11A_Nets New Net Name=R12A_Nets
Change Class Name : Old Net Name=R11B_Nets New Net Name=R12B_Nets
Change Class Name : Old Net Name=R11C_Nets New Net Name=R12C_Nets
Change Class Name : Old Net Name=R12A_Nets New Net Name=R13A_Nets
Change Class Name : Old Net Name=R12B_Nets New Net Name=R13B_Nets
Change Class Name : Old Net Name=R12C_Nets New Net Name=R13C_Nets
Change Class Name : Old Net Name=R13A_Nets New Net Name=R14A_Nets
Change Class Name : Old Net Name=R13B_Nets New Net Name=R14B_Nets
Change Class Name : Old Net Name=R13C_Nets New Net Name=R14C_Nets
Change Class Name : Old Net Name=R14A_Nets New Net Name=R15A_Nets
Change Class Name : Old Net Name=R14B_Nets New Net Name=R15B_Nets
Change Class Name : Old Net Name=R14C_Nets New Net Name=R15C_Nets
Change Class Name : Old Net Name=R15_Nets New Net Name=R16_Nets
Change Class Name : Old Net Name=R16_Nets New Net Name=R17_Nets
Change Class Name : Old Net Name=R18_Nets New Net Name=R19_Nets
Change Class Name : Old Net Name=R19_Nets New Net Name=R20_Nets
Change Class Name : Old Net Name=R20_Nets New Net Name=R21_Nets
Change Class Name : Old Net Name=R22_Nets New Net Name=R23_Nets
Change Class Name : Old Net Name=R23_Nets New Net Name=R24_Nets
Change Class Name : Old Net Name=R25_Nets New Net Name=R26_Nets
Change Class Name : Old Net Name=R27_Nets New Net Name=R29_Nets
Change Class Name : Old Net Name=R29_Nets New Net Name=R30_Nets
Change Class Name : Old Net Name=R30_Nets New Net Name=R31_Nets
Change Class Name : Old Net Name=R32_Nets New Net Name=C40_Nets
Change Class Name : Old Net Name=R33_Nets New Net Name=R34_Nets
Change Class Name : Old Net Name=R34_Nets New Net Name=R35_Nets
Change Class Name : Old Net Name=R35_Nets New Net Name=R36_Nets
Change Class Name : Old Net Name=R36_Nets New Net Name=R37_Nets
Change Class Name : Old Net Name=R37_Nets New Net Name=L2_Nets
Added Class: Name=C7_Nets
Added Class: Name=C14_Nets
Added Class: Name=C20A_Nets
Added Class: Name=C23_Nets
Added Class: Name=C31_Nets
Added Class: Name=C33_Nets
Added Class: Name=C37_Nets
Added Class: Name=C38_Nets
Added Class: Name=C41_Nets
Added Class: Name=L5_Nets
Added Class: Name=R4_Nets
Added Class: Name=R7_Nets
Added Class: Name=R18_Nets
Added Class: Name=R22_Nets
Added Class: Name=R25_Nets
Added Class: Name=R32_Nets
Added Member To Class: ClassName=U_DCDC Member=Component C16 CS45-B2GA151K-NKA
Added Member To Class: ClassName=U_DCDC Member=Component C17 CAP 0805 0.1UF 100V 10% X7R
Added Member To Class: ClassName=U_DCDC Member=Component C18 CAP 0805 0.1UF 100V 10% X7R
Added Member To Class: ClassName=U_DCDC Member=Component L3 B82722J2302N001
Added Member To Class: ClassName=U_DCDC Member=Component R8 RES 0805 6.8K 1%
Added Member To Class: ClassName=C28_Nets Member=Wire +5_MCU
Added Member To Class: ClassName=C22_Nets Member=Wire +5
Added Member To Class: ClassName=C35_Nets Member=Wire 12V_CAP
Added Member To Class: ClassName=R3_Nets Member=Wire HV+
Added Member To Class: ClassName=R3_Nets Member=Wire HV-
Added Member To Class: ClassName=SW1_Nets Member=Wire NetC31_2
Added Member To Class: ClassName=PS1_Nets Member=Wire NetC37_2
Added Member To Class: ClassName=U1_Nets Member=Wire NetR4_2
Added Member To Class: ClassName=U4_Nets Member=Wire NetR18_2
Added Member To Class: ClassName=U5_Nets Member=Wire NetR22_2
Added Member To Class: ClassName=U8_Nets Member=Wire NetR32_1
