Removed Pin From Net: NetName=+5 Pin=C20B-1
Removed Pin From Net: NetName=GND Pin=C20B-2
Removed Pin From Net: NetName=+5 Pin=C20C-1
Removed Pin From Net: NetName=GND Pin=C20C-2
Removed Pin From Net: NetName=CUR_OUT Pin=D2-3
Removed Pin From Net: NetName=BRAKE Pin=D2-4
Removed Pin From Net: NetName=DCDC_ND Pin=D8-A
Removed Pin From Net: NetName=+GLV Pin=F2-2
Removed Pin From Net: NetName=+GLV Pin=F2-4
Removed Pin From Net: NetName=BRAKE Pin=J5-1
Removed Pin From Net: NetName=CUR_OUT Pin=J5-3
Removed Pin From Net: NetName=BASE Pin=J8-1
Removed Pin From Net: NetName=BASE Pin=J8-2
Removed Pin From Net: NetName=DCDC_OUT_UF Pin=L2-1
Removed Pin From Net: NetName=+DCDC_OUT Pin=L2-2
Removed Pin From Net: NetName=+5 Pin=R9B-2
Removed Pin From Net: NetName=+5 Pin=R9C-2
Removed Pin From Net: NetName=+5 Pin=R10B-2
Removed Pin From Net: NetName=+5 Pin=R10C-2
Removed Pin From Net: NetName=GND Pin=R11B-1
Removed Pin From Net: NetName=GND Pin=R11C-1
Removed Pin From Net: NetName=GND Pin=R12B-1
Removed Pin From Net: NetName=GND Pin=R12C-1
Removed Pin From Net: NetName=+BATT Pin=R14B-1
Removed Pin From Net: NetName=+BATT Pin=R15B-1
Removed Pin From Net: NetName=I2C.SDA Pin=U3B-3
Removed Pin From Net: NetName=I2C.SCL Pin=U3B-4
Removed Pin From Net: NetName=+5 Pin=U3B-5
Removed Pin From Net: NetName=GND Pin=U3B-6
Removed Pin From Net: NetName=I2C.SDA Pin=U3C-3
Removed Pin From Net: NetName=I2C.SCL Pin=U3C-4
Removed Pin From Net: NetName=+5 Pin=U3C-5
Removed Pin From Net: NetName=GND Pin=U3C-6
Removed Member From Class: ClassName=U_PWR_DIST Member=D8
Removed Member From Class: ClassName=U_PWR_DIST Member=D9
Removed Member From Class: ClassName=U_PWR_DIST Member=F2
Removed Member From Class: ClassName=U_DCDC Member=J8
Removed Member From Class: ClassName=U_PWR_DIST Member=R30
Removed Member From Class: ClassName=U_PWR_DIST Member=R31
Removed Member From Class: ClassName=U3A_Nets Member=A0A
Removed Member From Class: ClassName=U3A_Nets Member=A1A
Removed Member From Class: ClassName=U3A_Nets Member=CURA_N
Removed Member From Class: ClassName=U3A_Nets Member=CURA_P
Change Component Footprint: Designator=A1 Old Footprint=VICOR_SOCKET_MOD_VERT New Footprint=VICOR_SOCKET_MOD
Change Component Designator: OldDesignator=C19A NewDesignator=C19
Change Component Designator: OldDesignator=C20A NewDesignator=C20
Change Component Designator: OldDesignator=R9A NewDesignator=R9
Change Component Designator: OldDesignator=R10A NewDesignator=R10
Change Component Designator: OldDesignator=R11A NewDesignator=R11
Change Component Designator: OldDesignator=R12A NewDesignator=R12
Change Component Designator: OldDesignator=R13A NewDesignator=R13
Change Component Designator: OldDesignator=R14A NewDesignator=R14
Change Component Designator: OldDesignator=R15A NewDesignator=R15
Change Component Designator: OldDesignator=U3A NewDesignator=U3
Added Component: Designator=C7(Nichicon_18x25)
Add component (AddParameter): Name = "Capacitance"; Value = "4.7mF"; VariantName = "[No Variations]"
Add component (AddParameter): Name = "Case/Package"; Value = "Radial"; VariantName = "[No Variations]"
Add component (AddParameter): Name = "Category"; Value = "Aluminum Electrolytic Capacitors"; VariantName = "[No Variations]"
Add component (AddParameter): Name = "ComponentLink1Description"; Value = "Manufacturer URL"; VariantName = "[No Variations]"
Add component (AddParameter): Name = "ComponentLink1URL"; Value = "http://www.nichicon.co.jp/"; VariantName = "[No Variations]"
Add component (AddParameter): Name = "ComponentLink2Description"; Value = "Datasheet"; VariantName = "[No Variations]"
Add component (AddParameter): Name = "ComponentLink2URL"; Value = "http://products.nichicon.co.jp/en/pdf/XJA043/e-ud.pdf"; VariantName = "[No Variations]"
Add component (AddParameter): Name = "ComponentLink3Description"; Value = "Package Specification"; VariantName = "[No Variations]"
Add component (AddParameter): Name = "ComponentLink3URL"; Value = "http://products.nichicon.co.jp/en/pdf/XJA043/e-ud.pdf"; VariantName = "[No Variations]"
Add component (AddParameter): Name = "Diameter"; Value = "18mm"; VariantName = "[No Variations]"
Add component (AddParameter): Name = "Dielectric Material"; Value = "Aluminium"; VariantName = "[No Variations]"
Add component (AddParameter): Name = "Dissipation Factor"; Value = "0.16%"; VariantName = "[No Variations]"
Add component (AddParameter): Name = "Height"; Value = "25mm"; VariantName = "[No Variations]"
Add component (AddParameter): Name = "Height - Seated (Max)"; Value = "1.043inch"; VariantName = "[No Variations]"
Add component (AddParameter): Name = "Lead Free"; Value = "Lead Free"; VariantName = "[No Variations]"
Add component (AddParameter): Name = "Lead Pitch"; Value = "7.5mm"; VariantName = "[No Variations]"
Add component (AddParameter): Name = "Leakage Current"; Value = "3.525mA"; VariantName = "[No Variations]"
Add component (AddParameter): Name = "Length"; Value = "25mm"; VariantName = "[No Variations]"
Add component (AddParameter): Name = "Life (Hours)"; Value = "2000Hour"; VariantName = "[No Variations]"
Add component (AddParameter): Name = "Manufacturer"; Value = "Nichicon"; VariantName = "[No Variations]"
Add component (AddParameter): Name = "Manufacturer Part Number"; Value = "URS1E472MHD"; VariantName = "[No Variations]"
Add component (AddParameter): Name = "Max Operating Temperature"; Value = "85°C"; VariantName = "[No Variations]"
Add component (AddParameter): Name = "Min Operating Temperature"; Value = "-40°C"; VariantName = "[No Variations]"
Add component (AddParameter): Name = "Mount"; Value = "Through Hole"; VariantName = "[No Variations]"
Add component (AddParameter): Name = "Number of Pins"; Value = "2"; VariantName = "[No Variations]"
Add component (AddParameter): Name = "Package Quantity"; Value = "50"; VariantName = "[No Variations]"
Add component (AddParameter): Name = "Packaging"; Value = "Bulk"; VariantName = "[No Variations]"
Add component (AddParameter): Name = "Radiation Hardening"; Value = "No"; VariantName = "[No Variations]"
Add component (AddParameter): Name = "REACH SVHC"; Value = "No SVHC"; VariantName = "[No Variations]"
Add component (AddParameter): Name = "Ripple Current"; Value = "2.05A"; VariantName = "[No Variations]"
Add component (AddParameter): Name = "Supplier 1"; Value = "Digi-Key"; VariantName = "[No Variations]"
Add component (AddParameter): Name = "Supplier Part Number 1"; Value = "493-15905-ND"; VariantName = "[No Variations]"
Add component (AddParameter): Name = "Termination"; Value = "Radial"; VariantName = "[No Variations]"
Add component (AddParameter): Name = "Tolerance"; Value = "20%"; VariantName = "[No Variations]"
Add component (AddParameter): Name = "Voltage Rating"; Value = "25V"; VariantName = "[No Variations]"
Add component (AddParameter): Name = "Voltage Rating (DC)"; Value = "25V"; VariantName = "[No Variations]"
Added Component: Designator=L2(WE-HCI-1040)
Add component (AddParameter): Name = "Case/Package"; Value = "1040"; VariantName = "[No Variations]"
Add component (AddParameter): Name = "Category"; Value = "Fixed Inductors"; VariantName = "[No Variations]"
Add component (AddParameter): Name = "Composition"; Value = "Wirewound"; VariantName = "[No Variations]"
Add component (AddParameter): Name = "Current Rating"; Value = "25A"; VariantName = "[No Variations]"
Add component (AddParameter): Name = "DC Resistance (DCR)"; Value = "0.58mR"; VariantName = "[No Variations]"
Add component (AddParameter): Name = "Depth"; Value = "10.2mm"; VariantName = "[No Variations]"
Add component (AddParameter): Name = "Height"; Value = "4mm"; VariantName = "[No Variations]"
Add component (AddParameter): Name = "Height - Seated (Max)"; Value = "0.165inch"; VariantName = "[No Variations]"
Add component (AddParameter): Name = "Inductance"; Value = "150nH"; VariantName = "[No Variations]"
Add component (AddParameter): Name = "Inductance Tolerance"; Value = "30%"; VariantName = "[No Variations]"
Add component (AddParameter): Name = "Length"; Value = "10.5mm"; VariantName = "[No Variations]"
Add component (AddParameter): Name = "Manufacturer"; Value = "Wurth Electronics"; VariantName = "[No Variations]"
Add component (AddParameter): Name = "Manufacturer Part Number"; Value = "744355215"; VariantName = "[No Variations]"
Add component (AddParameter): Name = "Max DC Current"; Value = "25A"; VariantName = "[No Variations]"
Add component (AddParameter): Name = "Max Operating Temperature"; Value = "155°C"; VariantName = "[No Variations]"
Add component (AddParameter): Name = "Min Operating Temperature"; Value = "-40°C"; VariantName = "[No Variations]"
Add component (AddParameter): Name = "Mount"; Value = "Surface Mount"; VariantName = "[No Variations]"
Add component (AddParameter): Name = "Number of Pins"; Value = "2"; VariantName = "[No Variations]"
Add component (AddParameter): Name = "Package Quantity"; Value = "800"; VariantName = "[No Variations]"
Add component (AddParameter): Name = "Packaging"; Value = "Tape and Reel"; VariantName = "[No Variations]"
Add component (AddParameter): Name = "REACH SVHC"; Value = "No SVHC"; VariantName = "[No Variations]"
Add component (AddParameter): Name = "Saturation Current"; Value = "60A"; VariantName = "[No Variations]"
Add component (AddParameter): Name = "Self Resonant Frequency"; Value = "275MHz"; VariantName = "[No Variations]"
Add component (AddParameter): Name = "Series Resistance"; Value = "580mR"; VariantName = "[No Variations]"
Add component (AddParameter): Name = "Shielding"; Value = "Shielded"; VariantName = "[No Variations]"
Add component (AddParameter): Name = "Supplier 1"; Value = "Digi-Key"; VariantName = "[No Variations]"
Add component (AddParameter): Name = "Supplier Part Number 1"; Value = "732-1142-1-ND"; VariantName = "[No Variations]"
Add component (AddParameter): Name = "Termination"; Value = "SMD/SMT"; VariantName = "[No Variations]"
Add component (AddParameter): Name = "Test Frequency"; Value = "100kHz"; VariantName = "[No Variations]"
Add component (AddParameter): Name = "Tolerance"; Value = "20%"; VariantName = "[No Variations]"
Add component (AddParameter): Name = "Width"; Value = "10.2mm"; VariantName = "[No Variations]"
Added Pin To Net: NetName=+DCDC_OUT Pin=C7-1
Added Pin To Net: NetName=GND Pin=C7-2
Added Pin To Net: NetName=BSPD_FAULT Pin=D2-2
Added Pin To Net: NetName=BRAKE Pin=D2-3
Added Pin To Net: NetName=CUR_OUT Pin=D2-4
Added Pin To Net: NetName=BENDER_PWM Pin=D3-2
Added Pin To Net: NetName=CUR_OUT Pin=J5-1
Added Pin To Net: NetName=BRAKE Pin=J5-3
Added Pin To Net: NetName=DCDC_OUT_UF Pin=L2-1
Added Pin To Net: NetName=+DCDC_OUT Pin=L2-2
Change Net Name : Old Net Name=A0A New Net Name=A0
Change Net Name : Old Net Name=A1A New Net Name=A1
Change Net Name : Old Net Name=CURA_N New Net Name=CUR_N
Change Net Name : Old Net Name=CURA_P New Net Name=CUR_P
Change Class Name : Old Net Name=R14A_Nets New Net Name=R14_Nets
Change Class Name : Old Net Name=U3A_Nets New Net Name=U3_Nets
Added Class: Name=C7_Nets
Added Class: Name=C19_Nets
Added Class: Name=C20_Nets
Added Class: Name=R9_Nets
Added Class: Name=R10_Nets
Added Class: Name=R11_Nets
Added Class: Name=R12_Nets
Added Class: Name=R13_Nets
Added Class: Name=R15_Nets
Added Class: Name=TS_H
Added Class: Name=TS_L
Added Class: Name=TS
Added Differential Pair: Name=CUR
Added Member To Class: ClassName=U_DCDC Member=Component C7 URS1E472MHD
Added Member To Class: ClassName=U3_Nets Member=Wire A0
Added Member To Class: ClassName=U3_Nets Member=Wire A1
Added Member To Class: ClassName=A1_Nets Member=Wire BASE
Added Member To Class: ClassName=U3_Nets Member=Wire CUR_N
Added Member To Class: ClassName=U3_Nets Member=Wire CUR_P
