Removed Member From Class: ClassName=U_PWR_DIST Member=C3
Removed Member From Class: ClassName=U_PWR_DIST Member=C9
Removed Member From Class: ClassName=U_IO Member=C10
Removed Member From Class: ClassName=U_MCU Member=C10
Removed Member From Class: ClassName=U_PWR_DIST Member=C10
Removed Member From Class: ClassName=U_Current Sense Member=C11
Removed Member From Class: ClassName=U_IO Member=C11
Removed Member From Class: ClassName=U_MCU Member=C11
Removed Member From Class: ClassName=U_PWR_DIST Member=C11
Removed Member From Class: ClassName=U_DCDC Member=C27
Removed Member From Class: ClassName=U_Current Sense Member=C32
Removed Member From Class: ClassName=U_DCDC Member=C32
Removed Member From Class: ClassName=U_CAN Member=C38
Removed Member From Class: ClassName=U_DCDC Member=C38
Removed Member From Class: ClassName=U_MCU Member=C38
Removed Member From Class: ClassName=U_IO Member=D7
Removed Member From Class: ClassName=U_PWR_DIST Member=D7
Removed Member From Class: ClassName=U_IO Member=R1
Removed Member From Class: ClassName=U_PWR_DIST Member=R1
Removed Member From Class: ClassName=U_DCDC Member=R13
Removed Member From Class: ClassName=U_IO Member=R13
Removed Member From Class: ClassName=U_DCDC Member=R15
Removed Member From Class: ClassName=U_Current Sense Member=R17
Removed Member From Class: ClassName=U_IO Member=R21
Removed Member From Class: ClassName=U_CAN Member=R23
Removed Member From Class: ClassName=U_MCU Member=R29
Removed Member From Class: ClassName=U_CAN Member=R34
Removed Member From Class: ClassName=U_MCU Member=R34
Removed Member From Class: ClassName=C37_Nets Member=NetC41_2
Removed Member From Class: ClassName=R27_Nets Member=NetC41_2
Removed Member From Class: ClassName=SW1_Nets Member=NetC41_2
Removed Member From Class: ClassName=R18_Nets Member=NetR22_2
Removed Member From Class: ClassName=U3_Nets Member=NetR22_2
Added Member To Class: ClassName=U_DCDC Member=Component C1 URS1E472MHD
Added Member To Class: ClassName=U_DCDC Member=Component C3 UVR1E471MPD1TD
Added Member To Class: ClassName=U_DCDC Member=Component C5 B32021A3222K000
Added Member To Class: ClassName=U_DCDC Member=Component C7 B32922C3334M000
Added Member To Class: ClassName=U_DCDC Member=Component C9 CAP 1210 4.7UF 100V 20% X7S
Added Member To Class: ClassName=U_DCDC Member=Component C10 CAP 1210 4.7UF 100V 20% X7S
Added Member To Class: ClassName=U_DCDC Member=Component C12 CAP 1210 4.7UF 100V 20% X7S
Added Member To Class: ClassName=U_DCDC Member=Component C14 B32021A3222K000
Added Member To Class: ClassName=U_DCDC Member=Component C15 B32021A3222K000
Added Member To Class: ClassName=U_DCDC Member=Component C16 B32021A3222K000
Added Member To Class: ClassName=U_DCDC Member=Component C17 CAP 0603 0.047UF 25V 10% X7R
Added Member To Class: ClassName=U_DCDC Member=Component C21 CAP 0603 10UF 16V 20% X5R
Added Member To Class: ClassName=U_DCDC Member=Component C22 CAP 0603 4.7UF 35V 10% X5R
Added Member To Class: ClassName=U_DCDC Member=Component C23 CAP 0805 0.1UF 100V 10% X7R
Added Member To Class: ClassName=U_Current Sense Member=Component C24 CAP 0603 0.1UF 10V 10% X7R
Added Member To Class: ClassName=U_Current Sense Member=Component C25 CAP 0603 0.1UF 16V 10% X7R
Added Member To Class: ClassName=U_CAN Member=Component C26 CAP 0603 4700PF 50V 10% X7R
Added Member To Class: ClassName=U_MCU Member=Component C28 CAP 0603 1UF 50V 10% X7R
Added Member To Class: ClassName=U_MCU Member=Component C29 CAP 0603 0.1UF 25V 10% X7R
Added Member To Class: ClassName=U_MCU Member=Component C30 CAP 0603 0.01UF 100V 10% X7R
Added Member To Class: ClassName=U_MCU Member=Component C31 CAP 0603 0.1UF 25V 10% X7R
Added Member To Class: ClassName=U_MCU Member=Component C33 CAP 0603 0.1UF 25V 10% X7R
Added Member To Class: ClassName=U_MCU Member=Component C34 CAP 0603 0.1UF 25V 10% X7R
Added Member To Class: ClassName=U_MCU Member=Component C36 CAP 0603 0.1UF 50V 10% X7R
Added Member To Class: ClassName=U_MCU Member=Component C37 CAP 0603 1UF 50V 10% X7R
Added Member To Class: ClassName=U_PWR_DIST Member=Component C39 UUD1V331MNL1GS
Added Member To Class: ClassName=U_PWR_DIST Member=Component C40 CAP 0603 10UF 25V 20% X5R
Added Member To Class: ClassName=U_PWR_DIST Member=Component C41 CAP 0603 4.7UF 35V 10% X5R
Added Member To Class: ClassName=U_PWR_DIST Member=Component C42 CAP 0603 10UF 25V 20% X5R
Added Member To Class: ClassName=U_PWR_DIST Member=Component C43 CAP 0603 0.1UF 16V 10% X7R
Added Member To Class: ClassName=U_IO Member=Component C44 CAP 0603 0.01UF 25V 10% X7R
Added Member To Class: ClassName=U_IO Member=Component C45 CAP 0603 0.1UF 16V 10% X7R
Added Member To Class: ClassName=Top Member=Component D2 SP0502BAHTG
Added Member To Class: ClassName=U_PWR_DIST Member=Component D8 B340A-13-F
Added Member To Class: ClassName=U_IO Member=Component D10 1N4148W-TP
Added Member To Class: ClassName=Top Member=Component J2 DF22-2P-7.92DS(35)
Added Member To Class: ClassName=U_MCU Member=Component J10 CON_2x3_ICSP
Added Member To Class: ClassName=U_DCDC Member=Component R1 RR01J2R0TB
Added Member To Class: ClassName=U_DCDC Member=Component R2 RES 0603 10M 1%
Added Member To Class: ClassName=U_DCDC Member=Component R3 RR01JR75TB
Added Member To Class: ClassName=U_DCDC Member=Component R4 WSLT2512R2500FEB
Added Member To Class: ClassName=U_DCDC Member=Component R5 MHR0422SA107F70
Added Member To Class: ClassName=U_DCDC Member=Component R7 RES 0603 62.6K 0.1%
Added Member To Class: ClassName=U_Current Sense Member=Component R9 RES 0603 0 5%
Added Member To Class: ClassName=U_Current Sense Member=Component R10 RES 0603 0 5%
Added Member To Class: ClassName=U_Current Sense Member=Component R11 RES 0603 0 5%
Added Member To Class: ClassName=U_Current Sense Member=Component R12 RES 0603 0 5%
Added Member To Class: ClassName=U_Current Sense Member=Component R14 KRL6432E-M-R003-F-T1
Added Member To Class: ClassName=U_CAN Member=Component R16 RES 0805 60.4 1%
Added Member To Class: ClassName=U_CAN Member=Component R18 RES 0603 10K 1%
Added Member To Class: ClassName=U_MCU Member=Component R19 RES 0603 1.5K 1%
Added Member To Class: ClassName=U_MCU Member=Component R20 RES 0603 1.5K 1%
Added Member To Class: ClassName=U_MCU Member=Component R22 RES 0603 10K 1%
Added Member To Class: ClassName=U_MCU Member=Component R25 RES 0603 100K 1%
Added Member To Class: ClassName=U_MCU Member=Component R26 RES 0603 1K 1%
Added Member To Class: ClassName=U_MCU Member=Component R27 RES 0603 10K 1%
Added Member To Class: ClassName=U_PWR_DIST Member=Component R28 RES 0805 2 1%
Added Member To Class: ClassName=U_IO Member=Component R30 RES 0603 6.98K 1%
Added Member To Class: ClassName=U_IO Member=Component R31 RES 0603 11.5K 1%
Added Member To Class: ClassName=U_IO Member=Component R32 RES 0603 1K 1%
Added Member To Class: ClassName=U_IO Member=Component R33 RES 0603 10K 1%
Added Member To Class: ClassName=U_IO Member=Component R35 RES 0603 10K 0.1%
Added Member To Class: ClassName=C37_Nets Member=Wire NetC37_2
Added Member To Class: ClassName=R27_Nets Member=Wire NetC37_2
Added Member To Class: ClassName=SW1_Nets Member=Wire NetC37_2
Added Member To Class: ClassName=R18_Nets Member=Wire NetR18_2
Added Member To Class: ClassName=U3_Nets Member=Wire NetR18_2
