Replace Part C? cap in C:\git\AERO_2019-2020\HV Interface\MCU.SchDoc with cap from Passive Components.DbLib
Replace Part C? cap in C:\git\AERO_2019-2020\HV Interface\MCU.SchDoc with cap from Passive Components.DbLib
Replace Part C? cap in C:\git\AERO_2019-2020\HV Interface\MCU.SchDoc with cap from Passive Components.DbLib
Replace Part C? cap in C:\git\AERO_2019-2020\HV Interface\MCU.SchDoc with cap from Passive Components.DbLib
Replace Part C? cap in C:\git\AERO_2019-2020\HV Interface\MCU.SchDoc with cap from Passive Components.DbLib
Replace Part C? cap in C:\git\AERO_2019-2020\HV Interface\MCU.SchDoc with cap from Passive Components.DbLib
Replace Part C? cap in C:\git\AERO_2019-2020\HV Interface\MCU.SchDoc with cap from Passive Components.DbLib
Replace Part C? cap in C:\git\AERO_2019-2020\HV Interface\MCU.SchDoc with cap from Passive Components.DbLib
Replace Part C? cap in C:\git\AERO_2019-2020\HV Interface\MCU.SchDoc with cap from Passive Components.DbLib
Replace Part D? SM0805GCL in C:\git\AERO_2019-2020\HV Interface\MCU.SchDoc with SM0805GCL from AERO Parts.IntLib
Replace Part D? SM0805HCL in C:\git\AERO_2019-2020\HV Interface\MCU.SchDoc with SM0805HCL from AERO Parts.IntLib
Replace Part D? SM0805YCL in C:\git\AERO_2019-2020\HV Interface\MCU.SchDoc with SM0805YCL from AERO Parts.IntLib
Replace Part FB? Ferrite Bead in C:\git\AERO_2019-2020\HV Interface\MCU.SchDoc with Ferrite Bead from Passive Components.DbLib
Replace Part J? Con_1x3_UART in C:\git\AERO_2019-2020\HV Interface\MCU.SchDoc with Con_1x3_UART from AERO Parts.IntLib
Replace Part J? CON_2x3_ICSP in C:\git\AERO_2019-2020\HV Interface\MCU.SchDoc with CON_2x3_ICSP from AERO Parts.IntLib
Replace Part R? res in C:\git\AERO_2019-2020\HV Interface\MCU.SchDoc with res from Passive Components.DbLib
Replace Part R? res in C:\git\AERO_2019-2020\HV Interface\MCU.SchDoc with res from Passive Components.DbLib
Replace Part R? res in C:\git\AERO_2019-2020\HV Interface\MCU.SchDoc with res from Passive Components.DbLib
Replace Part R? res in C:\git\AERO_2019-2020\HV Interface\MCU.SchDoc with res from Passive Components.DbLib
Replace Part R? res in C:\git\AERO_2019-2020\HV Interface\MCU.SchDoc with res from Passive Components.DbLib
Replace Part R? res in C:\git\AERO_2019-2020\HV Interface\MCU.SchDoc with res from Passive Components.DbLib
Replace Part R? res in C:\git\AERO_2019-2020\HV Interface\MCU.SchDoc with res from Passive Components.DbLib
Replace Part SW? FSMSMTR in C:\git\AERO_2019-2020\HV Interface\MCU.SchDoc with FSMSMTR from AERO Parts.IntLib
Replace Part U? MCP2515T-I/SO in C:\git\AERO_2019-2020\HV Interface\MCU.SchDoc with MCP2515T-I/SO from AERO Parts.IntLib
Replace Part U? STMPS2141STR in C:\git\AERO_2019-2020\HV Interface\MCU.SchDoc with STMPS2141STR from AERO Parts.IntLib
Replace Part U? ATMEGA328P-AUR in C:\git\AERO_2019-2020\HV Interface\MCU.SchDoc with ATMEGA328P-AUR from AERO Parts.IntLib
Replace Part U? ATMEGA328P-AUR in C:\git\AERO_2019-2020\HV Interface\MCU.SchDoc with ATMEGA328P-AUR from AERO Parts.IntLib
Replace Part U? ATMEGA328P-AUR in C:\git\AERO_2019-2020\HV Interface\MCU.SchDoc with ATMEGA328P-AUR from AERO Parts.IntLib
Replace Part U? ATMEGA328P-AUR in C:\git\AERO_2019-2020\HV Interface\MCU.SchDoc with ATMEGA328P-AUR from AERO Parts.IntLib
Replace Part U? ATMEGA328P-AUR in C:\git\AERO_2019-2020\HV Interface\MCU.SchDoc with ATMEGA328P-AUR from AERO Parts.IntLib
Replace Part Y? CSTNE16M0V530000R0 in C:\git\AERO_2019-2020\HV Interface\MCU.SchDoc with CSTNE16M0V530000R0 from AERO Parts.IntLib
