Replace Part C? ECA-1VM472 in C:\git\AERO_2019-2020\HV Interface\PWR_DIST.SchDoc with ECA-1VM472 from AERO Parts.IntLib
Replace Part C? ECA-1VM472 in C:\git\AERO_2019-2020\HV Interface\PWR_DIST.SchDoc with ECA-1VM472 from AERO Parts.IntLib
Replace Part C? UUD1V331MNL1GS in C:\git\AERO_2019-2020\HV Interface\PWR_DIST.SchDoc with UUD1V331MNL1GS from AERO Parts.IntLib
Replace Part C? cap in C:\git\AERO_2019-2020\HV Interface\PWR_DIST.SchDoc with cap from Passive Components.DbLib
Replace Part C? cap in C:\git\AERO_2019-2020\HV Interface\PWR_DIST.SchDoc with cap from Passive Components.DbLib
Replace Part C? cap in C:\git\AERO_2019-2020\HV Interface\PWR_DIST.SchDoc with cap from Passive Components.DbLib
Replace Part C? ECA-1VM472 in C:\git\AERO_2019-2020\HV Interface\PWR_DIST.SchDoc with ECA-1VM472 from AERO Parts.IntLib
Replace Part C? cap in C:\git\AERO_2019-2020\HV Interface\PWR_DIST.SchDoc with cap from Passive Components.DbLib
Replace Part C? UUD1V331MNL1GS in C:\git\AERO_2019-2020\HV Interface\PWR_DIST.SchDoc with UUD1V331MNL1GS from AERO Parts.IntLib
Replace Part D? STPS20L15G-TR in C:\git\AERO_2019-2020\HV Interface\PWR_DIST.SchDoc with STPS20L15G-TR from AERO Parts.IntLib
Replace Part D? ESD5Z12T1G in C:\git\AERO_2019-2020\HV Interface\PWR_DIST.SchDoc with ESD5Z12T1G from AERO Parts.IntLib
Replace Part D? STPS20L15G-TR in C:\git\AERO_2019-2020\HV Interface\PWR_DIST.SchDoc with STPS20L15G-TR from AERO Parts.IntLib
Replace Part F? 3557-2 in C:\git\AERO_2019-2020\HV Interface\PWR_DIST.SchDoc with 3557-2 from AERO Parts.IntLib
Replace Part F? 3557-2 in C:\git\AERO_2019-2020\HV Interface\PWR_DIST.SchDoc with 3557-2 from AERO Parts.IntLib
Replace Part F? fuse in C:\git\AERO_2019-2020\HV Interface\PWR_DIST.SchDoc with fuse from Passive Components.DbLib
Replace Part FB? Ferrite Bead in C:\git\AERO_2019-2020\HV Interface\PWR_DIST.SchDoc with Ferrite Bead from Passive Components.DbLib
Replace Part L? 1225AS-H-120M=P2 in C:\git\AERO_2019-2020\HV Interface\PWR_DIST.SchDoc with 1225AS-H-120M=P2 from AERO Parts.IntLib
Replace Part PS? R-78E5.0-0.5 in C:\git\AERO_2019-2020\HV Interface\PWR_DIST.SchDoc with R-78E5.0-0.5 from AERO Parts.IntLib
Replace Part R? res in C:\git\AERO_2019-2020\HV Interface\PWR_DIST.SchDoc with res from Passive Components.DbLib
Replace Part R? TWW5J2R0E in C:\git\AERO_2019-2020\HV Interface\PWR_DIST.SchDoc with TWW5J2R0E from AERO Parts.IntLib
Replace Part R? res in C:\git\AERO_2019-2020\HV Interface\PWR_DIST.SchDoc with res from Passive Components.DbLib
Replace Part R? res in C:\git\AERO_2019-2020\HV Interface\PWR_DIST.SchDoc with res from Passive Components.DbLib
Replace Part R? res in C:\git\AERO_2019-2020\HV Interface\PWR_DIST.SchDoc with res from Passive Components.DbLib
