Replace Part A1 VicorASM in C:\git\AERO_2019-2020\HV Interface\Top.SchDoc with VicorASM from AERO Parts.IntLib
Replace Part C1 B32021A3472K289 in C:\git\AERO_2019-2020\HV Interface\Top.SchDoc with B32021A3472K289 from AERO Parts.IntLib
Replace Part C6 B32021A3472K289 in C:\git\AERO_2019-2020\HV Interface\Top.SchDoc with B32021A3472K289 from AERO Parts.IntLib
Replace Part C7 B32021A3472K289 in C:\git\AERO_2019-2020\HV Interface\Top.SchDoc with B32021A3472K289 from AERO Parts.IntLib
Replace Part C8 B32021A3472K289 in C:\git\AERO_2019-2020\HV Interface\Top.SchDoc with B32021A3472K289 from AERO Parts.IntLib
Replace Part C9 ECA-1VM472 in C:\git\AERO_2019-2020\HV Interface\Top.SchDoc with ECA-1VM472 from AERO Parts.IntLib
Replace Part C10 ECA-1VM472 in C:\git\AERO_2019-2020\HV Interface\Top.SchDoc with ECA-1VM472 from AERO Parts.IntLib
Replace Part C11 ECA-1VM472 in C:\git\AERO_2019-2020\HV Interface\Top.SchDoc with ECA-1VM472 from AERO Parts.IntLib
Replace Part C12 B32021A3472K289 in C:\git\AERO_2019-2020\HV Interface\Top.SchDoc with B32021A3472K289 from AERO Parts.IntLib
Replace Part C13 B32021A3472K289 in C:\git\AERO_2019-2020\HV Interface\Top.SchDoc with B32021A3472K289 from AERO Parts.IntLib
Replace Part C14 cap in C:\git\AERO_2019-2020\HV Interface\Top.SchDoc with cap from Passive Components.DbLib
Replace Part C16 cap in C:\git\AERO_2019-2020\HV Interface\Top.SchDoc with cap from Passive Components.DbLib
Replace Part C17 cap in C:\git\AERO_2019-2020\HV Interface\Top.SchDoc with cap from Passive Components.DbLib
Replace Part C18 cap in C:\git\AERO_2019-2020\HV Interface\Top.SchDoc with cap from Passive Components.DbLib
Replace Part C19 cap in C:\git\AERO_2019-2020\HV Interface\Top.SchDoc with cap from Passive Components.DbLib
Replace Part C20 cap in C:\git\AERO_2019-2020\HV Interface\Top.SchDoc with cap from Passive Components.DbLib
Replace Part C21 cap in C:\git\AERO_2019-2020\HV Interface\Top.SchDoc with cap from Passive Components.DbLib
Replace Part C22 cap in C:\git\AERO_2019-2020\HV Interface\Top.SchDoc with cap from Passive Components.DbLib
Replace Part C23 cap in C:\git\AERO_2019-2020\HV Interface\Top.SchDoc with cap from Passive Components.DbLib
Replace Part C25 cap in C:\git\AERO_2019-2020\HV Interface\Top.SchDoc with cap from Passive Components.DbLib
Replace Part C26 cap in C:\git\AERO_2019-2020\HV Interface\Top.SchDoc with cap from Passive Components.DbLib
Replace Part C27 cap in C:\git\AERO_2019-2020\HV Interface\Top.SchDoc with cap from Passive Components.DbLib
Replace Part FB1 Ferrite Bead in C:\git\AERO_2019-2020\HV Interface\Top.SchDoc with Ferrite Bead from Passive Components.DbLib
Replace Part FB2 Ferrite Bead in C:\git\AERO_2019-2020\HV Interface\Top.SchDoc with Ferrite Bead from Passive Components.DbLib
Replace Part FB3 Ferrite Bead in C:\git\AERO_2019-2020\HV Interface\Top.SchDoc with Ferrite Bead from Passive Components.DbLib
Replace Part J1 1217861-1 in C:\git\AERO_2019-2020\HV Interface\Top.SchDoc with 1217861-1 from AERO Parts.IntLib
Replace Part L1 744314101 in C:\git\AERO_2019-2020\HV Interface\Top.SchDoc with 744314101 from AERO Parts.IntLib
Replace Part L2 RT8122-6-10M0 in C:\git\AERO_2019-2020\HV Interface\Top.SchDoc with RT8122-6-10M0 from AERO Parts.IntLib
Replace Part L3 744302015 in C:\git\AERO_2019-2020\HV Interface\Top.SchDoc with 744302015 from AERO Parts.IntLib
Update Managed Component L4 From CMP-0227-00629-1[7440450039] To CMP-0227-00629-1[7440450039] in Top.SchDoc
Replace Part PS1 R-78E5.0-0.5 in C:\git\AERO_2019-2020\HV Interface\Top.SchDoc with R-78E5.0-0.5 from AERO Parts.IntLib
Replace Part R1 91AR50KLF in C:\git\AERO_2019-2020\HV Interface\Top.SchDoc with 91AR50KLF from AERO Parts.IntLib
Replace Part R2 MHR0317SA106F70 in C:\git\AERO_2019-2020\HV Interface\Top.SchDoc with MHR0317SA106F70 from AERO Parts.IntLib
Replace Part R3 25JR50E in C:\git\AERO_2019-2020\HV Interface\Top.SchDoc with 25JR50E from AERO Parts.IntLib
Replace Part R4 res in C:\git\AERO_2019-2020\HV Interface\Top.SchDoc with res from Passive Components.DbLib
Replace Part R5 res in C:\git\AERO_2019-2020\HV Interface\Top.SchDoc with res from Passive Components.DbLib
Replace Part R6 res in C:\git\AERO_2019-2020\HV Interface\Top.SchDoc with res from Passive Components.DbLib
Replace Part R7 res in C:\git\AERO_2019-2020\HV Interface\Top.SchDoc with res from Passive Components.DbLib
Replace Part R8 res in C:\git\AERO_2019-2020\HV Interface\Top.SchDoc with res from Passive Components.DbLib
Replace Part U1 ADUM5211ARSZ-RL7 in C:\git\AERO_2019-2020\HV Interface\Top.SchDoc with ADUM5211ARSZ-RL7 from AERO Parts.IntLib
