Replace Part C1 ECA-1VM472 in C:\git\AERO_2019-2020\HV Interface\Top.SchDoc with ECA-1VM472 from AERO Parts.IntLib
Replace Part C2 ECA-1VM472 in C:\git\AERO_2019-2020\HV Interface\Top.SchDoc with ECA-1VM472 from AERO Parts.IntLib
Replace Part C3 ECA-1VM472 in C:\git\AERO_2019-2020\HV Interface\Top.SchDoc with ECA-1VM472 from AERO Parts.IntLib
Replace Part C4 CS45-B2GA151K-NKA in C:\git\AERO_2019-2020\HV Interface\Top.SchDoc with CS45-B2GA151K-NKA from AERO Parts.IntLib
Replace Part C5 cap in C:\git\AERO_2019-2020\HV Interface\Top.SchDoc with cap from Passive Components.DbLib
Replace Part C6 cap in C:\git\AERO_2019-2020\HV Interface\Top.SchDoc with cap from Passive Components.DbLib
Replace Part C7 cap in C:\git\AERO_2019-2020\HV Interface\Top.SchDoc with cap from Passive Components.DbLib
Replace Part C8 cap in C:\git\AERO_2019-2020\HV Interface\Top.SchDoc with cap from Passive Components.DbLib
Replace Part C9 cap in C:\git\AERO_2019-2020\HV Interface\Top.SchDoc with cap from Passive Components.DbLib
Replace Part C10 cap in C:\git\AERO_2019-2020\HV Interface\Top.SchDoc with cap from Passive Components.DbLib
Replace Part C11 cap in C:\git\AERO_2019-2020\HV Interface\Top.SchDoc with cap from Passive Components.DbLib
Replace Part C12 cap in C:\git\AERO_2019-2020\HV Interface\Top.SchDoc with cap from Passive Components.DbLib
Replace Part C13 CS45-B2GA151K-NKA in C:\git\AERO_2019-2020\HV Interface\Top.SchDoc with CS45-B2GA151K-NKA from AERO Parts.IntLib
Replace Part C14 cap in C:\git\AERO_2019-2020\HV Interface\Top.SchDoc with cap from Passive Components.DbLib
Update Managed Component C15 From CMP-2006-02545-1[GRM188R6YA475KE15D] To CMP-2006-02545-1[GRM188R6YA475KE15D] in Top.SchDoc
Replace Part C16 cap in C:\git\AERO_2019-2020\HV Interface\Top.SchDoc with cap from Passive Components.DbLib
Replace Part C17 cap in C:\git\AERO_2019-2020\HV Interface\Top.SchDoc with cap from Passive Components.DbLib
Replace Part D1 STPS20L15G-TR in C:\git\AERO_2019-2020\HV Interface\Top.SchDoc with STPS20L15G-TR from AERO Parts.IntLib
Replace Part D2 STPS20L15G-TR in C:\git\AERO_2019-2020\HV Interface\Top.SchDoc with STPS20L15G-TR from AERO Parts.IntLib
Replace Part F1 3557-2 in C:\git\AERO_2019-2020\HV Interface\Top.SchDoc with 3557-2 from AERO Parts.IntLib
Replace Part F2 3557-2 in C:\git\AERO_2019-2020\HV Interface\Top.SchDoc with 3557-2 from AERO Parts.IntLib
Replace Part FB1 Ferrite Bead in C:\git\AERO_2019-2020\HV Interface\Top.SchDoc with Ferrite Bead from Passive Components.DbLib
Replace Part FB2 Ferrite Bead in C:\git\AERO_2019-2020\HV Interface\Top.SchDoc with Ferrite Bead from Passive Components.DbLib
Replace Part J1 IPL1-110-01-F-D-RA-K in C:\git\AERO_2019-2020\HV Interface\Top.SchDoc with IPL1-110-01-F-D-RA-K from AERO Parts.IntLib
Replace Part J2 DF22-4P-7.92DS(05) in C:\git\AERO_2019-2020\HV Interface\Top.SchDoc with DF22-4P-7.92DS(05) from AERO Parts.IntLib
Replace Part J3 1-770872-0 in C:\git\AERO_2019-2020\HV Interface\Top.SchDoc with 1-770872-0 from AERO Parts.IntLib
Replace Part J4 1-770872-0 in C:\git\AERO_2019-2020\HV Interface\Top.SchDoc with 1-770872-0 from AERO Parts.IntLib
Replace Part J5 B2B-PH-K-S(LF)(SN) in C:\git\AERO_2019-2020\HV Interface\Top.SchDoc with B2B-PH-K-S(LF)(SN) from AERO Parts.IntLib
Update Managed Component L1 From CMP-0227-00543-1[744764112] To CMP-0227-00543-1[744764112] in Top.SchDoc
Replace Part PS1 R-78E5.0-0.5 in C:\git\AERO_2019-2020\HV Interface\Top.SchDoc with R-78E5.0-0.5 from AERO Parts.IntLib
Replace Part R1 TWW5J2R0E in C:\git\AERO_2019-2020\HV Interface\Top.SchDoc with TWW5J2R0E from AERO Parts.IntLib
Replace Part R2 res in C:\git\AERO_2019-2020\HV Interface\Top.SchDoc with res from Passive Components.DbLib
Replace Part R3 res in C:\git\AERO_2019-2020\HV Interface\Top.SchDoc with res from Passive Components.DbLib
Replace Part R4 res in C:\git\AERO_2019-2020\HV Interface\Top.SchDoc with res from Passive Components.DbLib
Replace Part R5 res in C:\git\AERO_2019-2020\HV Interface\Top.SchDoc with res from Passive Components.DbLib
Replace Part R6 res in C:\git\AERO_2019-2020\HV Interface\Top.SchDoc with res from Passive Components.DbLib
Replace Part R7 res in C:\git\AERO_2019-2020\HV Interface\Top.SchDoc with res from Passive Components.DbLib
Replace Part U1 ADUM5211ARSZ-RL7 in C:\git\AERO_2019-2020\HV Interface\Top.SchDoc with ADUM5211ARSZ-RL7 from AERO Parts.IntLib
